CRITICAL - 2023-10-18 11:36:59 --> Class "App\Controllers\Senior\ZipArchive" not found
#0 C:\xampp\htdocs\blink\vendor\codeigniter4\framework\system\CodeIgniter.php(832): App\Controllers\Senior\Senior->test()
#1 C:\xampp\htdocs\blink\vendor\codeigniter4\framework\system\CodeIgniter.php(419): CodeIgniter\CodeIgniter->runController(Object(App\Controllers\Senior\Senior))
#2 C:\xampp\htdocs\blink\vendor\codeigniter4\framework\system\CodeIgniter.php(326): CodeIgniter\CodeIgniter->handleRequest(NULL, Object(Config\Cache), false)
#3 C:\xampp\htdocs\blink\index.php(38): CodeIgniter\CodeIgniter->run()
#4 {main}
CRITICAL - 2023-10-18 11:37:14 --> Class "App\Controllers\Senior\ZipArchive" not found
#0 C:\xampp\htdocs\blink\vendor\codeigniter4\framework\system\CodeIgniter.php(832): App\Controllers\Senior\Senior->test()
#1 C:\xampp\htdocs\blink\vendor\codeigniter4\framework\system\CodeIgniter.php(419): CodeIgniter\CodeIgniter->runController(Object(App\Controllers\Senior\Senior))
#2 C:\xampp\htdocs\blink\vendor\codeigniter4\framework\system\CodeIgniter.php(326): CodeIgniter\CodeIgniter->handleRequest(NULL, Object(Config\Cache), false)
#3 C:\xampp\htdocs\blink\index.php(38): CodeIgniter\CodeIgniter->run()
#4 {main}
CRITICAL - 2023-10-18 11:37:43 --> Class "App\Controllers\Senior\ZipArchive" not found
#0 C:\xampp\htdocs\blink\vendor\codeigniter4\framework\system\CodeIgniter.php(832): App\Controllers\Senior\Senior->test()
#1 C:\xampp\htdocs\blink\vendor\codeigniter4\framework\system\CodeIgniter.php(419): CodeIgniter\CodeIgniter->runController(Object(App\Controllers\Senior\Senior))
#2 C:\xampp\htdocs\blink\vendor\codeigniter4\framework\system\CodeIgniter.php(326): CodeIgniter\CodeIgniter->handleRequest(NULL, Object(Config\Cache), false)
#3 C:\xampp\htdocs\blink\index.php(38): CodeIgniter\CodeIgniter->run()
#4 {main}
CRITICAL - 2023-10-18 13:43:48 --> ZipArchive::open(): Using empty file as ZipArchive is deprecated
#0 [internal function]: CodeIgniter\Debug\Exceptions->errorHandler(8192, 'ZipArchive::ope...', 'C:\\xampp\\htdocs...', 41)
#1 C:\xampp\htdocs\blink\app\Controllers\Senior\Senior.php(41): ZipArchive->open('C:/xampp/htdocs...')
#2 C:\xampp\htdocs\blink\vendor\codeigniter4\framework\system\CodeIgniter.php(832): App\Controllers\Senior\Senior->test()
#3 C:\xampp\htdocs\blink\vendor\codeigniter4\framework\system\CodeIgniter.php(419): CodeIgniter\CodeIgniter->runController(Object(App\Controllers\Senior\Senior))
#4 C:\xampp\htdocs\blink\vendor\codeigniter4\framework\system\CodeIgniter.php(326): CodeIgniter\CodeIgniter->handleRequest(NULL, Object(Config\Cache), false)
#5 C:\xampp\htdocs\blink\index.php(38): CodeIgniter\CodeIgniter->run()
#6 {main}
CRITICAL - 2023-10-18 13:44:49 --> ZipArchive::open(): Using empty file as ZipArchive is deprecated
#0 [internal function]: CodeIgniter\Debug\Exceptions->errorHandler(8192, 'ZipArchive::ope...', 'C:\\xampp\\htdocs...', 42)
#1 C:\xampp\htdocs\blink\app\Controllers\Senior\Senior.php(42): ZipArchive->open('C:/xampp/htdocs...')
#2 C:\xampp\htdocs\blink\vendor\codeigniter4\framework\system\CodeIgniter.php(832): App\Controllers\Senior\Senior->test()
#3 C:\xampp\htdocs\blink\vendor\codeigniter4\framework\system\CodeIgniter.php(419): CodeIgniter\CodeIgniter->runController(Object(App\Controllers\Senior\Senior))
#4 C:\xampp\htdocs\blink\vendor\codeigniter4\framework\system\CodeIgniter.php(326): CodeIgniter\CodeIgniter->handleRequest(NULL, Object(Config\Cache), false)
#5 C:\xampp\htdocs\blink\index.php(38): CodeIgniter\CodeIgniter->run()
#6 {main}
CRITICAL - 2023-10-18 13:47:20 --> ZipArchive::open(): Using empty file as ZipArchive is deprecated
#0 [internal function]: CodeIgniter\Debug\Exceptions->errorHandler(8192, 'ZipArchive::ope...', 'C:\\xampp\\htdocs...', 42)
#1 C:\xampp\htdocs\blink\app\Controllers\Senior\Senior.php(42): ZipArchive->open('C:/xampp/htdocs...')
#2 C:\xampp\htdocs\blink\vendor\codeigniter4\framework\system\CodeIgniter.php(832): App\Controllers\Senior\Senior->test()
#3 C:\xampp\htdocs\blink\vendor\codeigniter4\framework\system\CodeIgniter.php(419): CodeIgniter\CodeIgniter->runController(Object(App\Controllers\Senior\Senior))
#4 C:\xampp\htdocs\blink\vendor\codeigniter4\framework\system\CodeIgniter.php(326): CodeIgniter\CodeIgniter->handleRequest(NULL, Object(Config\Cache), false)
#5 C:\xampp\htdocs\blink\index.php(38): CodeIgniter\CodeIgniter->run()
#6 {main}
CRITICAL - 2023-10-18 13:48:19 --> Class "App\Controllers\Senior\ZipArchive" not found
#0 C:\xampp\htdocs\blink\vendor\codeigniter4\framework\system\CodeIgniter.php(832): App\Controllers\Senior\Senior->test()
#1 C:\xampp\htdocs\blink\vendor\codeigniter4\framework\system\CodeIgniter.php(419): CodeIgniter\CodeIgniter->runController(Object(App\Controllers\Senior\Senior))
#2 C:\xampp\htdocs\blink\vendor\codeigniter4\framework\system\CodeIgniter.php(326): CodeIgniter\CodeIgniter->handleRequest(NULL, Object(Config\Cache), false)
#3 C:\xampp\htdocs\blink\index.php(38): CodeIgniter\CodeIgniter->run()
#4 {main}
CRITICAL - 2023-10-18 13:48:26 --> ZipArchive::open(): Using empty file as ZipArchive is deprecated
#0 [internal function]: CodeIgniter\Debug\Exceptions->errorHandler(8192, 'ZipArchive::ope...', 'C:\\xampp\\htdocs...', 42)
#1 C:\xampp\htdocs\blink\app\Controllers\Senior\Senior.php(42): ZipArchive->open('C:/xampp/htdocs...', 1)
#2 C:\xampp\htdocs\blink\vendor\codeigniter4\framework\system\CodeIgniter.php(832): App\Controllers\Senior\Senior->test()
#3 C:\xampp\htdocs\blink\vendor\codeigniter4\framework\system\CodeIgniter.php(419): CodeIgniter\CodeIgniter->runController(Object(App\Controllers\Senior\Senior))
#4 C:\xampp\htdocs\blink\vendor\codeigniter4\framework\system\CodeIgniter.php(326): CodeIgniter\CodeIgniter->handleRequest(NULL, Object(Config\Cache), false)
#5 C:\xampp\htdocs\blink\index.php(38): CodeIgniter\CodeIgniter->run()
#6 {main}
CRITICAL - 2023-10-18 13:52:00 --> Non-static method ZipArchive::open() cannot be called statically
#0 C:\xampp\htdocs\blink\vendor\codeigniter4\framework\system\CodeIgniter.php(832): App\Controllers\Senior\Senior->test()
#1 C:\xampp\htdocs\blink\vendor\codeigniter4\framework\system\CodeIgniter.php(419): CodeIgniter\CodeIgniter->runController(Object(App\Controllers\Senior\Senior))
#2 C:\xampp\htdocs\blink\vendor\codeigniter4\framework\system\CodeIgniter.php(326): CodeIgniter\CodeIgniter->handleRequest(NULL, Object(Config\Cache), false)
#3 C:\xampp\htdocs\blink\index.php(38): CodeIgniter\CodeIgniter->run()
#4 {main}
CRITICAL - 2023-10-18 13:52:08 --> ZipArchive::open(): Using empty file as ZipArchive is deprecated
#0 [internal function]: CodeIgniter\Debug\Exceptions->errorHandler(8192, 'ZipArchive::ope...', 'C:\\xampp\\htdocs...', 42)
#1 C:\xampp\htdocs\blink\app\Controllers\Senior\Senior.php(42): ZipArchive->open('C:/xampp/htdocs...')
#2 C:\xampp\htdocs\blink\vendor\codeigniter4\framework\system\CodeIgniter.php(832): App\Controllers\Senior\Senior->test()
#3 C:\xampp\htdocs\blink\vendor\codeigniter4\framework\system\CodeIgniter.php(419): CodeIgniter\CodeIgniter->runController(Object(App\Controllers\Senior\Senior))
#4 C:\xampp\htdocs\blink\vendor\codeigniter4\framework\system\CodeIgniter.php(326): CodeIgniter\CodeIgniter->handleRequest(NULL, Object(Config\Cache), false)
#5 C:\xampp\htdocs\blink\index.php(38): CodeIgniter\CodeIgniter->run()
#6 {main}
CRITICAL - 2023-10-18 13:53:08 --> ZipArchive::open(): Using empty file as ZipArchive is deprecated
#0 [internal function]: CodeIgniter\Debug\Exceptions->errorHandler(8192, 'ZipArchive::ope...', 'C:\\xampp\\htdocs...', 42)
#1 C:\xampp\htdocs\blink\app\Controllers\Senior\Senior.php(42): ZipArchive->open('C:/xampp/htdocs...', 1)
#2 C:\xampp\htdocs\blink\vendor\codeigniter4\framework\system\CodeIgniter.php(832): App\Controllers\Senior\Senior->test()
#3 C:\xampp\htdocs\blink\vendor\codeigniter4\framework\system\CodeIgniter.php(419): CodeIgniter\CodeIgniter->runController(Object(App\Controllers\Senior\Senior))
#4 C:\xampp\htdocs\blink\vendor\codeigniter4\framework\system\CodeIgniter.php(326): CodeIgniter\CodeIgniter->handleRequest(NULL, Object(Config\Cache), false)
#5 C:\xampp\htdocs\blink\index.php(38): CodeIgniter\CodeIgniter->run()
#6 {main}
CRITICAL - 2023-10-18 13:56:45 --> ZipArchive::open(): Using empty file as ZipArchive is deprecated
#0 [internal function]: CodeIgniter\Debug\Exceptions->errorHandler(8192, 'ZipArchive::ope...', 'C:\\xampp\\htdocs...', 43)
#1 C:\xampp\htdocs\blink\app\Controllers\Senior\Senior.php(43): ZipArchive->open('C:/xampp/htdocs...')
#2 C:\xampp\htdocs\blink\vendor\codeigniter4\framework\system\CodeIgniter.php(832): App\Controllers\Senior\Senior->test()
#3 C:\xampp\htdocs\blink\vendor\codeigniter4\framework\system\CodeIgniter.php(419): CodeIgniter\CodeIgniter->runController(Object(App\Controllers\Senior\Senior))
#4 C:\xampp\htdocs\blink\vendor\codeigniter4\framework\system\CodeIgniter.php(326): CodeIgniter\CodeIgniter->handleRequest(NULL, Object(Config\Cache), false)
#5 C:\xampp\htdocs\blink\index.php(38): CodeIgniter\CodeIgniter->run()
#6 {main}
CRITICAL - 2023-10-18 13:58:52 --> Class "App\Controllers\Senior\ZipArchive" not found
#0 C:\xampp\htdocs\blink\vendor\codeigniter4\framework\system\CodeIgniter.php(832): App\Controllers\Senior\Senior->test()
#1 C:\xampp\htdocs\blink\vendor\codeigniter4\framework\system\CodeIgniter.php(419): CodeIgniter\CodeIgniter->runController(Object(App\Controllers\Senior\Senior))
#2 C:\xampp\htdocs\blink\vendor\codeigniter4\framework\system\CodeIgniter.php(326): CodeIgniter\CodeIgniter->handleRequest(NULL, Object(Config\Cache), false)
#3 C:\xampp\htdocs\blink\index.php(38): CodeIgniter\CodeIgniter->run()
#4 {main}
CRITICAL - 2023-10-18 13:59:20 --> ZipArchive::open(): Using empty file as ZipArchive is deprecated
#0 [internal function]: CodeIgniter\Debug\Exceptions->errorHandler(8192, 'ZipArchive::ope...', 'C:\\xampp\\htdocs...', 43)
#1 C:\xampp\htdocs\blink\app\Controllers\Senior\Senior.php(43): ZipArchive->open('C:/xampp/htdocs...')
#2 C:\xampp\htdocs\blink\vendor\codeigniter4\framework\system\CodeIgniter.php(832): App\Controllers\Senior\Senior->test()
#3 C:\xampp\htdocs\blink\vendor\codeigniter4\framework\system\CodeIgniter.php(419): CodeIgniter\CodeIgniter->runController(Object(App\Controllers\Senior\Senior))
#4 C:\xampp\htdocs\blink\vendor\codeigniter4\framework\system\CodeIgniter.php(326): CodeIgniter\CodeIgniter->handleRequest(NULL, Object(Config\Cache), false)
#5 C:\xampp\htdocs\blink\index.php(38): CodeIgniter\CodeIgniter->run()
#6 {main}
CRITICAL - 2023-10-18 14:02:33 --> Call to undefined function App\Controllers\Senior\close()
#0 C:\xampp\htdocs\blink\vendor\codeigniter4\framework\system\CodeIgniter.php(832): App\Controllers\Senior\Senior->test()
#1 C:\xampp\htdocs\blink\vendor\codeigniter4\framework\system\CodeIgniter.php(419): CodeIgniter\CodeIgniter->runController(Object(App\Controllers\Senior\Senior))
#2 C:\xampp\htdocs\blink\vendor\codeigniter4\framework\system\CodeIgniter.php(326): CodeIgniter\CodeIgniter->handleRequest(NULL, Object(Config\Cache), false)
#3 C:\xampp\htdocs\blink\index.php(38): CodeIgniter\CodeIgniter->run()
#4 {main}
CRITICAL - 2023-10-18 14:02:46 --> ZipArchive::open(): Using empty file as ZipArchive is deprecated
#0 [internal function]: CodeIgniter\Debug\Exceptions->errorHandler(8192, 'ZipArchive::ope...', 'C:\\xampp\\htdocs...', 43)
#1 C:\xampp\htdocs\blink\app\Controllers\Senior\Senior.php(43): ZipArchive->open('C:/xampp/htdocs...')
#2 C:\xampp\htdocs\blink\vendor\codeigniter4\framework\system\CodeIgniter.php(832): App\Controllers\Senior\Senior->test()
#3 C:\xampp\htdocs\blink\vendor\codeigniter4\framework\system\CodeIgniter.php(419): CodeIgniter\CodeIgniter->runController(Object(App\Controllers\Senior\Senior))
#4 C:\xampp\htdocs\blink\vendor\codeigniter4\framework\system\CodeIgniter.php(326): CodeIgniter\CodeIgniter->handleRequest(NULL, Object(Config\Cache), false)
#5 C:\xampp\htdocs\blink\index.php(38): CodeIgniter\CodeIgniter->run()
#6 {main}
CRITICAL - 2023-10-18 14:04:01 --> Call to a member function addFile() on bool
#0 C:\xampp\htdocs\blink\vendor\codeigniter4\framework\system\CodeIgniter.php(832): App\Controllers\Senior\Senior->test()
#1 C:\xampp\htdocs\blink\vendor\codeigniter4\framework\system\CodeIgniter.php(419): CodeIgniter\CodeIgniter->runController(Object(App\Controllers\Senior\Senior))
#2 C:\xampp\htdocs\blink\vendor\codeigniter4\framework\system\CodeIgniter.php(326): CodeIgniter\CodeIgniter->handleRequest(NULL, Object(Config\Cache), false)
#3 C:\xampp\htdocs\blink\index.php(38): CodeIgniter\CodeIgniter->run()
#4 {main}
CRITICAL - 2023-10-18 14:04:20 --> Call to undefined function App\Controllers\Senior\close()
#0 C:\xampp\htdocs\blink\vendor\codeigniter4\framework\system\CodeIgniter.php(832): App\Controllers\Senior\Senior->test()
#1 C:\xampp\htdocs\blink\vendor\codeigniter4\framework\system\CodeIgniter.php(419): CodeIgniter\CodeIgniter->runController(Object(App\Controllers\Senior\Senior))
#2 C:\xampp\htdocs\blink\vendor\codeigniter4\framework\system\CodeIgniter.php(326): CodeIgniter\CodeIgniter->handleRequest(NULL, Object(Config\Cache), false)
#3 C:\xampp\htdocs\blink\index.php(38): CodeIgniter\CodeIgniter->run()
#4 {main}
CRITICAL - 2023-10-18 14:04:34 --> ZipArchive::close(): Can't open file: Permission denied
#0 [internal function]: CodeIgniter\Debug\Exceptions->errorHandler(2, 'ZipArchive::clo...', 'C:\\xampp\\htdocs...', 47)
#1 C:\xampp\htdocs\blink\app\Controllers\Senior\Senior.php(47): ZipArchive->close()
#2 C:\xampp\htdocs\blink\vendor\codeigniter4\framework\system\CodeIgniter.php(832): App\Controllers\Senior\Senior->test()
#3 C:\xampp\htdocs\blink\vendor\codeigniter4\framework\system\CodeIgniter.php(419): CodeIgniter\CodeIgniter->runController(Object(App\Controllers\Senior\Senior))
#4 C:\xampp\htdocs\blink\vendor\codeigniter4\framework\system\CodeIgniter.php(326): CodeIgniter\CodeIgniter->handleRequest(NULL, Object(Config\Cache), false)
#5 C:\xampp\htdocs\blink\index.php(38): CodeIgniter\CodeIgniter->run()
#6 {main}
CRITICAL - 2023-10-18 14:05:23 --> Call to a member function addFile() on bool
#0 C:\xampp\htdocs\blink\vendor\codeigniter4\framework\system\CodeIgniter.php(832): App\Controllers\Senior\Senior->test()
#1 C:\xampp\htdocs\blink\vendor\codeigniter4\framework\system\CodeIgniter.php(419): CodeIgniter\CodeIgniter->runController(Object(App\Controllers\Senior\Senior))
#2 C:\xampp\htdocs\blink\vendor\codeigniter4\framework\system\CodeIgniter.php(326): CodeIgniter\CodeIgniter->handleRequest(NULL, Object(Config\Cache), false)
#3 C:\xampp\htdocs\blink\index.php(38): CodeIgniter\CodeIgniter->run()
#4 {main}
CRITICAL - 2023-10-18 14:06:34 --> Call to a member function addFile() on bool
#0 C:\xampp\htdocs\blink\vendor\codeigniter4\framework\system\CodeIgniter.php(832): App\Controllers\Senior\Senior->test()
#1 C:\xampp\htdocs\blink\vendor\codeigniter4\framework\system\CodeIgniter.php(419): CodeIgniter\CodeIgniter->runController(Object(App\Controllers\Senior\Senior))
#2 C:\xampp\htdocs\blink\vendor\codeigniter4\framework\system\CodeIgniter.php(326): CodeIgniter\CodeIgniter->handleRequest(NULL, Object(Config\Cache), false)
#3 C:\xampp\htdocs\blink\index.php(38): CodeIgniter\CodeIgniter->run()
#4 {main}
CRITICAL - 2023-10-18 14:06:56 --> Call to a member function addFile() on bool
#0 C:\xampp\htdocs\blink\vendor\codeigniter4\framework\system\CodeIgniter.php(832): App\Controllers\Senior\Senior->test()
#1 C:\xampp\htdocs\blink\vendor\codeigniter4\framework\system\CodeIgniter.php(419): CodeIgniter\CodeIgniter->runController(Object(App\Controllers\Senior\Senior))
#2 C:\xampp\htdocs\blink\vendor\codeigniter4\framework\system\CodeIgniter.php(326): CodeIgniter\CodeIgniter->handleRequest(NULL, Object(Config\Cache), false)
#3 C:\xampp\htdocs\blink\index.php(38): CodeIgniter\CodeIgniter->run()
#4 {main}
CRITICAL - 2023-10-18 14:07:29 --> Call to a member function addFile() on bool
#0 C:\xampp\htdocs\blink\vendor\codeigniter4\framework\system\CodeIgniter.php(832): App\Controllers\Senior\Senior->test()
#1 C:\xampp\htdocs\blink\vendor\codeigniter4\framework\system\CodeIgniter.php(419): CodeIgniter\CodeIgniter->runController(Object(App\Controllers\Senior\Senior))
#2 C:\xampp\htdocs\blink\vendor\codeigniter4\framework\system\CodeIgniter.php(326): CodeIgniter\CodeIgniter->handleRequest(NULL, Object(Config\Cache), false)
#3 C:\xampp\htdocs\blink\index.php(38): CodeIgniter\CodeIgniter->run()
#4 {main}
CRITICAL - 2023-10-18 14:09:21 --> Undefined variable $id_back_dir
#0 C:\xampp\htdocs\blink\app\Controllers\Senior\Senior.php(43): CodeIgniter\Debug\Exceptions->errorHandler(2, 'Undefined varia...', 'C:\\xampp\\htdocs...', 43)
#1 C:\xampp\htdocs\blink\vendor\codeigniter4\framework\system\CodeIgniter.php(832): App\Controllers\Senior\Senior->test()
#2 C:\xampp\htdocs\blink\vendor\codeigniter4\framework\system\CodeIgniter.php(419): CodeIgniter\CodeIgniter->runController(Object(App\Controllers\Senior\Senior))
#3 C:\xampp\htdocs\blink\vendor\codeigniter4\framework\system\CodeIgniter.php(326): CodeIgniter\CodeIgniter->handleRequest(NULL, Object(Config\Cache), false)
#4 C:\xampp\htdocs\blink\index.php(38): CodeIgniter\CodeIgniter->run()
#5 {main}
CRITICAL - 2023-10-18 14:09:34 --> ZipArchive::close(): Can't open file: Unknown error
#0 [internal function]: CodeIgniter\Debug\Exceptions->errorHandler(2, 'ZipArchive::clo...', 'C:\\xampp\\htdocs...', 50)
#1 C:\xampp\htdocs\blink\app\Controllers\Senior\Senior.php(50): ZipArchive->close()
#2 C:\xampp\htdocs\blink\vendor\codeigniter4\framework\system\CodeIgniter.php(832): App\Controllers\Senior\Senior->test()
#3 C:\xampp\htdocs\blink\vendor\codeigniter4\framework\system\CodeIgniter.php(419): CodeIgniter\CodeIgniter->runController(Object(App\Controllers\Senior\Senior))
#4 C:\xampp\htdocs\blink\vendor\codeigniter4\framework\system\CodeIgniter.php(326): CodeIgniter\CodeIgniter->handleRequest(NULL, Object(Config\Cache), false)
#5 C:\xampp\htdocs\blink\index.php(38): CodeIgniter\CodeIgniter->run()
#6 {main}
CRITICAL - 2023-10-18 14:09:56 --> ZipArchive::close(): Can't open file: Unknown error
#0 [internal function]: CodeIgniter\Debug\Exceptions->errorHandler(2, 'ZipArchive::clo...', 'C:\\xampp\\htdocs...', 50)
#1 C:\xampp\htdocs\blink\app\Controllers\Senior\Senior.php(50): ZipArchive->close()
#2 C:\xampp\htdocs\blink\vendor\codeigniter4\framework\system\CodeIgniter.php(832): App\Controllers\Senior\Senior->test()
#3 C:\xampp\htdocs\blink\vendor\codeigniter4\framework\system\CodeIgniter.php(419): CodeIgniter\CodeIgniter->runController(Object(App\Controllers\Senior\Senior))
#4 C:\xampp\htdocs\blink\vendor\codeigniter4\framework\system\CodeIgniter.php(326): CodeIgniter\CodeIgniter->handleRequest(NULL, Object(Config\Cache), false)
#5 C:\xampp\htdocs\blink\index.php(38): CodeIgniter\CodeIgniter->run()
#6 {main}
CRITICAL - 2023-10-18 14:11:55 --> syntax error, unexpected variable "$zip"
#0 C:\xampp\htdocs\blink\vendor\codeigniter4\framework\system\Router\Router.php(175): CodeIgniter\Router\Router->autoRoute('/senior/senior/...')
#1 C:\xampp\htdocs\blink\vendor\codeigniter4\framework\system\CodeIgniter.php(726): CodeIgniter\Router\Router->handle('/senior/senior/...')
#2 C:\xampp\htdocs\blink\vendor\codeigniter4\framework\system\CodeIgniter.php(368): CodeIgniter\CodeIgniter->tryToRouteIt(Object(CodeIgniter\Router\RouteCollection))
#3 C:\xampp\htdocs\blink\vendor\codeigniter4\framework\system\CodeIgniter.php(326): CodeIgniter\CodeIgniter->handleRequest(NULL, Object(Config\Cache), false)
#4 C:\xampp\htdocs\blink\index.php(38): CodeIgniter\CodeIgniter->run()
#5 {main}
CRITICAL - 2023-10-18 14:28:58 --> ZipArchive::open(): Using empty file as ZipArchive is deprecated
#0 [internal function]: CodeIgniter\Debug\Exceptions->errorHandler(8192, 'ZipArchive::ope...', 'C:\\xampp\\htdocs...', 46)
#1 C:\xampp\htdocs\blink\app\Controllers\Senior\Senior.php(46): ZipArchive->open('C:/xampp/htdocs...', 1)
#2 C:\xampp\htdocs\blink\vendor\codeigniter4\framework\system\CodeIgniter.php(832): App\Controllers\Senior\Senior->test()
#3 C:\xampp\htdocs\blink\vendor\codeigniter4\framework\system\CodeIgniter.php(419): CodeIgniter\CodeIgniter->runController(Object(App\Controllers\Senior\Senior))
#4 C:\xampp\htdocs\blink\vendor\codeigniter4\framework\system\CodeIgniter.php(326): CodeIgniter\CodeIgniter->handleRequest(NULL, Object(Config\Cache), false)
#5 C:\xampp\htdocs\blink\index.php(38): CodeIgniter\CodeIgniter->run()
#6 {main}
CRITICAL - 2023-10-18 14:30:38 --> ZipArchive::open(): Using empty file as ZipArchive is deprecated
#0 [internal function]: CodeIgniter\Debug\Exceptions->errorHandler(8192, 'ZipArchive::ope...', 'C:\\xampp\\htdocs...', 43)
#1 C:\xampp\htdocs\blink\app\Controllers\Senior\Senior.php(43): ZipArchive->open('C:/xampp/htdocs...', 1)
#2 C:\xampp\htdocs\blink\vendor\codeigniter4\framework\system\CodeIgniter.php(832): App\Controllers\Senior\Senior->test()
#3 C:\xampp\htdocs\blink\vendor\codeigniter4\framework\system\CodeIgniter.php(419): CodeIgniter\CodeIgniter->runController(Object(App\Controllers\Senior\Senior))
#4 C:\xampp\htdocs\blink\vendor\codeigniter4\framework\system\CodeIgniter.php(326): CodeIgniter\CodeIgniter->handleRequest(NULL, Object(Config\Cache), false)
#5 C:\xampp\htdocs\blink\index.php(38): CodeIgniter\CodeIgniter->run()
#6 {main}
CRITICAL - 2023-10-18 14:31:10 --> ZipArchive::open(): Using empty file as ZipArchive is deprecated
#0 [internal function]: CodeIgniter\Debug\Exceptions->errorHandler(8192, 'ZipArchive::ope...', 'C:\\xampp\\htdocs...', 44)
#1 C:\xampp\htdocs\blink\app\Controllers\Senior\Senior.php(44): ZipArchive->open('C:/xampp/htdocs...', 1)
#2 C:\xampp\htdocs\blink\vendor\codeigniter4\framework\system\CodeIgniter.php(832): App\Controllers\Senior\Senior->test()
#3 C:\xampp\htdocs\blink\vendor\codeigniter4\framework\system\CodeIgniter.php(419): CodeIgniter\CodeIgniter->runController(Object(App\Controllers\Senior\Senior))
#4 C:\xampp\htdocs\blink\vendor\codeigniter4\framework\system\CodeIgniter.php(326): CodeIgniter\CodeIgniter->handleRequest(NULL, Object(Config\Cache), false)
#5 C:\xampp\htdocs\blink\index.php(38): CodeIgniter\CodeIgniter->run()
#6 {main}
CRITICAL - 2023-10-18 14:32:03 --> ZipArchive::open(): Using empty file as ZipArchive is deprecated
#0 [internal function]: CodeIgniter\Debug\Exceptions->errorHandler(8192, 'ZipArchive::ope...', 'C:\\xampp\\htdocs...', 45)
#1 C:\xampp\htdocs\blink\app\Controllers\Senior\Senior.php(45): ZipArchive->open('C:/xampp/htdocs...', 1)
#2 C:\xampp\htdocs\blink\vendor\codeigniter4\framework\system\CodeIgniter.php(832): App\Controllers\Senior\Senior->test()
#3 C:\xampp\htdocs\blink\vendor\codeigniter4\framework\system\CodeIgniter.php(419): CodeIgniter\CodeIgniter->runController(Object(App\Controllers\Senior\Senior))
#4 C:\xampp\htdocs\blink\vendor\codeigniter4\framework\system\CodeIgniter.php(326): CodeIgniter\CodeIgniter->handleRequest(NULL, Object(Config\Cache), false)
#5 C:\xampp\htdocs\blink\index.php(38): CodeIgniter\CodeIgniter->run()
#6 {main}
CRITICAL - 2023-10-18 14:33:00 --> ZipArchive::open(): Using empty file as ZipArchive is deprecated
#0 [internal function]: CodeIgniter\Debug\Exceptions->errorHandler(8192, 'ZipArchive::ope...', 'C:\\xampp\\htdocs...', 45)
#1 C:\xampp\htdocs\blink\app\Controllers\Senior\Senior.php(45): ZipArchive->open('C:/xampp/htdocs...', 1)
#2 C:\xampp\htdocs\blink\vendor\codeigniter4\framework\system\CodeIgniter.php(832): App\Controllers\Senior\Senior->test()
#3 C:\xampp\htdocs\blink\vendor\codeigniter4\framework\system\CodeIgniter.php(419): CodeIgniter\CodeIgniter->runController(Object(App\Controllers\Senior\Senior))
#4 C:\xampp\htdocs\blink\vendor\codeigniter4\framework\system\CodeIgniter.php(326): CodeIgniter\CodeIgniter->handleRequest(NULL, Object(Config\Cache), false)
#5 C:\xampp\htdocs\blink\index.php(38): CodeIgniter\CodeIgniter->run()
#6 {main}
CRITICAL - 2023-10-18 14:34:31 --> ZipArchive::open(): Using empty file as ZipArchive is deprecated
#0 [internal function]: CodeIgniter\Debug\Exceptions->errorHandler(8192, 'ZipArchive::ope...', 'C:\\xampp\\htdocs...', 46)
#1 C:\xampp\htdocs\blink\app\Controllers\Senior\Senior.php(46): ZipArchive->open('C:/xampp/htdocs...', 1)
#2 C:\xampp\htdocs\blink\vendor\codeigniter4\framework\system\CodeIgniter.php(832): App\Controllers\Senior\Senior->test()
#3 C:\xampp\htdocs\blink\vendor\codeigniter4\framework\system\CodeIgniter.php(419): CodeIgniter\CodeIgniter->runController(Object(App\Controllers\Senior\Senior))
#4 C:\xampp\htdocs\blink\vendor\codeigniter4\framework\system\CodeIgniter.php(326): CodeIgniter\CodeIgniter->handleRequest(NULL, Object(Config\Cache), false)
#5 C:\xampp\htdocs\blink\index.php(38): CodeIgniter\CodeIgniter->run()
#6 {main}
CRITICAL - 2023-10-18 14:35:53 --> syntax error, unexpected token "(", expecting variable
#0 C:\xampp\htdocs\blink\vendor\codeigniter4\framework\system\Autoloader\Autoloader.php(241): CodeIgniter\Autoloader\Autoloader->includeFile('C:\\xampp\\htdocs...')
#1 C:\xampp\htdocs\blink\vendor\codeigniter4\framework\system\Autoloader\Autoloader.php(219): CodeIgniter\Autoloader\Autoloader->loadInNamespace('App\\Controllers...')
#2 C:\xampp\htdocs\blink\app\Controllers\Senior\Senior.php(25): CodeIgniter\Autoloader\Autoloader->loadClass('App\\Controllers...')
#3 C:\xampp\htdocs\blink\vendor\codeigniter4\framework\system\CodeIgniter.php(832): App\Controllers\Senior\Senior->index()
#4 C:\xampp\htdocs\blink\vendor\codeigniter4\framework\system\CodeIgniter.php(419): CodeIgniter\CodeIgniter->runController(Object(App\Controllers\Senior\Senior))
#5 C:\xampp\htdocs\blink\vendor\codeigniter4\framework\system\CodeIgniter.php(326): CodeIgniter\CodeIgniter->handleRequest(NULL, Object(Config\Cache), false)
#6 C:\xampp\htdocs\blink\index.php(38): CodeIgniter\CodeIgniter->run()
#7 {main}
CRITICAL - 2023-10-18 14:36:27 --> syntax error, unexpected token "(", expecting variable
#0 C:\xampp\htdocs\blink\vendor\codeigniter4\framework\system\Autoloader\Autoloader.php(241): CodeIgniter\Autoloader\Autoloader->includeFile('C:\\xampp\\htdocs...')
#1 C:\xampp\htdocs\blink\vendor\codeigniter4\framework\system\Autoloader\Autoloader.php(219): CodeIgniter\Autoloader\Autoloader->loadInNamespace('App\\Controllers...')
#2 C:\xampp\htdocs\blink\app\Controllers\Senior\Senior.php(25): CodeIgniter\Autoloader\Autoloader->loadClass('App\\Controllers...')
#3 C:\xampp\htdocs\blink\vendor\codeigniter4\framework\system\CodeIgniter.php(832): App\Controllers\Senior\Senior->index()
#4 C:\xampp\htdocs\blink\vendor\codeigniter4\framework\system\CodeIgniter.php(419): CodeIgniter\CodeIgniter->runController(Object(App\Controllers\Senior\Senior))
#5 C:\xampp\htdocs\blink\vendor\codeigniter4\framework\system\CodeIgniter.php(326): CodeIgniter\CodeIgniter->handleRequest(NULL, Object(Config\Cache), false)
#6 C:\xampp\htdocs\blink\index.php(38): CodeIgniter\CodeIgniter->run()
#7 {main}
CRITICAL - 2023-10-18 14:59:58 --> syntax error, unexpected token "}"
#0 C:\xampp\htdocs\blink\vendor\codeigniter4\framework\system\Router\Router.php(175): CodeIgniter\Router\Router->autoRoute('/senior/senior/...')
#1 C:\xampp\htdocs\blink\vendor\codeigniter4\framework\system\CodeIgniter.php(726): CodeIgniter\Router\Router->handle('/senior/senior/...')
#2 C:\xampp\htdocs\blink\vendor\codeigniter4\framework\system\CodeIgniter.php(368): CodeIgniter\CodeIgniter->tryToRouteIt(Object(CodeIgniter\Router\RouteCollection))
#3 C:\xampp\htdocs\blink\vendor\codeigniter4\framework\system\CodeIgniter.php(326): CodeIgniter\CodeIgniter->handleRequest(NULL, Object(Config\Cache), false)
#4 C:\xampp\htdocs\blink\index.php(38): CodeIgniter\CodeIgniter->run()
#5 {main}
CRITICAL - 2023-10-18 15:00:03 --> Class "App\Controllers\ZipArchive" not found
#0 C:\xampp\htdocs\blink\app\Controllers\Senior\Senior.php(52): App\Controllers\UtilController::Zip('C:/xampp/htdocs...', 'test_folder.zip')
#1 C:\xampp\htdocs\blink\vendor\codeigniter4\framework\system\CodeIgniter.php(832): App\Controllers\Senior\Senior->test()
#2 C:\xampp\htdocs\blink\vendor\codeigniter4\framework\system\CodeIgniter.php(419): CodeIgniter\CodeIgniter->runController(Object(App\Controllers\Senior\Senior))
#3 C:\xampp\htdocs\blink\vendor\codeigniter4\framework\system\CodeIgniter.php(326): CodeIgniter\CodeIgniter->handleRequest(NULL, Object(Config\Cache), false)
#4 C:\xampp\htdocs\blink\index.php(38): CodeIgniter\CodeIgniter->run()
#5 {main}
CRITICAL - 2023-10-18 15:00:18 --> Class "App\Controllers\RecursiveIteratorIterator" not found
#0 C:\xampp\htdocs\blink\app\Controllers\Senior\Senior.php(52): App\Controllers\UtilController::Zip('C:/xampp/htdocs...', 'test_folder.zip')
#1 C:\xampp\htdocs\blink\vendor\codeigniter4\framework\system\CodeIgniter.php(832): App\Controllers\Senior\Senior->test()
#2 C:\xampp\htdocs\blink\vendor\codeigniter4\framework\system\CodeIgniter.php(419): CodeIgniter\CodeIgniter->runController(Object(App\Controllers\Senior\Senior))
#3 C:\xampp\htdocs\blink\vendor\codeigniter4\framework\system\CodeIgniter.php(326): CodeIgniter\CodeIgniter->handleRequest(NULL, Object(Config\Cache), false)
#4 C:\xampp\htdocs\blink\index.php(38): CodeIgniter\CodeIgniter->run()
#5 {main}
CRITICAL - 2023-10-18 15:04:30 --> Call to undefined method App\Controllers\UtilController::open()
#0 C:\xampp\htdocs\blink\app\Controllers\Senior\Senior.php(52): App\Controllers\UtilController::zipTree('C:/xampp/htdocs...', 'archive.zip', 1)
#1 C:\xampp\htdocs\blink\vendor\codeigniter4\framework\system\CodeIgniter.php(832): App\Controllers\Senior\Senior->test()
#2 C:\xampp\htdocs\blink\vendor\codeigniter4\framework\system\CodeIgniter.php(419): CodeIgniter\CodeIgniter->runController(Object(App\Controllers\Senior\Senior))
#3 C:\xampp\htdocs\blink\vendor\codeigniter4\framework\system\CodeIgniter.php(326): CodeIgniter\CodeIgniter->handleRequest(NULL, Object(Config\Cache), false)
#4 C:\xampp\htdocs\blink\index.php(38): CodeIgniter\CodeIgniter->run()
#5 {main}
CRITICAL - 2023-10-18 15:05:37 --> Call to undefined method ZipArchive::addTree()
#0 C:\xampp\htdocs\blink\app\Controllers\Senior\Senior.php(52): App\Controllers\UtilController::zipTree('C:/xampp/htdocs...', 'archive.zip', 1)
#1 C:\xampp\htdocs\blink\vendor\codeigniter4\framework\system\CodeIgniter.php(832): App\Controllers\Senior\Senior->test()
#2 C:\xampp\htdocs\blink\vendor\codeigniter4\framework\system\CodeIgniter.php(419): CodeIgniter\CodeIgniter->runController(Object(App\Controllers\Senior\Senior))
#3 C:\xampp\htdocs\blink\vendor\codeigniter4\framework\system\CodeIgniter.php(326): CodeIgniter\CodeIgniter->handleRequest(NULL, Object(Config\Cache), false)
#4 C:\xampp\htdocs\blink\index.php(38): CodeIgniter\CodeIgniter->run()
#5 {main}
CRITICAL - 2023-10-18 15:08:12 --> Using $this when not in object context
#0 C:\xampp\htdocs\blink\app\Controllers\Senior\Senior.php(52): App\Controllers\UtilController::zipTree('C:/xampp/htdocs...', 'archive.zip', 1)
#1 C:\xampp\htdocs\blink\vendor\codeigniter4\framework\system\CodeIgniter.php(832): App\Controllers\Senior\Senior->test()
#2 C:\xampp\htdocs\blink\vendor\codeigniter4\framework\system\CodeIgniter.php(419): CodeIgniter\CodeIgniter->runController(Object(App\Controllers\Senior\Senior))
#3 C:\xampp\htdocs\blink\vendor\codeigniter4\framework\system\CodeIgniter.php(326): CodeIgniter\CodeIgniter->handleRequest(NULL, Object(Config\Cache), false)
#4 C:\xampp\htdocs\blink\index.php(38): CodeIgniter\CodeIgniter->run()
#5 {main}
CRITICAL - 2023-10-18 15:09:30 --> Using $this when not in object context
#0 C:\xampp\htdocs\blink\app\Controllers\Senior\Senior.php(52): App\Controllers\UtilController::zipTree('C:/xampp/htdocs...', 'archive.zip', 1)
#1 C:\xampp\htdocs\blink\vendor\codeigniter4\framework\system\CodeIgniter.php(832): App\Controllers\Senior\Senior->test()
#2 C:\xampp\htdocs\blink\vendor\codeigniter4\framework\system\CodeIgniter.php(419): CodeIgniter\CodeIgniter->runController(Object(App\Controllers\Senior\Senior))
#3 C:\xampp\htdocs\blink\vendor\codeigniter4\framework\system\CodeIgniter.php(326): CodeIgniter\CodeIgniter->handleRequest(NULL, Object(Config\Cache), false)
#4 C:\xampp\htdocs\blink\index.php(38): CodeIgniter\CodeIgniter->run()
#5 {main}
CRITICAL - 2023-10-18 15:11:09 --> Using $this when not in object context
#0 C:\xampp\htdocs\blink\app\Controllers\Senior\Senior.php(52): App\Controllers\UtilController::zipTree('C:/xampp/htdocs...', 'archive.zip', 1)
#1 C:\xampp\htdocs\blink\vendor\codeigniter4\framework\system\CodeIgniter.php(832): App\Controllers\Senior\Senior->test()
#2 C:\xampp\htdocs\blink\vendor\codeigniter4\framework\system\CodeIgniter.php(419): CodeIgniter\CodeIgniter->runController(Object(App\Controllers\Senior\Senior))
#3 C:\xampp\htdocs\blink\vendor\codeigniter4\framework\system\CodeIgniter.php(326): CodeIgniter\CodeIgniter->handleRequest(NULL, Object(Config\Cache), false)
#4 C:\xampp\htdocs\blink\index.php(38): CodeIgniter\CodeIgniter->run()
#5 {main}
CRITICAL - 2023-10-18 15:12:43 --> Using $this when not in object context
#0 C:\xampp\htdocs\blink\app\Controllers\UtilController.php(259): App\Controllers\UtilController::addTree('C:/xampp/htdocs...', '')
#1 C:\xampp\htdocs\blink\app\Controllers\Senior\Senior.php(53): App\Controllers\UtilController->zipTree('C:/xampp/htdocs...', 'archive.zip', 1)
#2 C:\xampp\htdocs\blink\vendor\codeigniter4\framework\system\CodeIgniter.php(832): App\Controllers\Senior\Senior->test()
#3 C:\xampp\htdocs\blink\vendor\codeigniter4\framework\system\CodeIgniter.php(419): CodeIgniter\CodeIgniter->runController(Object(App\Controllers\Senior\Senior))
#4 C:\xampp\htdocs\blink\vendor\codeigniter4\framework\system\CodeIgniter.php(326): CodeIgniter\CodeIgniter->handleRequest(NULL, Object(Config\Cache), false)
#5 C:\xampp\htdocs\blink\index.php(38): CodeIgniter\CodeIgniter->run()
#6 {main}
CRITICAL - 2023-10-18 15:12:52 --> Invalid or uninitialized Zip object
#0 C:\xampp\htdocs\blink\app\Controllers\UtilController.php(244): ZipArchive->addEmptyDir('Antonio_Virgill...')
#1 C:\xampp\htdocs\blink\app\Controllers\UtilController.php(227): App\Controllers\UtilController->_addTree('C:/xampp/htdocs...', '')
#2 C:\xampp\htdocs\blink\app\Controllers\UtilController.php(259): App\Controllers\UtilController->addTree('C:/xampp/htdocs...', '')
#3 C:\xampp\htdocs\blink\app\Controllers\Senior\Senior.php(53): App\Controllers\UtilController->zipTree('C:/xampp/htdocs...', 'archive.zip', 1)
#4 C:\xampp\htdocs\blink\vendor\codeigniter4\framework\system\CodeIgniter.php(832): App\Controllers\Senior\Senior->test()
#5 C:\xampp\htdocs\blink\vendor\codeigniter4\framework\system\CodeIgniter.php(419): CodeIgniter\CodeIgniter->runController(Object(App\Controllers\Senior\Senior))
#6 C:\xampp\htdocs\blink\vendor\codeigniter4\framework\system\CodeIgniter.php(326): CodeIgniter\CodeIgniter->handleRequest(NULL, Object(Config\Cache), false)
#7 C:\xampp\htdocs\blink\index.php(38): CodeIgniter\CodeIgniter->run()
#8 {main}
CRITICAL - 2023-10-18 15:13:46 --> Invalid or uninitialized Zip object
#0 C:\xampp\htdocs\blink\app\Controllers\UtilController.php(244): ZipArchive->addEmptyDir('Antonio_Virgill...')
#1 C:\xampp\htdocs\blink\app\Controllers\UtilController.php(227): App\Controllers\UtilController->_addTree('C:/xampp/htdocs...', '')
#2 C:\xampp\htdocs\blink\app\Controllers\UtilController.php(259): App\Controllers\UtilController->addTree('C:/xampp/htdocs...', '')
#3 C:\xampp\htdocs\blink\app\Controllers\Senior\Senior.php(53): App\Controllers\UtilController->zipTree('C:/xampp/htdocs...', 'archive.zip', 1)
#4 C:\xampp\htdocs\blink\vendor\codeigniter4\framework\system\CodeIgniter.php(832): App\Controllers\Senior\Senior->test()
#5 C:\xampp\htdocs\blink\vendor\codeigniter4\framework\system\CodeIgniter.php(419): CodeIgniter\CodeIgniter->runController(Object(App\Controllers\Senior\Senior))
#6 C:\xampp\htdocs\blink\vendor\codeigniter4\framework\system\CodeIgniter.php(326): CodeIgniter\CodeIgniter->handleRequest(NULL, Object(Config\Cache), false)
#7 C:\xampp\htdocs\blink\index.php(38): CodeIgniter\CodeIgniter->run()
#8 {main}
CRITICAL - 2023-10-18 15:14:16 --> Invalid or uninitialized Zip object
#0 C:\xampp\htdocs\blink\app\Controllers\UtilController.php(244): ZipArchive->addEmptyDir('Antonio_Virgill...')
#1 C:\xampp\htdocs\blink\app\Controllers\UtilController.php(227): App\Controllers\UtilController->_addTree('C:/xampp/htdocs...', '')
#2 C:\xampp\htdocs\blink\app\Controllers\UtilController.php(259): App\Controllers\UtilController->addTree('C:/xampp/htdocs...', '')
#3 C:\xampp\htdocs\blink\app\Controllers\Senior\Senior.php(53): App\Controllers\UtilController->zipTree('C:/xampp/htdocs...', 'archive.zip', 1)
#4 C:\xampp\htdocs\blink\vendor\codeigniter4\framework\system\CodeIgniter.php(832): App\Controllers\Senior\Senior->test()
#5 C:\xampp\htdocs\blink\vendor\codeigniter4\framework\system\CodeIgniter.php(419): CodeIgniter\CodeIgniter->runController(Object(App\Controllers\Senior\Senior))
#6 C:\xampp\htdocs\blink\vendor\codeigniter4\framework\system\CodeIgniter.php(326): CodeIgniter\CodeIgniter->handleRequest(NULL, Object(Config\Cache), false)
#7 C:\xampp\htdocs\blink\index.php(38): CodeIgniter\CodeIgniter->run()
#8 {main}
CRITICAL - 2023-10-18 15:16:58 --> Invalid or uninitialized Zip object
#0 C:\xampp\htdocs\blink\app\Controllers\UtilController.php(245): ZipArchive->addEmptyDir('Antonio_Virgill...')
#1 C:\xampp\htdocs\blink\app\Controllers\UtilController.php(227): App\Controllers\UtilController->_addTree('C:/xampp/htdocs...', '')
#2 C:\xampp\htdocs\blink\app\Controllers\UtilController.php(260): App\Controllers\UtilController->addTree('C:/xampp/htdocs...', '')
#3 C:\xampp\htdocs\blink\app\Controllers\Senior\Senior.php(53): App\Controllers\UtilController->zipTree('C:/xampp/htdocs...', 'archive.zip', 1)
#4 C:\xampp\htdocs\blink\vendor\codeigniter4\framework\system\CodeIgniter.php(832): App\Controllers\Senior\Senior->test()
#5 C:\xampp\htdocs\blink\vendor\codeigniter4\framework\system\CodeIgniter.php(419): CodeIgniter\CodeIgniter->runController(Object(App\Controllers\Senior\Senior))
#6 C:\xampp\htdocs\blink\vendor\codeigniter4\framework\system\CodeIgniter.php(326): CodeIgniter\CodeIgniter->handleRequest(NULL, Object(Config\Cache), false)
#7 C:\xampp\htdocs\blink\index.php(38): CodeIgniter\CodeIgniter->run()
#8 {main}
CRITICAL - 2023-10-18 15:27:54 --> Class "App\Controllers\ZipArchive" not found
#0 C:\xampp\htdocs\blink\app\Controllers\Senior\Senior.php(53): App\Controllers\UtilController->zipFile('C:/xampp/htdocs...', 'archive.zip', 1)
#1 C:\xampp\htdocs\blink\vendor\codeigniter4\framework\system\CodeIgniter.php(832): App\Controllers\Senior\Senior->test()
#2 C:\xampp\htdocs\blink\vendor\codeigniter4\framework\system\CodeIgniter.php(419): CodeIgniter\CodeIgniter->runController(Object(App\Controllers\Senior\Senior))
#3 C:\xampp\htdocs\blink\vendor\codeigniter4\framework\system\CodeIgniter.php(326): CodeIgniter\CodeIgniter->handleRequest(NULL, Object(Config\Cache), false)
#4 C:\xampp\htdocs\blink\index.php(38): CodeIgniter\CodeIgniter->run()
#5 {main}
CRITICAL - 2023-10-18 15:28:16 --> Class "App\Controllers\ZIPARCHIVE" not found
#0 C:\xampp\htdocs\blink\app\Controllers\Senior\Senior.php(53): App\Controllers\UtilController->zipFile('C:/xampp/htdocs...', 'archive.zip', 1)
#1 C:\xampp\htdocs\blink\vendor\codeigniter4\framework\system\CodeIgniter.php(832): App\Controllers\Senior\Senior->test()
#2 C:\xampp\htdocs\blink\vendor\codeigniter4\framework\system\CodeIgniter.php(419): CodeIgniter\CodeIgniter->runController(Object(App\Controllers\Senior\Senior))
#3 C:\xampp\htdocs\blink\vendor\codeigniter4\framework\system\CodeIgniter.php(326): CodeIgniter\CodeIgniter->handleRequest(NULL, Object(Config\Cache), false)
#4 C:\xampp\htdocs\blink\index.php(38): CodeIgniter\CodeIgniter->run()
#5 {main}
CRITICAL - 2023-10-18 15:48:34 --> syntax error, unexpected double-quoted string "file_name", expecting "]"
#0 C:\xampp\htdocs\blink\vendor\codeigniter4\framework\system\Router\Router.php(175): CodeIgniter\Router\Router->autoRoute('/senior/senior/...')
#1 C:\xampp\htdocs\blink\vendor\codeigniter4\framework\system\CodeIgniter.php(726): CodeIgniter\Router\Router->handle('/senior/senior/...')
#2 C:\xampp\htdocs\blink\vendor\codeigniter4\framework\system\CodeIgniter.php(368): CodeIgniter\CodeIgniter->tryToRouteIt(Object(CodeIgniter\Router\RouteCollection))
#3 C:\xampp\htdocs\blink\vendor\codeigniter4\framework\system\CodeIgniter.php(326): CodeIgniter\CodeIgniter->handleRequest(NULL, Object(Config\Cache), false)
#4 C:\xampp\htdocs\blink\index.php(38): CodeIgniter\CodeIgniter->run()
#5 {main}
CRITICAL - 2023-10-18 15:48:44 --> syntax error, unexpected token ","
#0 C:\xampp\htdocs\blink\vendor\codeigniter4\framework\system\Router\Router.php(175): CodeIgniter\Router\Router->autoRoute('/senior/senior/...')
#1 C:\xampp\htdocs\blink\vendor\codeigniter4\framework\system\CodeIgniter.php(726): CodeIgniter\Router\Router->handle('/senior/senior/...')
#2 C:\xampp\htdocs\blink\vendor\codeigniter4\framework\system\CodeIgniter.php(368): CodeIgniter\CodeIgniter->tryToRouteIt(Object(CodeIgniter\Router\RouteCollection))
#3 C:\xampp\htdocs\blink\vendor\codeigniter4\framework\system\CodeIgniter.php(326): CodeIgniter\CodeIgniter->handleRequest(NULL, Object(Config\Cache), false)
#4 C:\xampp\htdocs\blink\index.php(38): CodeIgniter\CodeIgniter->run()
#5 {main}
CRITICAL - 2023-10-18 15:48:52 --> syntax error, unexpected token "}"
#0 C:\xampp\htdocs\blink\vendor\codeigniter4\framework\system\Router\Router.php(175): CodeIgniter\Router\Router->autoRoute('/senior/senior/...')
#1 C:\xampp\htdocs\blink\vendor\codeigniter4\framework\system\CodeIgniter.php(726): CodeIgniter\Router\Router->handle('/senior/senior/...')
#2 C:\xampp\htdocs\blink\vendor\codeigniter4\framework\system\CodeIgniter.php(368): CodeIgniter\CodeIgniter->tryToRouteIt(Object(CodeIgniter\Router\RouteCollection))
#3 C:\xampp\htdocs\blink\vendor\codeigniter4\framework\system\CodeIgniter.php(326): CodeIgniter\CodeIgniter->handleRequest(NULL, Object(Config\Cache), false)
#4 C:\xampp\htdocs\blink\index.php(38): CodeIgniter\CodeIgniter->run()
#5 {main}
CRITICAL - 2023-10-18 15:48:56 --> Class "App\Controllers\Exception" not found
#0 C:\xampp\htdocs\blink\app\Controllers\Senior\Senior.php(46): App\Controllers\UtilController::zipFiles(Array)
#1 C:\xampp\htdocs\blink\vendor\codeigniter4\framework\system\CodeIgniter.php(832): App\Controllers\Senior\Senior->test()
#2 C:\xampp\htdocs\blink\vendor\codeigniter4\framework\system\CodeIgniter.php(419): CodeIgniter\CodeIgniter->runController(Object(App\Controllers\Senior\Senior))
#3 C:\xampp\htdocs\blink\vendor\codeigniter4\framework\system\CodeIgniter.php(326): CodeIgniter\CodeIgniter->handleRequest(NULL, Object(Config\Cache), false)
#4 C:\xampp\htdocs\blink\index.php(38): CodeIgniter\CodeIgniter->run()
#5 {main}
CRITICAL - 2023-10-18 15:49:08 --> Files must be array
#0 C:\xampp\htdocs\blink\app\Controllers\Senior\Senior.php(46): App\Controllers\UtilController::zipFiles(Array)
#1 C:\xampp\htdocs\blink\vendor\codeigniter4\framework\system\CodeIgniter.php(832): App\Controllers\Senior\Senior->test()
#2 C:\xampp\htdocs\blink\vendor\codeigniter4\framework\system\CodeIgniter.php(419): CodeIgniter\CodeIgniter->runController(Object(App\Controllers\Senior\Senior))
#3 C:\xampp\htdocs\blink\vendor\codeigniter4\framework\system\CodeIgniter.php(326): CodeIgniter\CodeIgniter->handleRequest(NULL, Object(Config\Cache), false)
#4 C:\xampp\htdocs\blink\index.php(38): CodeIgniter\CodeIgniter->run()
#5 {main}
CRITICAL - 2023-10-18 15:49:14 --> Call to undefined function App\Controllers\addSlashToDir()
#0 C:\xampp\htdocs\blink\app\Controllers\Senior\Senior.php(46): App\Controllers\UtilController::zipFiles(Array)
#1 C:\xampp\htdocs\blink\vendor\codeigniter4\framework\system\CodeIgniter.php(832): App\Controllers\Senior\Senior->test()
#2 C:\xampp\htdocs\blink\vendor\codeigniter4\framework\system\CodeIgniter.php(419): CodeIgniter\CodeIgniter->runController(Object(App\Controllers\Senior\Senior))
#3 C:\xampp\htdocs\blink\vendor\codeigniter4\framework\system\CodeIgniter.php(326): CodeIgniter\CodeIgniter->handleRequest(NULL, Object(Config\Cache), false)
#4 C:\xampp\htdocs\blink\index.php(38): CodeIgniter\CodeIgniter->run()
#5 {main}
CRITICAL - 2023-10-18 15:49:29 --> Using $this when not in object context
#0 C:\xampp\htdocs\blink\app\Controllers\Senior\Senior.php(46): App\Controllers\UtilController::zipFiles(Array)
#1 C:\xampp\htdocs\blink\vendor\codeigniter4\framework\system\CodeIgniter.php(832): App\Controllers\Senior\Senior->test()
#2 C:\xampp\htdocs\blink\vendor\codeigniter4\framework\system\CodeIgniter.php(419): CodeIgniter\CodeIgniter->runController(Object(App\Controllers\Senior\Senior))
#3 C:\xampp\htdocs\blink\vendor\codeigniter4\framework\system\CodeIgniter.php(326): CodeIgniter\CodeIgniter->handleRequest(NULL, Object(Config\Cache), false)
#4 C:\xampp\htdocs\blink\index.php(38): CodeIgniter\CodeIgniter->run()
#5 {main}
CRITICAL - 2023-10-18 15:49:59 --> ZipArchive::addFile(): No such file or directory
#0 [internal function]: CodeIgniter\Debug\Exceptions->errorHandler(2, 'ZipArchive::add...', 'C:\\xampp\\htdocs...', 218)
#1 C:\xampp\htdocs\blink\app\Controllers\UtilController.php(218): ZipArchive->addFile('C:/xampp/htdocs...', 'Controller/Logs...')
#2 C:\xampp\htdocs\blink\app\Controllers\Senior\Senior.php(47): App\Controllers\UtilController->zipFiles(Array)
#3 C:\xampp\htdocs\blink\vendor\codeigniter4\framework\system\CodeIgniter.php(832): App\Controllers\Senior\Senior->test()
#4 C:\xampp\htdocs\blink\vendor\codeigniter4\framework\system\CodeIgniter.php(419): CodeIgniter\CodeIgniter->runController(Object(App\Controllers\Senior\Senior))
#5 C:\xampp\htdocs\blink\vendor\codeigniter4\framework\system\CodeIgniter.php(326): CodeIgniter\CodeIgniter->handleRequest(NULL, Object(Config\Cache), false)
#6 C:\xampp\htdocs\blink\index.php(38): CodeIgniter\CodeIgniter->run()
#7 {main}
CRITICAL - 2023-10-18 15:50:25 --> ZipArchive::addFile(): No such file or directory
#0 [internal function]: CodeIgniter\Debug\Exceptions->errorHandler(2, 'ZipArchive::add...', 'C:\\xampp\\htdocs...', 218)
#1 C:\xampp\htdocs\blink\app\Controllers\UtilController.php(218): ZipArchive->addFile('C:/xampp/htdocs...', 'Controller/Logs...')
#2 C:\xampp\htdocs\blink\app\Controllers\Senior\Senior.php(48): App\Controllers\UtilController->zipFiles(Array)
#3 C:\xampp\htdocs\blink\vendor\codeigniter4\framework\system\CodeIgniter.php(832): App\Controllers\Senior\Senior->test()
#4 C:\xampp\htdocs\blink\vendor\codeigniter4\framework\system\CodeIgniter.php(419): CodeIgniter\CodeIgniter->runController(Object(App\Controllers\Senior\Senior))
#5 C:\xampp\htdocs\blink\vendor\codeigniter4\framework\system\CodeIgniter.php(326): CodeIgniter\CodeIgniter->handleRequest(NULL, Object(Config\Cache), false)
#6 C:\xampp\htdocs\blink\index.php(38): CodeIgniter\CodeIgniter->run()
#7 {main}
CRITICAL - 2023-10-18 15:51:37 --> ZipArchive::addFile(): No such file or directory
#0 [internal function]: CodeIgniter\Debug\Exceptions->errorHandler(2, 'ZipArchive::add...', 'C:\\xampp\\htdocs...', 219)
#1 C:\xampp\htdocs\blink\app\Controllers\UtilController.php(219): ZipArchive->addFile('C:/xampp/htdocs...', 'Controller/Logs...')
#2 C:\xampp\htdocs\blink\app\Controllers\Senior\Senior.php(48): App\Controllers\UtilController->zipFiles(Array)
#3 C:\xampp\htdocs\blink\vendor\codeigniter4\framework\system\CodeIgniter.php(832): App\Controllers\Senior\Senior->test()
#4 C:\xampp\htdocs\blink\vendor\codeigniter4\framework\system\CodeIgniter.php(419): CodeIgniter\CodeIgniter->runController(Object(App\Controllers\Senior\Senior))
#5 C:\xampp\htdocs\blink\vendor\codeigniter4\framework\system\CodeIgniter.php(326): CodeIgniter\CodeIgniter->handleRequest(NULL, Object(Config\Cache), false)
#6 C:\xampp\htdocs\blink\index.php(38): CodeIgniter\CodeIgniter->run()
#7 {main}
CRITICAL - 2023-10-18 15:53:51 --> ZipArchive::addFile(): No such file or directory
#0 [internal function]: CodeIgniter\Debug\Exceptions->errorHandler(2, 'ZipArchive::add...', 'C:\\xampp\\htdocs...', 219)
#1 C:\xampp\htdocs\blink\app\Controllers\UtilController.php(219): ZipArchive->addFile('C:/xampp/htdocs...', 'Antonio_Virgill...')
#2 C:\xampp\htdocs\blink\app\Controllers\Senior\Senior.php(48): App\Controllers\UtilController->zipFiles(Array)
#3 C:\xampp\htdocs\blink\vendor\codeigniter4\framework\system\CodeIgniter.php(832): App\Controllers\Senior\Senior->test()
#4 C:\xampp\htdocs\blink\vendor\codeigniter4\framework\system\CodeIgniter.php(419): CodeIgniter\CodeIgniter->runController(Object(App\Controllers\Senior\Senior))
#5 C:\xampp\htdocs\blink\vendor\codeigniter4\framework\system\CodeIgniter.php(326): CodeIgniter\CodeIgniter->handleRequest(NULL, Object(Config\Cache), false)
#6 C:\xampp\htdocs\blink\index.php(38): CodeIgniter\CodeIgniter->run()
#7 {main}
