ERROR - 2023-08-22 00:01:53 --> Column 'transaction_id' in where clause is ambiguous
ERROR - 2023-08-22 00:05:40 --> Column 'transaction_id' in where clause is ambiguous
ERROR - 2023-08-22 00:05:41 --> Column 'transaction_id' in where clause is ambiguous
ERROR - 2023-08-22 00:05:43 --> Column 'transaction_id' in where clause is ambiguous
CRITICAL - 2023-08-22 00:12:09 --> Undefined variable: userInformation
#0 /Applications/MAMP/htdocs/baliwag/systems/app/Views/partials/noSideBarHeader.php(2950): CodeIgniter\Debug\Exceptions->errorHandler(8, 'Undefined varia...', '/Applications/M...', 2950, Array)
#1 /Applications/MAMP/htdocs/baliwag/systems/vendor/codeigniter4/framework/system/View/View.php(210): include('/Applications/M...')
#2 /Applications/MAMP/htdocs/baliwag/systems/vendor/codeigniter4/framework/system/View/View.php(213): CodeIgniter\View\View->CodeIgniter\View\{closure}()
#3 /Applications/MAMP/htdocs/baliwag/systems/vendor/codeigniter4/framework/system/View/View.php(424): CodeIgniter\View\View->render('partials/noSide...', NULL, true)
#4 /Applications/MAMP/htdocs/baliwag/systems/app/Views/layouts/noSideBarMain.php(59): CodeIgniter\View\View->include('partials/noSide...')
#5 /Applications/MAMP/htdocs/baliwag/systems/vendor/codeigniter4/framework/system/View/View.php(210): include('/Applications/M...')
#6 /Applications/MAMP/htdocs/baliwag/systems/vendor/codeigniter4/framework/system/View/View.php(213): CodeIgniter\View\View->CodeIgniter\View\{closure}()
#7 /Applications/MAMP/htdocs/baliwag/systems/vendor/codeigniter4/framework/system/View/View.php(226): CodeIgniter\View\View->render('layouts/noSideB...', Array, true)
#8 /Applications/MAMP/htdocs/baliwag/systems/vendor/codeigniter4/framework/system/Common.php(1089): CodeIgniter\View\View->render('aics/prints/vac...', Array, true)
#9 /Applications/MAMP/htdocs/baliwag/systems/app/Controllers/Aics/Transactions.php(331): view('aics/prints/vac...', Array)
#10 /Applications/MAMP/htdocs/baliwag/systems/vendor/codeigniter4/framework/system/CodeIgniter.php(832): App\Controllers\Aics\Transactions->printVaccineCard('1')
#11 /Applications/MAMP/htdocs/baliwag/systems/vendor/codeigniter4/framework/system/CodeIgniter.php(419): CodeIgniter\CodeIgniter->runController(Object(App\Controllers\Aics\Transactions))
#12 /Applications/MAMP/htdocs/baliwag/systems/vendor/codeigniter4/framework/system/CodeIgniter.php(326): CodeIgniter\CodeIgniter->handleRequest(NULL, Object(Config\Cache), false)
#13 /Applications/MAMP/htdocs/baliwag/systems/index.php(38): CodeIgniter\CodeIgniter->run()
#14 {main}
CRITICAL - 2023-08-22 00:45:38 --> Undefined property: stdClass::$biting_date
#0 /Applications/MAMP/htdocs/baliwag/systems/app/Views/aics/prints/vaccinePrint.php(56): CodeIgniter\Debug\Exceptions->errorHandler(8, 'Undefined prope...', '/Applications/M...', 56, Array)
#1 /Applications/MAMP/htdocs/baliwag/systems/vendor/codeigniter4/framework/system/View/View.php(210): include('/Applications/M...')
#2 /Applications/MAMP/htdocs/baliwag/systems/vendor/codeigniter4/framework/system/View/View.php(213): CodeIgniter\View\View->CodeIgniter\View\{closure}()
#3 /Applications/MAMP/htdocs/baliwag/systems/vendor/codeigniter4/framework/system/Common.php(1089): CodeIgniter\View\View->render('aics/prints/vac...', Array, true)
#4 /Applications/MAMP/htdocs/baliwag/systems/app/Controllers/Aics/Transactions.php(332): view('aics/prints/vac...', Array)
#5 /Applications/MAMP/htdocs/baliwag/systems/vendor/codeigniter4/framework/system/CodeIgniter.php(832): App\Controllers\Aics\Transactions->printVaccineCard('1')
#6 /Applications/MAMP/htdocs/baliwag/systems/vendor/codeigniter4/framework/system/CodeIgniter.php(419): CodeIgniter\CodeIgniter->runController(Object(App\Controllers\Aics\Transactions))
#7 /Applications/MAMP/htdocs/baliwag/systems/vendor/codeigniter4/framework/system/CodeIgniter.php(326): CodeIgniter\CodeIgniter->handleRequest(NULL, Object(Config\Cache), false)
#8 /Applications/MAMP/htdocs/baliwag/systems/index.php(38): CodeIgniter\CodeIgniter->run()
#9 {main}
CRITICAL - 2023-08-22 00:57:01 --> Invalid file: aics/prints/vaccinePrint2.php
#0 /Applications/MAMP/htdocs/baliwag/systems/vendor/codeigniter4/framework/system/View/View.php(198): CodeIgniter\Exceptions\FrameworkException::forInvalidFile('aics/prints/vac...')
#1 /Applications/MAMP/htdocs/baliwag/systems/vendor/codeigniter4/framework/system/Common.php(1089): CodeIgniter\View\View->render('aics/prints/vac...', Array, true)
#2 /Applications/MAMP/htdocs/baliwag/systems/app/Controllers/Aics/Transactions.php(351): view('aics/prints/vac...', Array)
#3 /Applications/MAMP/htdocs/baliwag/systems/vendor/codeigniter4/framework/system/CodeIgniter.php(832): App\Controllers\Aics\Transactions->printVaccineCard2('1')
#4 /Applications/MAMP/htdocs/baliwag/systems/vendor/codeigniter4/framework/system/CodeIgniter.php(419): CodeIgniter\CodeIgniter->runController(Object(App\Controllers\Aics\Transactions))
#5 /Applications/MAMP/htdocs/baliwag/systems/vendor/codeigniter4/framework/system/CodeIgniter.php(326): CodeIgniter\CodeIgniter->handleRequest(NULL, Object(Config\Cache), false)
#6 /Applications/MAMP/htdocs/baliwag/systems/index.php(38): CodeIgniter\CodeIgniter->run()
#7 {main}
CRITICAL - 2023-08-22 01:29:24 --> Undefined property: stdClass::$prophylaxis
#0 /Applications/MAMP/htdocs/baliwag/systems/app/Views/aics/prints/vaccinePrint2.php(38): CodeIgniter\Debug\Exceptions->errorHandler(8, 'Undefined prope...', '/Applications/M...', 38, Array)
#1 /Applications/MAMP/htdocs/baliwag/systems/vendor/codeigniter4/framework/system/View/View.php(210): include('/Applications/M...')
#2 /Applications/MAMP/htdocs/baliwag/systems/vendor/codeigniter4/framework/system/View/View.php(213): CodeIgniter\View\View->CodeIgniter\View\{closure}()
#3 /Applications/MAMP/htdocs/baliwag/systems/vendor/codeigniter4/framework/system/Common.php(1089): CodeIgniter\View\View->render('aics/prints/vac...', Array, true)
#4 /Applications/MAMP/htdocs/baliwag/systems/app/Controllers/Aics/Transactions.php(368): view('aics/prints/vac...', Array)
#5 /Applications/MAMP/htdocs/baliwag/systems/vendor/codeigniter4/framework/system/CodeIgniter.php(832): App\Controllers\Aics\Transactions->printMayorsTransaction('10')
#6 /Applications/MAMP/htdocs/baliwag/systems/vendor/codeigniter4/framework/system/CodeIgniter.php(419): CodeIgniter\CodeIgniter->runController(Object(App\Controllers\Aics\Transactions))
#7 /Applications/MAMP/htdocs/baliwag/systems/vendor/codeigniter4/framework/system/CodeIgniter.php(326): CodeIgniter\CodeIgniter->handleRequest(NULL, Object(Config\Cache), false)
#8 /Applications/MAMP/htdocs/baliwag/systems/index.php(38): CodeIgniter\CodeIgniter->run()
#9 {main}
CRITICAL - 2023-08-22 01:33:15 --> Undefined variable: vaccineInfo
#0 /Applications/MAMP/htdocs/baliwag/systems/app/Views/aics/prints/mayorsPrint.php(37): CodeIgniter\Debug\Exceptions->errorHandler(8, 'Undefined varia...', '/Applications/M...', 37, Array)
#1 /Applications/MAMP/htdocs/baliwag/systems/vendor/codeigniter4/framework/system/View/View.php(210): include('/Applications/M...')
#2 /Applications/MAMP/htdocs/baliwag/systems/vendor/codeigniter4/framework/system/View/View.php(213): CodeIgniter\View\View->CodeIgniter\View\{closure}()
#3 /Applications/MAMP/htdocs/baliwag/systems/vendor/codeigniter4/framework/system/Common.php(1089): CodeIgniter\View\View->render('aics/prints/may...', Array, true)
#4 /Applications/MAMP/htdocs/baliwag/systems/app/Controllers/Aics/Transactions.php(368): view('aics/prints/may...', Array)
#5 /Applications/MAMP/htdocs/baliwag/systems/vendor/codeigniter4/framework/system/CodeIgniter.php(832): App\Controllers\Aics\Transactions->printMayorsTransaction('10')
#6 /Applications/MAMP/htdocs/baliwag/systems/vendor/codeigniter4/framework/system/CodeIgniter.php(419): CodeIgniter\CodeIgniter->runController(Object(App\Controllers\Aics\Transactions))
#7 /Applications/MAMP/htdocs/baliwag/systems/vendor/codeigniter4/framework/system/CodeIgniter.php(326): CodeIgniter\CodeIgniter->handleRequest(NULL, Object(Config\Cache), false)
#8 /Applications/MAMP/htdocs/baliwag/systems/index.php(38): CodeIgniter\CodeIgniter->run()
#9 {main}
CRITICAL - 2023-08-22 01:33:23 --> Undefined variable: vaccineInfo
#0 /Applications/MAMP/htdocs/baliwag/systems/app/Views/aics/prints/mayorsPrint.php(57): CodeIgniter\Debug\Exceptions->errorHandler(8, 'Undefined varia...', '/Applications/M...', 57, Array)
#1 /Applications/MAMP/htdocs/baliwag/systems/vendor/codeigniter4/framework/system/View/View.php(210): include('/Applications/M...')
#2 /Applications/MAMP/htdocs/baliwag/systems/vendor/codeigniter4/framework/system/View/View.php(213): CodeIgniter\View\View->CodeIgniter\View\{closure}()
#3 /Applications/MAMP/htdocs/baliwag/systems/vendor/codeigniter4/framework/system/Common.php(1089): CodeIgniter\View\View->render('aics/prints/may...', Array, true)
#4 /Applications/MAMP/htdocs/baliwag/systems/app/Controllers/Aics/Transactions.php(368): view('aics/prints/may...', Array)
#5 /Applications/MAMP/htdocs/baliwag/systems/vendor/codeigniter4/framework/system/CodeIgniter.php(832): App\Controllers\Aics\Transactions->printMayorsTransaction('10')
#6 /Applications/MAMP/htdocs/baliwag/systems/vendor/codeigniter4/framework/system/CodeIgniter.php(419): CodeIgniter\CodeIgniter->runController(Object(App\Controllers\Aics\Transactions))
#7 /Applications/MAMP/htdocs/baliwag/systems/vendor/codeigniter4/framework/system/CodeIgniter.php(326): CodeIgniter\CodeIgniter->handleRequest(NULL, Object(Config\Cache), false)
#8 /Applications/MAMP/htdocs/baliwag/systems/index.php(38): CodeIgniter\CodeIgniter->run()
#9 {main}
CRITICAL - 2023-08-22 01:33:29 --> Undefined variable: vaccineInfo
#0 /Applications/MAMP/htdocs/baliwag/systems/app/Views/aics/prints/mayorsPrint.php(66): CodeIgniter\Debug\Exceptions->errorHandler(8, 'Undefined varia...', '/Applications/M...', 66, Array)
#1 /Applications/MAMP/htdocs/baliwag/systems/vendor/codeigniter4/framework/system/View/View.php(210): include('/Applications/M...')
#2 /Applications/MAMP/htdocs/baliwag/systems/vendor/codeigniter4/framework/system/View/View.php(213): CodeIgniter\View\View->CodeIgniter\View\{closure}()
#3 /Applications/MAMP/htdocs/baliwag/systems/vendor/codeigniter4/framework/system/Common.php(1089): CodeIgniter\View\View->render('aics/prints/may...', Array, true)
#4 /Applications/MAMP/htdocs/baliwag/systems/app/Controllers/Aics/Transactions.php(368): view('aics/prints/may...', Array)
#5 /Applications/MAMP/htdocs/baliwag/systems/vendor/codeigniter4/framework/system/CodeIgniter.php(832): App\Controllers\Aics\Transactions->printMayorsTransaction('10')
#6 /Applications/MAMP/htdocs/baliwag/systems/vendor/codeigniter4/framework/system/CodeIgniter.php(419): CodeIgniter\CodeIgniter->runController(Object(App\Controllers\Aics\Transactions))
#7 /Applications/MAMP/htdocs/baliwag/systems/vendor/codeigniter4/framework/system/CodeIgniter.php(326): CodeIgniter\CodeIgniter->handleRequest(NULL, Object(Config\Cache), false)
#8 /Applications/MAMP/htdocs/baliwag/systems/index.php(38): CodeIgniter\CodeIgniter->run()
#9 {main}
CRITICAL - 2023-08-22 01:49:11 --> Undefined offset: 2
#0 /Applications/MAMP/htdocs/baliwag/systems/app/Models/AicsModel.php(31): CodeIgniter\Debug\Exceptions->errorHandler(8, 'Undefined offse...', '/Applications/M...', 31, Array)
#1 /Applications/MAMP/htdocs/baliwag/systems/app/Controllers/Aics/Transactions.php(362): App\Models\AicsModel->get('transactions', 'transactions.tr...', Array, Array)
#2 /Applications/MAMP/htdocs/baliwag/systems/vendor/codeigniter4/framework/system/CodeIgniter.php(832): App\Controllers\Aics\Transactions->printMayorsTransaction('10')
#3 /Applications/MAMP/htdocs/baliwag/systems/vendor/codeigniter4/framework/system/CodeIgniter.php(419): CodeIgniter\CodeIgniter->runController(Object(App\Controllers\Aics\Transactions))
#4 /Applications/MAMP/htdocs/baliwag/systems/vendor/codeigniter4/framework/system/CodeIgniter.php(326): CodeIgniter\CodeIgniter->handleRequest(NULL, Object(Config\Cache), false)
#5 /Applications/MAMP/htdocs/baliwag/systems/index.php(38): CodeIgniter\CodeIgniter->run()
#6 {main}
CRITICAL - 2023-08-22 01:49:56 --> Undefined property: stdClass::$recommendation
#0 /Applications/MAMP/htdocs/baliwag/systems/app/Views/aics/prints/mayorsPrint.php(51): CodeIgniter\Debug\Exceptions->errorHandler(8, 'Undefined prope...', '/Applications/M...', 51, Array)
#1 /Applications/MAMP/htdocs/baliwag/systems/vendor/codeigniter4/framework/system/View/View.php(210): include('/Applications/M...')
#2 /Applications/MAMP/htdocs/baliwag/systems/vendor/codeigniter4/framework/system/View/View.php(213): CodeIgniter\View\View->CodeIgniter\View\{closure}()
#3 /Applications/MAMP/htdocs/baliwag/systems/vendor/codeigniter4/framework/system/Common.php(1089): CodeIgniter\View\View->render('aics/prints/may...', Array, true)
#4 /Applications/MAMP/htdocs/baliwag/systems/app/Controllers/Aics/Transactions.php(370): view('aics/prints/may...', Array)
#5 /Applications/MAMP/htdocs/baliwag/systems/vendor/codeigniter4/framework/system/CodeIgniter.php(832): App\Controllers\Aics\Transactions->printMayorsTransaction('10')
#6 /Applications/MAMP/htdocs/baliwag/systems/vendor/codeigniter4/framework/system/CodeIgniter.php(419): CodeIgniter\CodeIgniter->runController(Object(App\Controllers\Aics\Transactions))
#7 /Applications/MAMP/htdocs/baliwag/systems/vendor/codeigniter4/framework/system/CodeIgniter.php(326): CodeIgniter\CodeIgniter->handleRequest(NULL, Object(Config\Cache), false)
#8 /Applications/MAMP/htdocs/baliwag/systems/index.php(38): CodeIgniter\CodeIgniter->run()
#9 {main}
CRITICAL - 2023-08-22 10:58:45 --> Undefined variable: vaccineInfo
#0 /Applications/MAMP/htdocs/baliwag/systems/app/Views/aics/prints/mayorsPrint.php(47): CodeIgniter\Debug\Exceptions->errorHandler(8, 'Undefined varia...', '/Applications/M...', 47, Array)
#1 /Applications/MAMP/htdocs/baliwag/systems/vendor/codeigniter4/framework/system/View/View.php(210): include('/Applications/M...')
#2 /Applications/MAMP/htdocs/baliwag/systems/vendor/codeigniter4/framework/system/View/View.php(213): CodeIgniter\View\View->CodeIgniter\View\{closure}()
#3 /Applications/MAMP/htdocs/baliwag/systems/vendor/codeigniter4/framework/system/Common.php(1089): CodeIgniter\View\View->render('aics/prints/may...', Array, true)
#4 /Applications/MAMP/htdocs/baliwag/systems/app/Controllers/Aics/Transactions.php(374): view('aics/prints/may...', Array)
#5 /Applications/MAMP/htdocs/baliwag/systems/vendor/codeigniter4/framework/system/CodeIgniter.php(832): App\Controllers\Aics\Transactions->printMayorsTransaction('10')
#6 /Applications/MAMP/htdocs/baliwag/systems/vendor/codeigniter4/framework/system/CodeIgniter.php(419): CodeIgniter\CodeIgniter->runController(Object(App\Controllers\Aics\Transactions))
#7 /Applications/MAMP/htdocs/baliwag/systems/vendor/codeigniter4/framework/system/CodeIgniter.php(326): CodeIgniter\CodeIgniter->handleRequest(NULL, Object(Config\Cache), false)
#8 /Applications/MAMP/htdocs/baliwag/systems/index.php(38): CodeIgniter\CodeIgniter->run()
#9 {main}
ERROR - 2023-08-22 16:29:12 --> Unknown column 'members.last_name' in 'field list'
ERROR - 2023-08-22 16:29:45 --> Unknown column 'members.last_name' in 'field list'
