ERROR - 2023-05-08 16:27:59 --> Table 'baliwagc_hris_db.auth_groups' doesn't exist
CRITICAL - 2023-05-08 16:27:59 --> Table 'baliwagc_hris_db.auth_groups' doesn't exist
#0 /Applications/MAMP/htdocs/baliwag/systems/vendor/codeigniter4/framework/system/Database/MySQLi/Connection.php(292): mysqli->query('SELECT `auth_gr...', 0)
#1 /Applications/MAMP/htdocs/baliwag/systems/vendor/codeigniter4/framework/system/Database/BaseConnection.php(670): CodeIgniter\Database\MySQLi\Connection->execute('SELECT `auth_gr...')
#2 /Applications/MAMP/htdocs/baliwag/systems/vendor/codeigniter4/framework/system/Database/BaseConnection.php(598): CodeIgniter\Database\BaseConnection->simpleQuery('SELECT `auth_gr...')
#3 /Applications/MAMP/htdocs/baliwag/systems/vendor/codeigniter4/framework/system/Database/BaseBuilder.php(1455): CodeIgniter\Database\BaseConnection->query('SELECT `auth_gr...', Array, false)
#4 /Applications/MAMP/htdocs/baliwag/systems/vendor/myth/auth/src/Authorization/GroupModel.php(103): CodeIgniter\Database\BaseBuilder->get()
#5 /Applications/MAMP/htdocs/baliwag/systems/vendor/myth/auth/src/Collectors/Auth.php(67): Myth\Auth\Authorization\GroupModel->getGroupsForUser(3)
#6 /Applications/MAMP/htdocs/baliwag/systems/vendor/codeigniter4/framework/system/Debug/Toolbar/Collectors/BaseCollector.php(224): Myth\Auth\Collectors\Auth->display()
#7 /Applications/MAMP/htdocs/baliwag/systems/vendor/codeigniter4/framework/system/Debug/Toolbar.php(90): CodeIgniter\Debug\Toolbar\Collectors\BaseCollector->getAsArray()
#8 /Applications/MAMP/htdocs/baliwag/systems/vendor/codeigniter4/framework/system/Debug/Toolbar.php(368): CodeIgniter\Debug\Toolbar->run(1683534479.6761, 0.0573, Object(CodeIgniter\HTTP\IncomingRequest), Object(CodeIgniter\HTTP\Response))
#9 /Applications/MAMP/htdocs/baliwag/systems/vendor/codeigniter4/framework/system/Filters/DebugToolbar.php(40): CodeIgniter\Debug\Toolbar->prepare(Object(CodeIgniter\HTTP\IncomingRequest), Object(CodeIgniter\HTTP\Response))
#10 /Applications/MAMP/htdocs/baliwag/systems/vendor/codeigniter4/framework/system/Filters/Filters.php(196): CodeIgniter\Filters\DebugToolbar->after(Object(CodeIgniter\HTTP\IncomingRequest), Object(CodeIgniter\HTTP\Response), NULL)
#11 /Applications/MAMP/htdocs/baliwag/systems/vendor/codeigniter4/framework/system/CodeIgniter.php(436): CodeIgniter\Filters\Filters->run('/hris/employee/...', 'after')
#12 /Applications/MAMP/htdocs/baliwag/systems/vendor/codeigniter4/framework/system/CodeIgniter.php(326): CodeIgniter\CodeIgniter->handleRequest(NULL, Object(Config\Cache), false)
#13 /Applications/MAMP/htdocs/baliwag/systems/index.php(38): CodeIgniter\CodeIgniter->run()
#14 {main}
ERROR - 2023-05-08 16:28:07 --> Table 'baliwagc_hris_db.auth_groups' doesn't exist
CRITICAL - 2023-05-08 16:28:07 --> Table 'baliwagc_hris_db.auth_groups' doesn't exist
#0 /Applications/MAMP/htdocs/baliwag/systems/vendor/codeigniter4/framework/system/Database/MySQLi/Connection.php(292): mysqli->query('SELECT `auth_gr...', 0)
#1 /Applications/MAMP/htdocs/baliwag/systems/vendor/codeigniter4/framework/system/Database/BaseConnection.php(670): CodeIgniter\Database\MySQLi\Connection->execute('SELECT `auth_gr...')
#2 /Applications/MAMP/htdocs/baliwag/systems/vendor/codeigniter4/framework/system/Database/BaseConnection.php(598): CodeIgniter\Database\BaseConnection->simpleQuery('SELECT `auth_gr...')
#3 /Applications/MAMP/htdocs/baliwag/systems/vendor/codeigniter4/framework/system/Database/BaseBuilder.php(1455): CodeIgniter\Database\BaseConnection->query('SELECT `auth_gr...', Array, false)
#4 /Applications/MAMP/htdocs/baliwag/systems/vendor/myth/auth/src/Authorization/GroupModel.php(103): CodeIgniter\Database\BaseBuilder->get()
#5 /Applications/MAMP/htdocs/baliwag/systems/vendor/myth/auth/src/Collectors/Auth.php(67): Myth\Auth\Authorization\GroupModel->getGroupsForUser(3)
#6 /Applications/MAMP/htdocs/baliwag/systems/vendor/codeigniter4/framework/system/Debug/Toolbar/Collectors/BaseCollector.php(224): Myth\Auth\Collectors\Auth->display()
#7 /Applications/MAMP/htdocs/baliwag/systems/vendor/codeigniter4/framework/system/Debug/Toolbar.php(90): CodeIgniter\Debug\Toolbar\Collectors\BaseCollector->getAsArray()
#8 /Applications/MAMP/htdocs/baliwag/systems/vendor/codeigniter4/framework/system/Debug/Toolbar.php(368): CodeIgniter\Debug\Toolbar->run(1683534487.3822, 0.0419, Object(CodeIgniter\HTTP\IncomingRequest), Object(CodeIgniter\HTTP\Response))
#9 /Applications/MAMP/htdocs/baliwag/systems/vendor/codeigniter4/framework/system/Filters/DebugToolbar.php(40): CodeIgniter\Debug\Toolbar->prepare(Object(CodeIgniter\HTTP\IncomingRequest), Object(CodeIgniter\HTTP\Response))
#10 /Applications/MAMP/htdocs/baliwag/systems/vendor/codeigniter4/framework/system/Filters/Filters.php(196): CodeIgniter\Filters\DebugToolbar->after(Object(CodeIgniter\HTTP\IncomingRequest), Object(CodeIgniter\HTTP\Response), NULL)
#11 /Applications/MAMP/htdocs/baliwag/systems/vendor/codeigniter4/framework/system/CodeIgniter.php(436): CodeIgniter\Filters\Filters->run('/hris/employee/...', 'after')
#12 /Applications/MAMP/htdocs/baliwag/systems/vendor/codeigniter4/framework/system/CodeIgniter.php(326): CodeIgniter\CodeIgniter->handleRequest(NULL, Object(Config\Cache), false)
#13 /Applications/MAMP/htdocs/baliwag/systems/index.php(38): CodeIgniter\CodeIgniter->run()
#14 {main}
