CRITICAL - 2022-07-05 00:56:33 --> Cannot declare class App\Controllers\Tickets, because the name is already in use
#0 [internal function]: CodeIgniter\Debug\Exceptions->shutdownHandler()
#1 {main}
CRITICAL - 2022-07-05 00:57:23 --> Invalid file: config/technicalIssue.php
#0 C:\xampp\htdocs\baliwag\template_v1\vendor\codeigniter4\framework\system\View\View.php(198): CodeIgniter\Exceptions\FrameworkException::forInvalidFile('config/technica...')
#1 C:\xampp\htdocs\baliwag\template_v1\vendor\codeigniter4\framework\system\Common.php(1089): CodeIgniter\View\View->render('config/technica...', Array, true)
#2 C:\xampp\htdocs\baliwag\template_v1\app\Controllers\Config.php(31): view('config/technica...', Array)
#3 C:\xampp\htdocs\baliwag\template_v1\vendor\codeigniter4\framework\system\CodeIgniter.php(832): App\Controllers\Config->index()
#4 C:\xampp\htdocs\baliwag\template_v1\vendor\codeigniter4\framework\system\CodeIgniter.php(419): CodeIgniter\CodeIgniter->runController(Object(App\Controllers\Config))
#5 C:\xampp\htdocs\baliwag\template_v1\vendor\codeigniter4\framework\system\CodeIgniter.php(326): CodeIgniter\CodeIgniter->handleRequest(NULL, Object(Config\Cache), false)
#6 C:\xampp\htdocs\baliwag\template_v1\public\index.php(37): CodeIgniter\CodeIgniter->run()
#7 {main}
CRITICAL - 2022-07-05 01:15:34 --> Call to undefined method CodeIgniter\Database\MySQLi\Builder::getResult()
#0 C:\xampp\htdocs\baliwag\template_v1\vendor\codeigniter4\framework\system\CodeIgniter.php(832): App\Controllers\Config->getTechIssueList()
#1 C:\xampp\htdocs\baliwag\template_v1\vendor\codeigniter4\framework\system\CodeIgniter.php(419): CodeIgniter\CodeIgniter->runController(Object(App\Controllers\Config))
#2 C:\xampp\htdocs\baliwag\template_v1\vendor\codeigniter4\framework\system\CodeIgniter.php(326): CodeIgniter\CodeIgniter->handleRequest(NULL, Object(Config\Cache), false)
#3 C:\xampp\htdocs\baliwag\template_v1\public\index.php(37): CodeIgniter\CodeIgniter->run()
#4 {main}
CRITICAL - 2022-07-05 01:16:39 --> Class "App\Controllers\DataTable" not found
#0 C:\xampp\htdocs\baliwag\template_v1\vendor\codeigniter4\framework\system\CodeIgniter.php(832): App\Controllers\Config->getTechIssueList()
#1 C:\xampp\htdocs\baliwag\template_v1\vendor\codeigniter4\framework\system\CodeIgniter.php(419): CodeIgniter\CodeIgniter->runController(Object(App\Controllers\Config))
#2 C:\xampp\htdocs\baliwag\template_v1\vendor\codeigniter4\framework\system\CodeIgniter.php(326): CodeIgniter\CodeIgniter->handleRequest(NULL, Object(Config\Cache), false)
#3 C:\xampp\htdocs\baliwag\template_v1\public\index.php(37): CodeIgniter\CodeIgniter->run()
#4 {main}
ERROR - 2022-07-05 01:19:04 --> Unknown column 'id' in 'order clause'
CRITICAL - 2022-07-05 01:19:04 --> Unknown column 'id' in 'order clause'
#0 C:\xampp\htdocs\baliwag\template_v1\vendor\codeigniter4\framework\system\Database\MySQLi\Connection.php(292): mysqli->query('SELECT `issue_i...', 0)
#1 C:\xampp\htdocs\baliwag\template_v1\vendor\codeigniter4\framework\system\Database\BaseConnection.php(670): CodeIgniter\Database\MySQLi\Connection->execute('SELECT `issue_i...')
#2 C:\xampp\htdocs\baliwag\template_v1\vendor\codeigniter4\framework\system\Database\BaseConnection.php(598): CodeIgniter\Database\BaseConnection->simpleQuery('SELECT `issue_i...')
#3 C:\xampp\htdocs\baliwag\template_v1\vendor\codeigniter4\framework\system\Database\BaseBuilder.php(1455): CodeIgniter\Database\BaseConnection->query('SELECT `issue_i...', Array, false)
#4 C:\xampp\htdocs\baliwag\template_v1\vendor\hermawan\codeigniter4-datatables\src\DataTableQuery.php(219): CodeIgniter\Database\BaseBuilder->get()
#5 C:\xampp\htdocs\baliwag\template_v1\vendor\hermawan\codeigniter4-datatables\src\DataTableQuery.php(70): Hermawan\DataTables\DataTableQuery->queryResult()
#6 C:\xampp\htdocs\baliwag\template_v1\vendor\hermawan\codeigniter4-datatables\src\DataTable.php(176): Hermawan\DataTables\DataTableQuery->getDataResult()
#7 C:\xampp\htdocs\baliwag\template_v1\app\Controllers\Config.php(40): Hermawan\DataTables\DataTable->toJson(true)
#8 C:\xampp\htdocs\baliwag\template_v1\vendor\codeigniter4\framework\system\CodeIgniter.php(832): App\Controllers\Config->getTechIssueList()
#9 C:\xampp\htdocs\baliwag\template_v1\vendor\codeigniter4\framework\system\CodeIgniter.php(419): CodeIgniter\CodeIgniter->runController(Object(App\Controllers\Config))
#10 C:\xampp\htdocs\baliwag\template_v1\vendor\codeigniter4\framework\system\CodeIgniter.php(326): CodeIgniter\CodeIgniter->handleRequest(NULL, Object(Config\Cache), false)
#11 C:\xampp\htdocs\baliwag\template_v1\public\index.php(37): CodeIgniter\CodeIgniter->run()
#12 {main}
ERROR - 2022-07-05 01:34:13 --> Table 'templatev1_db.technical_issuess' doesn't exist
ERROR - 2022-07-05 01:34:47 --> Table 'templatev1_db.technical_issuess' doesn't exist
CRITICAL - 2022-07-05 01:34:47 --> Table 'templatev1_db.technical_issuess' doesn't exist
#0 C:\xampp\htdocs\baliwag\template_v1\vendor\codeigniter4\framework\system\Database\MySQLi\Connection.php(292): mysqli->query('SELECT `issue_i...', 0)
#1 C:\xampp\htdocs\baliwag\template_v1\vendor\codeigniter4\framework\system\Database\BaseConnection.php(670): CodeIgniter\Database\MySQLi\Connection->execute('SELECT `issue_i...')
#2 C:\xampp\htdocs\baliwag\template_v1\vendor\codeigniter4\framework\system\Database\BaseConnection.php(598): CodeIgniter\Database\BaseConnection->simpleQuery('SELECT `issue_i...')
#3 C:\xampp\htdocs\baliwag\template_v1\vendor\codeigniter4\framework\system\Database\BaseBuilder.php(1455): CodeIgniter\Database\BaseConnection->query('SELECT `issue_i...', Array, false)
#4 C:\xampp\htdocs\baliwag\template_v1\app\Models\MasterModel.php(56): CodeIgniter\Database\BaseBuilder->get()
#5 C:\xampp\htdocs\baliwag\template_v1\app\Controllers\Config.php(49): App\Models\MasterModel->getSpecificData('technical_issue...', 'issue_id, issue...', Array)
#6 C:\xampp\htdocs\baliwag\template_v1\vendor\codeigniter4\framework\system\CodeIgniter.php(832): App\Controllers\Config->getTechIssueData('1')
#7 C:\xampp\htdocs\baliwag\template_v1\vendor\codeigniter4\framework\system\CodeIgniter.php(419): CodeIgniter\CodeIgniter->runController(Object(App\Controllers\Config))
#8 C:\xampp\htdocs\baliwag\template_v1\vendor\codeigniter4\framework\system\CodeIgniter.php(326): CodeIgniter\CodeIgniter->handleRequest(NULL, Object(Config\Cache), false)
#9 C:\xampp\htdocs\baliwag\template_v1\public\index.php(37): CodeIgniter\CodeIgniter->run()
#10 {main}
ERROR - 2022-07-05 01:36:27 --> Table 'templatev1_db.technical_issuess' doesn't exist
ERROR - 2022-07-05 01:36:41 --> Table 'templatev1_db.technical_issuess' doesn't exist
ERROR - 2022-07-05 01:36:43 --> Table 'templatev1_db.technical_issuess' doesn't exist
CRITICAL - 2022-07-05 01:37:39 --> Cannot use object of type CodeIgniter\Database\MySQLi\Result as array
#0 C:\xampp\htdocs\baliwag\template_v1\vendor\codeigniter4\framework\system\CodeIgniter.php(832): App\Controllers\Config->getTechIssueData('1')
#1 C:\xampp\htdocs\baliwag\template_v1\vendor\codeigniter4\framework\system\CodeIgniter.php(419): CodeIgniter\CodeIgniter->runController(Object(App\Controllers\Config))
#2 C:\xampp\htdocs\baliwag\template_v1\vendor\codeigniter4\framework\system\CodeIgniter.php(326): CodeIgniter\CodeIgniter->handleRequest(NULL, Object(Config\Cache), false)
#3 C:\xampp\htdocs\baliwag\template_v1\public\index.php(37): CodeIgniter\CodeIgniter->run()
#4 {main}
CRITICAL - 2022-07-05 01:42:15 --> Call to undefined method CodeIgniter\Database\MySQLi\Result::resultArray()
#0 C:\xampp\htdocs\baliwag\template_v1\vendor\codeigniter4\framework\system\CodeIgniter.php(832): App\Controllers\Config->getTechIssueData('1')
#1 C:\xampp\htdocs\baliwag\template_v1\vendor\codeigniter4\framework\system\CodeIgniter.php(419): CodeIgniter\CodeIgniter->runController(Object(App\Controllers\Config))
#2 C:\xampp\htdocs\baliwag\template_v1\vendor\codeigniter4\framework\system\CodeIgniter.php(326): CodeIgniter\CodeIgniter->handleRequest(NULL, Object(Config\Cache), false)
#3 C:\xampp\htdocs\baliwag\template_v1\public\index.php(37): CodeIgniter\CodeIgniter->run()
#4 {main}
CRITICAL - 2022-07-05 01:50:25 --> Cannot use object of type stdClass as array
#0 C:\xampp\htdocs\baliwag\template_v1\vendor\codeigniter4\framework\system\CodeIgniter.php(832): App\Controllers\Config->getTechIssueData('1')
#1 C:\xampp\htdocs\baliwag\template_v1\vendor\codeigniter4\framework\system\CodeIgniter.php(419): CodeIgniter\CodeIgniter->runController(Object(App\Controllers\Config))
#2 C:\xampp\htdocs\baliwag\template_v1\vendor\codeigniter4\framework\system\CodeIgniter.php(326): CodeIgniter\CodeIgniter->handleRequest(NULL, Object(Config\Cache), false)
#3 C:\xampp\htdocs\baliwag\template_v1\public\index.php(37): CodeIgniter\CodeIgniter->run()
#4 {main}
CRITICAL - 2022-07-05 01:52:18 --> Undefined array key "message"
#0 C:\xampp\htdocs\baliwag\template_v1\app\Controllers\Config.php(58): CodeIgniter\Debug\Exceptions->errorHandler(2, 'Undefined array...', 'C:\\xampp\\htdocs...', 58)
#1 C:\xampp\htdocs\baliwag\template_v1\vendor\codeigniter4\framework\system\CodeIgniter.php(832): App\Controllers\Config->getTechIssueData('1')
#2 C:\xampp\htdocs\baliwag\template_v1\vendor\codeigniter4\framework\system\CodeIgniter.php(419): CodeIgniter\CodeIgniter->runController(Object(App\Controllers\Config))
#3 C:\xampp\htdocs\baliwag\template_v1\vendor\codeigniter4\framework\system\CodeIgniter.php(326): CodeIgniter\CodeIgniter->handleRequest(NULL, Object(Config\Cache), false)
#4 C:\xampp\htdocs\baliwag\template_v1\public\index.php(37): CodeIgniter\CodeIgniter->run()
#5 {main}
CRITICAL - 2022-07-05 01:52:21 --> Undefined array key "message"
#0 C:\xampp\htdocs\baliwag\template_v1\app\Controllers\Config.php(58): CodeIgniter\Debug\Exceptions->errorHandler(2, 'Undefined array...', 'C:\\xampp\\htdocs...', 58)
#1 C:\xampp\htdocs\baliwag\template_v1\vendor\codeigniter4\framework\system\CodeIgniter.php(832): App\Controllers\Config->getTechIssueData('1')
#2 C:\xampp\htdocs\baliwag\template_v1\vendor\codeigniter4\framework\system\CodeIgniter.php(419): CodeIgniter\CodeIgniter->runController(Object(App\Controllers\Config))
#3 C:\xampp\htdocs\baliwag\template_v1\vendor\codeigniter4\framework\system\CodeIgniter.php(326): CodeIgniter\CodeIgniter->handleRequest(NULL, Object(Config\Cache), false)
#4 C:\xampp\htdocs\baliwag\template_v1\public\index.php(37): CodeIgniter\CodeIgniter->run()
#5 {main}
CRITICAL - 2022-07-05 02:01:28 --> Undefined variable $roles
#0 C:\xampp\htdocs\baliwag\template_v1\app\Views\config\technicalIssues.php(73): CodeIgniter\Debug\Exceptions->errorHandler(2, 'Undefined varia...', 'C:\\xampp\\htdocs...', 73)
#1 C:\xampp\htdocs\baliwag\template_v1\vendor\codeigniter4\framework\system\View\View.php(210): include('C:\\xampp\\htdocs...')
#2 C:\xampp\htdocs\baliwag\template_v1\vendor\codeigniter4\framework\system\View\View.php(213): CodeIgniter\View\View->CodeIgniter\View\{closure}()
#3 C:\xampp\htdocs\baliwag\template_v1\vendor\codeigniter4\framework\system\Common.php(1089): CodeIgniter\View\View->render('config/technica...', Array, true)
#4 C:\xampp\htdocs\baliwag\template_v1\app\Controllers\Config.php(30): view('config/technica...', Array)
#5 C:\xampp\htdocs\baliwag\template_v1\vendor\codeigniter4\framework\system\CodeIgniter.php(832): App\Controllers\Config->index()
#6 C:\xampp\htdocs\baliwag\template_v1\vendor\codeigniter4\framework\system\CodeIgniter.php(419): CodeIgniter\CodeIgniter->runController(Object(App\Controllers\Config))
#7 C:\xampp\htdocs\baliwag\template_v1\vendor\codeigniter4\framework\system\CodeIgniter.php(326): CodeIgniter\CodeIgniter->handleRequest(NULL, Object(Config\Cache), false)
#8 C:\xampp\htdocs\baliwag\template_v1\public\index.php(37): CodeIgniter\CodeIgniter->run()
#9 {main}
CRITICAL - 2022-07-05 02:21:10 --> Undefined variable $usersModel
#0 C:\xampp\htdocs\baliwag\template_v1\app\Controllers\Config.php(77): CodeIgniter\Debug\Exceptions->errorHandler(2, 'Undefined varia...', 'C:\\xampp\\htdocs...', 77)
#1 C:\xampp\htdocs\baliwag\template_v1\vendor\codeigniter4\framework\system\CodeIgniter.php(832): App\Controllers\Config->updateData()
#2 C:\xampp\htdocs\baliwag\template_v1\vendor\codeigniter4\framework\system\CodeIgniter.php(419): CodeIgniter\CodeIgniter->runController(Object(App\Controllers\Config))
#3 C:\xampp\htdocs\baliwag\template_v1\vendor\codeigniter4\framework\system\CodeIgniter.php(326): CodeIgniter\CodeIgniter->handleRequest(NULL, Object(Config\Cache), false)
#4 C:\xampp\htdocs\baliwag\template_v1\public\index.php(37): CodeIgniter\CodeIgniter->run()
#5 {main}
CRITICAL - 2022-07-05 02:43:19 --> Trying to access array offset on value of type null
#0 C:\xampp\htdocs\baliwag\template_v1\app\Controllers\Config.php(51): CodeIgniter\Debug\Exceptions->errorHandler(2, 'Trying to acces...', 'C:\\xampp\\htdocs...', 51)
#1 C:\xampp\htdocs\baliwag\template_v1\vendor\codeigniter4\framework\system\CodeIgniter.php(832): App\Controllers\Config->getTechIssueData('2')
#2 C:\xampp\htdocs\baliwag\template_v1\vendor\codeigniter4\framework\system\CodeIgniter.php(419): CodeIgniter\CodeIgniter->runController(Object(App\Controllers\Config))
#3 C:\xampp\htdocs\baliwag\template_v1\vendor\codeigniter4\framework\system\CodeIgniter.php(326): CodeIgniter\CodeIgniter->handleRequest(NULL, Object(Config\Cache), false)
#4 C:\xampp\htdocs\baliwag\template_v1\public\index.php(37): CodeIgniter\CodeIgniter->run()
#5 {main}
CRITICAL - 2022-07-05 02:44:34 --> Trying to access array offset on value of type null
#0 C:\xampp\htdocs\baliwag\template_v1\app\Controllers\Config.php(51): CodeIgniter\Debug\Exceptions->errorHandler(2, 'Trying to acces...', 'C:\\xampp\\htdocs...', 51)
#1 C:\xampp\htdocs\baliwag\template_v1\vendor\codeigniter4\framework\system\CodeIgniter.php(832): App\Controllers\Config->getTechIssueData('1')
#2 C:\xampp\htdocs\baliwag\template_v1\vendor\codeigniter4\framework\system\CodeIgniter.php(419): CodeIgniter\CodeIgniter->runController(Object(App\Controllers\Config))
#3 C:\xampp\htdocs\baliwag\template_v1\vendor\codeigniter4\framework\system\CodeIgniter.php(326): CodeIgniter\CodeIgniter->handleRequest(NULL, Object(Config\Cache), false)
#4 C:\xampp\htdocs\baliwag\template_v1\public\index.php(37): CodeIgniter\CodeIgniter->run()
#5 {main}
CRITICAL - 2022-07-05 02:44:45 --> Trying to access array offset on value of type null
#0 C:\xampp\htdocs\baliwag\template_v1\app\Controllers\Config.php(51): CodeIgniter\Debug\Exceptions->errorHandler(2, 'Trying to acces...', 'C:\\xampp\\htdocs...', 51)
#1 C:\xampp\htdocs\baliwag\template_v1\vendor\codeigniter4\framework\system\CodeIgniter.php(832): App\Controllers\Config->getTechIssueData('2')
#2 C:\xampp\htdocs\baliwag\template_v1\vendor\codeigniter4\framework\system\CodeIgniter.php(419): CodeIgniter\CodeIgniter->runController(Object(App\Controllers\Config))
#3 C:\xampp\htdocs\baliwag\template_v1\vendor\codeigniter4\framework\system\CodeIgniter.php(326): CodeIgniter\CodeIgniter->handleRequest(NULL, Object(Config\Cache), false)
#4 C:\xampp\htdocs\baliwag\template_v1\public\index.php(37): CodeIgniter\CodeIgniter->run()
#5 {main}
CRITICAL - 2022-07-05 02:46:50 --> Trying to access array offset on value of type null
#0 C:\xampp\htdocs\baliwag\template_v1\app\Controllers\Config.php(51): CodeIgniter\Debug\Exceptions->errorHandler(2, 'Trying to acces...', 'C:\\xampp\\htdocs...', 51)
#1 C:\xampp\htdocs\baliwag\template_v1\vendor\codeigniter4\framework\system\CodeIgniter.php(832): App\Controllers\Config->getTechIssueData('1')
#2 C:\xampp\htdocs\baliwag\template_v1\vendor\codeigniter4\framework\system\CodeIgniter.php(419): CodeIgniter\CodeIgniter->runController(Object(App\Controllers\Config))
#3 C:\xampp\htdocs\baliwag\template_v1\vendor\codeigniter4\framework\system\CodeIgniter.php(326): CodeIgniter\CodeIgniter->handleRequest(NULL, Object(Config\Cache), false)
#4 C:\xampp\htdocs\baliwag\template_v1\public\index.php(37): CodeIgniter\CodeIgniter->run()
#5 {main}
CRITICAL - 2022-07-05 02:47:41 --> Trying to access array offset on value of type null
#0 C:\xampp\htdocs\baliwag\template_v1\app\Controllers\Config.php(51): CodeIgniter\Debug\Exceptions->errorHandler(2, 'Trying to acces...', 'C:\\xampp\\htdocs...', 51)
#1 C:\xampp\htdocs\baliwag\template_v1\vendor\codeigniter4\framework\system\CodeIgniter.php(832): App\Controllers\Config->getTechIssueData('1')
#2 C:\xampp\htdocs\baliwag\template_v1\vendor\codeigniter4\framework\system\CodeIgniter.php(419): CodeIgniter\CodeIgniter->runController(Object(App\Controllers\Config))
#3 C:\xampp\htdocs\baliwag\template_v1\vendor\codeigniter4\framework\system\CodeIgniter.php(326): CodeIgniter\CodeIgniter->handleRequest(NULL, Object(Config\Cache), false)
#4 C:\xampp\htdocs\baliwag\template_v1\public\index.php(37): CodeIgniter\CodeIgniter->run()
#5 {main}
CRITICAL - 2022-07-05 02:47:50 --> Trying to access array offset on value of type null
#0 C:\xampp\htdocs\baliwag\template_v1\app\Controllers\Config.php(51): CodeIgniter\Debug\Exceptions->errorHandler(2, 'Trying to acces...', 'C:\\xampp\\htdocs...', 51)
#1 C:\xampp\htdocs\baliwag\template_v1\vendor\codeigniter4\framework\system\CodeIgniter.php(832): App\Controllers\Config->getTechIssueData('2')
#2 C:\xampp\htdocs\baliwag\template_v1\vendor\codeigniter4\framework\system\CodeIgniter.php(419): CodeIgniter\CodeIgniter->runController(Object(App\Controllers\Config))
#3 C:\xampp\htdocs\baliwag\template_v1\vendor\codeigniter4\framework\system\CodeIgniter.php(326): CodeIgniter\CodeIgniter->handleRequest(NULL, Object(Config\Cache), false)
#4 C:\xampp\htdocs\baliwag\template_v1\public\index.php(37): CodeIgniter\CodeIgniter->run()
#5 {main}
CRITICAL - 2022-07-05 02:49:05 --> Trying to access array offset on value of type null
#0 C:\xampp\htdocs\baliwag\template_v1\app\Controllers\Config.php(51): CodeIgniter\Debug\Exceptions->errorHandler(2, 'Trying to acces...', 'C:\\xampp\\htdocs...', 51)
#1 C:\xampp\htdocs\baliwag\template_v1\vendor\codeigniter4\framework\system\CodeIgniter.php(832): App\Controllers\Config->getTechIssueData('1')
#2 C:\xampp\htdocs\baliwag\template_v1\vendor\codeigniter4\framework\system\CodeIgniter.php(419): CodeIgniter\CodeIgniter->runController(Object(App\Controllers\Config))
#3 C:\xampp\htdocs\baliwag\template_v1\vendor\codeigniter4\framework\system\CodeIgniter.php(326): CodeIgniter\CodeIgniter->handleRequest(NULL, Object(Config\Cache), false)
#4 C:\xampp\htdocs\baliwag\template_v1\public\index.php(37): CodeIgniter\CodeIgniter->run()
#5 {main}
CRITICAL - 2022-07-05 02:49:19 --> Trying to access array offset on value of type null
#0 C:\xampp\htdocs\baliwag\template_v1\app\Controllers\Config.php(51): CodeIgniter\Debug\Exceptions->errorHandler(2, 'Trying to acces...', 'C:\\xampp\\htdocs...', 51)
#1 C:\xampp\htdocs\baliwag\template_v1\vendor\codeigniter4\framework\system\CodeIgniter.php(832): App\Controllers\Config->getTechIssueData('2')
#2 C:\xampp\htdocs\baliwag\template_v1\vendor\codeigniter4\framework\system\CodeIgniter.php(419): CodeIgniter\CodeIgniter->runController(Object(App\Controllers\Config))
#3 C:\xampp\htdocs\baliwag\template_v1\vendor\codeigniter4\framework\system\CodeIgniter.php(326): CodeIgniter\CodeIgniter->handleRequest(NULL, Object(Config\Cache), false)
#4 C:\xampp\htdocs\baliwag\template_v1\public\index.php(37): CodeIgniter\CodeIgniter->run()
#5 {main}
