ERROR - 2022-09-06 01:35:15 --> Column 'rt_code' cannot be null
CRITICAL - 2022-09-06 01:35:15 --> Cannot access offset of type string on string
#0 /Applications/MAMP/htdocs/projects/myapplink/vendor/codeigniter4/framework/system/CodeIgniter.php(832): App\Controllers\Settings->addRequirementsType()
#1 /Applications/MAMP/htdocs/projects/myapplink/vendor/codeigniter4/framework/system/CodeIgniter.php(419): CodeIgniter\CodeIgniter->runController(Object(App\Controllers\Settings))
#2 /Applications/MAMP/htdocs/projects/myapplink/vendor/codeigniter4/framework/system/CodeIgniter.php(326): CodeIgniter\CodeIgniter->handleRequest(NULL, Object(Config\Cache), false)
#3 /Applications/MAMP/htdocs/projects/myapplink/index.php(38): CodeIgniter\CodeIgniter->run()
#4 {main}
ERROR - 2022-09-06 03:33:20 --> Unknown column 'requirement_type.deleted_at' in 'field list'
CRITICAL - 2022-09-06 03:33:20 --> Unknown column 'requirement_type.deleted_at' in 'field list'
#0 /Applications/MAMP/htdocs/projects/myapplink/vendor/codeigniter4/framework/system/Database/MySQLi/Connection.php(292): mysqli->query('SELECT `require...', 0)
#1 /Applications/MAMP/htdocs/projects/myapplink/vendor/codeigniter4/framework/system/Database/BaseConnection.php(670): CodeIgniter\Database\MySQLi\Connection->execute('SELECT `require...')
#2 /Applications/MAMP/htdocs/projects/myapplink/vendor/codeigniter4/framework/system/Database/BaseConnection.php(598): CodeIgniter\Database\BaseConnection->simpleQuery('SELECT `require...')
#3 /Applications/MAMP/htdocs/projects/myapplink/vendor/codeigniter4/framework/system/Database/BaseBuilder.php(1455): CodeIgniter\Database\BaseConnection->query('SELECT `require...', Array, false)
#4 /Applications/MAMP/htdocs/projects/myapplink/vendor/hermawan/codeigniter4-datatables/src/DataTableQuery.php(219): CodeIgniter\Database\BaseBuilder->get()
#5 /Applications/MAMP/htdocs/projects/myapplink/vendor/hermawan/codeigniter4-datatables/src/DataTableQuery.php(70): Hermawan\DataTables\DataTableQuery->queryResult()
#6 /Applications/MAMP/htdocs/projects/myapplink/vendor/hermawan/codeigniter4-datatables/src/DataTable.php(176): Hermawan\DataTables\DataTableQuery->getDataResult()
#7 /Applications/MAMP/htdocs/projects/myapplink/app/Controllers/Settings.php(119): Hermawan\DataTables\DataTable->toJson(true)
#8 /Applications/MAMP/htdocs/projects/myapplink/vendor/codeigniter4/framework/system/CodeIgniter.php(832): App\Controllers\Settings->getRequirementsType()
#9 /Applications/MAMP/htdocs/projects/myapplink/vendor/codeigniter4/framework/system/CodeIgniter.php(419): CodeIgniter\CodeIgniter->runController(Object(App\Controllers\Settings))
#10 /Applications/MAMP/htdocs/projects/myapplink/vendor/codeigniter4/framework/system/CodeIgniter.php(326): CodeIgniter\CodeIgniter->handleRequest(NULL, Object(Config\Cache), false)
#11 /Applications/MAMP/htdocs/projects/myapplink/index.php(38): CodeIgniter\CodeIgniter->run()
#12 {main}
