CRITICAL - 2022-10-19 14:01:48 --> Undefined array key "joinConditions"
#0 /Applications/MAMP/htdocs/projects/myapplink/app/Models/MasterModel.php(86): CodeIgniter\Debug\Exceptions->errorHandler(2, 'Undefined array...', '/Applications/M...', 86)
#1 /Applications/MAMP/htdocs/projects/myapplink/app/Controllers/Settings.php(504): App\Models\MasterModel->getWhereJoin('filter_template', '*', Array, Array)
#2 /Applications/MAMP/htdocs/projects/myapplink/vendor/codeigniter4/framework/system/CodeIgniter.php(832): App\Controllers\Settings->getFilterTemplate()
#3 /Applications/MAMP/htdocs/projects/myapplink/vendor/codeigniter4/framework/system/CodeIgniter.php(419): CodeIgniter\CodeIgniter->runController(Object(App\Controllers\Settings))
#4 /Applications/MAMP/htdocs/projects/myapplink/vendor/codeigniter4/framework/system/CodeIgniter.php(326): CodeIgniter\CodeIgniter->handleRequest(NULL, Object(Config\Cache), false)
#5 /Applications/MAMP/htdocs/projects/myapplink/index.php(38): CodeIgniter\CodeIgniter->run()
#6 {main}
ERROR - 2022-10-19 14:02:15 --> Column 'deleted_at' in where clause is ambiguous
CRITICAL - 2022-10-19 16:26:59 --> Undefined variable $db
#0 /Applications/MAMP/htdocs/projects/myapplink/app/Models/MasterModel.php(261): CodeIgniter\Debug\Exceptions->errorHandler(2, 'Undefined varia...', '/Applications/M...', 261)
#1 /Applications/MAMP/htdocs/projects/myapplink/app/Controllers/Settings.php(555): App\Models\MasterModel->customQuery('SELECT \n       ...')
#2 /Applications/MAMP/htdocs/projects/myapplink/vendor/codeigniter4/framework/system/CodeIgniter.php(832): App\Controllers\Settings->getParticulars('1')
#3 /Applications/MAMP/htdocs/projects/myapplink/vendor/codeigniter4/framework/system/CodeIgniter.php(419): CodeIgniter\CodeIgniter->runController(Object(App\Controllers\Settings))
#4 /Applications/MAMP/htdocs/projects/myapplink/vendor/codeigniter4/framework/system/CodeIgniter.php(326): CodeIgniter\CodeIgniter->handleRequest(NULL, Object(Config\Cache), false)
#5 /Applications/MAMP/htdocs/projects/myapplink/index.php(38): CodeIgniter\CodeIgniter->run()
#6 {main}
ERROR - 2022-10-19 16:27:20 --> You have an error in your SQL syntax; check the manual that corresponds to your MySQL server version for the right syntax to use near 'GROUP BY visa_id' at line 5
CRITICAL - 2022-10-19 16:27:20 --> You have an error in your SQL syntax; check the manual that corresponds to your MySQL server version for the right syntax to use near 'GROUP BY visa_id' at line 5
#0 /Applications/MAMP/htdocs/projects/myapplink/vendor/codeigniter4/framework/system/Database/MySQLi/Connection.php(292): mysqli->query('SELECT \n       ...', 0)
#1 /Applications/MAMP/htdocs/projects/myapplink/vendor/codeigniter4/framework/system/Database/BaseConnection.php(670): CodeIgniter\Database\MySQLi\Connection->execute('SELECT \n       ...')
#2 /Applications/MAMP/htdocs/projects/myapplink/vendor/codeigniter4/framework/system/Database/BaseConnection.php(598): CodeIgniter\Database\BaseConnection->simpleQuery('SELECT \n       ...')
#3 /Applications/MAMP/htdocs/projects/myapplink/app/Models/MasterModel.php(261): CodeIgniter\Database\BaseConnection->query('SELECT \n       ...')
#4 /Applications/MAMP/htdocs/projects/myapplink/app/Controllers/Settings.php(555): App\Models\MasterModel->customQuery('SELECT \n       ...')
#5 /Applications/MAMP/htdocs/projects/myapplink/vendor/codeigniter4/framework/system/CodeIgniter.php(832): App\Controllers\Settings->getParticulars('1')
#6 /Applications/MAMP/htdocs/projects/myapplink/vendor/codeigniter4/framework/system/CodeIgniter.php(419): CodeIgniter\CodeIgniter->runController(Object(App\Controllers\Settings))
#7 /Applications/MAMP/htdocs/projects/myapplink/vendor/codeigniter4/framework/system/CodeIgniter.php(326): CodeIgniter\CodeIgniter->handleRequest(NULL, Object(Config\Cache), false)
#8 /Applications/MAMP/htdocs/projects/myapplink/index.php(38): CodeIgniter\CodeIgniter->run()
#9 {main}
ERROR - 2022-10-19 16:27:21 --> You have an error in your SQL syntax; check the manual that corresponds to your MySQL server version for the right syntax to use near 'GROUP BY visa_id' at line 5
CRITICAL - 2022-10-19 16:27:21 --> You have an error in your SQL syntax; check the manual that corresponds to your MySQL server version for the right syntax to use near 'GROUP BY visa_id' at line 5
#0 /Applications/MAMP/htdocs/projects/myapplink/vendor/codeigniter4/framework/system/Database/MySQLi/Connection.php(292): mysqli->query('SELECT \n       ...', 0)
#1 /Applications/MAMP/htdocs/projects/myapplink/vendor/codeigniter4/framework/system/Database/BaseConnection.php(670): CodeIgniter\Database\MySQLi\Connection->execute('SELECT \n       ...')
#2 /Applications/MAMP/htdocs/projects/myapplink/vendor/codeigniter4/framework/system/Database/BaseConnection.php(598): CodeIgniter\Database\BaseConnection->simpleQuery('SELECT \n       ...')
#3 /Applications/MAMP/htdocs/projects/myapplink/app/Models/MasterModel.php(261): CodeIgniter\Database\BaseConnection->query('SELECT \n       ...')
#4 /Applications/MAMP/htdocs/projects/myapplink/app/Controllers/Settings.php(555): App\Models\MasterModel->customQuery('SELECT \n       ...')
#5 /Applications/MAMP/htdocs/projects/myapplink/vendor/codeigniter4/framework/system/CodeIgniter.php(832): App\Controllers\Settings->getParticulars('1')
#6 /Applications/MAMP/htdocs/projects/myapplink/vendor/codeigniter4/framework/system/CodeIgniter.php(419): CodeIgniter\CodeIgniter->runController(Object(App\Controllers\Settings))
#7 /Applications/MAMP/htdocs/projects/myapplink/vendor/codeigniter4/framework/system/CodeIgniter.php(326): CodeIgniter\CodeIgniter->handleRequest(NULL, Object(Config\Cache), false)
#8 /Applications/MAMP/htdocs/projects/myapplink/index.php(38): CodeIgniter\CodeIgniter->run()
#9 {main}
ERROR - 2022-10-19 16:28:20 --> You have an error in your SQL syntax; check the manual that corresponds to your MySQL server version for the right syntax to use near 'GROUP BY visa_id' at line 6
CRITICAL - 2022-10-19 16:28:20 --> You have an error in your SQL syntax; check the manual that corresponds to your MySQL server version for the right syntax to use near 'GROUP BY visa_id' at line 6
#0 /Applications/MAMP/htdocs/projects/myapplink/vendor/codeigniter4/framework/system/Database/MySQLi/Connection.php(292): mysqli->query('SELECT \n       ...', 0)
#1 /Applications/MAMP/htdocs/projects/myapplink/vendor/codeigniter4/framework/system/Database/BaseConnection.php(670): CodeIgniter\Database\MySQLi\Connection->execute('SELECT \n       ...')
#2 /Applications/MAMP/htdocs/projects/myapplink/vendor/codeigniter4/framework/system/Database/BaseConnection.php(598): CodeIgniter\Database\BaseConnection->simpleQuery('SELECT \n       ...')
#3 /Applications/MAMP/htdocs/projects/myapplink/app/Models/MasterModel.php(261): CodeIgniter\Database\BaseConnection->query('SELECT \n       ...')
#4 /Applications/MAMP/htdocs/projects/myapplink/app/Controllers/Settings.php(556): App\Models\MasterModel->customQuery('SELECT \n       ...')
#5 /Applications/MAMP/htdocs/projects/myapplink/vendor/codeigniter4/framework/system/CodeIgniter.php(832): App\Controllers\Settings->getParticulars('1')
#6 /Applications/MAMP/htdocs/projects/myapplink/vendor/codeigniter4/framework/system/CodeIgniter.php(419): CodeIgniter\CodeIgniter->runController(Object(App\Controllers\Settings))
#7 /Applications/MAMP/htdocs/projects/myapplink/vendor/codeigniter4/framework/system/CodeIgniter.php(326): CodeIgniter\CodeIgniter->handleRequest(NULL, Object(Config\Cache), false)
#8 /Applications/MAMP/htdocs/projects/myapplink/index.php(38): CodeIgniter\CodeIgniter->run()
#9 {main}
ERROR - 2022-10-19 16:29:26 --> You have an error in your SQL syntax; check the manual that corresponds to your MySQL server version for the right syntax to use near 'GROUP BY visa_id' at line 6
ERROR - 2022-10-19 16:29:59 --> You have an error in your SQL syntax; check the manual that corresponds to your MySQL server version for the right syntax to use near '' at line 5
CRITICAL - 2022-10-19 16:32:50 --> Call to undefined method CodeIgniter\Database\MySQLi\Result::get()
#0 /Applications/MAMP/htdocs/projects/myapplink/app/Controllers/Settings.php(556): App\Models\MasterModel->customQuery('SELECT \n       ...')
#1 /Applications/MAMP/htdocs/projects/myapplink/vendor/codeigniter4/framework/system/CodeIgniter.php(832): App\Controllers\Settings->getParticulars('1')
#2 /Applications/MAMP/htdocs/projects/myapplink/vendor/codeigniter4/framework/system/CodeIgniter.php(419): CodeIgniter\CodeIgniter->runController(Object(App\Controllers\Settings))
#3 /Applications/MAMP/htdocs/projects/myapplink/vendor/codeigniter4/framework/system/CodeIgniter.php(326): CodeIgniter\CodeIgniter->handleRequest(NULL, Object(Config\Cache), false)
#4 /Applications/MAMP/htdocs/projects/myapplink/index.php(38): CodeIgniter\CodeIgniter->run()
#5 {main}
CRITICAL - 2022-10-19 16:33:48 --> Call to undefined method CodeIgniter\Database\MySQLi\Result::result()
#0 /Applications/MAMP/htdocs/projects/myapplink/app/Controllers/Settings.php(556): App\Models\MasterModel->customQuery('SELECT \n       ...')
#1 /Applications/MAMP/htdocs/projects/myapplink/vendor/codeigniter4/framework/system/CodeIgniter.php(832): App\Controllers\Settings->getParticulars('1')
#2 /Applications/MAMP/htdocs/projects/myapplink/vendor/codeigniter4/framework/system/CodeIgniter.php(419): CodeIgniter\CodeIgniter->runController(Object(App\Controllers\Settings))
#3 /Applications/MAMP/htdocs/projects/myapplink/vendor/codeigniter4/framework/system/CodeIgniter.php(326): CodeIgniter\CodeIgniter->handleRequest(NULL, Object(Config\Cache), false)
#4 /Applications/MAMP/htdocs/projects/myapplink/index.php(38): CodeIgniter\CodeIgniter->run()
#5 {main}
CRITICAL - 2022-10-19 16:34:23 --> Object of class CodeIgniter\Database\MySQLi\Result could not be converted to string
#0 /Applications/MAMP/htdocs/projects/myapplink/app/Controllers/Settings.php(556): App\Models\MasterModel->customQuery('SELECT \n       ...')
#1 /Applications/MAMP/htdocs/projects/myapplink/vendor/codeigniter4/framework/system/CodeIgniter.php(832): App\Controllers\Settings->getParticulars('1')
#2 /Applications/MAMP/htdocs/projects/myapplink/vendor/codeigniter4/framework/system/CodeIgniter.php(419): CodeIgniter\CodeIgniter->runController(Object(App\Controllers\Settings))
#3 /Applications/MAMP/htdocs/projects/myapplink/vendor/codeigniter4/framework/system/CodeIgniter.php(326): CodeIgniter\CodeIgniter->handleRequest(NULL, Object(Config\Cache), false)
#4 /Applications/MAMP/htdocs/projects/myapplink/index.php(38): CodeIgniter\CodeIgniter->run()
#5 {main}
CRITICAL - 2022-10-19 16:45:18 --> syntax error, unexpected identifier "var_dump"
#0 /Applications/MAMP/htdocs/projects/myapplink/vendor/codeigniter4/framework/system/Router/Router.php(175): CodeIgniter\Router\Router->autoRoute('/settings/requi...')
#1 /Applications/MAMP/htdocs/projects/myapplink/vendor/codeigniter4/framework/system/CodeIgniter.php(726): CodeIgniter\Router\Router->handle('/settings/requi...')
#2 /Applications/MAMP/htdocs/projects/myapplink/vendor/codeigniter4/framework/system/CodeIgniter.php(368): CodeIgniter\CodeIgniter->tryToRouteIt(Object(CodeIgniter\Router\RouteCollection))
#3 /Applications/MAMP/htdocs/projects/myapplink/vendor/codeigniter4/framework/system/CodeIgniter.php(326): CodeIgniter\CodeIgniter->handleRequest(NULL, Object(Config\Cache), false)
#4 /Applications/MAMP/htdocs/projects/myapplink/index.php(38): CodeIgniter\CodeIgniter->run()
#5 {main}
CRITICAL - 2022-10-19 16:45:24 --> Cannot redeclare App\Controllers\Settings::getRequirements()
#0 [internal function]: CodeIgniter\Debug\Exceptions->shutdownHandler()
#1 {main}
CRITICAL - 2022-10-19 16:48:58 --> whereIn() expects $values to be of type array or closure
#0 /Applications/MAMP/htdocs/projects/myapplink/vendor/codeigniter4/framework/system/Database/BaseBuilder.php(731): CodeIgniter\Database\BaseBuilder->_whereIn('req_id', '17,18,19,20,21,...', false, 'AND ', NULL)
#1 /Applications/MAMP/htdocs/projects/myapplink/app/Models/MasterModel.php(156): CodeIgniter\Database\BaseBuilder->whereIn('req_id', '17,18,19,20,21,...')
#2 /Applications/MAMP/htdocs/projects/myapplink/app/Controllers/Settings.php(560): App\Models\MasterModel->getWhereIn('requirements', 'req_id, req_tit...', Array, 'req_id', '17,18,19,20,21,...')
#3 /Applications/MAMP/htdocs/projects/myapplink/vendor/codeigniter4/framework/system/CodeIgniter.php(832): App\Controllers\Settings->getFilterRequirementsList('1')
#4 /Applications/MAMP/htdocs/projects/myapplink/vendor/codeigniter4/framework/system/CodeIgniter.php(419): CodeIgniter\CodeIgniter->runController(Object(App\Controllers\Settings))
#5 /Applications/MAMP/htdocs/projects/myapplink/vendor/codeigniter4/framework/system/CodeIgniter.php(326): CodeIgniter\CodeIgniter->handleRequest(NULL, Object(Config\Cache), false)
#6 /Applications/MAMP/htdocs/projects/myapplink/index.php(38): CodeIgniter\CodeIgniter->run()
#7 {main}
CRITICAL - 2022-10-19 16:49:30 --> whereIn() expects $values to be of type array or closure
#0 /Applications/MAMP/htdocs/projects/myapplink/vendor/codeigniter4/framework/system/Database/BaseBuilder.php(731): CodeIgniter\Database\BaseBuilder->_whereIn('req_id', '(17,18,19,20,21...', false, 'AND ', NULL)
#1 /Applications/MAMP/htdocs/projects/myapplink/app/Models/MasterModel.php(156): CodeIgniter\Database\BaseBuilder->whereIn('req_id', '(17,18,19,20,21...')
#2 /Applications/MAMP/htdocs/projects/myapplink/app/Controllers/Settings.php(560): App\Models\MasterModel->getWhereIn('requirements', 'req_id, req_tit...', Array, 'req_id', '(17,18,19,20,21...')
#3 /Applications/MAMP/htdocs/projects/myapplink/vendor/codeigniter4/framework/system/CodeIgniter.php(832): App\Controllers\Settings->getFilterRequirementsList('1')
#4 /Applications/MAMP/htdocs/projects/myapplink/vendor/codeigniter4/framework/system/CodeIgniter.php(419): CodeIgniter\CodeIgniter->runController(Object(App\Controllers\Settings))
#5 /Applications/MAMP/htdocs/projects/myapplink/vendor/codeigniter4/framework/system/CodeIgniter.php(326): CodeIgniter\CodeIgniter->handleRequest(NULL, Object(Config\Cache), false)
#6 /Applications/MAMP/htdocs/projects/myapplink/index.php(38): CodeIgniter\CodeIgniter->run()
#7 {main}
CRITICAL - 2022-10-19 16:50:49 --> explode() expects at least 2 arguments, 1 given
#0 /Applications/MAMP/htdocs/projects/myapplink/app/Controllers/Settings.php(560): explode('17,18,19,20,21,...')
#1 /Applications/MAMP/htdocs/projects/myapplink/vendor/codeigniter4/framework/system/CodeIgniter.php(832): App\Controllers\Settings->getFilterRequirementsList('1')
#2 /Applications/MAMP/htdocs/projects/myapplink/vendor/codeigniter4/framework/system/CodeIgniter.php(419): CodeIgniter\CodeIgniter->runController(Object(App\Controllers\Settings))
#3 /Applications/MAMP/htdocs/projects/myapplink/vendor/codeigniter4/framework/system/CodeIgniter.php(326): CodeIgniter\CodeIgniter->handleRequest(NULL, Object(Config\Cache), false)
#4 /Applications/MAMP/htdocs/projects/myapplink/index.php(38): CodeIgniter\CodeIgniter->run()
#5 {main}
CRITICAL - 2022-10-19 22:19:13 --> syntax error, unexpected token ";", expecting "]"
#0 /Applications/MAMP/htdocs/projects/myapplink/vendor/codeigniter4/framework/system/Router/Router.php(175): CodeIgniter\Router\Router->autoRoute('/settings/manag...')
#1 /Applications/MAMP/htdocs/projects/myapplink/vendor/codeigniter4/framework/system/CodeIgniter.php(726): CodeIgniter\Router\Router->handle('/settings/manag...')
#2 /Applications/MAMP/htdocs/projects/myapplink/vendor/codeigniter4/framework/system/CodeIgniter.php(368): CodeIgniter\CodeIgniter->tryToRouteIt(Object(CodeIgniter\Router\RouteCollection))
#3 /Applications/MAMP/htdocs/projects/myapplink/vendor/codeigniter4/framework/system/CodeIgniter.php(326): CodeIgniter\CodeIgniter->handleRequest(NULL, Object(Config\Cache), false)
#4 /Applications/MAMP/htdocs/projects/myapplink/index.php(38): CodeIgniter\CodeIgniter->run()
#5 {main}
ERROR - 2022-10-19 22:21:01 --> Table 'applications_db.patriculars' doesn't exist
ERROR - 2022-10-19 22:22:15 --> Column 'particular_title' cannot be null
ERROR - 2022-10-19 22:22:46 --> Column 'particular_title' cannot be null
ERROR - 2022-10-19 22:23:33 --> Column 'particular_title' cannot be null
ERROR - 2022-10-19 22:23:55 --> Column 'particular_title' cannot be null
CRITICAL - 2022-10-19 22:24:50 --> Undefined variable $insert
#0 /Applications/MAMP/htdocs/projects/myapplink/app/Controllers/Settings.php(599): CodeIgniter\Debug\Exceptions->errorHandler(2, 'Undefined varia...', '/Applications/M...', 599)
#1 /Applications/MAMP/htdocs/projects/myapplink/vendor/codeigniter4/framework/system/CodeIgniter.php(832): App\Controllers\Settings->addParticular('1')
#2 /Applications/MAMP/htdocs/projects/myapplink/vendor/codeigniter4/framework/system/CodeIgniter.php(419): CodeIgniter\CodeIgniter->runController(Object(App\Controllers\Settings))
#3 /Applications/MAMP/htdocs/projects/myapplink/vendor/codeigniter4/framework/system/CodeIgniter.php(326): CodeIgniter\CodeIgniter->handleRequest(NULL, Object(Config\Cache), false)
#4 /Applications/MAMP/htdocs/projects/myapplink/index.php(38): CodeIgniter\CodeIgniter->run()
#5 {main}
