CRITICAL - 2022-07-04 00:24:14 --> Invalid file: users/changePassword.php
#0 C:\xampp\htdocs\baliwag\template_v1\vendor\codeigniter4\framework\system\View\View.php(198): CodeIgniter\Exceptions\FrameworkException::forInvalidFile('users/changePas...')
#1 C:\xampp\htdocs\baliwag\template_v1\vendor\codeigniter4\framework\system\Common.php(1089): CodeIgniter\View\View->render('users/changePas...', Array, true)
#2 C:\xampp\htdocs\baliwag\template_v1\app\Controllers\Users.php(294): view('users/changePas...', Array)
#3 C:\xampp\htdocs\baliwag\template_v1\vendor\codeigniter4\framework\system\CodeIgniter.php(832): App\Controllers\Users->changePassword()
#4 C:\xampp\htdocs\baliwag\template_v1\vendor\codeigniter4\framework\system\CodeIgniter.php(419): CodeIgniter\CodeIgniter->runController(Object(App\Controllers\Users))
#5 C:\xampp\htdocs\baliwag\template_v1\vendor\codeigniter4\framework\system\CodeIgniter.php(326): CodeIgniter\CodeIgniter->handleRequest(NULL, Object(Config\Cache), false)
#6 C:\xampp\htdocs\baliwag\template_v1\public\index.php(37): CodeIgniter\CodeIgniter->run()
#7 {main}
CRITICAL - 2022-07-04 00:25:28 --> Undefined variable $roles
#0 C:\xampp\htdocs\baliwag\template_v1\app\Views\users\changePassword.php(84): CodeIgniter\Debug\Exceptions->errorHandler(2, 'Undefined varia...', 'C:\\xampp\\htdocs...', 84)
#1 C:\xampp\htdocs\baliwag\template_v1\vendor\codeigniter4\framework\system\View\View.php(210): include('C:\\xampp\\htdocs...')
#2 C:\xampp\htdocs\baliwag\template_v1\vendor\codeigniter4\framework\system\View\View.php(213): CodeIgniter\View\View->CodeIgniter\View\{closure}()
#3 C:\xampp\htdocs\baliwag\template_v1\vendor\codeigniter4\framework\system\Common.php(1089): CodeIgniter\View\View->render('users/changePas...', Array, true)
#4 C:\xampp\htdocs\baliwag\template_v1\app\Controllers\Users.php(294): view('users/changePas...', Array)
#5 C:\xampp\htdocs\baliwag\template_v1\vendor\codeigniter4\framework\system\CodeIgniter.php(832): App\Controllers\Users->changePassword()
#6 C:\xampp\htdocs\baliwag\template_v1\vendor\codeigniter4\framework\system\CodeIgniter.php(419): CodeIgniter\CodeIgniter->runController(Object(App\Controllers\Users))
#7 C:\xampp\htdocs\baliwag\template_v1\vendor\codeigniter4\framework\system\CodeIgniter.php(326): CodeIgniter\CodeIgniter->handleRequest(NULL, Object(Config\Cache), false)
#8 C:\xampp\htdocs\baliwag\template_v1\public\index.php(37): CodeIgniter\CodeIgniter->run()
#9 {main}
CRITICAL - 2022-07-04 01:39:51 --> oldPasswordCheck is not a valid rule.
#0 C:\xampp\htdocs\baliwag\template_v1\vendor\codeigniter4\framework\system\Validation\Validation.php(300): CodeIgniter\Validation\Exceptions\ValidationException::forRuleNotFound('oldPasswordChec...')
#1 C:\xampp\htdocs\baliwag\template_v1\vendor\codeigniter4\framework\system\Validation\Validation.php(157): CodeIgniter\Validation\Validation->processRules('new_password', 'Old Password', 'asd', Array, Array)
#2 C:\xampp\htdocs\baliwag\template_v1\vendor\codeigniter4\framework\system\Controller.php(160): CodeIgniter\Validation\Validation->run()
#3 C:\xampp\htdocs\baliwag\template_v1\app\Controllers\Users.php(313): CodeIgniter\Controller->validate(Array)
#4 C:\xampp\htdocs\baliwag\template_v1\vendor\codeigniter4\framework\system\CodeIgniter.php(832): App\Controllers\Users->changeUserPassword()
#5 C:\xampp\htdocs\baliwag\template_v1\vendor\codeigniter4\framework\system\CodeIgniter.php(419): CodeIgniter\CodeIgniter->runController(Object(App\Controllers\Users))
#6 C:\xampp\htdocs\baliwag\template_v1\vendor\codeigniter4\framework\system\CodeIgniter.php(326): CodeIgniter\CodeIgniter->handleRequest(NULL, Object(Config\Cache), false)
#7 C:\xampp\htdocs\baliwag\template_v1\public\index.php(37): CodeIgniter\CodeIgniter->run()
#8 {main}
CRITICAL - 2022-07-04 01:40:48 --> oldPasswordCheck is not a valid rule.
#0 C:\xampp\htdocs\baliwag\template_v1\vendor\codeigniter4\framework\system\Validation\Validation.php(300): CodeIgniter\Validation\Exceptions\ValidationException::forRuleNotFound('oldPasswordChec...')
#1 C:\xampp\htdocs\baliwag\template_v1\vendor\codeigniter4\framework\system\Validation\Validation.php(157): CodeIgniter\Validation\Validation->processRules('new_password', 'Old Password', 'asd', Array, Array)
#2 C:\xampp\htdocs\baliwag\template_v1\vendor\codeigniter4\framework\system\Controller.php(160): CodeIgniter\Validation\Validation->run()
#3 C:\xampp\htdocs\baliwag\template_v1\app\Controllers\Users.php(313): CodeIgniter\Controller->validate(Array)
#4 C:\xampp\htdocs\baliwag\template_v1\vendor\codeigniter4\framework\system\CodeIgniter.php(832): App\Controllers\Users->changeUserPassword()
#5 C:\xampp\htdocs\baliwag\template_v1\vendor\codeigniter4\framework\system\CodeIgniter.php(419): CodeIgniter\CodeIgniter->runController(Object(App\Controllers\Users))
#6 C:\xampp\htdocs\baliwag\template_v1\vendor\codeigniter4\framework\system\CodeIgniter.php(326): CodeIgniter\CodeIgniter->handleRequest(NULL, Object(Config\Cache), false)
#7 C:\xampp\htdocs\baliwag\template_v1\public\index.php(37): CodeIgniter\CodeIgniter->run()
#8 {main}
CRITICAL - 2022-07-04 01:41:48 --> oldPasswordCheck is not a valid rule.
#0 C:\xampp\htdocs\baliwag\template_v1\vendor\codeigniter4\framework\system\Validation\Validation.php(300): CodeIgniter\Validation\Exceptions\ValidationException::forRuleNotFound('oldPasswordChec...')
#1 C:\xampp\htdocs\baliwag\template_v1\vendor\codeigniter4\framework\system\Validation\Validation.php(157): CodeIgniter\Validation\Validation->processRules('new_password', 'Old Password', 'asd', Array, Array)
#2 C:\xampp\htdocs\baliwag\template_v1\vendor\codeigniter4\framework\system\Controller.php(160): CodeIgniter\Validation\Validation->run()
#3 C:\xampp\htdocs\baliwag\template_v1\app\Controllers\Users.php(313): CodeIgniter\Controller->validate(Array)
#4 C:\xampp\htdocs\baliwag\template_v1\vendor\codeigniter4\framework\system\CodeIgniter.php(832): App\Controllers\Users->changeUserPassword()
#5 C:\xampp\htdocs\baliwag\template_v1\vendor\codeigniter4\framework\system\CodeIgniter.php(419): CodeIgniter\CodeIgniter->runController(Object(App\Controllers\Users))
#6 C:\xampp\htdocs\baliwag\template_v1\vendor\codeigniter4\framework\system\CodeIgniter.php(326): CodeIgniter\CodeIgniter->handleRequest(NULL, Object(Config\Cache), false)
#7 C:\xampp\htdocs\baliwag\template_v1\public\index.php(37): CodeIgniter\CodeIgniter->run()
#8 {main}
CRITICAL - 2022-07-04 01:44:10 --> oldPasswordCheck is not a valid rule.
#0 C:\xampp\htdocs\baliwag\template_v1\vendor\codeigniter4\framework\system\Validation\Validation.php(300): CodeIgniter\Validation\Exceptions\ValidationException::forRuleNotFound('oldPasswordChec...')
#1 C:\xampp\htdocs\baliwag\template_v1\vendor\codeigniter4\framework\system\Validation\Validation.php(157): CodeIgniter\Validation\Validation->processRules('new_password', 'Old Password', 'asd', Array, Array)
#2 C:\xampp\htdocs\baliwag\template_v1\vendor\codeigniter4\framework\system\Controller.php(160): CodeIgniter\Validation\Validation->run()
#3 C:\xampp\htdocs\baliwag\template_v1\app\Controllers\Users.php(313): CodeIgniter\Controller->validate(Array)
#4 C:\xampp\htdocs\baliwag\template_v1\vendor\codeigniter4\framework\system\CodeIgniter.php(832): App\Controllers\Users->changeUserPassword()
#5 C:\xampp\htdocs\baliwag\template_v1\vendor\codeigniter4\framework\system\CodeIgniter.php(419): CodeIgniter\CodeIgniter->runController(Object(App\Controllers\Users))
#6 C:\xampp\htdocs\baliwag\template_v1\vendor\codeigniter4\framework\system\CodeIgniter.php(326): CodeIgniter\CodeIgniter->handleRequest(NULL, Object(Config\Cache), false)
#7 C:\xampp\htdocs\baliwag\template_v1\public\index.php(37): CodeIgniter\CodeIgniter->run()
#8 {main}
CRITICAL - 2022-07-04 01:58:35 --> App\Validations\CustomRules::oldPasswordCheck(): Return value must be of type bool, none returned
#0 C:\xampp\htdocs\baliwag\template_v1\vendor\codeigniter4\framework\system\Validation\Validation.php(291): App\Validations\CustomRules->oldPasswordCheck('123', NULL)
#1 C:\xampp\htdocs\baliwag\template_v1\vendor\codeigniter4\framework\system\Validation\Validation.php(157): CodeIgniter\Validation\Validation->processRules('new_password', 'Old Password', '123', Array, Array)
#2 C:\xampp\htdocs\baliwag\template_v1\vendor\codeigniter4\framework\system\Controller.php(160): CodeIgniter\Validation\Validation->run()
#3 C:\xampp\htdocs\baliwag\template_v1\app\Controllers\Users.php(313): CodeIgniter\Controller->validate(Array)
#4 C:\xampp\htdocs\baliwag\template_v1\vendor\codeigniter4\framework\system\CodeIgniter.php(832): App\Controllers\Users->changeUserPassword()
#5 C:\xampp\htdocs\baliwag\template_v1\vendor\codeigniter4\framework\system\CodeIgniter.php(419): CodeIgniter\CodeIgniter->runController(Object(App\Controllers\Users))
#6 C:\xampp\htdocs\baliwag\template_v1\vendor\codeigniter4\framework\system\CodeIgniter.php(326): CodeIgniter\CodeIgniter->handleRequest(NULL, Object(Config\Cache), false)
#7 C:\xampp\htdocs\baliwag\template_v1\public\index.php(37): CodeIgniter\CodeIgniter->run()
#8 {main}
CRITICAL - 2022-07-04 01:59:29 --> App\Validations\CustomRules::oldPasswordCheck(): Return value must be of type bool, none returned
#0 C:\xampp\htdocs\baliwag\template_v1\vendor\codeigniter4\framework\system\Validation\Validation.php(291): App\Validations\CustomRules->oldPasswordCheck('asd', NULL)
#1 C:\xampp\htdocs\baliwag\template_v1\vendor\codeigniter4\framework\system\Validation\Validation.php(157): CodeIgniter\Validation\Validation->processRules('new_password', 'Old Password', 'asd', Array, Array)
#2 C:\xampp\htdocs\baliwag\template_v1\vendor\codeigniter4\framework\system\Controller.php(160): CodeIgniter\Validation\Validation->run()
#3 C:\xampp\htdocs\baliwag\template_v1\app\Controllers\Users.php(313): CodeIgniter\Controller->validate(Array)
#4 C:\xampp\htdocs\baliwag\template_v1\vendor\codeigniter4\framework\system\CodeIgniter.php(832): App\Controllers\Users->changeUserPassword()
#5 C:\xampp\htdocs\baliwag\template_v1\vendor\codeigniter4\framework\system\CodeIgniter.php(419): CodeIgniter\CodeIgniter->runController(Object(App\Controllers\Users))
#6 C:\xampp\htdocs\baliwag\template_v1\vendor\codeigniter4\framework\system\CodeIgniter.php(326): CodeIgniter\CodeIgniter->handleRequest(NULL, Object(Config\Cache), false)
#7 C:\xampp\htdocs\baliwag\template_v1\public\index.php(37): CodeIgniter\CodeIgniter->run()
#8 {main}
CRITICAL - 2022-07-04 01:59:48 --> App\Validations\CustomRules::oldPasswordCheck(): Return value must be of type bool, none returned
#0 C:\xampp\htdocs\baliwag\template_v1\vendor\codeigniter4\framework\system\Validation\Validation.php(291): App\Validations\CustomRules->oldPasswordCheck('asd', NULL)
#1 C:\xampp\htdocs\baliwag\template_v1\vendor\codeigniter4\framework\system\Validation\Validation.php(157): CodeIgniter\Validation\Validation->processRules('new_password', 'Old Password', 'asd', Array, Array)
#2 C:\xampp\htdocs\baliwag\template_v1\vendor\codeigniter4\framework\system\Controller.php(160): CodeIgniter\Validation\Validation->run()
#3 C:\xampp\htdocs\baliwag\template_v1\app\Controllers\Users.php(313): CodeIgniter\Controller->validate(Array)
#4 C:\xampp\htdocs\baliwag\template_v1\vendor\codeigniter4\framework\system\CodeIgniter.php(832): App\Controllers\Users->changeUserPassword()
#5 C:\xampp\htdocs\baliwag\template_v1\vendor\codeigniter4\framework\system\CodeIgniter.php(419): CodeIgniter\CodeIgniter->runController(Object(App\Controllers\Users))
#6 C:\xampp\htdocs\baliwag\template_v1\vendor\codeigniter4\framework\system\CodeIgniter.php(326): CodeIgniter\CodeIgniter->handleRequest(NULL, Object(Config\Cache), false)
#7 C:\xampp\htdocs\baliwag\template_v1\public\index.php(37): CodeIgniter\CodeIgniter->run()
#8 {main}
CRITICAL - 2022-07-04 02:01:06 --> App\Validations\CustomRules::oldPasswordCheck(): Return value must be of type bool, none returned
#0 C:\xampp\htdocs\baliwag\template_v1\vendor\codeigniter4\framework\system\Validation\Validation.php(291): App\Validations\CustomRules->oldPasswordCheck('asd', NULL)
#1 C:\xampp\htdocs\baliwag\template_v1\vendor\codeigniter4\framework\system\Validation\Validation.php(157): CodeIgniter\Validation\Validation->processRules('new_password', 'Old Password', 'asd', Array, Array)
#2 C:\xampp\htdocs\baliwag\template_v1\vendor\codeigniter4\framework\system\Controller.php(160): CodeIgniter\Validation\Validation->run()
#3 C:\xampp\htdocs\baliwag\template_v1\app\Controllers\Users.php(313): CodeIgniter\Controller->validate(Array)
#4 C:\xampp\htdocs\baliwag\template_v1\vendor\codeigniter4\framework\system\CodeIgniter.php(832): App\Controllers\Users->changeUserPassword()
#5 C:\xampp\htdocs\baliwag\template_v1\vendor\codeigniter4\framework\system\CodeIgniter.php(419): CodeIgniter\CodeIgniter->runController(Object(App\Controllers\Users))
#6 C:\xampp\htdocs\baliwag\template_v1\vendor\codeigniter4\framework\system\CodeIgniter.php(326): CodeIgniter\CodeIgniter->handleRequest(NULL, Object(Config\Cache), false)
#7 C:\xampp\htdocs\baliwag\template_v1\public\index.php(37): CodeIgniter\CodeIgniter->run()
#8 {main}
CRITICAL - 2022-07-04 02:05:35 --> App\Validations\CustomRules::oldPasswordCheck(): Return value must be of type bool, none returned
#0 C:\xampp\htdocs\baliwag\template_v1\vendor\codeigniter4\framework\system\Validation\Validation.php(291): App\Validations\CustomRules->oldPasswordCheck('asd', NULL)
#1 C:\xampp\htdocs\baliwag\template_v1\vendor\codeigniter4\framework\system\Validation\Validation.php(157): CodeIgniter\Validation\Validation->processRules('new_password', 'Old Password', 'asd', Array, Array)
#2 C:\xampp\htdocs\baliwag\template_v1\vendor\codeigniter4\framework\system\Controller.php(160): CodeIgniter\Validation\Validation->run()
#3 C:\xampp\htdocs\baliwag\template_v1\app\Controllers\Users.php(313): CodeIgniter\Controller->validate(Array)
#4 C:\xampp\htdocs\baliwag\template_v1\vendor\codeigniter4\framework\system\CodeIgniter.php(832): App\Controllers\Users->changeUserPassword()
#5 C:\xampp\htdocs\baliwag\template_v1\vendor\codeigniter4\framework\system\CodeIgniter.php(419): CodeIgniter\CodeIgniter->runController(Object(App\Controllers\Users))
#6 C:\xampp\htdocs\baliwag\template_v1\vendor\codeigniter4\framework\system\CodeIgniter.php(326): CodeIgniter\CodeIgniter->handleRequest(NULL, Object(Config\Cache), false)
#7 C:\xampp\htdocs\baliwag\template_v1\public\index.php(37): CodeIgniter\CodeIgniter->run()
#8 {main}
CRITICAL - 2022-07-04 02:05:54 --> App\Validations\CustomRules::oldPasswordCheck(): Return value must be of type bool, none returned
#0 C:\xampp\htdocs\baliwag\template_v1\vendor\codeigniter4\framework\system\Validation\Validation.php(291): App\Validations\CustomRules->oldPasswordCheck('asd', NULL)
#1 C:\xampp\htdocs\baliwag\template_v1\vendor\codeigniter4\framework\system\Validation\Validation.php(157): CodeIgniter\Validation\Validation->processRules('new_password', 'Old Password', 'asd', Array, Array)
#2 C:\xampp\htdocs\baliwag\template_v1\vendor\codeigniter4\framework\system\Controller.php(160): CodeIgniter\Validation\Validation->run()
#3 C:\xampp\htdocs\baliwag\template_v1\app\Controllers\Users.php(313): CodeIgniter\Controller->validate(Array)
#4 C:\xampp\htdocs\baliwag\template_v1\vendor\codeigniter4\framework\system\CodeIgniter.php(832): App\Controllers\Users->changeUserPassword()
#5 C:\xampp\htdocs\baliwag\template_v1\vendor\codeigniter4\framework\system\CodeIgniter.php(419): CodeIgniter\CodeIgniter->runController(Object(App\Controllers\Users))
#6 C:\xampp\htdocs\baliwag\template_v1\vendor\codeigniter4\framework\system\CodeIgniter.php(326): CodeIgniter\CodeIgniter->handleRequest(NULL, Object(Config\Cache), false)
#7 C:\xampp\htdocs\baliwag\template_v1\public\index.php(37): CodeIgniter\CodeIgniter->run()
#8 {main}
CRITICAL - 2022-07-04 02:08:08 --> App\Validations\CustomRules::oldPasswordCheck(): Return value must be of type bool, none returned
#0 C:\xampp\htdocs\baliwag\template_v1\vendor\codeigniter4\framework\system\Validation\Validation.php(291): App\Validations\CustomRules->oldPasswordCheck('asd', NULL)
#1 C:\xampp\htdocs\baliwag\template_v1\vendor\codeigniter4\framework\system\Validation\Validation.php(157): CodeIgniter\Validation\Validation->processRules('new_password', 'Old Password', 'asd', Array, Array)
#2 C:\xampp\htdocs\baliwag\template_v1\vendor\codeigniter4\framework\system\Controller.php(160): CodeIgniter\Validation\Validation->run()
#3 C:\xampp\htdocs\baliwag\template_v1\app\Controllers\Users.php(313): CodeIgniter\Controller->validate(Array)
#4 C:\xampp\htdocs\baliwag\template_v1\vendor\codeigniter4\framework\system\CodeIgniter.php(832): App\Controllers\Users->changeUserPassword()
#5 C:\xampp\htdocs\baliwag\template_v1\vendor\codeigniter4\framework\system\CodeIgniter.php(419): CodeIgniter\CodeIgniter->runController(Object(App\Controllers\Users))
#6 C:\xampp\htdocs\baliwag\template_v1\vendor\codeigniter4\framework\system\CodeIgniter.php(326): CodeIgniter\CodeIgniter->handleRequest(NULL, Object(Config\Cache), false)
#7 C:\xampp\htdocs\baliwag\template_v1\public\index.php(37): CodeIgniter\CodeIgniter->run()
#8 {main}
CRITICAL - 2022-07-04 02:08:39 --> Too few arguments to function Myth\Auth\Password::verify(), 0 passed in C:\xampp\htdocs\baliwag\template_v1\app\Validations\CustomRules.php on line 11 and exactly 2 expected
#0 C:\xampp\htdocs\baliwag\template_v1\app\Validations\CustomRules.php(11): Myth\Auth\Password::verify()
#1 C:\xampp\htdocs\baliwag\template_v1\vendor\codeigniter4\framework\system\Validation\Validation.php(291): App\Validations\CustomRules->oldPasswordCheck('asd', NULL)
#2 C:\xampp\htdocs\baliwag\template_v1\vendor\codeigniter4\framework\system\Validation\Validation.php(157): CodeIgniter\Validation\Validation->processRules('new_password', 'Old Password', 'asd', Array, Array)
#3 C:\xampp\htdocs\baliwag\template_v1\vendor\codeigniter4\framework\system\Controller.php(160): CodeIgniter\Validation\Validation->run()
#4 C:\xampp\htdocs\baliwag\template_v1\app\Controllers\Users.php(313): CodeIgniter\Controller->validate(Array)
#5 C:\xampp\htdocs\baliwag\template_v1\vendor\codeigniter4\framework\system\CodeIgniter.php(832): App\Controllers\Users->changeUserPassword()
#6 C:\xampp\htdocs\baliwag\template_v1\vendor\codeigniter4\framework\system\CodeIgniter.php(419): CodeIgniter\CodeIgniter->runController(Object(App\Controllers\Users))
#7 C:\xampp\htdocs\baliwag\template_v1\vendor\codeigniter4\framework\system\CodeIgniter.php(326): CodeIgniter\CodeIgniter->handleRequest(NULL, Object(Config\Cache), false)
#8 C:\xampp\htdocs\baliwag\template_v1\public\index.php(37): CodeIgniter\CodeIgniter->run()
#9 {main}
CRITICAL - 2022-07-04 02:09:44 --> App\Validations\CustomRules::oldPasswordCheck(): Return value must be of type bool, none returned
#0 C:\xampp\htdocs\baliwag\template_v1\vendor\codeigniter4\framework\system\Validation\Validation.php(291): App\Validations\CustomRules->oldPasswordCheck('asd', NULL)
#1 C:\xampp\htdocs\baliwag\template_v1\vendor\codeigniter4\framework\system\Validation\Validation.php(157): CodeIgniter\Validation\Validation->processRules('new_password', 'Old Password', 'asd', Array, Array)
#2 C:\xampp\htdocs\baliwag\template_v1\vendor\codeigniter4\framework\system\Controller.php(160): CodeIgniter\Validation\Validation->run()
#3 C:\xampp\htdocs\baliwag\template_v1\app\Controllers\Users.php(313): CodeIgniter\Controller->validate(Array)
#4 C:\xampp\htdocs\baliwag\template_v1\vendor\codeigniter4\framework\system\CodeIgniter.php(832): App\Controllers\Users->changeUserPassword()
#5 C:\xampp\htdocs\baliwag\template_v1\vendor\codeigniter4\framework\system\CodeIgniter.php(419): CodeIgniter\CodeIgniter->runController(Object(App\Controllers\Users))
#6 C:\xampp\htdocs\baliwag\template_v1\vendor\codeigniter4\framework\system\CodeIgniter.php(326): CodeIgniter\CodeIgniter->handleRequest(NULL, Object(Config\Cache), false)
#7 C:\xampp\htdocs\baliwag\template_v1\public\index.php(37): CodeIgniter\CodeIgniter->run()
#8 {main}
CRITICAL - 2022-07-04 02:09:55 --> App\Validations\CustomRules::oldPasswordCheck(): Return value must be of type bool, none returned
#0 C:\xampp\htdocs\baliwag\template_v1\vendor\codeigniter4\framework\system\Validation\Validation.php(291): App\Validations\CustomRules->oldPasswordCheck('asd', NULL)
#1 C:\xampp\htdocs\baliwag\template_v1\vendor\codeigniter4\framework\system\Validation\Validation.php(157): CodeIgniter\Validation\Validation->processRules('new_password', 'Old Password', 'asd', Array, Array)
#2 C:\xampp\htdocs\baliwag\template_v1\vendor\codeigniter4\framework\system\Controller.php(160): CodeIgniter\Validation\Validation->run()
#3 C:\xampp\htdocs\baliwag\template_v1\app\Controllers\Users.php(313): CodeIgniter\Controller->validate(Array)
#4 C:\xampp\htdocs\baliwag\template_v1\vendor\codeigniter4\framework\system\CodeIgniter.php(832): App\Controllers\Users->changeUserPassword()
#5 C:\xampp\htdocs\baliwag\template_v1\vendor\codeigniter4\framework\system\CodeIgniter.php(419): CodeIgniter\CodeIgniter->runController(Object(App\Controllers\Users))
#6 C:\xampp\htdocs\baliwag\template_v1\vendor\codeigniter4\framework\system\CodeIgniter.php(326): CodeIgniter\CodeIgniter->handleRequest(NULL, Object(Config\Cache), false)
#7 C:\xampp\htdocs\baliwag\template_v1\public\index.php(37): CodeIgniter\CodeIgniter->run()
#8 {main}
CRITICAL - 2022-07-04 02:10:03 --> App\Validations\CustomRules::oldPasswordCheck(): Return value must be of type bool, none returned
#0 C:\xampp\htdocs\baliwag\template_v1\vendor\codeigniter4\framework\system\Validation\Validation.php(291): App\Validations\CustomRules->oldPasswordCheck('asd', NULL)
#1 C:\xampp\htdocs\baliwag\template_v1\vendor\codeigniter4\framework\system\Validation\Validation.php(157): CodeIgniter\Validation\Validation->processRules('new_password', 'Old Password', 'asd', Array, Array)
#2 C:\xampp\htdocs\baliwag\template_v1\vendor\codeigniter4\framework\system\Controller.php(160): CodeIgniter\Validation\Validation->run()
#3 C:\xampp\htdocs\baliwag\template_v1\app\Controllers\Users.php(313): CodeIgniter\Controller->validate(Array)
#4 C:\xampp\htdocs\baliwag\template_v1\vendor\codeigniter4\framework\system\CodeIgniter.php(832): App\Controllers\Users->changeUserPassword()
#5 C:\xampp\htdocs\baliwag\template_v1\vendor\codeigniter4\framework\system\CodeIgniter.php(419): CodeIgniter\CodeIgniter->runController(Object(App\Controllers\Users))
#6 C:\xampp\htdocs\baliwag\template_v1\vendor\codeigniter4\framework\system\CodeIgniter.php(326): CodeIgniter\CodeIgniter->handleRequest(NULL, Object(Config\Cache), false)
#7 C:\xampp\htdocs\baliwag\template_v1\public\index.php(37): CodeIgniter\CodeIgniter->run()
#8 {main}
CRITICAL - 2022-07-04 02:10:17 --> App\Validations\CustomRules::oldPasswordCheck(): Return value must be of type bool, none returned
#0 C:\xampp\htdocs\baliwag\template_v1\vendor\codeigniter4\framework\system\Validation\Validation.php(291): App\Validations\CustomRules->oldPasswordCheck('asd', NULL)
#1 C:\xampp\htdocs\baliwag\template_v1\vendor\codeigniter4\framework\system\Validation\Validation.php(157): CodeIgniter\Validation\Validation->processRules('new_password', 'Old Password', 'asd', Array, Array)
#2 C:\xampp\htdocs\baliwag\template_v1\vendor\codeigniter4\framework\system\Controller.php(160): CodeIgniter\Validation\Validation->run()
#3 C:\xampp\htdocs\baliwag\template_v1\app\Controllers\Users.php(313): CodeIgniter\Controller->validate(Array)
#4 C:\xampp\htdocs\baliwag\template_v1\vendor\codeigniter4\framework\system\CodeIgniter.php(832): App\Controllers\Users->changeUserPassword()
#5 C:\xampp\htdocs\baliwag\template_v1\vendor\codeigniter4\framework\system\CodeIgniter.php(419): CodeIgniter\CodeIgniter->runController(Object(App\Controllers\Users))
#6 C:\xampp\htdocs\baliwag\template_v1\vendor\codeigniter4\framework\system\CodeIgniter.php(326): CodeIgniter\CodeIgniter->handleRequest(NULL, Object(Config\Cache), false)
#7 C:\xampp\htdocs\baliwag\template_v1\public\index.php(37): CodeIgniter\CodeIgniter->run()
#8 {main}
CRITICAL - 2022-07-04 02:10:30 --> App\Validations\CustomRules::oldPasswordCheck(): Return value must be of type bool, none returned
#0 C:\xampp\htdocs\baliwag\template_v1\vendor\codeigniter4\framework\system\Validation\Validation.php(291): App\Validations\CustomRules->oldPasswordCheck('asd', NULL)
#1 C:\xampp\htdocs\baliwag\template_v1\vendor\codeigniter4\framework\system\Validation\Validation.php(157): CodeIgniter\Validation\Validation->processRules('new_password', 'Old Password', 'asd', Array, Array)
#2 C:\xampp\htdocs\baliwag\template_v1\vendor\codeigniter4\framework\system\Controller.php(160): CodeIgniter\Validation\Validation->run()
#3 C:\xampp\htdocs\baliwag\template_v1\app\Controllers\Users.php(313): CodeIgniter\Controller->validate(Array)
#4 C:\xampp\htdocs\baliwag\template_v1\vendor\codeigniter4\framework\system\CodeIgniter.php(832): App\Controllers\Users->changeUserPassword()
#5 C:\xampp\htdocs\baliwag\template_v1\vendor\codeigniter4\framework\system\CodeIgniter.php(419): CodeIgniter\CodeIgniter->runController(Object(App\Controllers\Users))
#6 C:\xampp\htdocs\baliwag\template_v1\vendor\codeigniter4\framework\system\CodeIgniter.php(326): CodeIgniter\CodeIgniter->handleRequest(NULL, Object(Config\Cache), false)
#7 C:\xampp\htdocs\baliwag\template_v1\public\index.php(37): CodeIgniter\CodeIgniter->run()
#8 {main}
CRITICAL - 2022-07-04 02:11:14 --> App\Validations\CustomRules::oldPasswordCheck(): Return value must be of type bool, none returned
#0 C:\xampp\htdocs\baliwag\template_v1\vendor\codeigniter4\framework\system\Validation\Validation.php(291): App\Validations\CustomRules->oldPasswordCheck('asd', NULL)
#1 C:\xampp\htdocs\baliwag\template_v1\vendor\codeigniter4\framework\system\Validation\Validation.php(157): CodeIgniter\Validation\Validation->processRules('new_password', 'Old Password', 'asd', Array, Array)
#2 C:\xampp\htdocs\baliwag\template_v1\vendor\codeigniter4\framework\system\Controller.php(160): CodeIgniter\Validation\Validation->run()
#3 C:\xampp\htdocs\baliwag\template_v1\app\Controllers\Users.php(313): CodeIgniter\Controller->validate(Array)
#4 C:\xampp\htdocs\baliwag\template_v1\vendor\codeigniter4\framework\system\CodeIgniter.php(832): App\Controllers\Users->changeUserPassword()
#5 C:\xampp\htdocs\baliwag\template_v1\vendor\codeigniter4\framework\system\CodeIgniter.php(419): CodeIgniter\CodeIgniter->runController(Object(App\Controllers\Users))
#6 C:\xampp\htdocs\baliwag\template_v1\vendor\codeigniter4\framework\system\CodeIgniter.php(326): CodeIgniter\CodeIgniter->handleRequest(NULL, Object(Config\Cache), false)
#7 C:\xampp\htdocs\baliwag\template_v1\public\index.php(37): CodeIgniter\CodeIgniter->run()
#8 {main}
CRITICAL - 2022-07-04 02:11:54 --> App\Validations\CustomRules::oldPasswordCheck(): Return value must be of type bool, none returned
#0 C:\xampp\htdocs\baliwag\template_v1\vendor\codeigniter4\framework\system\Validation\Validation.php(291): App\Validations\CustomRules->oldPasswordCheck('asd', NULL)
#1 C:\xampp\htdocs\baliwag\template_v1\vendor\codeigniter4\framework\system\Validation\Validation.php(157): CodeIgniter\Validation\Validation->processRules('new_password', 'Old Password', 'asd', Array, Array)
#2 C:\xampp\htdocs\baliwag\template_v1\vendor\codeigniter4\framework\system\Controller.php(160): CodeIgniter\Validation\Validation->run()
#3 C:\xampp\htdocs\baliwag\template_v1\app\Controllers\Users.php(313): CodeIgniter\Controller->validate(Array)
#4 C:\xampp\htdocs\baliwag\template_v1\vendor\codeigniter4\framework\system\CodeIgniter.php(832): App\Controllers\Users->changeUserPassword()
#5 C:\xampp\htdocs\baliwag\template_v1\vendor\codeigniter4\framework\system\CodeIgniter.php(419): CodeIgniter\CodeIgniter->runController(Object(App\Controllers\Users))
#6 C:\xampp\htdocs\baliwag\template_v1\vendor\codeigniter4\framework\system\CodeIgniter.php(326): CodeIgniter\CodeIgniter->handleRequest(NULL, Object(Config\Cache), false)
#7 C:\xampp\htdocs\baliwag\template_v1\public\index.php(37): CodeIgniter\CodeIgniter->run()
#8 {main}
CRITICAL - 2022-07-04 02:12:28 --> App\Validations\CustomRules::oldPasswordCheck(): Return value must be of type bool, none returned
#0 C:\xampp\htdocs\baliwag\template_v1\vendor\codeigniter4\framework\system\Validation\Validation.php(291): App\Validations\CustomRules->oldPasswordCheck('asd', NULL)
#1 C:\xampp\htdocs\baliwag\template_v1\vendor\codeigniter4\framework\system\Validation\Validation.php(157): CodeIgniter\Validation\Validation->processRules('new_password', 'Old Password', 'asd', Array, Array)
#2 C:\xampp\htdocs\baliwag\template_v1\vendor\codeigniter4\framework\system\Controller.php(160): CodeIgniter\Validation\Validation->run()
#3 C:\xampp\htdocs\baliwag\template_v1\app\Controllers\Users.php(313): CodeIgniter\Controller->validate(Array)
#4 C:\xampp\htdocs\baliwag\template_v1\vendor\codeigniter4\framework\system\CodeIgniter.php(832): App\Controllers\Users->changeUserPassword()
#5 C:\xampp\htdocs\baliwag\template_v1\vendor\codeigniter4\framework\system\CodeIgniter.php(419): CodeIgniter\CodeIgniter->runController(Object(App\Controllers\Users))
#6 C:\xampp\htdocs\baliwag\template_v1\vendor\codeigniter4\framework\system\CodeIgniter.php(326): CodeIgniter\CodeIgniter->handleRequest(NULL, Object(Config\Cache), false)
#7 C:\xampp\htdocs\baliwag\template_v1\public\index.php(37): CodeIgniter\CodeIgniter->run()
#8 {main}
CRITICAL - 2022-07-04 02:18:13 --> App\Validations\CustomRules::oldPasswordCheck(): Argument #1 ($oldPassword) must be of type App\Validations\char, string given, called in C:\xampp\htdocs\baliwag\template_v1\vendor\codeigniter4\framework\system\Validation\Validation.php on line 291
#0 C:\xampp\htdocs\baliwag\template_v1\vendor\codeigniter4\framework\system\Validation\Validation.php(291): App\Validations\CustomRules->oldPasswordCheck('asd', NULL)
#1 C:\xampp\htdocs\baliwag\template_v1\vendor\codeigniter4\framework\system\Validation\Validation.php(157): CodeIgniter\Validation\Validation->processRules('new_password', 'Old Password', 'asd', Array, Array)
#2 C:\xampp\htdocs\baliwag\template_v1\vendor\codeigniter4\framework\system\Controller.php(160): CodeIgniter\Validation\Validation->run()
#3 C:\xampp\htdocs\baliwag\template_v1\app\Controllers\Users.php(313): CodeIgniter\Controller->validate(Array)
#4 C:\xampp\htdocs\baliwag\template_v1\vendor\codeigniter4\framework\system\CodeIgniter.php(832): App\Controllers\Users->changeUserPassword()
#5 C:\xampp\htdocs\baliwag\template_v1\vendor\codeigniter4\framework\system\CodeIgniter.php(419): CodeIgniter\CodeIgniter->runController(Object(App\Controllers\Users))
#6 C:\xampp\htdocs\baliwag\template_v1\vendor\codeigniter4\framework\system\CodeIgniter.php(326): CodeIgniter\CodeIgniter->handleRequest(NULL, Object(Config\Cache), false)
#7 C:\xampp\htdocs\baliwag\template_v1\public\index.php(37): CodeIgniter\CodeIgniter->run()
#8 {main}
CRITICAL - 2022-07-04 02:34:34 --> App\Validations\CustomRules::oldPasswordCheck(): Return value must be of type bool, none returned
#0 C:\xampp\htdocs\baliwag\template_v1\vendor\codeigniter4\framework\system\Validation\Validation.php(291): App\Validations\CustomRules->oldPasswordCheck('asd', NULL)
#1 C:\xampp\htdocs\baliwag\template_v1\vendor\codeigniter4\framework\system\Validation\Validation.php(157): CodeIgniter\Validation\Validation->processRules('new_password', 'Old Password', 'asd', Array, Array)
#2 C:\xampp\htdocs\baliwag\template_v1\vendor\codeigniter4\framework\system\Controller.php(160): CodeIgniter\Validation\Validation->run()
#3 C:\xampp\htdocs\baliwag\template_v1\app\Controllers\Users.php(313): CodeIgniter\Controller->validate(Array)
#4 C:\xampp\htdocs\baliwag\template_v1\vendor\codeigniter4\framework\system\CodeIgniter.php(832): App\Controllers\Users->changeUserPassword()
#5 C:\xampp\htdocs\baliwag\template_v1\vendor\codeigniter4\framework\system\CodeIgniter.php(419): CodeIgniter\CodeIgniter->runController(Object(App\Controllers\Users))
#6 C:\xampp\htdocs\baliwag\template_v1\vendor\codeigniter4\framework\system\CodeIgniter.php(326): CodeIgniter\CodeIgniter->handleRequest(NULL, Object(Config\Cache), false)
#7 C:\xampp\htdocs\baliwag\template_v1\public\index.php(37): CodeIgniter\CodeIgniter->run()
#8 {main}
CRITICAL - 2022-07-04 02:34:50 --> App\Validations\CustomRules::oldPasswordCheck(): Return value must be of type bool, none returned
#0 C:\xampp\htdocs\baliwag\template_v1\vendor\codeigniter4\framework\system\Validation\Validation.php(291): App\Validations\CustomRules->oldPasswordCheck('123baliwag123', NULL)
#1 C:\xampp\htdocs\baliwag\template_v1\vendor\codeigniter4\framework\system\Validation\Validation.php(157): CodeIgniter\Validation\Validation->processRules('old_password', 'Old Password', '123baliwag123', Array, Array)
#2 C:\xampp\htdocs\baliwag\template_v1\vendor\codeigniter4\framework\system\Controller.php(160): CodeIgniter\Validation\Validation->run()
#3 C:\xampp\htdocs\baliwag\template_v1\app\Controllers\Users.php(313): CodeIgniter\Controller->validate(Array)
#4 C:\xampp\htdocs\baliwag\template_v1\vendor\codeigniter4\framework\system\CodeIgniter.php(832): App\Controllers\Users->changeUserPassword()
#5 C:\xampp\htdocs\baliwag\template_v1\vendor\codeigniter4\framework\system\CodeIgniter.php(419): CodeIgniter\CodeIgniter->runController(Object(App\Controllers\Users))
#6 C:\xampp\htdocs\baliwag\template_v1\vendor\codeigniter4\framework\system\CodeIgniter.php(326): CodeIgniter\CodeIgniter->handleRequest(NULL, Object(Config\Cache), false)
#7 C:\xampp\htdocs\baliwag\template_v1\public\index.php(37): CodeIgniter\CodeIgniter->run()
#8 {main}
CRITICAL - 2022-07-04 02:56:29 --> Undefined variable $id
#0 C:\xampp\htdocs\baliwag\template_v1\app\Controllers\Users.php(333): CodeIgniter\Debug\Exceptions->errorHandler(2, 'Undefined varia...', 'C:\\xampp\\htdocs...', 333)
#1 C:\xampp\htdocs\baliwag\template_v1\vendor\codeigniter4\framework\system\CodeIgniter.php(832): App\Controllers\Users->changeUserPassword()
#2 C:\xampp\htdocs\baliwag\template_v1\vendor\codeigniter4\framework\system\CodeIgniter.php(419): CodeIgniter\CodeIgniter->runController(Object(App\Controllers\Users))
#3 C:\xampp\htdocs\baliwag\template_v1\vendor\codeigniter4\framework\system\CodeIgniter.php(326): CodeIgniter\CodeIgniter->handleRequest(NULL, Object(Config\Cache), false)
#4 C:\xampp\htdocs\baliwag\template_v1\public\index.php(37): CodeIgniter\CodeIgniter->run()
#5 {main}
CRITICAL - 2022-07-04 03:11:13 --> Cannot declare class App\Controllers\Dashboard, because the name is already in use
#0 [internal function]: CodeIgniter\Debug\Exceptions->shutdownHandler()
#1 {main}
CRITICAL - 2022-07-04 03:11:32 --> Undefined variable $roles
#0 C:\xampp\htdocs\baliwag\template_v1\app\Views\tickets\tickets.php(84): CodeIgniter\Debug\Exceptions->errorHandler(2, 'Undefined varia...', 'C:\\xampp\\htdocs...', 84)
#1 C:\xampp\htdocs\baliwag\template_v1\vendor\codeigniter4\framework\system\View\View.php(210): include('C:\\xampp\\htdocs...')
#2 C:\xampp\htdocs\baliwag\template_v1\vendor\codeigniter4\framework\system\View\View.php(213): CodeIgniter\View\View->CodeIgniter\View\{closure}()
#3 C:\xampp\htdocs\baliwag\template_v1\vendor\codeigniter4\framework\system\Common.php(1089): CodeIgniter\View\View->render('tickets/tickets', Array, true)
#4 C:\xampp\htdocs\baliwag\template_v1\app\Controllers\Tickets.php(27): view('tickets/tickets', Array)
#5 C:\xampp\htdocs\baliwag\template_v1\vendor\codeigniter4\framework\system\CodeIgniter.php(832): App\Controllers\Tickets->index()
#6 C:\xampp\htdocs\baliwag\template_v1\vendor\codeigniter4\framework\system\CodeIgniter.php(419): CodeIgniter\CodeIgniter->runController(Object(App\Controllers\Tickets))
#7 C:\xampp\htdocs\baliwag\template_v1\vendor\codeigniter4\framework\system\CodeIgniter.php(326): CodeIgniter\CodeIgniter->handleRequest(NULL, Object(Config\Cache), false)
#8 C:\xampp\htdocs\baliwag\template_v1\public\index.php(37): CodeIgniter\CodeIgniter->run()
#9 {main}
CRITICAL - 2022-07-04 03:35:30 --> Invalid file: partials/changePass.php
#0 C:\xampp\htdocs\baliwag\template_v1\vendor\codeigniter4\framework\system\View\View.php(198): CodeIgniter\Exceptions\FrameworkException::forInvalidFile('partials/change...')
#1 C:\xampp\htdocs\baliwag\template_v1\vendor\codeigniter4\framework\system\View\View.php(424): CodeIgniter\View\View->render('partials/change...', NULL, true)
#2 C:\xampp\htdocs\baliwag\template_v1\app\Views\layouts\main.php(48): CodeIgniter\View\View->include('partials/change...')
#3 C:\xampp\htdocs\baliwag\template_v1\vendor\codeigniter4\framework\system\View\View.php(210): include('C:\\xampp\\htdocs...')
#4 C:\xampp\htdocs\baliwag\template_v1\vendor\codeigniter4\framework\system\View\View.php(213): CodeIgniter\View\View->CodeIgniter\View\{closure}()
#5 C:\xampp\htdocs\baliwag\template_v1\vendor\codeigniter4\framework\system\View\View.php(226): CodeIgniter\View\View->render('layouts/main', Array, true)
#6 C:\xampp\htdocs\baliwag\template_v1\vendor\codeigniter4\framework\system\Common.php(1089): CodeIgniter\View\View->render('tickets/tickets', Array, true)
#7 C:\xampp\htdocs\baliwag\template_v1\app\Controllers\Tickets.php(27): view('tickets/tickets', Array)
#8 C:\xampp\htdocs\baliwag\template_v1\vendor\codeigniter4\framework\system\CodeIgniter.php(832): App\Controllers\Tickets->index()
#9 C:\xampp\htdocs\baliwag\template_v1\vendor\codeigniter4\framework\system\CodeIgniter.php(419): CodeIgniter\CodeIgniter->runController(Object(App\Controllers\Tickets))
#10 C:\xampp\htdocs\baliwag\template_v1\vendor\codeigniter4\framework\system\CodeIgniter.php(326): CodeIgniter\CodeIgniter->handleRequest(NULL, Object(Config\Cache), false)
#11 C:\xampp\htdocs\baliwag\template_v1\public\index.php(37): CodeIgniter\CodeIgniter->run()
#12 {main}
CRITICAL - 2022-07-04 03:38:01 --> Undefined variable $roles
#0 C:\xampp\htdocs\baliwag\template_v1\app\Views\partials\newTicket.php(31): CodeIgniter\Debug\Exceptions->errorHandler(2, 'Undefined varia...', 'C:\\xampp\\htdocs...', 31)
#1 C:\xampp\htdocs\baliwag\template_v1\vendor\codeigniter4\framework\system\View\View.php(210): include('C:\\xampp\\htdocs...')
#2 C:\xampp\htdocs\baliwag\template_v1\vendor\codeigniter4\framework\system\View\View.php(213): CodeIgniter\View\View->CodeIgniter\View\{closure}()
#3 C:\xampp\htdocs\baliwag\template_v1\vendor\codeigniter4\framework\system\View\View.php(424): CodeIgniter\View\View->render('partials/newTic...', NULL, true)
#4 C:\xampp\htdocs\baliwag\template_v1\app\Views\layouts\main.php(48): CodeIgniter\View\View->include('partials/newTic...')
#5 C:\xampp\htdocs\baliwag\template_v1\vendor\codeigniter4\framework\system\View\View.php(210): include('C:\\xampp\\htdocs...')
#6 C:\xampp\htdocs\baliwag\template_v1\vendor\codeigniter4\framework\system\View\View.php(213): CodeIgniter\View\View->CodeIgniter\View\{closure}()
#7 C:\xampp\htdocs\baliwag\template_v1\vendor\codeigniter4\framework\system\View\View.php(226): CodeIgniter\View\View->render('layouts/main', Array, true)
#8 C:\xampp\htdocs\baliwag\template_v1\vendor\codeigniter4\framework\system\Common.php(1089): CodeIgniter\View\View->render('tickets/tickets', Array, true)
#9 C:\xampp\htdocs\baliwag\template_v1\app\Controllers\Tickets.php(27): view('tickets/tickets', Array)
#10 C:\xampp\htdocs\baliwag\template_v1\vendor\codeigniter4\framework\system\CodeIgniter.php(832): App\Controllers\Tickets->index()
#11 C:\xampp\htdocs\baliwag\template_v1\vendor\codeigniter4\framework\system\CodeIgniter.php(419): CodeIgniter\CodeIgniter->runController(Object(App\Controllers\Tickets))
#12 C:\xampp\htdocs\baliwag\template_v1\vendor\codeigniter4\framework\system\CodeIgniter.php(326): CodeIgniter\CodeIgniter->handleRequest(NULL, Object(Config\Cache), false)
#13 C:\xampp\htdocs\baliwag\template_v1\public\index.php(37): CodeIgniter\CodeIgniter->run()
#14 {main}
