CRITICAL - 2022-07-16 02:46:35 --> Class "App\Libraries\BaliwagCity" not found
#0 C:\xampp\htdocs\projects\applications\vendor\codeigniter4\framework\system\CodeIgniter.php(832): App\Controllers\Tickets->index()
#1 C:\xampp\htdocs\projects\applications\vendor\codeigniter4\framework\system\CodeIgniter.php(419): CodeIgniter\CodeIgniter->runController(Object(App\Controllers\Tickets))
#2 C:\xampp\htdocs\projects\applications\vendor\codeigniter4\framework\system\CodeIgniter.php(326): CodeIgniter\CodeIgniter->handleRequest(NULL, Object(Config\Cache), false)
#3 C:\xampp\htdocs\projects\applications\index.php(38): CodeIgniter\CodeIgniter->run()
#4 {main}
ERROR - 2022-07-16 02:47:39 --> Unknown column 'dept_id' in 'where clause'
ERROR - 2022-07-16 02:48:33 --> Unknown column 'dept_id' in 'where clause'
ERROR - 2022-07-16 02:50:00 --> Unknown column 'dept_id' in 'where clause'
ERROR - 2022-07-16 02:50:45 --> Unknown column 'dept_id' in 'where clause'
ERROR - 2022-07-16 02:51:08 --> Unknown column 'dept_id' in 'where clause'
ERROR - 2022-07-16 02:52:00 --> Unknown column 'dept_id' in 'where clause'
ERROR - 2022-07-16 02:52:53 --> Unknown column 'dept_id' in 'where clause'
ERROR - 2022-07-16 02:53:02 --> Unknown column 'dept_id' in 'where clause'
ERROR - 2022-07-16 02:53:50 --> Unknown column 'dept_id' in 'where clause'
ERROR - 2022-07-16 02:54:12 --> Unknown column 'dept_id' in 'where clause'
ERROR - 2022-07-16 02:55:50 --> Unknown column 'dept_id' in 'where clause'
ERROR - 2022-07-16 02:56:16 --> Unknown column 'dept_id' in 'where clause'
ERROR - 2022-07-16 02:56:34 --> Unknown column 'dept_id' in 'where clause'
ERROR - 2022-07-16 02:56:42 --> Unknown column 'dept_id' in 'where clause'
ERROR - 2022-07-16 03:11:56 --> Unknown column 'dept_id' in 'where clause'
ERROR - 2022-07-16 03:14:42 --> Unknown column 'dept_id' in 'where clause'
ERROR - 2022-07-16 03:16:08 --> Unknown column 'dept_id' in 'where clause'
ERROR - 2022-07-16 03:16:34 --> Unknown column 'dept_id' in 'where clause'
ERROR - 2022-07-16 03:17:11 --> Unknown column 'dept_id' in 'where clause'
ERROR - 2022-07-16 03:17:48 --> Unknown column 'dept_id' in 'where clause'
ERROR - 2022-07-16 03:18:08 --> Unknown column 'dept_id' in 'where clause'
ERROR - 2022-07-16 03:18:34 --> Unknown column 'dept_id' in 'where clause'
ERROR - 2022-07-16 03:19:03 --> Unknown column 'dept_id' in 'where clause'
ERROR - 2022-07-16 03:19:40 --> Unknown column 'dept_id' in 'where clause'
ERROR - 2022-07-16 03:20:35 --> Unknown column 'dept_id' in 'where clause'
ERROR - 2022-07-16 03:21:58 --> Unknown column 'dept_id' in 'where clause'
ERROR - 2022-07-16 03:22:34 --> Unknown column 'dept_id' in 'where clause'
ERROR - 2022-07-16 03:22:47 --> Unknown column 'dept_id' in 'where clause'
ERROR - 2022-07-16 03:23:43 --> Unknown column 'dept_id' in 'where clause'
ERROR - 2022-07-16 03:25:07 --> Unknown column 'dept_id' in 'where clause'
ERROR - 2022-07-16 03:31:44 --> Unknown column 'dept_id' in 'where clause'
ERROR - 2022-07-16 03:32:48 --> Unknown column 'dept_id' in 'where clause'
ERROR - 2022-07-16 03:38:16 --> Unknown column 'dept_id' in 'where clause'
