ERROR - 2022-08-04 02:02:14 --> You have an error in your SQL syntax; check the manual that corresponds to your MariaDB server version for the right syntax to use near ' visa_description, addons' at line 3
CRITICAL - 2022-08-04 02:02:14 --> Attempt to read property "addons" on string
#0 C:\xampp\htdocs\projects\applications\app\Controllers\Applications.php(322): CodeIgniter\Debug\Exceptions->errorHandler(2, 'Attempt to read...', 'C:\\xampp\\htdocs...', 322)
#1 C:\xampp\htdocs\projects\applications\vendor\codeigniter4\framework\system\CodeIgniter.php(832): App\Controllers\Applications->getVisaPrices('1')
#2 C:\xampp\htdocs\projects\applications\vendor\codeigniter4\framework\system\CodeIgniter.php(419): CodeIgniter\CodeIgniter->runController(Object(App\Controllers\Applications))
#3 C:\xampp\htdocs\projects\applications\vendor\codeigniter4\framework\system\CodeIgniter.php(326): CodeIgniter\CodeIgniter->handleRequest(NULL, Object(Config\Cache), false)
#4 C:\xampp\htdocs\projects\applications\index.php(38): CodeIgniter\CodeIgniter->run()
#5 {main}
ERROR - 2022-08-04 02:02:28 --> You have an error in your SQL syntax; check the manual that corresponds to your MariaDB server version for the right syntax to use near ' visa_description, addons' at line 3
ERROR - 2022-08-04 02:02:30 --> You have an error in your SQL syntax; check the manual that corresponds to your MariaDB server version for the right syntax to use near ' visa_description, addons' at line 3
ERROR - 2022-08-04 02:03:42 --> You have an error in your SQL syntax; check the manual that corresponds to your MariaDB server version for the right syntax to use near ' visa_description, addons' at line 3
ERROR - 2022-08-04 02:03:42 --> You have an error in your SQL syntax; check the manual that corresponds to your MariaDB server version for the right syntax to use near ' visa_description, addons' at line 3
ERROR - 2022-08-04 02:04:30 --> Unknown column 'visa_list' in 'field list'
CRITICAL - 2022-08-04 02:04:49 --> Attempt to read property "addons" on array
#0 C:\xampp\htdocs\projects\applications\app\Controllers\Applications.php(322): CodeIgniter\Debug\Exceptions->errorHandler(2, 'Attempt to read...', 'C:\\xampp\\htdocs...', 322)
#1 C:\xampp\htdocs\projects\applications\vendor\codeigniter4\framework\system\CodeIgniter.php(832): App\Controllers\Applications->getVisaPrices('1')
#2 C:\xampp\htdocs\projects\applications\vendor\codeigniter4\framework\system\CodeIgniter.php(419): CodeIgniter\CodeIgniter->runController(Object(App\Controllers\Applications))
#3 C:\xampp\htdocs\projects\applications\vendor\codeigniter4\framework\system\CodeIgniter.php(326): CodeIgniter\CodeIgniter->handleRequest(NULL, Object(Config\Cache), false)
#4 C:\xampp\htdocs\projects\applications\index.php(38): CodeIgniter\CodeIgniter->run()
#5 {main}
CRITICAL - 2022-08-04 02:05:33 --> Undefined variable $whereIn
#0 C:\xampp\htdocs\projects\applications\app\Models\MasterModel.php(132): CodeIgniter\Debug\Exceptions->errorHandler(2, 'Undefined varia...', 'C:\\xampp\\htdocs...', 132)
#1 C:\xampp\htdocs\projects\applications\app\Controllers\Applications.php(330): App\Models\MasterModel->getWhereIn('visa_addons', 'addon_id, addon...', false, 'addon_id', Array)
#2 C:\xampp\htdocs\projects\applications\vendor\codeigniter4\framework\system\CodeIgniter.php(832): App\Controllers\Applications->getVisaPrices('1')
#3 C:\xampp\htdocs\projects\applications\vendor\codeigniter4\framework\system\CodeIgniter.php(419): CodeIgniter\CodeIgniter->runController(Object(App\Controllers\Applications))
#4 C:\xampp\htdocs\projects\applications\vendor\codeigniter4\framework\system\CodeIgniter.php(326): CodeIgniter\CodeIgniter->handleRequest(NULL, Object(Config\Cache), false)
#5 C:\xampp\htdocs\projects\applications\index.php(38): CodeIgniter\CodeIgniter->run()
#6 {main}
CRITICAL - 2022-08-04 02:06:51 --> whereIn() expects $values to be of type array or closure
#0 C:\xampp\htdocs\projects\applications\vendor\codeigniter4\framework\system\Database\BaseBuilder.php(731): CodeIgniter\Database\BaseBuilder->_whereIn('addon_id', '1, 2, 3', false, 'AND ', NULL)
#1 C:\xampp\htdocs\projects\applications\app\Models\MasterModel.php(132): CodeIgniter\Database\BaseBuilder->whereIn('addon_id', '1, 2, 3')
#2 C:\xampp\htdocs\projects\applications\app\Controllers\Applications.php(330): App\Models\MasterModel->getWhereIn('visa_addons', 'addon_id, addon...', false, 'addon_id', '1, 2, 3')
#3 C:\xampp\htdocs\projects\applications\vendor\codeigniter4\framework\system\CodeIgniter.php(832): App\Controllers\Applications->getVisaPrices('1')
#4 C:\xampp\htdocs\projects\applications\vendor\codeigniter4\framework\system\CodeIgniter.php(419): CodeIgniter\CodeIgniter->runController(Object(App\Controllers\Applications))
#5 C:\xampp\htdocs\projects\applications\vendor\codeigniter4\framework\system\CodeIgniter.php(326): CodeIgniter\CodeIgniter->handleRequest(NULL, Object(Config\Cache), false)
#6 C:\xampp\htdocs\projects\applications\index.php(38): CodeIgniter\CodeIgniter->run()
#7 {main}
CRITICAL - 2022-08-04 02:14:48 --> Array to string conversion
#0 C:\xampp\htdocs\projects\applications\app\Models\MasterModel.php(134): CodeIgniter\Debug\Exceptions->errorHandler(2, 'Array to string...', 'C:\\xampp\\htdocs...', 134)
#1 C:\xampp\htdocs\projects\applications\app\Controllers\Applications.php(330): App\Models\MasterModel->getWhereIn('visa_addons', 'addon_id, addon...', false, 'addon_id', Array)
#2 C:\xampp\htdocs\projects\applications\vendor\codeigniter4\framework\system\CodeIgniter.php(832): App\Controllers\Applications->getVisaPrices('1')
#3 C:\xampp\htdocs\projects\applications\vendor\codeigniter4\framework\system\CodeIgniter.php(419): CodeIgniter\CodeIgniter->runController(Object(App\Controllers\Applications))
#4 C:\xampp\htdocs\projects\applications\vendor\codeigniter4\framework\system\CodeIgniter.php(326): CodeIgniter\CodeIgniter->handleRequest(NULL, Object(Config\Cache), false)
#5 C:\xampp\htdocs\projects\applications\index.php(38): CodeIgniter\CodeIgniter->run()
#6 {main}
CRITICAL - 2022-08-04 02:17:25 --> Array to string conversion
#0 [internal function]: CodeIgniter\Debug\Exceptions->errorHandler(2, 'Array to string...', 'C:\\xampp\\htdocs...', 312)
#1 C:\xampp\htdocs\projects\applications\vendor\codeigniter4\framework\system\Database\Query.php(312): implode(',', Array)
#2 C:\xampp\htdocs\projects\applications\vendor\codeigniter4\framework\system\Database\Query.php(293): CodeIgniter\Database\Query->matchNamedBinds('SELECT `addon_i...', Array)
#3 C:\xampp\htdocs\projects\applications\vendor\codeigniter4\framework\system\Database\Query.php(150): CodeIgniter\Database\Query->compileBinds()
#4 C:\xampp\htdocs\projects\applications\vendor\codeigniter4\framework\system\Database\BaseBuilder.php(1438): CodeIgniter\Database\Query->getQuery()
#5 C:\xampp\htdocs\projects\applications\vendor\codeigniter4\framework\system\Database\BaseBuilder.php(1422): CodeIgniter\Database\BaseBuilder->compileFinalQuery('SELECT `addon_i...')
#6 C:\xampp\htdocs\projects\applications\app\Models\MasterModel.php(135): CodeIgniter\Database\BaseBuilder->getCompiledSelect()
#7 C:\xampp\htdocs\projects\applications\app\Controllers\Applications.php(330): App\Models\MasterModel->getWhereIn('visa_addons', 'addon_id, addon...', false, 'addon_id', Array)
#8 C:\xampp\htdocs\projects\applications\vendor\codeigniter4\framework\system\CodeIgniter.php(832): App\Controllers\Applications->getVisaPrices('1')
#9 C:\xampp\htdocs\projects\applications\vendor\codeigniter4\framework\system\CodeIgniter.php(419): CodeIgniter\CodeIgniter->runController(Object(App\Controllers\Applications))
#10 C:\xampp\htdocs\projects\applications\vendor\codeigniter4\framework\system\CodeIgniter.php(326): CodeIgniter\CodeIgniter->handleRequest(NULL, Object(Config\Cache), false)
#11 C:\xampp\htdocs\projects\applications\index.php(38): CodeIgniter\CodeIgniter->run()
#12 {main}
CRITICAL - 2022-08-04 02:18:18 --> whereIn() expects $values to be of type array or closure
#0 C:\xampp\htdocs\projects\applications\vendor\codeigniter4\framework\system\Database\BaseBuilder.php(731): CodeIgniter\Database\BaseBuilder->_whereIn('addon_id', '[1, 2, 3]', false, 'AND ', NULL)
#1 C:\xampp\htdocs\projects\applications\app\Models\MasterModel.php(132): CodeIgniter\Database\BaseBuilder->whereIn('addon_id', '[1, 2, 3]')
#2 C:\xampp\htdocs\projects\applications\app\Controllers\Applications.php(330): App\Models\MasterModel->getWhereIn('visa_addons', 'addon_id, addon...', false, 'addon_id', '[1, 2, 3]')
#3 C:\xampp\htdocs\projects\applications\vendor\codeigniter4\framework\system\CodeIgniter.php(832): App\Controllers\Applications->getVisaPrices('1')
#4 C:\xampp\htdocs\projects\applications\vendor\codeigniter4\framework\system\CodeIgniter.php(419): CodeIgniter\CodeIgniter->runController(Object(App\Controllers\Applications))
#5 C:\xampp\htdocs\projects\applications\vendor\codeigniter4\framework\system\CodeIgniter.php(326): CodeIgniter\CodeIgniter->handleRequest(NULL, Object(Config\Cache), false)
#6 C:\xampp\htdocs\projects\applications\index.php(38): CodeIgniter\CodeIgniter->run()
#7 {main}
