ERROR - 2023-05-17 11:41:42 --> Unknown column 'attendances.image_format' in 'field list'
CRITICAL - 2023-05-17 11:41:42 --> Trying to get property 'status' of non-object
#0 /Applications/MAMP/htdocs/baliwag/systems/app/Views/hris/dashboards/admin_assistant.php(57): CodeIgniter\Debug\Exceptions->errorHandler(8, 'Trying to get p...', '/Applications/M...', 57, Array)
#1 /Applications/MAMP/htdocs/baliwag/systems/vendor/codeigniter4/framework/system/View/View.php(210): include('/Applications/M...')
#2 /Applications/MAMP/htdocs/baliwag/systems/vendor/codeigniter4/framework/system/View/View.php(213): CodeIgniter\View\View->CodeIgniter\View\{closure}()
#3 /Applications/MAMP/htdocs/baliwag/systems/vendor/codeigniter4/framework/system/Common.php(1089): CodeIgniter\View\View->render('hris/dashboards...', Array, true)
#4 /Applications/MAMP/htdocs/baliwag/systems/app/Controllers/Hris/Dashboard.php(80): view('hris/dashboards...', Array)
#5 /Applications/MAMP/htdocs/baliwag/systems/vendor/codeigniter4/framework/system/CodeIgniter.php(832): App\Controllers\Hris\Dashboard->index()
#6 /Applications/MAMP/htdocs/baliwag/systems/vendor/codeigniter4/framework/system/CodeIgniter.php(419): CodeIgniter\CodeIgniter->runController(Object(App\Controllers\Hris\Dashboard))
#7 /Applications/MAMP/htdocs/baliwag/systems/vendor/codeigniter4/framework/system/CodeIgniter.php(326): CodeIgniter\CodeIgniter->handleRequest(NULL, Object(Config\Cache), false)
#8 /Applications/MAMP/htdocs/baliwag/systems/index.php(38): CodeIgniter\CodeIgniter->run()
#9 {main}
ERROR - 2023-05-17 11:41:44 --> Unknown column 'attendances.image_format' in 'field list'
CRITICAL - 2023-05-17 11:41:44 --> Trying to get property 'status' of non-object
#0 /Applications/MAMP/htdocs/baliwag/systems/app/Views/hris/dashboards/admin_assistant.php(57): CodeIgniter\Debug\Exceptions->errorHandler(8, 'Trying to get p...', '/Applications/M...', 57, Array)
#1 /Applications/MAMP/htdocs/baliwag/systems/vendor/codeigniter4/framework/system/View/View.php(210): include('/Applications/M...')
#2 /Applications/MAMP/htdocs/baliwag/systems/vendor/codeigniter4/framework/system/View/View.php(213): CodeIgniter\View\View->CodeIgniter\View\{closure}()
#3 /Applications/MAMP/htdocs/baliwag/systems/vendor/codeigniter4/framework/system/Common.php(1089): CodeIgniter\View\View->render('hris/dashboards...', Array, true)
#4 /Applications/MAMP/htdocs/baliwag/systems/app/Controllers/Hris/Dashboard.php(80): view('hris/dashboards...', Array)
#5 /Applications/MAMP/htdocs/baliwag/systems/vendor/codeigniter4/framework/system/CodeIgniter.php(832): App\Controllers\Hris\Dashboard->index()
#6 /Applications/MAMP/htdocs/baliwag/systems/vendor/codeigniter4/framework/system/CodeIgniter.php(419): CodeIgniter\CodeIgniter->runController(Object(App\Controllers\Hris\Dashboard))
#7 /Applications/MAMP/htdocs/baliwag/systems/vendor/codeigniter4/framework/system/CodeIgniter.php(326): CodeIgniter\CodeIgniter->handleRequest(NULL, Object(Config\Cache), false)
#8 /Applications/MAMP/htdocs/baliwag/systems/index.php(38): CodeIgniter\CodeIgniter->run()
#9 {main}
ERROR - 2023-05-17 11:41:54 --> Unknown column 'attendances.image_format' in 'field list'
CRITICAL - 2023-05-17 11:41:54 --> Trying to get property 'status' of non-object
#0 /Applications/MAMP/htdocs/baliwag/systems/app/Views/hris/dashboards/admin_assistant.php(57): CodeIgniter\Debug\Exceptions->errorHandler(8, 'Trying to get p...', '/Applications/M...', 57, Array)
#1 /Applications/MAMP/htdocs/baliwag/systems/vendor/codeigniter4/framework/system/View/View.php(210): include('/Applications/M...')
#2 /Applications/MAMP/htdocs/baliwag/systems/vendor/codeigniter4/framework/system/View/View.php(213): CodeIgniter\View\View->CodeIgniter\View\{closure}()
#3 /Applications/MAMP/htdocs/baliwag/systems/vendor/codeigniter4/framework/system/Common.php(1089): CodeIgniter\View\View->render('hris/dashboards...', Array, true)
#4 /Applications/MAMP/htdocs/baliwag/systems/app/Controllers/Hris/Dashboard.php(80): view('hris/dashboards...', Array)
#5 /Applications/MAMP/htdocs/baliwag/systems/vendor/codeigniter4/framework/system/CodeIgniter.php(832): App\Controllers\Hris\Dashboard->index()
#6 /Applications/MAMP/htdocs/baliwag/systems/vendor/codeigniter4/framework/system/CodeIgniter.php(419): CodeIgniter\CodeIgniter->runController(Object(App\Controllers\Hris\Dashboard))
#7 /Applications/MAMP/htdocs/baliwag/systems/vendor/codeigniter4/framework/system/CodeIgniter.php(326): CodeIgniter\CodeIgniter->handleRequest(NULL, Object(Config\Cache), false)
#8 /Applications/MAMP/htdocs/baliwag/systems/index.php(38): CodeIgniter\CodeIgniter->run()
#9 {main}
