ERROR - 2023-05-15 11:40:26 --> Table 'baliwagc_hris_db.auth_groups' doesn't exist
CRITICAL - 2023-05-15 11:40:26 --> Table 'baliwagc_hris_db.auth_groups' doesn't exist
#0 /Applications/MAMP/htdocs/baliwag/systems/vendor/codeigniter4/framework/system/Database/MySQLi/Connection.php(292): mysqli->query('SELECT `auth_gr...', 0)
#1 /Applications/MAMP/htdocs/baliwag/systems/vendor/codeigniter4/framework/system/Database/BaseConnection.php(670): CodeIgniter\Database\MySQLi\Connection->execute('SELECT `auth_gr...')
#2 /Applications/MAMP/htdocs/baliwag/systems/vendor/codeigniter4/framework/system/Database/BaseConnection.php(598): CodeIgniter\Database\BaseConnection->simpleQuery('SELECT `auth_gr...')
#3 /Applications/MAMP/htdocs/baliwag/systems/vendor/codeigniter4/framework/system/Database/BaseBuilder.php(1455): CodeIgniter\Database\BaseConnection->query('SELECT `auth_gr...', Array, false)
#4 /Applications/MAMP/htdocs/baliwag/systems/vendor/myth/auth/src/Authorization/GroupModel.php(103): CodeIgniter\Database\BaseBuilder->get()
#5 /Applications/MAMP/htdocs/baliwag/systems/vendor/myth/auth/src/Collectors/Auth.php(67): Myth\Auth\Authorization\GroupModel->getGroupsForUser(4)
#6 /Applications/MAMP/htdocs/baliwag/systems/vendor/codeigniter4/framework/system/Debug/Toolbar/Collectors/BaseCollector.php(224): Myth\Auth\Collectors\Auth->display()
#7 /Applications/MAMP/htdocs/baliwag/systems/vendor/codeigniter4/framework/system/Debug/Toolbar.php(90): CodeIgniter\Debug\Toolbar\Collectors\BaseCollector->getAsArray()
#8 /Applications/MAMP/htdocs/baliwag/systems/vendor/codeigniter4/framework/system/Debug/Toolbar.php(368): CodeIgniter\Debug\Toolbar->run(1684122026.5758, 0.0621, Object(CodeIgniter\HTTP\IncomingRequest), Object(CodeIgniter\HTTP\Response))
#9 /Applications/MAMP/htdocs/baliwag/systems/vendor/codeigniter4/framework/system/Filters/DebugToolbar.php(40): CodeIgniter\Debug\Toolbar->prepare(Object(CodeIgniter\HTTP\IncomingRequest), Object(CodeIgniter\HTTP\Response))
#10 /Applications/MAMP/htdocs/baliwag/systems/vendor/codeigniter4/framework/system/Filters/Filters.php(196): CodeIgniter\Filters\DebugToolbar->after(Object(CodeIgniter\HTTP\IncomingRequest), Object(CodeIgniter\HTTP\Response), NULL)
#11 /Applications/MAMP/htdocs/baliwag/systems/vendor/codeigniter4/framework/system/CodeIgniter.php(436): CodeIgniter\Filters\Filters->run('/hris/employee/...', 'after')
#12 /Applications/MAMP/htdocs/baliwag/systems/vendor/codeigniter4/framework/system/CodeIgniter.php(326): CodeIgniter\CodeIgniter->handleRequest(NULL, Object(Config\Cache), false)
#13 /Applications/MAMP/htdocs/baliwag/systems/index.php(38): CodeIgniter\CodeIgniter->run()
#14 {main}
ERROR - 2023-05-15 11:40:28 --> Table 'baliwagc_hris_db.auth_groups' doesn't exist
CRITICAL - 2023-05-15 11:40:28 --> Table 'baliwagc_hris_db.auth_groups' doesn't exist
#0 /Applications/MAMP/htdocs/baliwag/systems/vendor/codeigniter4/framework/system/Database/MySQLi/Connection.php(292): mysqli->query('SELECT `auth_gr...', 0)
#1 /Applications/MAMP/htdocs/baliwag/systems/vendor/codeigniter4/framework/system/Database/BaseConnection.php(670): CodeIgniter\Database\MySQLi\Connection->execute('SELECT `auth_gr...')
#2 /Applications/MAMP/htdocs/baliwag/systems/vendor/codeigniter4/framework/system/Database/BaseConnection.php(598): CodeIgniter\Database\BaseConnection->simpleQuery('SELECT `auth_gr...')
#3 /Applications/MAMP/htdocs/baliwag/systems/vendor/codeigniter4/framework/system/Database/BaseBuilder.php(1455): CodeIgniter\Database\BaseConnection->query('SELECT `auth_gr...', Array, false)
#4 /Applications/MAMP/htdocs/baliwag/systems/vendor/myth/auth/src/Authorization/GroupModel.php(103): CodeIgniter\Database\BaseBuilder->get()
#5 /Applications/MAMP/htdocs/baliwag/systems/vendor/myth/auth/src/Collectors/Auth.php(67): Myth\Auth\Authorization\GroupModel->getGroupsForUser(4)
#6 /Applications/MAMP/htdocs/baliwag/systems/vendor/codeigniter4/framework/system/Debug/Toolbar/Collectors/BaseCollector.php(224): Myth\Auth\Collectors\Auth->display()
#7 /Applications/MAMP/htdocs/baliwag/systems/vendor/codeigniter4/framework/system/Debug/Toolbar.php(90): CodeIgniter\Debug\Toolbar\Collectors\BaseCollector->getAsArray()
#8 /Applications/MAMP/htdocs/baliwag/systems/vendor/codeigniter4/framework/system/Debug/Toolbar.php(368): CodeIgniter\Debug\Toolbar->run(1684122028.6082, 0.0494, Object(CodeIgniter\HTTP\IncomingRequest), Object(CodeIgniter\HTTP\Response))
#9 /Applications/MAMP/htdocs/baliwag/systems/vendor/codeigniter4/framework/system/Filters/DebugToolbar.php(40): CodeIgniter\Debug\Toolbar->prepare(Object(CodeIgniter\HTTP\IncomingRequest), Object(CodeIgniter\HTTP\Response))
#10 /Applications/MAMP/htdocs/baliwag/systems/vendor/codeigniter4/framework/system/Filters/Filters.php(196): CodeIgniter\Filters\DebugToolbar->after(Object(CodeIgniter\HTTP\IncomingRequest), Object(CodeIgniter\HTTP\Response), NULL)
#11 /Applications/MAMP/htdocs/baliwag/systems/vendor/codeigniter4/framework/system/CodeIgniter.php(436): CodeIgniter\Filters\Filters->run('/hris/employee/...', 'after')
#12 /Applications/MAMP/htdocs/baliwag/systems/vendor/codeigniter4/framework/system/CodeIgniter.php(326): CodeIgniter\CodeIgniter->handleRequest(NULL, Object(Config\Cache), false)
#13 /Applications/MAMP/htdocs/baliwag/systems/index.php(38): CodeIgniter\CodeIgniter->run()
#14 {main}
ERROR - 2023-05-15 11:41:33 --> You have an error in your SQL syntax; check the manual that corresponds to your MySQL server version for the right syntax to use near 'baliwagc_hris_db' at line 1
CRITICAL - 2023-05-15 11:41:33 --> Invalid argument supplied for foreach()
#0 /Applications/MAMP/htdocs/baliwag/systems/app/Views/hris/employees/printQr.php(30): CodeIgniter\Debug\Exceptions->errorHandler(2, 'Invalid argumen...', '/Applications/M...', 30, Array)
#1 /Applications/MAMP/htdocs/baliwag/systems/vendor/codeigniter4/framework/system/View/View.php(210): include('/Applications/M...')
#2 /Applications/MAMP/htdocs/baliwag/systems/vendor/codeigniter4/framework/system/View/View.php(213): CodeIgniter\View\View->CodeIgniter\View\{closure}()
#3 /Applications/MAMP/htdocs/baliwag/systems/vendor/codeigniter4/framework/system/Common.php(1089): CodeIgniter\View\View->render('hris/employees/...', Array, true)
#4 /Applications/MAMP/htdocs/baliwag/systems/app/Controllers/Hris/Employee.php(192): view('hris/employees/...', Array)
#5 /Applications/MAMP/htdocs/baliwag/systems/vendor/codeigniter4/framework/system/CodeIgniter.php(832): App\Controllers\Hris\Employee->printQr()
#6 /Applications/MAMP/htdocs/baliwag/systems/vendor/codeigniter4/framework/system/CodeIgniter.php(419): CodeIgniter\CodeIgniter->runController(Object(App\Controllers\Hris\Employee))
#7 /Applications/MAMP/htdocs/baliwag/systems/vendor/codeigniter4/framework/system/CodeIgniter.php(326): CodeIgniter\CodeIgniter->handleRequest(NULL, Object(Config\Cache), false)
#8 /Applications/MAMP/htdocs/baliwag/systems/index.php(38): CodeIgniter\CodeIgniter->run()
#9 {main}
ERROR - 2023-05-15 11:41:34 --> You have an error in your SQL syntax; check the manual that corresponds to your MySQL server version for the right syntax to use near 'baliwagc_hris_db' at line 1
CRITICAL - 2023-05-15 11:41:34 --> Invalid argument supplied for foreach()
#0 /Applications/MAMP/htdocs/baliwag/systems/app/Views/hris/employees/printQr.php(30): CodeIgniter\Debug\Exceptions->errorHandler(2, 'Invalid argumen...', '/Applications/M...', 30, Array)
#1 /Applications/MAMP/htdocs/baliwag/systems/vendor/codeigniter4/framework/system/View/View.php(210): include('/Applications/M...')
#2 /Applications/MAMP/htdocs/baliwag/systems/vendor/codeigniter4/framework/system/View/View.php(213): CodeIgniter\View\View->CodeIgniter\View\{closure}()
#3 /Applications/MAMP/htdocs/baliwag/systems/vendor/codeigniter4/framework/system/Common.php(1089): CodeIgniter\View\View->render('hris/employees/...', Array, true)
#4 /Applications/MAMP/htdocs/baliwag/systems/app/Controllers/Hris/Employee.php(192): view('hris/employees/...', Array)
#5 /Applications/MAMP/htdocs/baliwag/systems/vendor/codeigniter4/framework/system/CodeIgniter.php(832): App\Controllers\Hris\Employee->printQr()
#6 /Applications/MAMP/htdocs/baliwag/systems/vendor/codeigniter4/framework/system/CodeIgniter.php(419): CodeIgniter\CodeIgniter->runController(Object(App\Controllers\Hris\Employee))
#7 /Applications/MAMP/htdocs/baliwag/systems/vendor/codeigniter4/framework/system/CodeIgniter.php(326): CodeIgniter\CodeIgniter->handleRequest(NULL, Object(Config\Cache), false)
#8 /Applications/MAMP/htdocs/baliwag/systems/index.php(38): CodeIgniter\CodeIgniter->run()
#9 {main}
ERROR - 2023-05-15 11:41:42 --> You have an error in your SQL syntax; check the manual that corresponds to your MySQL server version for the right syntax to use near 'baliwagc_hris_db' at line 1
CRITICAL - 2023-05-15 11:41:42 --> Invalid argument supplied for foreach()
#0 /Applications/MAMP/htdocs/baliwag/systems/app/Views/hris/employees/printQr.php(30): CodeIgniter\Debug\Exceptions->errorHandler(2, 'Invalid argumen...', '/Applications/M...', 30, Array)
#1 /Applications/MAMP/htdocs/baliwag/systems/vendor/codeigniter4/framework/system/View/View.php(210): include('/Applications/M...')
#2 /Applications/MAMP/htdocs/baliwag/systems/vendor/codeigniter4/framework/system/View/View.php(213): CodeIgniter\View\View->CodeIgniter\View\{closure}()
#3 /Applications/MAMP/htdocs/baliwag/systems/vendor/codeigniter4/framework/system/Common.php(1089): CodeIgniter\View\View->render('hris/employees/...', Array, true)
#4 /Applications/MAMP/htdocs/baliwag/systems/app/Controllers/Hris/Employee.php(192): view('hris/employees/...', Array)
#5 /Applications/MAMP/htdocs/baliwag/systems/vendor/codeigniter4/framework/system/CodeIgniter.php(832): App\Controllers\Hris\Employee->printQr()
#6 /Applications/MAMP/htdocs/baliwag/systems/vendor/codeigniter4/framework/system/CodeIgniter.php(419): CodeIgniter\CodeIgniter->runController(Object(App\Controllers\Hris\Employee))
#7 /Applications/MAMP/htdocs/baliwag/systems/vendor/codeigniter4/framework/system/CodeIgniter.php(326): CodeIgniter\CodeIgniter->handleRequest(NULL, Object(Config\Cache), false)
#8 /Applications/MAMP/htdocs/baliwag/systems/index.php(38): CodeIgniter\CodeIgniter->run()
#9 {main}
ERROR - 2023-05-15 11:41:43 --> You have an error in your SQL syntax; check the manual that corresponds to your MySQL server version for the right syntax to use near 'baliwagc_hris_db' at line 1
CRITICAL - 2023-05-15 11:41:43 --> Invalid argument supplied for foreach()
#0 /Applications/MAMP/htdocs/baliwag/systems/app/Views/hris/employees/printQr.php(30): CodeIgniter\Debug\Exceptions->errorHandler(2, 'Invalid argumen...', '/Applications/M...', 30, Array)
#1 /Applications/MAMP/htdocs/baliwag/systems/vendor/codeigniter4/framework/system/View/View.php(210): include('/Applications/M...')
#2 /Applications/MAMP/htdocs/baliwag/systems/vendor/codeigniter4/framework/system/View/View.php(213): CodeIgniter\View\View->CodeIgniter\View\{closure}()
#3 /Applications/MAMP/htdocs/baliwag/systems/vendor/codeigniter4/framework/system/Common.php(1089): CodeIgniter\View\View->render('hris/employees/...', Array, true)
#4 /Applications/MAMP/htdocs/baliwag/systems/app/Controllers/Hris/Employee.php(192): view('hris/employees/...', Array)
#5 /Applications/MAMP/htdocs/baliwag/systems/vendor/codeigniter4/framework/system/CodeIgniter.php(832): App\Controllers\Hris\Employee->printQr()
#6 /Applications/MAMP/htdocs/baliwag/systems/vendor/codeigniter4/framework/system/CodeIgniter.php(419): CodeIgniter\CodeIgniter->runController(Object(App\Controllers\Hris\Employee))
#7 /Applications/MAMP/htdocs/baliwag/systems/vendor/codeigniter4/framework/system/CodeIgniter.php(326): CodeIgniter\CodeIgniter->handleRequest(NULL, Object(Config\Cache), false)
#8 /Applications/MAMP/htdocs/baliwag/systems/index.php(38): CodeIgniter\CodeIgniter->run()
#9 {main}
ERROR - 2023-05-15 11:42:08 --> You have an error in your SQL syntax; check the manual that corresponds to your MySQL server version for the right syntax to use near 'baliwagc_hris_db' at line 1
CRITICAL - 2023-05-15 11:42:08 --> Invalid argument supplied for foreach()
#0 /Applications/MAMP/htdocs/baliwag/systems/app/Views/hris/employees/printQr.php(31): CodeIgniter\Debug\Exceptions->errorHandler(2, 'Invalid argumen...', '/Applications/M...', 31, Array)
#1 /Applications/MAMP/htdocs/baliwag/systems/vendor/codeigniter4/framework/system/View/View.php(210): include('/Applications/M...')
#2 /Applications/MAMP/htdocs/baliwag/systems/vendor/codeigniter4/framework/system/View/View.php(213): CodeIgniter\View\View->CodeIgniter\View\{closure}()
#3 /Applications/MAMP/htdocs/baliwag/systems/vendor/codeigniter4/framework/system/Common.php(1089): CodeIgniter\View\View->render('hris/employees/...', Array, true)
#4 /Applications/MAMP/htdocs/baliwag/systems/app/Controllers/Hris/Employee.php(192): view('hris/employees/...', Array)
#5 /Applications/MAMP/htdocs/baliwag/systems/vendor/codeigniter4/framework/system/CodeIgniter.php(832): App\Controllers\Hris\Employee->printQr()
#6 /Applications/MAMP/htdocs/baliwag/systems/vendor/codeigniter4/framework/system/CodeIgniter.php(419): CodeIgniter\CodeIgniter->runController(Object(App\Controllers\Hris\Employee))
#7 /Applications/MAMP/htdocs/baliwag/systems/vendor/codeigniter4/framework/system/CodeIgniter.php(326): CodeIgniter\CodeIgniter->handleRequest(NULL, Object(Config\Cache), false)
#8 /Applications/MAMP/htdocs/baliwag/systems/index.php(38): CodeIgniter\CodeIgniter->run()
#9 {main}
ERROR - 2023-05-15 11:42:28 --> You have an error in your SQL syntax; check the manual that corresponds to your MySQL server version for the right syntax to use near 'baliwagc_hris_db' at line 1
CRITICAL - 2023-05-15 11:42:28 --> Undefined variable: employeesInfo
#0 /Applications/MAMP/htdocs/baliwag/systems/app/Controllers/Hris/Employee.php(192): CodeIgniter\Debug\Exceptions->errorHandler(8, 'Undefined varia...', '/Applications/M...', 192, Array)
#1 /Applications/MAMP/htdocs/baliwag/systems/vendor/codeigniter4/framework/system/CodeIgniter.php(832): App\Controllers\Hris\Employee->printQr()
#2 /Applications/MAMP/htdocs/baliwag/systems/vendor/codeigniter4/framework/system/CodeIgniter.php(419): CodeIgniter\CodeIgniter->runController(Object(App\Controllers\Hris\Employee))
#3 /Applications/MAMP/htdocs/baliwag/systems/vendor/codeigniter4/framework/system/CodeIgniter.php(326): CodeIgniter\CodeIgniter->handleRequest(NULL, Object(Config\Cache), false)
#4 /Applications/MAMP/htdocs/baliwag/systems/index.php(38): CodeIgniter\CodeIgniter->run()
#5 {main}
ERROR - 2023-05-15 11:42:30 --> You have an error in your SQL syntax; check the manual that corresponds to your MySQL server version for the right syntax to use near 'baliwagc_hris_db' at line 1
CRITICAL - 2023-05-15 11:42:30 --> Undefined variable: employeesInfo
#0 /Applications/MAMP/htdocs/baliwag/systems/app/Controllers/Hris/Employee.php(192): CodeIgniter\Debug\Exceptions->errorHandler(8, 'Undefined varia...', '/Applications/M...', 192, Array)
#1 /Applications/MAMP/htdocs/baliwag/systems/vendor/codeigniter4/framework/system/CodeIgniter.php(832): App\Controllers\Hris\Employee->printQr()
#2 /Applications/MAMP/htdocs/baliwag/systems/vendor/codeigniter4/framework/system/CodeIgniter.php(419): CodeIgniter\CodeIgniter->runController(Object(App\Controllers\Hris\Employee))
#3 /Applications/MAMP/htdocs/baliwag/systems/vendor/codeigniter4/framework/system/CodeIgniter.php(326): CodeIgniter\CodeIgniter->handleRequest(NULL, Object(Config\Cache), false)
#4 /Applications/MAMP/htdocs/baliwag/systems/index.php(38): CodeIgniter\CodeIgniter->run()
#5 {main}
ERROR - 2023-05-15 11:42:36 --> You have an error in your SQL syntax; check the manual that corresponds to your MySQL server version for the right syntax to use near 'baliwagc_hris_db' at line 1
ERROR - 2023-05-15 11:43:26 --> You have an error in your SQL syntax; check the manual that corresponds to your MySQL server version for the right syntax to use near 'baliwagc_hris_db' at line 1
ERROR - 2023-05-15 11:44:10 --> You have an error in your SQL syntax; check the manual that corresponds to your MySQL server version for the right syntax to use near 'baliwagc_hris_db' at line 1
