ERROR - 2023-10-03 10:23:46 --> Unknown column 'id_filename' in 'field list'
ERROR - 2023-10-03 10:23:46 --> Unknown column 'id_filename' in 'field list'
ERROR - 2023-10-03 10:25:35 --> Unknown column 'id_filename' in 'field list'
ERROR - 2023-10-03 10:25:36 --> Unknown column 'id_filename' in 'field list'
ERROR - 2023-10-03 10:26:14 --> Unknown column 'id_filename' in 'field list'
ERROR - 2023-10-03 10:26:14 --> Unknown column 'id_filename' in 'field list'
ERROR - 2023-10-03 10:33:58 --> Unknown column 'id_filename' in 'field list'
ERROR - 2023-10-03 10:33:58 --> Unknown column 'id_filename' in 'field list'
ERROR - 2023-10-03 10:37:16 --> Unknown column 'id_filename' in 'field list'
ERROR - 2023-10-03 10:37:16 --> Unknown column 'id_filename' in 'field list'
ERROR - 2023-10-03 10:41:44 --> Unknown column 'id_filename' in 'field list'
ERROR - 2023-10-03 10:41:44 --> Unknown column 'id_filename' in 'field list'
ERROR - 2023-10-03 10:50:35 --> Unknown column 'id_filename' in 'field list'
ERROR - 2023-10-03 10:50:36 --> Unknown column 'id_filename' in 'field list'
ERROR - 2023-10-03 10:51:00 --> Unknown column 'id_filename' in 'field list'
ERROR - 2023-10-03 10:51:01 --> Unknown column 'id_filename' in 'field list'
ERROR - 2023-10-03 10:54:09 --> Unknown column 'id_filename' in 'field list'
ERROR - 2023-10-03 10:54:09 --> Unknown column 'id_filename' in 'field list'
CRITICAL - 2023-10-03 11:02:58 --> Cannot use object of type stdClass as array
#0 C:\xampp\htdocs\blink\vendor\codeigniter4\framework\system\CodeIgniter.php(832): App\Controllers\Senior\Senior->uploadSeniorID()
#1 C:\xampp\htdocs\blink\vendor\codeigniter4\framework\system\CodeIgniter.php(419): CodeIgniter\CodeIgniter->runController(Object(App\Controllers\Senior\Senior))
#2 C:\xampp\htdocs\blink\vendor\codeigniter4\framework\system\CodeIgniter.php(326): CodeIgniter\CodeIgniter->handleRequest(NULL, Object(Config\Cache), false)
#3 C:\xampp\htdocs\blink\index.php(38): CodeIgniter\CodeIgniter->run()
#4 {main}
