CRITICAL - 2023-08-04 00:11:29 --> syntax error, unexpected ']'
#0 /Applications/MAMP/htdocs/baliwag/systems/vendor/codeigniter4/framework/system/Router/Router.php(175): CodeIgniter\Router\Router->autoRoute('/systems')
#1 /Applications/MAMP/htdocs/baliwag/systems/vendor/codeigniter4/framework/system/CodeIgniter.php(726): CodeIgniter\Router\Router->handle('/systems')
#2 /Applications/MAMP/htdocs/baliwag/systems/vendor/codeigniter4/framework/system/CodeIgniter.php(368): CodeIgniter\CodeIgniter->tryToRouteIt(Object(CodeIgniter\Router\RouteCollection))
#3 /Applications/MAMP/htdocs/baliwag/systems/vendor/codeigniter4/framework/system/CodeIgniter.php(326): CodeIgniter\CodeIgniter->handleRequest(NULL, Object(Config\Cache), false)
#4 /Applications/MAMP/htdocs/baliwag/systems/index.php(38): CodeIgniter\CodeIgniter->run()
#5 {main}
CRITICAL - 2023-08-04 00:11:37 --> Undefined variable: roles
#0 /Applications/MAMP/htdocs/baliwag/systems/app/Views/users/users.php(122): CodeIgniter\Debug\Exceptions->errorHandler(8, 'Undefined varia...', '/Applications/M...', 122, Array)
#1 /Applications/MAMP/htdocs/baliwag/systems/vendor/codeigniter4/framework/system/View/View.php(210): include('/Applications/M...')
#2 /Applications/MAMP/htdocs/baliwag/systems/vendor/codeigniter4/framework/system/View/View.php(213): CodeIgniter\View\View->CodeIgniter\View\{closure}()
#3 /Applications/MAMP/htdocs/baliwag/systems/vendor/codeigniter4/framework/system/Common.php(1089): CodeIgniter\View\View->render('users/users', Array, true)
#4 /Applications/MAMP/htdocs/baliwag/systems/app/Controllers/Systems.php(33): view('users/users', Array)
#5 /Applications/MAMP/htdocs/baliwag/systems/vendor/codeigniter4/framework/system/CodeIgniter.php(832): App\Controllers\Systems->index()
#6 /Applications/MAMP/htdocs/baliwag/systems/vendor/codeigniter4/framework/system/CodeIgniter.php(419): CodeIgniter\CodeIgniter->runController(Object(App\Controllers\Systems))
#7 /Applications/MAMP/htdocs/baliwag/systems/vendor/codeigniter4/framework/system/CodeIgniter.php(326): CodeIgniter\CodeIgniter->handleRequest(NULL, Object(Config\Cache), false)
#8 /Applications/MAMP/htdocs/baliwag/systems/index.php(38): CodeIgniter\CodeIgniter->run()
#9 {main}
CRITICAL - 2023-08-04 00:12:26 --> Invalid file: systems/ussystemsDashboarders.php
#0 /Applications/MAMP/htdocs/baliwag/systems/vendor/codeigniter4/framework/system/View/View.php(198): CodeIgniter\Exceptions\FrameworkException::forInvalidFile('systems/ussyste...')
#1 /Applications/MAMP/htdocs/baliwag/systems/vendor/codeigniter4/framework/system/Common.php(1089): CodeIgniter\View\View->render('systems/ussyste...', Array, true)
#2 /Applications/MAMP/htdocs/baliwag/systems/app/Controllers/Systems.php(33): view('systems/ussyste...', Array)
#3 /Applications/MAMP/htdocs/baliwag/systems/vendor/codeigniter4/framework/system/CodeIgniter.php(832): App\Controllers\Systems->index()
#4 /Applications/MAMP/htdocs/baliwag/systems/vendor/codeigniter4/framework/system/CodeIgniter.php(419): CodeIgniter\CodeIgniter->runController(Object(App\Controllers\Systems))
#5 /Applications/MAMP/htdocs/baliwag/systems/vendor/codeigniter4/framework/system/CodeIgniter.php(326): CodeIgniter\CodeIgniter->handleRequest(NULL, Object(Config\Cache), false)
#6 /Applications/MAMP/htdocs/baliwag/systems/index.php(38): CodeIgniter\CodeIgniter->run()
#7 {main}
CRITICAL - 2023-08-04 01:09:02 --> syntax error, unexpected '?>', expecting identifier (T_STRING) or variable (T_VARIABLE) or '{' or '$'
#0 /Applications/MAMP/htdocs/baliwag/systems/vendor/codeigniter4/framework/system/View/View.php(213): CodeIgniter\View\View->CodeIgniter\View\{closure}()
#1 /Applications/MAMP/htdocs/baliwag/systems/vendor/codeigniter4/framework/system/Common.php(1089): CodeIgniter\View\View->render('systems/systemL...', Array, true)
#2 /Applications/MAMP/htdocs/baliwag/systems/app/Controllers/Systems.php(33): view('systems/systemL...', Array)
#3 /Applications/MAMP/htdocs/baliwag/systems/vendor/codeigniter4/framework/system/CodeIgniter.php(832): App\Controllers\Systems->index()
#4 /Applications/MAMP/htdocs/baliwag/systems/vendor/codeigniter4/framework/system/CodeIgniter.php(419): CodeIgniter\CodeIgniter->runController(Object(App\Controllers\Systems))
#5 /Applications/MAMP/htdocs/baliwag/systems/vendor/codeigniter4/framework/system/CodeIgniter.php(326): CodeIgniter\CodeIgniter->handleRequest(NULL, Object(Config\Cache), false)
#6 /Applications/MAMP/htdocs/baliwag/systems/index.php(38): CodeIgniter\CodeIgniter->run()
#7 {main}
