CRITICAL - 2022-07-15 01:01:04 --> Attempt to read property "role_id" on bool
#0 C:\xampp\htdocs\projects\applications\app\Views\users\users.php(83): CodeIgniter\Debug\Exceptions->errorHandler(2, 'Attempt to read...', 'C:\\xampp\\htdocs...', 83)
#1 C:\xampp\htdocs\projects\applications\vendor\codeigniter4\framework\system\View\View.php(210): include('C:\\xampp\\htdocs...')
#2 C:\xampp\htdocs\projects\applications\vendor\codeigniter4\framework\system\View\View.php(213): CodeIgniter\View\View->CodeIgniter\View\{closure}()
#3 C:\xampp\htdocs\projects\applications\vendor\codeigniter4\framework\system\Common.php(1089): CodeIgniter\View\View->render('users/users', Array, true)
#4 C:\xampp\htdocs\projects\applications\app\Controllers\Users.php(32): view('users/users', Array)
#5 C:\xampp\htdocs\projects\applications\vendor\codeigniter4\framework\system\CodeIgniter.php(832): App\Controllers\Users->index()
#6 C:\xampp\htdocs\projects\applications\vendor\codeigniter4\framework\system\CodeIgniter.php(419): CodeIgniter\CodeIgniter->runController(Object(App\Controllers\Users))
#7 C:\xampp\htdocs\projects\applications\vendor\codeigniter4\framework\system\CodeIgniter.php(326): CodeIgniter\CodeIgniter->handleRequest(NULL, Object(Config\Cache), false)
#8 C:\xampp\htdocs\projects\applications\index.php(38): CodeIgniter\CodeIgniter->run()
#9 {main}
CRITICAL - 2022-07-15 01:03:30 --> syntax error, unexpected token "if"
#0 C:\xampp\htdocs\projects\applications\vendor\codeigniter4\framework\system\Router\Router.php(175): CodeIgniter\Router\Router->autoRoute('/users')
#1 C:\xampp\htdocs\projects\applications\vendor\codeigniter4\framework\system\CodeIgniter.php(726): CodeIgniter\Router\Router->handle('/users')
#2 C:\xampp\htdocs\projects\applications\vendor\codeigniter4\framework\system\CodeIgniter.php(368): CodeIgniter\CodeIgniter->tryToRouteIt(Object(CodeIgniter\Router\RouteCollection))
#3 C:\xampp\htdocs\projects\applications\vendor\codeigniter4\framework\system\CodeIgniter.php(326): CodeIgniter\CodeIgniter->handleRequest(NULL, Object(Config\Cache), false)
#4 C:\xampp\htdocs\projects\applications\index.php(38): CodeIgniter\CodeIgniter->run()
#5 {main}
CRITICAL - 2022-07-15 01:03:37 --> Attempt to read property "dept_id" on bool
#0 C:\xampp\htdocs\projects\applications\app\Views\users\users.php(123): CodeIgniter\Debug\Exceptions->errorHandler(2, 'Attempt to read...', 'C:\\xampp\\htdocs...', 123)
#1 C:\xampp\htdocs\projects\applications\vendor\codeigniter4\framework\system\View\View.php(210): include('C:\\xampp\\htdocs...')
#2 C:\xampp\htdocs\projects\applications\vendor\codeigniter4\framework\system\View\View.php(213): CodeIgniter\View\View->CodeIgniter\View\{closure}()
#3 C:\xampp\htdocs\projects\applications\vendor\codeigniter4\framework\system\Common.php(1089): CodeIgniter\View\View->render('users/users', Array, true)
#4 C:\xampp\htdocs\projects\applications\app\Controllers\Users.php(32): view('users/users', Array)
#5 C:\xampp\htdocs\projects\applications\vendor\codeigniter4\framework\system\CodeIgniter.php(832): App\Controllers\Users->index()
#6 C:\xampp\htdocs\projects\applications\vendor\codeigniter4\framework\system\CodeIgniter.php(419): CodeIgniter\CodeIgniter->runController(Object(App\Controllers\Users))
#7 C:\xampp\htdocs\projects\applications\vendor\codeigniter4\framework\system\CodeIgniter.php(326): CodeIgniter\CodeIgniter->handleRequest(NULL, Object(Config\Cache), false)
#8 C:\xampp\htdocs\projects\applications\index.php(38): CodeIgniter\CodeIgniter->run()
#9 {main}
CRITICAL - 2022-07-15 11:13:52 --> Undefined variable $childList
#0 C:\xampp\htdocs\projects\applications\app\Controllers\Users.php(587): CodeIgniter\Debug\Exceptions->errorHandler(2, 'Undefined varia...', 'C:\\xampp\\htdocs...', 587)
#1 C:\xampp\htdocs\projects\applications\vendor\codeigniter4\framework\system\CodeIgniter.php(832): App\Controllers\Users->addEducationInfo()
#2 C:\xampp\htdocs\projects\applications\vendor\codeigniter4\framework\system\CodeIgniter.php(419): CodeIgniter\CodeIgniter->runController(Object(App\Controllers\Users))
#3 C:\xampp\htdocs\projects\applications\vendor\codeigniter4\framework\system\CodeIgniter.php(326): CodeIgniter\CodeIgniter->handleRequest(NULL, Object(Config\Cache), false)
#4 C:\xampp\htdocs\projects\applications\index.php(38): CodeIgniter\CodeIgniter->run()
#5 {main}
ERROR - 2022-07-15 11:45:46 --> Unknown column 'recent_job_position' in 'field list'
ERROR - 2022-07-15 11:46:00 --> Unknown column 'recent_job_position' in 'field list'
ERROR - 2022-07-15 11:46:26 --> Column 'most_job_tenure' cannot be null
ERROR - 2022-07-15 11:46:34 --> Column 'most_job_tenure' cannot be null
CRITICAL - 2022-07-15 12:06:53 --> Trying to access array offset on value of type null
#0 C:\xampp\htdocs\projects\applications\app\Controllers\Users.php(694): CodeIgniter\Debug\Exceptions->errorHandler(2, 'Trying to acces...', 'C:\\xampp\\htdocs...', 694)
#1 C:\xampp\htdocs\projects\applications\vendor\codeigniter4\framework\system\CodeIgniter.php(832): App\Controllers\Users->addTravelInfo()
#2 C:\xampp\htdocs\projects\applications\vendor\codeigniter4\framework\system\CodeIgniter.php(419): CodeIgniter\CodeIgniter->runController(Object(App\Controllers\Users))
#3 C:\xampp\htdocs\projects\applications\vendor\codeigniter4\framework\system\CodeIgniter.php(326): CodeIgniter\CodeIgniter->handleRequest(NULL, Object(Config\Cache), false)
#4 C:\xampp\htdocs\projects\applications\index.php(38): CodeIgniter\CodeIgniter->run()
#5 {main}
CRITICAL - 2022-07-15 12:09:14 --> Trying to access array offset on value of type null
#0 C:\xampp\htdocs\projects\applications\app\Controllers\Users.php(694): CodeIgniter\Debug\Exceptions->errorHandler(2, 'Trying to acces...', 'C:\\xampp\\htdocs...', 694)
#1 C:\xampp\htdocs\projects\applications\vendor\codeigniter4\framework\system\CodeIgniter.php(832): App\Controllers\Users->addTravelInfo()
#2 C:\xampp\htdocs\projects\applications\vendor\codeigniter4\framework\system\CodeIgniter.php(419): CodeIgniter\CodeIgniter->runController(Object(App\Controllers\Users))
#3 C:\xampp\htdocs\projects\applications\vendor\codeigniter4\framework\system\CodeIgniter.php(326): CodeIgniter\CodeIgniter->handleRequest(NULL, Object(Config\Cache), false)
#4 C:\xampp\htdocs\projects\applications\index.php(38): CodeIgniter\CodeIgniter->run()
#5 {main}
CRITICAL - 2022-07-15 12:14:09 --> Trying to access array offset on value of type null
#0 C:\xampp\htdocs\projects\applications\app\Controllers\Users.php(729): CodeIgniter\Debug\Exceptions->errorHandler(2, 'Trying to acces...', 'C:\\xampp\\htdocs...', 729)
#1 C:\xampp\htdocs\projects\applications\vendor\codeigniter4\framework\system\CodeIgniter.php(832): App\Controllers\Users->addTravelInfo()
#2 C:\xampp\htdocs\projects\applications\vendor\codeigniter4\framework\system\CodeIgniter.php(419): CodeIgniter\CodeIgniter->runController(Object(App\Controllers\Users))
#3 C:\xampp\htdocs\projects\applications\vendor\codeigniter4\framework\system\CodeIgniter.php(326): CodeIgniter\CodeIgniter->handleRequest(NULL, Object(Config\Cache), false)
#4 C:\xampp\htdocs\projects\applications\index.php(38): CodeIgniter\CodeIgniter->run()
#5 {main}
CRITICAL - 2022-07-15 12:16:58 --> Call to undefined function var_dum()
#0 C:\xampp\htdocs\projects\applications\vendor\codeigniter4\framework\system\View\View.php(210): include()
#1 C:\xampp\htdocs\projects\applications\vendor\codeigniter4\framework\system\View\View.php(213): CodeIgniter\View\View->CodeIgniter\View\{closure}()
#2 C:\xampp\htdocs\projects\applications\vendor\codeigniter4\framework\system\Common.php(1089): CodeIgniter\View\View->render('users/profile', Array, true)
#3 C:\xampp\htdocs\projects\applications\app\Controllers\Users.php(389): view('users/profile', Array)
#4 C:\xampp\htdocs\projects\applications\vendor\codeigniter4\framework\system\CodeIgniter.php(832): App\Controllers\Users->profile()
#5 C:\xampp\htdocs\projects\applications\vendor\codeigniter4\framework\system\CodeIgniter.php(419): CodeIgniter\CodeIgniter->runController(Object(App\Controllers\Users))
#6 C:\xampp\htdocs\projects\applications\vendor\codeigniter4\framework\system\CodeIgniter.php(326): CodeIgniter\CodeIgniter->handleRequest(NULL, Object(Config\Cache), false)
#7 C:\xampp\htdocs\projects\applications\index.php(38): CodeIgniter\CodeIgniter->run()
#8 {main}
CRITICAL - 2022-07-15 12:19:48 --> Attempt to read property "highest_education" on array
#0 C:\xampp\htdocs\projects\applications\app\Views\users\profile.php(419): CodeIgniter\Debug\Exceptions->errorHandler(2, 'Attempt to read...', 'C:\\xampp\\htdocs...', 419)
#1 C:\xampp\htdocs\projects\applications\vendor\codeigniter4\framework\system\View\View.php(210): include('C:\\xampp\\htdocs...')
#2 C:\xampp\htdocs\projects\applications\vendor\codeigniter4\framework\system\View\View.php(213): CodeIgniter\View\View->CodeIgniter\View\{closure}()
#3 C:\xampp\htdocs\projects\applications\vendor\codeigniter4\framework\system\Common.php(1089): CodeIgniter\View\View->render('users/profile', Array, true)
#4 C:\xampp\htdocs\projects\applications\app\Controllers\Users.php(389): view('users/profile', Array)
#5 C:\xampp\htdocs\projects\applications\vendor\codeigniter4\framework\system\CodeIgniter.php(832): App\Controllers\Users->profile()
#6 C:\xampp\htdocs\projects\applications\vendor\codeigniter4\framework\system\CodeIgniter.php(419): CodeIgniter\CodeIgniter->runController(Object(App\Controllers\Users))
#7 C:\xampp\htdocs\projects\applications\vendor\codeigniter4\framework\system\CodeIgniter.php(326): CodeIgniter\CodeIgniter->handleRequest(NULL, Object(Config\Cache), false)
#8 C:\xampp\htdocs\projects\applications\index.php(38): CodeIgniter\CodeIgniter->run()
#9 {main}
CRITICAL - 2022-07-15 12:21:29 --> Attempt to read property "child_id" on string
#0 C:\xampp\htdocs\projects\applications\app\Views\users\profile.php(369): CodeIgniter\Debug\Exceptions->errorHandler(2, 'Attempt to read...', 'C:\\xampp\\htdocs...', 369)
#1 C:\xampp\htdocs\projects\applications\vendor\codeigniter4\framework\system\View\View.php(210): include('C:\\xampp\\htdocs...')
#2 C:\xampp\htdocs\projects\applications\vendor\codeigniter4\framework\system\View\View.php(213): CodeIgniter\View\View->CodeIgniter\View\{closure}()
#3 C:\xampp\htdocs\projects\applications\vendor\codeigniter4\framework\system\Common.php(1089): CodeIgniter\View\View->render('users/profile', Array, true)
#4 C:\xampp\htdocs\projects\applications\app\Controllers\Users.php(388): view('users/profile', Array)
#5 C:\xampp\htdocs\projects\applications\vendor\codeigniter4\framework\system\CodeIgniter.php(832): App\Controllers\Users->profile()
#6 C:\xampp\htdocs\projects\applications\vendor\codeigniter4\framework\system\CodeIgniter.php(419): CodeIgniter\CodeIgniter->runController(Object(App\Controllers\Users))
#7 C:\xampp\htdocs\projects\applications\vendor\codeigniter4\framework\system\CodeIgniter.php(326): CodeIgniter\CodeIgniter->handleRequest(NULL, Object(Config\Cache), false)
#8 C:\xampp\htdocs\projects\applications\index.php(38): CodeIgniter\CodeIgniter->run()
#9 {main}
CRITICAL - 2022-07-15 12:23:16 --> Attempt to read property "child_name" on string
#0 C:\xampp\htdocs\projects\applications\app\Views\users\profile.php(370): CodeIgniter\Debug\Exceptions->errorHandler(2, 'Attempt to read...', 'C:\\xampp\\htdocs...', 370)
#1 C:\xampp\htdocs\projects\applications\vendor\codeigniter4\framework\system\View\View.php(210): include('C:\\xampp\\htdocs...')
#2 C:\xampp\htdocs\projects\applications\vendor\codeigniter4\framework\system\View\View.php(213): CodeIgniter\View\View->CodeIgniter\View\{closure}()
#3 C:\xampp\htdocs\projects\applications\vendor\codeigniter4\framework\system\Common.php(1089): CodeIgniter\View\View->render('users/profile', Array, true)
#4 C:\xampp\htdocs\projects\applications\app\Controllers\Users.php(389): view('users/profile', Array)
#5 C:\xampp\htdocs\projects\applications\vendor\codeigniter4\framework\system\CodeIgniter.php(832): App\Controllers\Users->profile()
#6 C:\xampp\htdocs\projects\applications\vendor\codeigniter4\framework\system\CodeIgniter.php(419): CodeIgniter\CodeIgniter->runController(Object(App\Controllers\Users))
#7 C:\xampp\htdocs\projects\applications\vendor\codeigniter4\framework\system\CodeIgniter.php(326): CodeIgniter\CodeIgniter->handleRequest(NULL, Object(Config\Cache), false)
#8 C:\xampp\htdocs\projects\applications\index.php(38): CodeIgniter\CodeIgniter->run()
#9 {main}
CRITICAL - 2022-07-15 12:28:04 --> Attempt to read property "highest_education" on bool
#0 C:\xampp\htdocs\projects\applications\app\Views\users\profile.php(418): CodeIgniter\Debug\Exceptions->errorHandler(2, 'Attempt to read...', 'C:\\xampp\\htdocs...', 418)
#1 C:\xampp\htdocs\projects\applications\vendor\codeigniter4\framework\system\View\View.php(210): include('C:\\xampp\\htdocs...')
#2 C:\xampp\htdocs\projects\applications\vendor\codeigniter4\framework\system\View\View.php(213): CodeIgniter\View\View->CodeIgniter\View\{closure}()
#3 C:\xampp\htdocs\projects\applications\vendor\codeigniter4\framework\system\Common.php(1089): CodeIgniter\View\View->render('users/profile', Array, true)
#4 C:\xampp\htdocs\projects\applications\app\Controllers\Users.php(389): view('users/profile', Array)
#5 C:\xampp\htdocs\projects\applications\vendor\codeigniter4\framework\system\CodeIgniter.php(832): App\Controllers\Users->profile()
#6 C:\xampp\htdocs\projects\applications\vendor\codeigniter4\framework\system\CodeIgniter.php(419): CodeIgniter\CodeIgniter->runController(Object(App\Controllers\Users))
#7 C:\xampp\htdocs\projects\applications\vendor\codeigniter4\framework\system\CodeIgniter.php(326): CodeIgniter\CodeIgniter->handleRequest(NULL, Object(Config\Cache), false)
#8 C:\xampp\htdocs\projects\applications\index.php(38): CodeIgniter\CodeIgniter->run()
#9 {main}
CRITICAL - 2022-07-15 12:30:10 --> Attempt to read property "highest_education" on bool
#0 C:\xampp\htdocs\projects\applications\app\Views\users\profile.php(418): CodeIgniter\Debug\Exceptions->errorHandler(2, 'Attempt to read...', 'C:\\xampp\\htdocs...', 418)
#1 C:\xampp\htdocs\projects\applications\vendor\codeigniter4\framework\system\View\View.php(210): include('C:\\xampp\\htdocs...')
#2 C:\xampp\htdocs\projects\applications\vendor\codeigniter4\framework\system\View\View.php(213): CodeIgniter\View\View->CodeIgniter\View\{closure}()
#3 C:\xampp\htdocs\projects\applications\vendor\codeigniter4\framework\system\Common.php(1089): CodeIgniter\View\View->render('users/profile', Array, true)
#4 C:\xampp\htdocs\projects\applications\app\Controllers\Users.php(389): view('users/profile', Array)
#5 C:\xampp\htdocs\projects\applications\vendor\codeigniter4\framework\system\CodeIgniter.php(832): App\Controllers\Users->profile()
#6 C:\xampp\htdocs\projects\applications\vendor\codeigniter4\framework\system\CodeIgniter.php(419): CodeIgniter\CodeIgniter->runController(Object(App\Controllers\Users))
#7 C:\xampp\htdocs\projects\applications\vendor\codeigniter4\framework\system\CodeIgniter.php(326): CodeIgniter\CodeIgniter->handleRequest(NULL, Object(Config\Cache), false)
#8 C:\xampp\htdocs\projects\applications\index.php(38): CodeIgniter\CodeIgniter->run()
#9 {main}
CRITICAL - 2022-07-15 12:32:21 --> Attempt to read property "highest_education" on bool
#0 C:\xampp\htdocs\projects\applications\app\Views\users\profile.php(409): CodeIgniter\Debug\Exceptions->errorHandler(2, 'Attempt to read...', 'C:\\xampp\\htdocs...', 409)
#1 C:\xampp\htdocs\projects\applications\vendor\codeigniter4\framework\system\View\View.php(210): include('C:\\xampp\\htdocs...')
#2 C:\xampp\htdocs\projects\applications\vendor\codeigniter4\framework\system\View\View.php(213): CodeIgniter\View\View->CodeIgniter\View\{closure}()
#3 C:\xampp\htdocs\projects\applications\vendor\codeigniter4\framework\system\Common.php(1089): CodeIgniter\View\View->render('users/profile', Array, true)
#4 C:\xampp\htdocs\projects\applications\app\Controllers\Users.php(389): view('users/profile', Array)
#5 C:\xampp\htdocs\projects\applications\vendor\codeigniter4\framework\system\CodeIgniter.php(832): App\Controllers\Users->profile()
#6 C:\xampp\htdocs\projects\applications\vendor\codeigniter4\framework\system\CodeIgniter.php(419): CodeIgniter\CodeIgniter->runController(Object(App\Controllers\Users))
#7 C:\xampp\htdocs\projects\applications\vendor\codeigniter4\framework\system\CodeIgniter.php(326): CodeIgniter\CodeIgniter->handleRequest(NULL, Object(Config\Cache), false)
#8 C:\xampp\htdocs\projects\applications\index.php(38): CodeIgniter\CodeIgniter->run()
#9 {main}
CRITICAL - 2022-07-15 12:33:29 --> Attempt to read property "highest_education" on bool
#0 C:\xampp\htdocs\projects\applications\app\Views\users\profile.php(418): CodeIgniter\Debug\Exceptions->errorHandler(2, 'Attempt to read...', 'C:\\xampp\\htdocs...', 418)
#1 C:\xampp\htdocs\projects\applications\vendor\codeigniter4\framework\system\View\View.php(210): include('C:\\xampp\\htdocs...')
#2 C:\xampp\htdocs\projects\applications\vendor\codeigniter4\framework\system\View\View.php(213): CodeIgniter\View\View->CodeIgniter\View\{closure}()
#3 C:\xampp\htdocs\projects\applications\vendor\codeigniter4\framework\system\Common.php(1089): CodeIgniter\View\View->render('users/profile', Array, true)
#4 C:\xampp\htdocs\projects\applications\app\Controllers\Users.php(389): view('users/profile', Array)
#5 C:\xampp\htdocs\projects\applications\vendor\codeigniter4\framework\system\CodeIgniter.php(832): App\Controllers\Users->profile()
#6 C:\xampp\htdocs\projects\applications\vendor\codeigniter4\framework\system\CodeIgniter.php(419): CodeIgniter\CodeIgniter->runController(Object(App\Controllers\Users))
#7 C:\xampp\htdocs\projects\applications\vendor\codeigniter4\framework\system\CodeIgniter.php(326): CodeIgniter\CodeIgniter->handleRequest(NULL, Object(Config\Cache), false)
#8 C:\xampp\htdocs\projects\applications\index.php(38): CodeIgniter\CodeIgniter->run()
#9 {main}
CRITICAL - 2022-07-15 12:34:18 --> Attempt to read property "name_of_school" on bool
#0 C:\xampp\htdocs\projects\applications\app\Views\users\profile.php(429): CodeIgniter\Debug\Exceptions->errorHandler(2, 'Attempt to read...', 'C:\\xampp\\htdocs...', 429)
#1 C:\xampp\htdocs\projects\applications\vendor\codeigniter4\framework\system\View\View.php(210): include('C:\\xampp\\htdocs...')
#2 C:\xampp\htdocs\projects\applications\vendor\codeigniter4\framework\system\View\View.php(213): CodeIgniter\View\View->CodeIgniter\View\{closure}()
#3 C:\xampp\htdocs\projects\applications\vendor\codeigniter4\framework\system\Common.php(1089): CodeIgniter\View\View->render('users/profile', Array, true)
#4 C:\xampp\htdocs\projects\applications\app\Controllers\Users.php(389): view('users/profile', Array)
#5 C:\xampp\htdocs\projects\applications\vendor\codeigniter4\framework\system\CodeIgniter.php(832): App\Controllers\Users->profile()
#6 C:\xampp\htdocs\projects\applications\vendor\codeigniter4\framework\system\CodeIgniter.php(419): CodeIgniter\CodeIgniter->runController(Object(App\Controllers\Users))
#7 C:\xampp\htdocs\projects\applications\vendor\codeigniter4\framework\system\CodeIgniter.php(326): CodeIgniter\CodeIgniter->handleRequest(NULL, Object(Config\Cache), false)
#8 C:\xampp\htdocs\projects\applications\index.php(38): CodeIgniter\CodeIgniter->run()
#9 {main}
CRITICAL - 2022-07-15 12:35:20 --> Attempt to read property "school_address" on bool
#0 C:\xampp\htdocs\projects\applications\app\Views\users\profile.php(437): CodeIgniter\Debug\Exceptions->errorHandler(2, 'Attempt to read...', 'C:\\xampp\\htdocs...', 437)
#1 C:\xampp\htdocs\projects\applications\vendor\codeigniter4\framework\system\View\View.php(210): include('C:\\xampp\\htdocs...')
#2 C:\xampp\htdocs\projects\applications\vendor\codeigniter4\framework\system\View\View.php(213): CodeIgniter\View\View->CodeIgniter\View\{closure}()
#3 C:\xampp\htdocs\projects\applications\vendor\codeigniter4\framework\system\Common.php(1089): CodeIgniter\View\View->render('users/profile', Array, true)
#4 C:\xampp\htdocs\projects\applications\app\Controllers\Users.php(389): view('users/profile', Array)
#5 C:\xampp\htdocs\projects\applications\vendor\codeigniter4\framework\system\CodeIgniter.php(832): App\Controllers\Users->profile()
#6 C:\xampp\htdocs\projects\applications\vendor\codeigniter4\framework\system\CodeIgniter.php(419): CodeIgniter\CodeIgniter->runController(Object(App\Controllers\Users))
#7 C:\xampp\htdocs\projects\applications\vendor\codeigniter4\framework\system\CodeIgniter.php(326): CodeIgniter\CodeIgniter->handleRequest(NULL, Object(Config\Cache), false)
#8 C:\xampp\htdocs\projects\applications\index.php(38): CodeIgniter\CodeIgniter->run()
#9 {main}
CRITICAL - 2022-07-15 12:35:45 --> Attempt to read property "school_year" on bool
#0 C:\xampp\htdocs\projects\applications\app\Views\users\profile.php(453): CodeIgniter\Debug\Exceptions->errorHandler(2, 'Attempt to read...', 'C:\\xampp\\htdocs...', 453)
#1 C:\xampp\htdocs\projects\applications\vendor\codeigniter4\framework\system\View\View.php(210): include('C:\\xampp\\htdocs...')
#2 C:\xampp\htdocs\projects\applications\vendor\codeigniter4\framework\system\View\View.php(213): CodeIgniter\View\View->CodeIgniter\View\{closure}()
#3 C:\xampp\htdocs\projects\applications\vendor\codeigniter4\framework\system\Common.php(1089): CodeIgniter\View\View->render('users/profile', Array, true)
#4 C:\xampp\htdocs\projects\applications\app\Controllers\Users.php(389): view('users/profile', Array)
#5 C:\xampp\htdocs\projects\applications\vendor\codeigniter4\framework\system\CodeIgniter.php(832): App\Controllers\Users->profile()
#6 C:\xampp\htdocs\projects\applications\vendor\codeigniter4\framework\system\CodeIgniter.php(419): CodeIgniter\CodeIgniter->runController(Object(App\Controllers\Users))
#7 C:\xampp\htdocs\projects\applications\vendor\codeigniter4\framework\system\CodeIgniter.php(326): CodeIgniter\CodeIgniter->handleRequest(NULL, Object(Config\Cache), false)
#8 C:\xampp\htdocs\projects\applications\index.php(38): CodeIgniter\CodeIgniter->run()
#9 {main}
CRITICAL - 2022-07-15 12:40:48 --> Undefined property: stdClass::$recent_job_position
#0 C:\xampp\htdocs\projects\applications\app\Views\users\profile.php(477): CodeIgniter\Debug\Exceptions->errorHandler(2, 'Undefined prope...', 'C:\\xampp\\htdocs...', 477)
#1 C:\xampp\htdocs\projects\applications\vendor\codeigniter4\framework\system\View\View.php(210): include('C:\\xampp\\htdocs...')
#2 C:\xampp\htdocs\projects\applications\vendor\codeigniter4\framework\system\View\View.php(213): CodeIgniter\View\View->CodeIgniter\View\{closure}()
#3 C:\xampp\htdocs\projects\applications\vendor\codeigniter4\framework\system\Common.php(1089): CodeIgniter\View\View->render('users/profile', Array, true)
#4 C:\xampp\htdocs\projects\applications\app\Controllers\Users.php(391): view('users/profile', Array)
#5 C:\xampp\htdocs\projects\applications\vendor\codeigniter4\framework\system\CodeIgniter.php(832): App\Controllers\Users->profile()
#6 C:\xampp\htdocs\projects\applications\vendor\codeigniter4\framework\system\CodeIgniter.php(419): CodeIgniter\CodeIgniter->runController(Object(App\Controllers\Users))
#7 C:\xampp\htdocs\projects\applications\vendor\codeigniter4\framework\system\CodeIgniter.php(326): CodeIgniter\CodeIgniter->handleRequest(NULL, Object(Config\Cache), false)
#8 C:\xampp\htdocs\projects\applications\index.php(38): CodeIgniter\CodeIgniter->run()
#9 {main}
CRITICAL - 2022-07-15 12:41:41 --> Undefined property: stdClass::$recent_job_positionuserCareerInfo
#0 C:\xampp\htdocs\projects\applications\app\Views\users\profile.php(477): CodeIgniter\Debug\Exceptions->errorHandler(2, 'Undefined prope...', 'C:\\xampp\\htdocs...', 477)
#1 C:\xampp\htdocs\projects\applications\vendor\codeigniter4\framework\system\View\View.php(210): include('C:\\xampp\\htdocs...')
#2 C:\xampp\htdocs\projects\applications\vendor\codeigniter4\framework\system\View\View.php(213): CodeIgniter\View\View->CodeIgniter\View\{closure}()
#3 C:\xampp\htdocs\projects\applications\vendor\codeigniter4\framework\system\Common.php(1089): CodeIgniter\View\View->render('users/profile', Array, true)
#4 C:\xampp\htdocs\projects\applications\app\Controllers\Users.php(391): view('users/profile', Array)
#5 C:\xampp\htdocs\projects\applications\vendor\codeigniter4\framework\system\CodeIgniter.php(832): App\Controllers\Users->profile()
#6 C:\xampp\htdocs\projects\applications\vendor\codeigniter4\framework\system\CodeIgniter.php(419): CodeIgniter\CodeIgniter->runController(Object(App\Controllers\Users))
#7 C:\xampp\htdocs\projects\applications\vendor\codeigniter4\framework\system\CodeIgniter.php(326): CodeIgniter\CodeIgniter->handleRequest(NULL, Object(Config\Cache), false)
#8 C:\xampp\htdocs\projects\applications\index.php(38): CodeIgniter\CodeIgniter->run()
#9 {main}
CRITICAL - 2022-07-15 12:41:51 --> Undefined property: stdClass::$userCareerInfo
#0 C:\xampp\htdocs\projects\applications\app\Views\users\profile.php(477): CodeIgniter\Debug\Exceptions->errorHandler(2, 'Undefined prope...', 'C:\\xampp\\htdocs...', 477)
#1 C:\xampp\htdocs\projects\applications\vendor\codeigniter4\framework\system\View\View.php(210): include('C:\\xampp\\htdocs...')
#2 C:\xampp\htdocs\projects\applications\vendor\codeigniter4\framework\system\View\View.php(213): CodeIgniter\View\View->CodeIgniter\View\{closure}()
#3 C:\xampp\htdocs\projects\applications\vendor\codeigniter4\framework\system\Common.php(1089): CodeIgniter\View\View->render('users/profile', Array, true)
#4 C:\xampp\htdocs\projects\applications\app\Controllers\Users.php(391): view('users/profile', Array)
#5 C:\xampp\htdocs\projects\applications\vendor\codeigniter4\framework\system\CodeIgniter.php(832): App\Controllers\Users->profile()
#6 C:\xampp\htdocs\projects\applications\vendor\codeigniter4\framework\system\CodeIgniter.php(419): CodeIgniter\CodeIgniter->runController(Object(App\Controllers\Users))
#7 C:\xampp\htdocs\projects\applications\vendor\codeigniter4\framework\system\CodeIgniter.php(326): CodeIgniter\CodeIgniter->handleRequest(NULL, Object(Config\Cache), false)
#8 C:\xampp\htdocs\projects\applications\index.php(38): CodeIgniter\CodeIgniter->run()
#9 {main}
CRITICAL - 2022-07-15 12:45:59 --> Attempt to read property "firstname" on bool
#0 C:\xampp\htdocs\projects\applications\app\Views\users\profile.php(209): CodeIgniter\Debug\Exceptions->errorHandler(2, 'Attempt to read...', 'C:\\xampp\\htdocs...', 209)
#1 C:\xampp\htdocs\projects\applications\vendor\codeigniter4\framework\system\View\View.php(210): include('C:\\xampp\\htdocs...')
#2 C:\xampp\htdocs\projects\applications\vendor\codeigniter4\framework\system\View\View.php(213): CodeIgniter\View\View->CodeIgniter\View\{closure}()
#3 C:\xampp\htdocs\projects\applications\vendor\codeigniter4\framework\system\Common.php(1089): CodeIgniter\View\View->render('users/profile', Array, true)
#4 C:\xampp\htdocs\projects\applications\app\Controllers\Users.php(391): view('users/profile', Array)
#5 C:\xampp\htdocs\projects\applications\vendor\codeigniter4\framework\system\CodeIgniter.php(832): App\Controllers\Users->profile()
#6 C:\xampp\htdocs\projects\applications\vendor\codeigniter4\framework\system\CodeIgniter.php(419): CodeIgniter\CodeIgniter->runController(Object(App\Controllers\Users))
#7 C:\xampp\htdocs\projects\applications\vendor\codeigniter4\framework\system\CodeIgniter.php(326): CodeIgniter\CodeIgniter->handleRequest(NULL, Object(Config\Cache), false)
#8 C:\xampp\htdocs\projects\applications\index.php(38): CodeIgniter\CodeIgniter->run()
#9 {main}
CRITICAL - 2022-07-15 12:46:43 --> Attempt to read property "middlename" on bool
#0 C:\xampp\htdocs\projects\applications\app\Views\users\profile.php(215): CodeIgniter\Debug\Exceptions->errorHandler(2, 'Attempt to read...', 'C:\\xampp\\htdocs...', 215)
#1 C:\xampp\htdocs\projects\applications\vendor\codeigniter4\framework\system\View\View.php(210): include('C:\\xampp\\htdocs...')
#2 C:\xampp\htdocs\projects\applications\vendor\codeigniter4\framework\system\View\View.php(213): CodeIgniter\View\View->CodeIgniter\View\{closure}()
#3 C:\xampp\htdocs\projects\applications\vendor\codeigniter4\framework\system\Common.php(1089): CodeIgniter\View\View->render('users/profile', Array, true)
#4 C:\xampp\htdocs\projects\applications\app\Controllers\Users.php(391): view('users/profile', Array)
#5 C:\xampp\htdocs\projects\applications\vendor\codeigniter4\framework\system\CodeIgniter.php(832): App\Controllers\Users->profile()
#6 C:\xampp\htdocs\projects\applications\vendor\codeigniter4\framework\system\CodeIgniter.php(419): CodeIgniter\CodeIgniter->runController(Object(App\Controllers\Users))
#7 C:\xampp\htdocs\projects\applications\vendor\codeigniter4\framework\system\CodeIgniter.php(326): CodeIgniter\CodeIgniter->handleRequest(NULL, Object(Config\Cache), false)
#8 C:\xampp\htdocs\projects\applications\index.php(38): CodeIgniter\CodeIgniter->run()
#9 {main}
CRITICAL - 2022-07-15 12:47:40 --> Attempt to read property "contact_no" on bool
#0 C:\xampp\htdocs\projects\applications\app\Views\users\profile.php(257): CodeIgniter\Debug\Exceptions->errorHandler(2, 'Attempt to read...', 'C:\\xampp\\htdocs...', 257)
#1 C:\xampp\htdocs\projects\applications\vendor\codeigniter4\framework\system\View\View.php(210): include('C:\\xampp\\htdocs...')
#2 C:\xampp\htdocs\projects\applications\vendor\codeigniter4\framework\system\View\View.php(213): CodeIgniter\View\View->CodeIgniter\View\{closure}()
#3 C:\xampp\htdocs\projects\applications\vendor\codeigniter4\framework\system\Common.php(1089): CodeIgniter\View\View->render('users/profile', Array, true)
#4 C:\xampp\htdocs\projects\applications\app\Controllers\Users.php(391): view('users/profile', Array)
#5 C:\xampp\htdocs\projects\applications\vendor\codeigniter4\framework\system\CodeIgniter.php(832): App\Controllers\Users->profile()
#6 C:\xampp\htdocs\projects\applications\vendor\codeigniter4\framework\system\CodeIgniter.php(419): CodeIgniter\CodeIgniter->runController(Object(App\Controllers\Users))
#7 C:\xampp\htdocs\projects\applications\vendor\codeigniter4\framework\system\CodeIgniter.php(326): CodeIgniter\CodeIgniter->handleRequest(NULL, Object(Config\Cache), false)
#8 C:\xampp\htdocs\projects\applications\index.php(38): CodeIgniter\CodeIgniter->run()
#9 {main}
CRITICAL - 2022-07-15 12:49:36 --> Attempt to read property "passport_no" on bool
#0 C:\xampp\htdocs\projects\applications\app\Views\users\profile.php(290): CodeIgniter\Debug\Exceptions->errorHandler(2, 'Attempt to read...', 'C:\\xampp\\htdocs...', 290)
#1 C:\xampp\htdocs\projects\applications\vendor\codeigniter4\framework\system\View\View.php(210): include('C:\\xampp\\htdocs...')
#2 C:\xampp\htdocs\projects\applications\vendor\codeigniter4\framework\system\View\View.php(213): CodeIgniter\View\View->CodeIgniter\View\{closure}()
#3 C:\xampp\htdocs\projects\applications\vendor\codeigniter4\framework\system\Common.php(1089): CodeIgniter\View\View->render('users/profile', Array, true)
#4 C:\xampp\htdocs\projects\applications\app\Controllers\Users.php(391): view('users/profile', Array)
#5 C:\xampp\htdocs\projects\applications\vendor\codeigniter4\framework\system\CodeIgniter.php(832): App\Controllers\Users->profile()
#6 C:\xampp\htdocs\projects\applications\vendor\codeigniter4\framework\system\CodeIgniter.php(419): CodeIgniter\CodeIgniter->runController(Object(App\Controllers\Users))
#7 C:\xampp\htdocs\projects\applications\vendor\codeigniter4\framework\system\CodeIgniter.php(326): CodeIgniter\CodeIgniter->handleRequest(NULL, Object(Config\Cache), false)
#8 C:\xampp\htdocs\projects\applications\index.php(38): CodeIgniter\CodeIgniter->run()
#9 {main}
CRITICAL - 2022-07-15 12:50:24 --> Attempt to read property "spouse_name" on bool
#0 C:\xampp\htdocs\projects\applications\app\Views\users\profile.php(336): CodeIgniter\Debug\Exceptions->errorHandler(2, 'Attempt to read...', 'C:\\xampp\\htdocs...', 336)
#1 C:\xampp\htdocs\projects\applications\vendor\codeigniter4\framework\system\View\View.php(210): include('C:\\xampp\\htdocs...')
#2 C:\xampp\htdocs\projects\applications\vendor\codeigniter4\framework\system\View\View.php(213): CodeIgniter\View\View->CodeIgniter\View\{closure}()
#3 C:\xampp\htdocs\projects\applications\vendor\codeigniter4\framework\system\Common.php(1089): CodeIgniter\View\View->render('users/profile', Array, true)
#4 C:\xampp\htdocs\projects\applications\app\Controllers\Users.php(391): view('users/profile', Array)
#5 C:\xampp\htdocs\projects\applications\vendor\codeigniter4\framework\system\CodeIgniter.php(832): App\Controllers\Users->profile()
#6 C:\xampp\htdocs\projects\applications\vendor\codeigniter4\framework\system\CodeIgniter.php(419): CodeIgniter\CodeIgniter->runController(Object(App\Controllers\Users))
#7 C:\xampp\htdocs\projects\applications\vendor\codeigniter4\framework\system\CodeIgniter.php(326): CodeIgniter\CodeIgniter->handleRequest(NULL, Object(Config\Cache), false)
#8 C:\xampp\htdocs\projects\applications\index.php(38): CodeIgniter\CodeIgniter->run()
#9 {main}
CRITICAL - 2022-07-15 12:51:28 --> Undefined property: stdClass::$email
#0 C:\xampp\htdocs\projects\applications\app\Views\users\profile.php(249): CodeIgniter\Debug\Exceptions->errorHandler(2, 'Undefined prope...', 'C:\\xampp\\htdocs...', 249)
#1 C:\xampp\htdocs\projects\applications\vendor\codeigniter4\framework\system\View\View.php(210): include('C:\\xampp\\htdocs...')
#2 C:\xampp\htdocs\projects\applications\vendor\codeigniter4\framework\system\View\View.php(213): CodeIgniter\View\View->CodeIgniter\View\{closure}()
#3 C:\xampp\htdocs\projects\applications\vendor\codeigniter4\framework\system\Common.php(1089): CodeIgniter\View\View->render('users/profile', Array, true)
#4 C:\xampp\htdocs\projects\applications\app\Controllers\Users.php(391): view('users/profile', Array)
#5 C:\xampp\htdocs\projects\applications\vendor\codeigniter4\framework\system\CodeIgniter.php(832): App\Controllers\Users->profile()
#6 C:\xampp\htdocs\projects\applications\vendor\codeigniter4\framework\system\CodeIgniter.php(419): CodeIgniter\CodeIgniter->runController(Object(App\Controllers\Users))
#7 C:\xampp\htdocs\projects\applications\vendor\codeigniter4\framework\system\CodeIgniter.php(326): CodeIgniter\CodeIgniter->handleRequest(NULL, Object(Config\Cache), false)
#8 C:\xampp\htdocs\projects\applications\index.php(38): CodeIgniter\CodeIgniter->run()
#9 {main}
CRITICAL - 2022-07-15 12:57:10 --> Attempt to read property "travel_id" on string
#0 C:\xampp\htdocs\projects\applications\app\Views\users\profile.php(560): CodeIgniter\Debug\Exceptions->errorHandler(2, 'Attempt to read...', 'C:\\xampp\\htdocs...', 560)
#1 C:\xampp\htdocs\projects\applications\vendor\codeigniter4\framework\system\View\View.php(210): include('C:\\xampp\\htdocs...')
#2 C:\xampp\htdocs\projects\applications\vendor\codeigniter4\framework\system\View\View.php(213): CodeIgniter\View\View->CodeIgniter\View\{closure}()
#3 C:\xampp\htdocs\projects\applications\vendor\codeigniter4\framework\system\Common.php(1089): CodeIgniter\View\View->render('users/profile', Array, true)
#4 C:\xampp\htdocs\projects\applications\app\Controllers\Users.php(393): view('users/profile', Array)
#5 C:\xampp\htdocs\projects\applications\vendor\codeigniter4\framework\system\CodeIgniter.php(832): App\Controllers\Users->profile()
#6 C:\xampp\htdocs\projects\applications\vendor\codeigniter4\framework\system\CodeIgniter.php(419): CodeIgniter\CodeIgniter->runController(Object(App\Controllers\Users))
#7 C:\xampp\htdocs\projects\applications\vendor\codeigniter4\framework\system\CodeIgniter.php(326): CodeIgniter\CodeIgniter->handleRequest(NULL, Object(Config\Cache), false)
#8 C:\xampp\htdocs\projects\applications\index.php(38): CodeIgniter\CodeIgniter->run()
#9 {main}
CRITICAL - 2022-07-15 12:57:36 --> Attempt to read property "travel_id" on string
#0 C:\xampp\htdocs\projects\applications\app\Views\users\profile.php(560): CodeIgniter\Debug\Exceptions->errorHandler(2, 'Attempt to read...', 'C:\\xampp\\htdocs...', 560)
#1 C:\xampp\htdocs\projects\applications\vendor\codeigniter4\framework\system\View\View.php(210): include('C:\\xampp\\htdocs...')
#2 C:\xampp\htdocs\projects\applications\vendor\codeigniter4\framework\system\View\View.php(213): CodeIgniter\View\View->CodeIgniter\View\{closure}()
#3 C:\xampp\htdocs\projects\applications\vendor\codeigniter4\framework\system\Common.php(1089): CodeIgniter\View\View->render('users/profile', Array, true)
#4 C:\xampp\htdocs\projects\applications\app\Controllers\Users.php(393): view('users/profile', Array)
#5 C:\xampp\htdocs\projects\applications\vendor\codeigniter4\framework\system\CodeIgniter.php(832): App\Controllers\Users->profile()
#6 C:\xampp\htdocs\projects\applications\vendor\codeigniter4\framework\system\CodeIgniter.php(419): CodeIgniter\CodeIgniter->runController(Object(App\Controllers\Users))
#7 C:\xampp\htdocs\projects\applications\vendor\codeigniter4\framework\system\CodeIgniter.php(326): CodeIgniter\CodeIgniter->handleRequest(NULL, Object(Config\Cache), false)
#8 C:\xampp\htdocs\projects\applications\index.php(38): CodeIgniter\CodeIgniter->run()
#9 {main}
CRITICAL - 2022-07-15 12:58:37 --> Attempt to read property "travel_id" on string
#0 C:\xampp\htdocs\projects\applications\app\Views\users\profile.php(561): CodeIgniter\Debug\Exceptions->errorHandler(2, 'Attempt to read...', 'C:\\xampp\\htdocs...', 561)
#1 C:\xampp\htdocs\projects\applications\vendor\codeigniter4\framework\system\View\View.php(210): include('C:\\xampp\\htdocs...')
#2 C:\xampp\htdocs\projects\applications\vendor\codeigniter4\framework\system\View\View.php(213): CodeIgniter\View\View->CodeIgniter\View\{closure}()
#3 C:\xampp\htdocs\projects\applications\vendor\codeigniter4\framework\system\Common.php(1089): CodeIgniter\View\View->render('users/profile', Array, true)
#4 C:\xampp\htdocs\projects\applications\app\Controllers\Users.php(393): view('users/profile', Array)
#5 C:\xampp\htdocs\projects\applications\vendor\codeigniter4\framework\system\CodeIgniter.php(832): App\Controllers\Users->profile()
#6 C:\xampp\htdocs\projects\applications\vendor\codeigniter4\framework\system\CodeIgniter.php(419): CodeIgniter\CodeIgniter->runController(Object(App\Controllers\Users))
#7 C:\xampp\htdocs\projects\applications\vendor\codeigniter4\framework\system\CodeIgniter.php(326): CodeIgniter\CodeIgniter->handleRequest(NULL, Object(Config\Cache), false)
#8 C:\xampp\htdocs\projects\applications\index.php(38): CodeIgniter\CodeIgniter->run()
#9 {main}
