CRITICAL - 2023-09-11 12:49:18 --> foreach() argument must be of type array|object, null given
#0 /home/baliwagctserv2/public_html/blink/app/Controllers/Aics/Transactions.php(41): CodeIgniter\Debug\Exceptions->errorHandler(2, 'foreach() argum...', '/home/baliwagct...', 41)
#1 /home/baliwagctserv2/public_html/blink/vendor/codeigniter4/framework/system/CodeIgniter.php(832): App\Controllers\Aics\Transactions->add_transaction()
#2 /home/baliwagctserv2/public_html/blink/vendor/codeigniter4/framework/system/CodeIgniter.php(419): CodeIgniter\CodeIgniter->runController(Object(App\Controllers\Aics\Transactions))
#3 /home/baliwagctserv2/public_html/blink/vendor/codeigniter4/framework/system/CodeIgniter.php(326): CodeIgniter\CodeIgniter->handleRequest(NULL, Object(Config\Cache), false)
#4 /home/baliwagctserv2/public_html/blink/index.php(38): CodeIgniter\CodeIgniter->run()
#5 {main}
CRITICAL - 2023-09-11 12:57:17 --> foreach() argument must be of type array|object, null given
#0 /home/baliwagctserv2/public_html/blink/app/Controllers/Aics/Transactions.php(41): CodeIgniter\Debug\Exceptions->errorHandler(2, 'foreach() argum...', '/home/baliwagct...', 41)
#1 /home/baliwagctserv2/public_html/blink/vendor/codeigniter4/framework/system/CodeIgniter.php(832): App\Controllers\Aics\Transactions->add_transaction()
#2 /home/baliwagctserv2/public_html/blink/vendor/codeigniter4/framework/system/CodeIgniter.php(419): CodeIgniter\CodeIgniter->runController(Object(App\Controllers\Aics\Transactions))
#3 /home/baliwagctserv2/public_html/blink/vendor/codeigniter4/framework/system/CodeIgniter.php(326): CodeIgniter\CodeIgniter->handleRequest(NULL, Object(Config\Cache), false)
#4 /home/baliwagctserv2/public_html/blink/index.php(38): CodeIgniter\CodeIgniter->run()
#5 {main}
CRITICAL - 2023-09-11 13:01:37 --> Undefined variable $caseInfo
#0 /home/baliwagctserv2/public_html/blink/app/Controllers/Aics/Transactions.php(503): CodeIgniter\Debug\Exceptions->errorHandler(2, 'Undefined varia...', '/home/baliwagct...', 503)
#1 /home/baliwagctserv2/public_html/blink/vendor/codeigniter4/framework/system/CodeIgniter.php(832): App\Controllers\Aics\Transactions->addCaseStudy('BAL-210225-0003...')
#2 /home/baliwagctserv2/public_html/blink/vendor/codeigniter4/framework/system/CodeIgniter.php(419): CodeIgniter\CodeIgniter->runController(Object(App\Controllers\Aics\Transactions))
#3 /home/baliwagctserv2/public_html/blink/vendor/codeigniter4/framework/system/CodeIgniter.php(326): CodeIgniter\CodeIgniter->handleRequest(NULL, Object(Config\Cache), false)
#4 /home/baliwagctserv2/public_html/blink/index.php(38): CodeIgniter\CodeIgniter->run()
#5 {main}
CRITICAL - 2023-09-11 13:01:42 --> Undefined variable $caseInfo
#0 /home/baliwagctserv2/public_html/blink/app/Controllers/Aics/Transactions.php(503): CodeIgniter\Debug\Exceptions->errorHandler(2, 'Undefined varia...', '/home/baliwagct...', 503)
#1 /home/baliwagctserv2/public_html/blink/vendor/codeigniter4/framework/system/CodeIgniter.php(832): App\Controllers\Aics\Transactions->addCaseStudy('BAL-210225-0003...')
#2 /home/baliwagctserv2/public_html/blink/vendor/codeigniter4/framework/system/CodeIgniter.php(419): CodeIgniter\CodeIgniter->runController(Object(App\Controllers\Aics\Transactions))
#3 /home/baliwagctserv2/public_html/blink/vendor/codeigniter4/framework/system/CodeIgniter.php(326): CodeIgniter\CodeIgniter->handleRequest(NULL, Object(Config\Cache), false)
#4 /home/baliwagctserv2/public_html/blink/index.php(38): CodeIgniter\CodeIgniter->run()
#5 {main}
CRITICAL - 2023-09-11 13:01:44 --> Undefined variable $caseInfo
#0 /home/baliwagctserv2/public_html/blink/app/Controllers/Aics/Transactions.php(503): CodeIgniter\Debug\Exceptions->errorHandler(2, 'Undefined varia...', '/home/baliwagct...', 503)
#1 /home/baliwagctserv2/public_html/blink/vendor/codeigniter4/framework/system/CodeIgniter.php(832): App\Controllers\Aics\Transactions->addCaseStudy('BAL-210225-0003...')
#2 /home/baliwagctserv2/public_html/blink/vendor/codeigniter4/framework/system/CodeIgniter.php(419): CodeIgniter\CodeIgniter->runController(Object(App\Controllers\Aics\Transactions))
#3 /home/baliwagctserv2/public_html/blink/vendor/codeigniter4/framework/system/CodeIgniter.php(326): CodeIgniter\CodeIgniter->handleRequest(NULL, Object(Config\Cache), false)
#4 /home/baliwagctserv2/public_html/blink/index.php(38): CodeIgniter\CodeIgniter->run()
#5 {main}
CRITICAL - 2023-09-11 13:01:53 --> Undefined variable $caseInfo
#0 /home/baliwagctserv2/public_html/blink/app/Controllers/Aics/Transactions.php(503): CodeIgniter\Debug\Exceptions->errorHandler(2, 'Undefined varia...', '/home/baliwagct...', 503)
#1 /home/baliwagctserv2/public_html/blink/vendor/codeigniter4/framework/system/CodeIgniter.php(832): App\Controllers\Aics\Transactions->addCaseStudy('BAL-210225-0003...')
#2 /home/baliwagctserv2/public_html/blink/vendor/codeigniter4/framework/system/CodeIgniter.php(419): CodeIgniter\CodeIgniter->runController(Object(App\Controllers\Aics\Transactions))
#3 /home/baliwagctserv2/public_html/blink/vendor/codeigniter4/framework/system/CodeIgniter.php(326): CodeIgniter\CodeIgniter->handleRequest(NULL, Object(Config\Cache), false)
#4 /home/baliwagctserv2/public_html/blink/index.php(38): CodeIgniter\CodeIgniter->run()
#5 {main}
CRITICAL - 2023-09-11 13:01:55 --> Undefined variable $caseInfo
#0 /home/baliwagctserv2/public_html/blink/app/Controllers/Aics/Transactions.php(503): CodeIgniter\Debug\Exceptions->errorHandler(2, 'Undefined varia...', '/home/baliwagct...', 503)
#1 /home/baliwagctserv2/public_html/blink/vendor/codeigniter4/framework/system/CodeIgniter.php(832): App\Controllers\Aics\Transactions->addCaseStudy('BAL-210225-0003...')
#2 /home/baliwagctserv2/public_html/blink/vendor/codeigniter4/framework/system/CodeIgniter.php(419): CodeIgniter\CodeIgniter->runController(Object(App\Controllers\Aics\Transactions))
#3 /home/baliwagctserv2/public_html/blink/vendor/codeigniter4/framework/system/CodeIgniter.php(326): CodeIgniter\CodeIgniter->handleRequest(NULL, Object(Config\Cache), false)
#4 /home/baliwagctserv2/public_html/blink/index.php(38): CodeIgniter\CodeIgniter->run()
#5 {main}
CRITICAL - 2023-09-11 13:01:55 --> Undefined variable $caseInfo
#0 /home/baliwagctserv2/public_html/blink/app/Controllers/Aics/Transactions.php(503): CodeIgniter\Debug\Exceptions->errorHandler(2, 'Undefined varia...', '/home/baliwagct...', 503)
#1 /home/baliwagctserv2/public_html/blink/vendor/codeigniter4/framework/system/CodeIgniter.php(832): App\Controllers\Aics\Transactions->addCaseStudy('BAL-210225-0003...')
#2 /home/baliwagctserv2/public_html/blink/vendor/codeigniter4/framework/system/CodeIgniter.php(419): CodeIgniter\CodeIgniter->runController(Object(App\Controllers\Aics\Transactions))
#3 /home/baliwagctserv2/public_html/blink/vendor/codeigniter4/framework/system/CodeIgniter.php(326): CodeIgniter\CodeIgniter->handleRequest(NULL, Object(Config\Cache), false)
#4 /home/baliwagctserv2/public_html/blink/index.php(38): CodeIgniter\CodeIgniter->run()
#5 {main}
CRITICAL - 2023-09-11 13:01:57 --> Undefined variable $caseInfo
#0 /home/baliwagctserv2/public_html/blink/app/Controllers/Aics/Transactions.php(503): CodeIgniter\Debug\Exceptions->errorHandler(2, 'Undefined varia...', '/home/baliwagct...', 503)
#1 /home/baliwagctserv2/public_html/blink/vendor/codeigniter4/framework/system/CodeIgniter.php(832): App\Controllers\Aics\Transactions->addCaseStudy('BAL-210225-0003...')
#2 /home/baliwagctserv2/public_html/blink/vendor/codeigniter4/framework/system/CodeIgniter.php(419): CodeIgniter\CodeIgniter->runController(Object(App\Controllers\Aics\Transactions))
#3 /home/baliwagctserv2/public_html/blink/vendor/codeigniter4/framework/system/CodeIgniter.php(326): CodeIgniter\CodeIgniter->handleRequest(NULL, Object(Config\Cache), false)
#4 /home/baliwagctserv2/public_html/blink/index.php(38): CodeIgniter\CodeIgniter->run()
#5 {main}
CRITICAL - 2023-09-11 13:03:09 --> Undefined variable $caseInfo
#0 /home/baliwagctserv2/public_html/blink/app/Controllers/Aics/Transactions.php(503): CodeIgniter\Debug\Exceptions->errorHandler(2, 'Undefined varia...', '/home/baliwagct...', 503)
#1 /home/baliwagctserv2/public_html/blink/vendor/codeigniter4/framework/system/CodeIgniter.php(832): App\Controllers\Aics\Transactions->addCaseStudy('BAL-210225-0003...')
#2 /home/baliwagctserv2/public_html/blink/vendor/codeigniter4/framework/system/CodeIgniter.php(419): CodeIgniter\CodeIgniter->runController(Object(App\Controllers\Aics\Transactions))
#3 /home/baliwagctserv2/public_html/blink/vendor/codeigniter4/framework/system/CodeIgniter.php(326): CodeIgniter\CodeIgniter->handleRequest(NULL, Object(Config\Cache), false)
#4 /home/baliwagctserv2/public_html/blink/index.php(38): CodeIgniter\CodeIgniter->run()
#5 {main}
CRITICAL - 2023-09-11 13:03:13 --> Undefined variable $caseInfo
#0 /home/baliwagctserv2/public_html/blink/app/Controllers/Aics/Transactions.php(503): CodeIgniter\Debug\Exceptions->errorHandler(2, 'Undefined varia...', '/home/baliwagct...', 503)
#1 /home/baliwagctserv2/public_html/blink/vendor/codeigniter4/framework/system/CodeIgniter.php(832): App\Controllers\Aics\Transactions->addCaseStudy('BAL-210225-0003...')
#2 /home/baliwagctserv2/public_html/blink/vendor/codeigniter4/framework/system/CodeIgniter.php(419): CodeIgniter\CodeIgniter->runController(Object(App\Controllers\Aics\Transactions))
#3 /home/baliwagctserv2/public_html/blink/vendor/codeigniter4/framework/system/CodeIgniter.php(326): CodeIgniter\CodeIgniter->handleRequest(NULL, Object(Config\Cache), false)
#4 /home/baliwagctserv2/public_html/blink/index.php(38): CodeIgniter\CodeIgniter->run()
#5 {main}
CRITICAL - 2023-09-11 13:03:25 --> Undefined variable $caseInfo
#0 /home/baliwagctserv2/public_html/blink/app/Controllers/Aics/Transactions.php(503): CodeIgniter\Debug\Exceptions->errorHandler(2, 'Undefined varia...', '/home/baliwagct...', 503)
#1 /home/baliwagctserv2/public_html/blink/vendor/codeigniter4/framework/system/CodeIgniter.php(832): App\Controllers\Aics\Transactions->addCaseStudy('BAL-210225-0003...')
#2 /home/baliwagctserv2/public_html/blink/vendor/codeigniter4/framework/system/CodeIgniter.php(419): CodeIgniter\CodeIgniter->runController(Object(App\Controllers\Aics\Transactions))
#3 /home/baliwagctserv2/public_html/blink/vendor/codeigniter4/framework/system/CodeIgniter.php(326): CodeIgniter\CodeIgniter->handleRequest(NULL, Object(Config\Cache), false)
#4 /home/baliwagctserv2/public_html/blink/index.php(38): CodeIgniter\CodeIgniter->run()
#5 {main}
CRITICAL - 2023-09-11 13:05:13 --> Undefined variable $caseInfo
#0 /home/baliwagctserv2/public_html/blink/app/Controllers/Aics/Transactions.php(503): CodeIgniter\Debug\Exceptions->errorHandler(2, 'Undefined varia...', '/home/baliwagct...', 503)
#1 /home/baliwagctserv2/public_html/blink/vendor/codeigniter4/framework/system/CodeIgniter.php(832): App\Controllers\Aics\Transactions->addCaseStudy('BAL-210225-0003...')
#2 /home/baliwagctserv2/public_html/blink/vendor/codeigniter4/framework/system/CodeIgniter.php(419): CodeIgniter\CodeIgniter->runController(Object(App\Controllers\Aics\Transactions))
#3 /home/baliwagctserv2/public_html/blink/vendor/codeigniter4/framework/system/CodeIgniter.php(326): CodeIgniter\CodeIgniter->handleRequest(NULL, Object(Config\Cache), false)
#4 /home/baliwagctserv2/public_html/blink/index.php(38): CodeIgniter\CodeIgniter->run()
#5 {main}
CRITICAL - 2023-09-11 13:09:24 --> Undefined variable $caseInfo
#0 /home/baliwagctserv2/public_html/blink/app/Controllers/Aics/Transactions.php(503): CodeIgniter\Debug\Exceptions->errorHandler(2, 'Undefined varia...', '/home/baliwagct...', 503)
#1 /home/baliwagctserv2/public_html/blink/vendor/codeigniter4/framework/system/CodeIgniter.php(832): App\Controllers\Aics\Transactions->addCaseStudy('BAL-210225-0003...')
#2 /home/baliwagctserv2/public_html/blink/vendor/codeigniter4/framework/system/CodeIgniter.php(419): CodeIgniter\CodeIgniter->runController(Object(App\Controllers\Aics\Transactions))
#3 /home/baliwagctserv2/public_html/blink/vendor/codeigniter4/framework/system/CodeIgniter.php(326): CodeIgniter\CodeIgniter->handleRequest(NULL, Object(Config\Cache), false)
#4 /home/baliwagctserv2/public_html/blink/index.php(38): CodeIgniter\CodeIgniter->run()
#5 {main}
CRITICAL - 2023-09-11 13:30:51 --> Too few arguments to function App\Controllers\Aics\Transactions::addCaseStudy(), 0 passed in /home/baliwagctserv2/public_html/blink/vendor/codeigniter4/framework/system/CodeIgniter.php on line 832 and exactly 1 expected
#0 /home/baliwagctserv2/public_html/blink/vendor/codeigniter4/framework/system/CodeIgniter.php(832): App\Controllers\Aics\Transactions->addCaseStudy()
#1 /home/baliwagctserv2/public_html/blink/vendor/codeigniter4/framework/system/CodeIgniter.php(419): CodeIgniter\CodeIgniter->runController(Object(App\Controllers\Aics\Transactions))
#2 /home/baliwagctserv2/public_html/blink/vendor/codeigniter4/framework/system/CodeIgniter.php(326): CodeIgniter\CodeIgniter->handleRequest(NULL, Object(Config\Cache), false)
#3 /home/baliwagctserv2/public_html/blink/index.php(38): CodeIgniter\CodeIgniter->run()
#4 {main}
CRITICAL - 2023-09-11 13:30:52 --> Too few arguments to function App\Controllers\Aics\Transactions::addCaseStudy(), 0 passed in /home/baliwagctserv2/public_html/blink/vendor/codeigniter4/framework/system/CodeIgniter.php on line 832 and exactly 1 expected
#0 /home/baliwagctserv2/public_html/blink/vendor/codeigniter4/framework/system/CodeIgniter.php(832): App\Controllers\Aics\Transactions->addCaseStudy()
#1 /home/baliwagctserv2/public_html/blink/vendor/codeigniter4/framework/system/CodeIgniter.php(419): CodeIgniter\CodeIgniter->runController(Object(App\Controllers\Aics\Transactions))
#2 /home/baliwagctserv2/public_html/blink/vendor/codeigniter4/framework/system/CodeIgniter.php(326): CodeIgniter\CodeIgniter->handleRequest(NULL, Object(Config\Cache), false)
#3 /home/baliwagctserv2/public_html/blink/index.php(38): CodeIgniter\CodeIgniter->run()
#4 {main}
CRITICAL - 2023-09-11 13:30:54 --> Too few arguments to function App\Controllers\Aics\Transactions::addCaseStudy(), 0 passed in /home/baliwagctserv2/public_html/blink/vendor/codeigniter4/framework/system/CodeIgniter.php on line 832 and exactly 1 expected
#0 /home/baliwagctserv2/public_html/blink/vendor/codeigniter4/framework/system/CodeIgniter.php(832): App\Controllers\Aics\Transactions->addCaseStudy()
#1 /home/baliwagctserv2/public_html/blink/vendor/codeigniter4/framework/system/CodeIgniter.php(419): CodeIgniter\CodeIgniter->runController(Object(App\Controllers\Aics\Transactions))
#2 /home/baliwagctserv2/public_html/blink/vendor/codeigniter4/framework/system/CodeIgniter.php(326): CodeIgniter\CodeIgniter->handleRequest(NULL, Object(Config\Cache), false)
#3 /home/baliwagctserv2/public_html/blink/index.php(38): CodeIgniter\CodeIgniter->run()
#4 {main}
CRITICAL - 2023-09-11 13:30:57 --> Too few arguments to function App\Controllers\Aics\Transactions::addCaseStudy(), 0 passed in /home/baliwagctserv2/public_html/blink/vendor/codeigniter4/framework/system/CodeIgniter.php on line 832 and exactly 1 expected
#0 /home/baliwagctserv2/public_html/blink/vendor/codeigniter4/framework/system/CodeIgniter.php(832): App\Controllers\Aics\Transactions->addCaseStudy()
#1 /home/baliwagctserv2/public_html/blink/vendor/codeigniter4/framework/system/CodeIgniter.php(419): CodeIgniter\CodeIgniter->runController(Object(App\Controllers\Aics\Transactions))
#2 /home/baliwagctserv2/public_html/blink/vendor/codeigniter4/framework/system/CodeIgniter.php(326): CodeIgniter\CodeIgniter->handleRequest(NULL, Object(Config\Cache), false)
#3 /home/baliwagctserv2/public_html/blink/index.php(38): CodeIgniter\CodeIgniter->run()
#4 {main}
CRITICAL - 2023-09-11 13:31:05 --> Too few arguments to function App\Controllers\Aics\Transactions::addCaseStudy(), 0 passed in /home/baliwagctserv2/public_html/blink/vendor/codeigniter4/framework/system/CodeIgniter.php on line 832 and exactly 1 expected
#0 /home/baliwagctserv2/public_html/blink/vendor/codeigniter4/framework/system/CodeIgniter.php(832): App\Controllers\Aics\Transactions->addCaseStudy()
#1 /home/baliwagctserv2/public_html/blink/vendor/codeigniter4/framework/system/CodeIgniter.php(419): CodeIgniter\CodeIgniter->runController(Object(App\Controllers\Aics\Transactions))
#2 /home/baliwagctserv2/public_html/blink/vendor/codeigniter4/framework/system/CodeIgniter.php(326): CodeIgniter\CodeIgniter->handleRequest(NULL, Object(Config\Cache), false)
#3 /home/baliwagctserv2/public_html/blink/index.php(38): CodeIgniter\CodeIgniter->run()
#4 {main}
CRITICAL - 2023-09-11 13:31:36 --> Undefined variable $caseInfo
#0 /home/baliwagctserv2/public_html/blink/app/Controllers/Aics/Transactions.php(503): CodeIgniter\Debug\Exceptions->errorHandler(2, 'Undefined varia...', '/home/baliwagct...', 503)
#1 /home/baliwagctserv2/public_html/blink/vendor/codeigniter4/framework/system/CodeIgniter.php(832): App\Controllers\Aics\Transactions->addCaseStudy('BAL-210225-0000...')
#2 /home/baliwagctserv2/public_html/blink/vendor/codeigniter4/framework/system/CodeIgniter.php(419): CodeIgniter\CodeIgniter->runController(Object(App\Controllers\Aics\Transactions))
#3 /home/baliwagctserv2/public_html/blink/vendor/codeigniter4/framework/system/CodeIgniter.php(326): CodeIgniter\CodeIgniter->handleRequest(NULL, Object(Config\Cache), false)
#4 /home/baliwagctserv2/public_html/blink/index.php(38): CodeIgniter\CodeIgniter->run()
#5 {main}
CRITICAL - 2023-09-11 13:31:38 --> Undefined variable $caseInfo
#0 /home/baliwagctserv2/public_html/blink/app/Controllers/Aics/Transactions.php(503): CodeIgniter\Debug\Exceptions->errorHandler(2, 'Undefined varia...', '/home/baliwagct...', 503)
#1 /home/baliwagctserv2/public_html/blink/vendor/codeigniter4/framework/system/CodeIgniter.php(832): App\Controllers\Aics\Transactions->addCaseStudy('BAL-210225-0000...')
#2 /home/baliwagctserv2/public_html/blink/vendor/codeigniter4/framework/system/CodeIgniter.php(419): CodeIgniter\CodeIgniter->runController(Object(App\Controllers\Aics\Transactions))
#3 /home/baliwagctserv2/public_html/blink/vendor/codeigniter4/framework/system/CodeIgniter.php(326): CodeIgniter\CodeIgniter->handleRequest(NULL, Object(Config\Cache), false)
#4 /home/baliwagctserv2/public_html/blink/index.php(38): CodeIgniter\CodeIgniter->run()
#5 {main}
CRITICAL - 2023-09-11 13:31:55 --> Undefined variable $caseInfo
#0 /home/baliwagctserv2/public_html/blink/app/Controllers/Aics/Transactions.php(503): CodeIgniter\Debug\Exceptions->errorHandler(2, 'Undefined varia...', '/home/baliwagct...', 503)
#1 /home/baliwagctserv2/public_html/blink/vendor/codeigniter4/framework/system/CodeIgniter.php(832): App\Controllers\Aics\Transactions->addCaseStudy('BAL-210225-0000...')
#2 /home/baliwagctserv2/public_html/blink/vendor/codeigniter4/framework/system/CodeIgniter.php(419): CodeIgniter\CodeIgniter->runController(Object(App\Controllers\Aics\Transactions))
#3 /home/baliwagctserv2/public_html/blink/vendor/codeigniter4/framework/system/CodeIgniter.php(326): CodeIgniter\CodeIgniter->handleRequest(NULL, Object(Config\Cache), false)
#4 /home/baliwagctserv2/public_html/blink/index.php(38): CodeIgniter\CodeIgniter->run()
#5 {main}
CRITICAL - 2023-09-11 13:34:21 --> Undefined variable $caseInfo
#0 /home/baliwagctserv2/public_html/blink/app/Controllers/Aics/Transactions.php(503): CodeIgniter\Debug\Exceptions->errorHandler(2, 'Undefined varia...', '/home/baliwagct...', 503)
#1 /home/baliwagctserv2/public_html/blink/vendor/codeigniter4/framework/system/CodeIgniter.php(832): App\Controllers\Aics\Transactions->addCaseStudy('BAL-210225-0003...')
#2 /home/baliwagctserv2/public_html/blink/vendor/codeigniter4/framework/system/CodeIgniter.php(419): CodeIgniter\CodeIgniter->runController(Object(App\Controllers\Aics\Transactions))
#3 /home/baliwagctserv2/public_html/blink/vendor/codeigniter4/framework/system/CodeIgniter.php(326): CodeIgniter\CodeIgniter->handleRequest(NULL, Object(Config\Cache), false)
#4 /home/baliwagctserv2/public_html/blink/index.php(38): CodeIgniter\CodeIgniter->run()
#5 {main}
CRITICAL - 2023-09-11 13:34:24 --> Undefined variable $caseInfo
#0 /home/baliwagctserv2/public_html/blink/app/Controllers/Aics/Transactions.php(503): CodeIgniter\Debug\Exceptions->errorHandler(2, 'Undefined varia...', '/home/baliwagct...', 503)
#1 /home/baliwagctserv2/public_html/blink/vendor/codeigniter4/framework/system/CodeIgniter.php(832): App\Controllers\Aics\Transactions->addCaseStudy('BAL-210225-0003...')
#2 /home/baliwagctserv2/public_html/blink/vendor/codeigniter4/framework/system/CodeIgniter.php(419): CodeIgniter\CodeIgniter->runController(Object(App\Controllers\Aics\Transactions))
#3 /home/baliwagctserv2/public_html/blink/vendor/codeigniter4/framework/system/CodeIgniter.php(326): CodeIgniter\CodeIgniter->handleRequest(NULL, Object(Config\Cache), false)
#4 /home/baliwagctserv2/public_html/blink/index.php(38): CodeIgniter\CodeIgniter->run()
#5 {main}
CRITICAL - 2023-09-11 13:34:24 --> Undefined variable $caseInfo
#0 /home/baliwagctserv2/public_html/blink/app/Controllers/Aics/Transactions.php(503): CodeIgniter\Debug\Exceptions->errorHandler(2, 'Undefined varia...', '/home/baliwagct...', 503)
#1 /home/baliwagctserv2/public_html/blink/vendor/codeigniter4/framework/system/CodeIgniter.php(832): App\Controllers\Aics\Transactions->addCaseStudy('BAL-210225-0003...')
#2 /home/baliwagctserv2/public_html/blink/vendor/codeigniter4/framework/system/CodeIgniter.php(419): CodeIgniter\CodeIgniter->runController(Object(App\Controllers\Aics\Transactions))
#3 /home/baliwagctserv2/public_html/blink/vendor/codeigniter4/framework/system/CodeIgniter.php(326): CodeIgniter\CodeIgniter->handleRequest(NULL, Object(Config\Cache), false)
#4 /home/baliwagctserv2/public_html/blink/index.php(38): CodeIgniter\CodeIgniter->run()
#5 {main}
CRITICAL - 2023-09-11 13:34:26 --> Undefined variable $caseInfo
#0 /home/baliwagctserv2/public_html/blink/app/Controllers/Aics/Transactions.php(503): CodeIgniter\Debug\Exceptions->errorHandler(2, 'Undefined varia...', '/home/baliwagct...', 503)
#1 /home/baliwagctserv2/public_html/blink/vendor/codeigniter4/framework/system/CodeIgniter.php(832): App\Controllers\Aics\Transactions->addCaseStudy('BAL-210225-0003...')
#2 /home/baliwagctserv2/public_html/blink/vendor/codeigniter4/framework/system/CodeIgniter.php(419): CodeIgniter\CodeIgniter->runController(Object(App\Controllers\Aics\Transactions))
#3 /home/baliwagctserv2/public_html/blink/vendor/codeigniter4/framework/system/CodeIgniter.php(326): CodeIgniter\CodeIgniter->handleRequest(NULL, Object(Config\Cache), false)
#4 /home/baliwagctserv2/public_html/blink/index.php(38): CodeIgniter\CodeIgniter->run()
#5 {main}
CRITICAL - 2023-09-11 14:04:30 --> Creation of dynamic property App\Models\MasterModel::$db is deprecated
#0 C:\xampp\htdocs\blink\app\Models\MasterModel.php(14): CodeIgniter\Debug\Exceptions->errorHandler(8192, 'Creation of dyn...', 'C:\\xampp\\htdocs...', 14)
#1 C:\xampp\htdocs\blink\app\Libraries\TemplateLib.php(11): App\Models\MasterModel->__construct()
#2 C:\xampp\htdocs\blink\app\Controllers\Dashboard.php(14): App\Libraries\TemplateLib::userInformation('4')
#3 C:\xampp\htdocs\blink\vendor\codeigniter4\framework\system\CodeIgniter.php(809): App\Controllers\Dashboard->__construct()
#4 C:\xampp\htdocs\blink\vendor\codeigniter4\framework\system\CodeIgniter.php(410): CodeIgniter\CodeIgniter->createController()
#5 C:\xampp\htdocs\blink\vendor\codeigniter4\framework\system\CodeIgniter.php(326): CodeIgniter\CodeIgniter->handleRequest(NULL, Object(Config\Cache), false)
#6 C:\xampp\htdocs\blink\index.php(38): CodeIgniter\CodeIgniter->run()
#7 {main}
CRITICAL - 2023-09-11 14:07:36 --> Creation of dynamic property App\Controllers\Dashboard::$userInformation is deprecated
#0 C:\xampp\htdocs\blink\app\Controllers\Dashboard.php(14): CodeIgniter\Debug\Exceptions->errorHandler(8192, 'Creation of dyn...', 'C:\\xampp\\htdocs...', 14)
#1 C:\xampp\htdocs\blink\vendor\codeigniter4\framework\system\CodeIgniter.php(809): App\Controllers\Dashboard->__construct()
#2 C:\xampp\htdocs\blink\vendor\codeigniter4\framework\system\CodeIgniter.php(410): CodeIgniter\CodeIgniter->createController()
#3 C:\xampp\htdocs\blink\vendor\codeigniter4\framework\system\CodeIgniter.php(326): CodeIgniter\CodeIgniter->handleRequest(NULL, Object(Config\Cache), false)
#4 C:\xampp\htdocs\blink\index.php(38): CodeIgniter\CodeIgniter->run()
#5 {main}
ERROR - 2023-09-11 14:08:01 --> Unknown column 'members.civil_status' in 'field list'
CRITICAL - 2023-09-11 14:08:01 --> Unknown column 'members.civil_status' in 'field list'
#0 C:\xampp\htdocs\blink\vendor\codeigniter4\framework\system\Database\MySQLi\Connection.php(292): mysqli->query('SELECT `members...', 0)
#1 C:\xampp\htdocs\blink\vendor\codeigniter4\framework\system\Database\BaseConnection.php(670): CodeIgniter\Database\MySQLi\Connection->execute('SELECT `members...')
#2 C:\xampp\htdocs\blink\vendor\codeigniter4\framework\system\Database\BaseConnection.php(598): CodeIgniter\Database\BaseConnection->simpleQuery('SELECT `members...')
#3 C:\xampp\htdocs\blink\vendor\codeigniter4\framework\system\Database\BaseBuilder.php(1455): CodeIgniter\Database\BaseConnection->query('SELECT `members...', Array, false)
#4 C:\xampp\htdocs\blink\vendor\hermawan\codeigniter4-datatables\src\DataTableQuery.php(219): CodeIgniter\Database\BaseBuilder->get()
#5 C:\xampp\htdocs\blink\vendor\hermawan\codeigniter4-datatables\src\DataTableQuery.php(70): Hermawan\DataTables\DataTableQuery->queryResult()
#6 C:\xampp\htdocs\blink\vendor\hermawan\codeigniter4-datatables\src\DataTable.php(176): Hermawan\DataTables\DataTableQuery->getDataResult()
#7 C:\xampp\htdocs\blink\app\Controllers\Bhims\Household.php(188): Hermawan\DataTables\DataTable->toJson(true)
#8 C:\xampp\htdocs\blink\vendor\codeigniter4\framework\system\CodeIgniter.php(832): App\Controllers\Bhims\Household->nonBaliwagMembersDataTable('0')
#9 C:\xampp\htdocs\blink\vendor\codeigniter4\framework\system\CodeIgniter.php(419): CodeIgniter\CodeIgniter->runController(Object(App\Controllers\Bhims\Household))
#10 C:\xampp\htdocs\blink\vendor\codeigniter4\framework\system\CodeIgniter.php(326): CodeIgniter\CodeIgniter->handleRequest(NULL, Object(Config\Cache), false)
#11 C:\xampp\htdocs\blink\index.php(38): CodeIgniter\CodeIgniter->run()
#12 {main}
