CRITICAL - 2023-11-08 15:32:33 --> Attempt to read property "total" on array
#0 C:\xampp\htdocs\blink\app\Controllers\Bhims\Dashboard.php(66): CodeIgniter\Debug\Exceptions->errorHandler(2, 'Attempt to read...', 'C:\\xampp\\htdocs...', 66)
#1 C:\xampp\htdocs\blink\vendor\codeigniter4\framework\system\CodeIgniter.php(832): App\Controllers\Bhims\Dashboard->index()
#2 C:\xampp\htdocs\blink\vendor\codeigniter4\framework\system\CodeIgniter.php(419): CodeIgniter\CodeIgniter->runController(Object(App\Controllers\Bhims\Dashboard))
#3 C:\xampp\htdocs\blink\vendor\codeigniter4\framework\system\CodeIgniter.php(326): CodeIgniter\CodeIgniter->handleRequest(NULL, Object(Config\Cache), false)
#4 C:\xampp\htdocs\blink\index.php(38): CodeIgniter\CodeIgniter->run()
#5 {main}
CRITICAL - 2023-11-08 15:36:52 --> syntax error, unexpected variable "$view_data"
#0 C:\xampp\htdocs\blink\vendor\codeigniter4\framework\system\Router\Router.php(175): CodeIgniter\Router\Router->autoRoute('/bhims')
#1 C:\xampp\htdocs\blink\vendor\codeigniter4\framework\system\CodeIgniter.php(726): CodeIgniter\Router\Router->handle('/bhims')
#2 C:\xampp\htdocs\blink\vendor\codeigniter4\framework\system\CodeIgniter.php(368): CodeIgniter\CodeIgniter->tryToRouteIt(Object(CodeIgniter\Router\RouteCollection))
#3 C:\xampp\htdocs\blink\vendor\codeigniter4\framework\system\CodeIgniter.php(326): CodeIgniter\CodeIgniter->handleRequest(NULL, Object(Config\Cache), false)
#4 C:\xampp\htdocs\blink\index.php(38): CodeIgniter\CodeIgniter->run()
#5 {main}
CRITICAL - 2023-11-08 16:23:15 --> syntax error, unexpected token "endforeach"
#0 C:\xampp\htdocs\blink\vendor\codeigniter4\framework\system\View\View.php(213): CodeIgniter\View\View->CodeIgniter\View\{closure}()
#1 C:\xampp\htdocs\blink\vendor\codeigniter4\framework\system\Common.php(1089): CodeIgniter\View\View->render('bhims/dashboard...', Array, true)
#2 C:\xampp\htdocs\blink\app\Controllers\Bhims\Dashboard.php(134): view('bhims/dashboard...', Array)
#3 C:\xampp\htdocs\blink\vendor\codeigniter4\framework\system\CodeIgniter.php(832): App\Controllers\Bhims\Dashboard->index()
#4 C:\xampp\htdocs\blink\vendor\codeigniter4\framework\system\CodeIgniter.php(419): CodeIgniter\CodeIgniter->runController(Object(App\Controllers\Bhims\Dashboard))
#5 C:\xampp\htdocs\blink\vendor\codeigniter4\framework\system\CodeIgniter.php(326): CodeIgniter\CodeIgniter->handleRequest(NULL, Object(Config\Cache), false)
#6 C:\xampp\htdocs\blink\index.php(38): CodeIgniter\CodeIgniter->run()
#7 {main}
