ERROR - 2023-12-19 10:38:31 --> Unknown column 'updated_by' in 'field list'
ERROR - 2023-12-19 10:39:50 --> Unknown column 'updated_by' in 'field list'
CRITICAL - 2023-12-19 10:39:50 --> Call to undefined function App\Controllers\Rbi\vara_dump()
#0 /Applications/MAMP/htdocs/baliwag/blink/vendor/codeigniter4/framework/system/CodeIgniter.php(832): App\Controllers\Rbi\Configurations->updateConfigurations()
#1 /Applications/MAMP/htdocs/baliwag/blink/vendor/codeigniter4/framework/system/CodeIgniter.php(419): CodeIgniter\CodeIgniter->runController(Object(App\Controllers\Rbi\Configurations))
#2 /Applications/MAMP/htdocs/baliwag/blink/vendor/codeigniter4/framework/system/CodeIgniter.php(326): CodeIgniter\CodeIgniter->handleRequest(NULL, Object(Config\Cache), false)
#3 /Applications/MAMP/htdocs/baliwag/blink/index.php(38): CodeIgniter\CodeIgniter->run()
#4 {main}
ERROR - 2023-12-19 10:40:01 --> Unknown column 'updated_by' in 'field list'
CRITICAL - 2023-12-19 10:54:47 --> Trying to access array offset on value of type bool
#0 /Applications/MAMP/htdocs/baliwag/blink/app/Controllers/Rbi/Certificates.php(116): CodeIgniter\Debug\Exceptions->errorHandler(2, 'Trying to acces...', '/Applications/M...', 116)
#1 /Applications/MAMP/htdocs/baliwag/blink/vendor/codeigniter4/framework/system/CodeIgniter.php(832): App\Controllers\Rbi\Certificates->certificatePrint('1')
#2 /Applications/MAMP/htdocs/baliwag/blink/vendor/codeigniter4/framework/system/CodeIgniter.php(419): CodeIgniter\CodeIgniter->runController(Object(App\Controllers\Rbi\Certificates))
#3 /Applications/MAMP/htdocs/baliwag/blink/vendor/codeigniter4/framework/system/CodeIgniter.php(326): CodeIgniter\CodeIgniter->handleRequest(NULL, Object(Config\Cache), false)
#4 /Applications/MAMP/htdocs/baliwag/blink/index.php(38): CodeIgniter\CodeIgniter->run()
#5 {main}
CRITICAL - 2023-12-19 10:57:38 --> Attempt to read property "barangay_logo" on bool
#0 /Applications/MAMP/htdocs/baliwag/blink/app/Views/rbi/certificates/certificatePrint.php(7): CodeIgniter\Debug\Exceptions->errorHandler(2, 'Attempt to read...', '/Applications/M...', 7)
#1 /Applications/MAMP/htdocs/baliwag/blink/vendor/codeigniter4/framework/system/View/View.php(210): include('/Applications/M...')
#2 /Applications/MAMP/htdocs/baliwag/blink/vendor/codeigniter4/framework/system/View/View.php(213): CodeIgniter\View\View->CodeIgniter\View\{closure}()
#3 /Applications/MAMP/htdocs/baliwag/blink/vendor/codeigniter4/framework/system/Common.php(1089): CodeIgniter\View\View->render('rbi/certificate...', Array, true)
#4 /Applications/MAMP/htdocs/baliwag/blink/app/Controllers/Rbi/Certificates.php(123): view('rbi/certificate...', Array)
#5 /Applications/MAMP/htdocs/baliwag/blink/vendor/codeigniter4/framework/system/CodeIgniter.php(832): App\Controllers\Rbi\Certificates->certificatePrint('1')
#6 /Applications/MAMP/htdocs/baliwag/blink/vendor/codeigniter4/framework/system/CodeIgniter.php(419): CodeIgniter\CodeIgniter->runController(Object(App\Controllers\Rbi\Certificates))
#7 /Applications/MAMP/htdocs/baliwag/blink/vendor/codeigniter4/framework/system/CodeIgniter.php(326): CodeIgniter\CodeIgniter->handleRequest(NULL, Object(Config\Cache), false)
#8 /Applications/MAMP/htdocs/baliwag/blink/index.php(38): CodeIgniter\CodeIgniter->run()
#9 {main}
