ERROR - 2022-09-11 20:45:50 --> Unknown column 'daleted_at' in 'where clause'
ERROR - 2022-09-11 20:46:50 --> Unknown column 'daleted_at' in 'where clause'
ERROR - 2022-09-11 20:46:50 --> Unknown column 'daleted_at' in 'where clause'
ERROR - 2022-09-11 20:47:19 --> Unknown column 'daleted_at' in 'where clause'
CRITICAL - 2022-09-11 21:24:32 --> Cannot redeclare App\Controllers\Settings::getRequirements()
#0 [internal function]: CodeIgniter\Debug\Exceptions->shutdownHandler()
#1 {main}
CRITICAL - 2022-09-11 21:24:33 --> Cannot redeclare App\Controllers\Settings::getRequirements()
#0 [internal function]: CodeIgniter\Debug\Exceptions->shutdownHandler()
#1 {main}
CRITICAL - 2022-09-11 21:25:10 --> Cannot redeclare App\Controllers\Settings::getRequirementsType()
#0 [internal function]: CodeIgniter\Debug\Exceptions->shutdownHandler()
#1 {main}
CRITICAL - 2022-09-11 21:25:22 --> json_decode(): Argument #1 ($json) must be of type string, array given
#0 /Applications/MAMP/htdocs/projects/myapplink/app/Controllers/Settings.php(290): json_decode(Array)
#1 /Applications/MAMP/htdocs/projects/myapplink/vendor/codeigniter4/framework/system/CodeIgniter.php(832): App\Controllers\Settings->getRequirementsTypeListing()
#2 /Applications/MAMP/htdocs/projects/myapplink/vendor/codeigniter4/framework/system/CodeIgniter.php(419): CodeIgniter\CodeIgniter->runController(Object(App\Controllers\Settings))
#3 /Applications/MAMP/htdocs/projects/myapplink/vendor/codeigniter4/framework/system/CodeIgniter.php(326): CodeIgniter\CodeIgniter->handleRequest(NULL, Object(Config\Cache), false)
#4 /Applications/MAMP/htdocs/projects/myapplink/index.php(38): CodeIgniter\CodeIgniter->run()
#5 {main}
