CRITICAL - 2022-07-27 02:53:38 --> count(): Argument #1 ($value) must be of type Countable|array, null given
#0 C:\xampp\htdocs\projects\applications\app\Controllers\Applications.php(35): count(NULL)
#1 C:\xampp\htdocs\projects\applications\vendor\codeigniter4\framework\system\CodeIgniter.php(832): App\Controllers\Applications->applicationImmigration()
#2 C:\xampp\htdocs\projects\applications\vendor\codeigniter4\framework\system\CodeIgniter.php(419): CodeIgniter\CodeIgniter->runController(Object(App\Controllers\Applications))
#3 C:\xampp\htdocs\projects\applications\vendor\codeigniter4\framework\system\CodeIgniter.php(326): CodeIgniter\CodeIgniter->handleRequest(NULL, Object(Config\Cache), false)
#4 C:\xampp\htdocs\projects\applications\index.php(38): CodeIgniter\CodeIgniter->run()
#5 {main}
CRITICAL - 2022-07-27 02:54:31 --> count(): Argument #1 ($value) must be of type Countable|array, null given
#0 C:\xampp\htdocs\projects\applications\app\Controllers\Applications.php(35): count(NULL)
#1 C:\xampp\htdocs\projects\applications\vendor\codeigniter4\framework\system\CodeIgniter.php(832): App\Controllers\Applications->applicationImmigration()
#2 C:\xampp\htdocs\projects\applications\vendor\codeigniter4\framework\system\CodeIgniter.php(419): CodeIgniter\CodeIgniter->runController(Object(App\Controllers\Applications))
#3 C:\xampp\htdocs\projects\applications\vendor\codeigniter4\framework\system\CodeIgniter.php(326): CodeIgniter\CodeIgniter->handleRequest(NULL, Object(Config\Cache), false)
#4 C:\xampp\htdocs\projects\applications\index.php(38): CodeIgniter\CodeIgniter->run()
#5 {main}
CRITICAL - 2022-07-27 02:59:44 --> count(): Argument #1 ($value) must be of type Countable|array, string given
#0 C:\xampp\htdocs\projects\applications\app\Controllers\Applications.php(52): count('asd')
#1 C:\xampp\htdocs\projects\applications\vendor\codeigniter4\framework\system\CodeIgniter.php(832): App\Controllers\Applications->applicationImmigration()
#2 C:\xampp\htdocs\projects\applications\vendor\codeigniter4\framework\system\CodeIgniter.php(419): CodeIgniter\CodeIgniter->runController(Object(App\Controllers\Applications))
#3 C:\xampp\htdocs\projects\applications\vendor\codeigniter4\framework\system\CodeIgniter.php(326): CodeIgniter\CodeIgniter->handleRequest(NULL, Object(Config\Cache), false)
#4 C:\xampp\htdocs\projects\applications\index.php(38): CodeIgniter\CodeIgniter->run()
#5 {main}
