CRITICAL - 2022-10-12 09:44:05 --> Cannot use object of type stdClass as array
#0 /Applications/MAMP/htdocs/projects/myapplink/vendor/codeigniter4/framework/system/CodeIgniter.php(832): App\Controllers\Dashboard->index()
#1 /Applications/MAMP/htdocs/projects/myapplink/vendor/codeigniter4/framework/system/CodeIgniter.php(419): CodeIgniter\CodeIgniter->runController(Object(App\Controllers\Dashboard))
#2 /Applications/MAMP/htdocs/projects/myapplink/vendor/codeigniter4/framework/system/CodeIgniter.php(326): CodeIgniter\CodeIgniter->handleRequest(NULL, Object(Config\Cache), false)
#3 /Applications/MAMP/htdocs/projects/myapplink/index.php(38): CodeIgniter\CodeIgniter->run()
#4 {main}
CRITICAL - 2022-10-12 09:44:49 --> Undefined variable $role
#0 /Applications/MAMP/htdocs/projects/myapplink/app/Controllers/Dashboard.php(24): CodeIgniter\Debug\Exceptions->errorHandler(2, 'Undefined varia...', '/Applications/M...', 24)
#1 /Applications/MAMP/htdocs/projects/myapplink/vendor/codeigniter4/framework/system/CodeIgniter.php(832): App\Controllers\Dashboard->index()
#2 /Applications/MAMP/htdocs/projects/myapplink/vendor/codeigniter4/framework/system/CodeIgniter.php(419): CodeIgniter\CodeIgniter->runController(Object(App\Controllers\Dashboard))
#3 /Applications/MAMP/htdocs/projects/myapplink/vendor/codeigniter4/framework/system/CodeIgniter.php(326): CodeIgniter\CodeIgniter->handleRequest(NULL, Object(Config\Cache), false)
#4 /Applications/MAMP/htdocs/projects/myapplink/index.php(38): CodeIgniter\CodeIgniter->run()
#5 {main}
CRITICAL - 2022-10-12 09:50:58 --> Undefined variable $userInfo
#0 /Applications/MAMP/htdocs/projects/myapplink/app/Controllers/Dashboard.php(41): CodeIgniter\Debug\Exceptions->errorHandler(2, 'Undefined varia...', '/Applications/M...', 41)
#1 /Applications/MAMP/htdocs/projects/myapplink/app/Controllers/Dashboard.php(29): App\Controllers\Dashboard->adminDashboard()
#2 /Applications/MAMP/htdocs/projects/myapplink/vendor/codeigniter4/framework/system/CodeIgniter.php(832): App\Controllers\Dashboard->index()
#3 /Applications/MAMP/htdocs/projects/myapplink/vendor/codeigniter4/framework/system/CodeIgniter.php(419): CodeIgniter\CodeIgniter->runController(Object(App\Controllers\Dashboard))
#4 /Applications/MAMP/htdocs/projects/myapplink/vendor/codeigniter4/framework/system/CodeIgniter.php(326): CodeIgniter\CodeIgniter->handleRequest(NULL, Object(Config\Cache), false)
#5 /Applications/MAMP/htdocs/projects/myapplink/index.php(38): CodeIgniter\CodeIgniter->run()
#6 {main}
CRITICAL - 2022-10-12 09:51:46 --> Undefined variable $userInfo
#0 /Applications/MAMP/htdocs/projects/myapplink/app/Controllers/Dashboard.php(20): CodeIgniter\Debug\Exceptions->errorHandler(2, 'Undefined varia...', '/Applications/M...', 20)
#1 /Applications/MAMP/htdocs/projects/myapplink/vendor/codeigniter4/framework/system/CodeIgniter.php(832): App\Controllers\Dashboard->index()
#2 /Applications/MAMP/htdocs/projects/myapplink/vendor/codeigniter4/framework/system/CodeIgniter.php(419): CodeIgniter\CodeIgniter->runController(Object(App\Controllers\Dashboard))
#3 /Applications/MAMP/htdocs/projects/myapplink/vendor/codeigniter4/framework/system/CodeIgniter.php(326): CodeIgniter\CodeIgniter->handleRequest(NULL, Object(Config\Cache), false)
#4 /Applications/MAMP/htdocs/projects/myapplink/index.php(38): CodeIgniter\CodeIgniter->run()
#5 {main}
CRITICAL - 2022-10-12 09:51:58 --> Undefined variable $userInfo
#0 /Applications/MAMP/htdocs/projects/myapplink/app/Controllers/Dashboard.php(21): CodeIgniter\Debug\Exceptions->errorHandler(2, 'Undefined varia...', '/Applications/M...', 21)
#1 /Applications/MAMP/htdocs/projects/myapplink/vendor/codeigniter4/framework/system/CodeIgniter.php(832): App\Controllers\Dashboard->index()
#2 /Applications/MAMP/htdocs/projects/myapplink/vendor/codeigniter4/framework/system/CodeIgniter.php(419): CodeIgniter\CodeIgniter->runController(Object(App\Controllers\Dashboard))
#3 /Applications/MAMP/htdocs/projects/myapplink/vendor/codeigniter4/framework/system/CodeIgniter.php(326): CodeIgniter\CodeIgniter->handleRequest(NULL, Object(Config\Cache), false)
#4 /Applications/MAMP/htdocs/projects/myapplink/index.php(38): CodeIgniter\CodeIgniter->run()
#5 {main}
CRITICAL - 2022-10-12 09:52:09 --> Undefined variable $userInfo
#0 /Applications/MAMP/htdocs/projects/myapplink/app/Controllers/Dashboard.php(18): CodeIgniter\Debug\Exceptions->errorHandler(2, 'Undefined varia...', '/Applications/M...', 18)
#1 /Applications/MAMP/htdocs/projects/myapplink/vendor/codeigniter4/framework/system/CodeIgniter.php(832): App\Controllers\Dashboard->index()
#2 /Applications/MAMP/htdocs/projects/myapplink/vendor/codeigniter4/framework/system/CodeIgniter.php(419): CodeIgniter\CodeIgniter->runController(Object(App\Controllers\Dashboard))
#3 /Applications/MAMP/htdocs/projects/myapplink/vendor/codeigniter4/framework/system/CodeIgniter.php(326): CodeIgniter\CodeIgniter->handleRequest(NULL, Object(Config\Cache), false)
#4 /Applications/MAMP/htdocs/projects/myapplink/index.php(38): CodeIgniter\CodeIgniter->run()
#5 {main}
CRITICAL - 2022-10-12 09:58:08 --> Undefined variable $userInfo
#0 /Applications/MAMP/htdocs/projects/myapplink/app/Controllers/Dashboard.php(20): CodeIgniter\Debug\Exceptions->errorHandler(2, 'Undefined varia...', '/Applications/M...', 20)
#1 /Applications/MAMP/htdocs/projects/myapplink/vendor/codeigniter4/framework/system/CodeIgniter.php(832): App\Controllers\Dashboard->index()
#2 /Applications/MAMP/htdocs/projects/myapplink/vendor/codeigniter4/framework/system/CodeIgniter.php(419): CodeIgniter\CodeIgniter->runController(Object(App\Controllers\Dashboard))
#3 /Applications/MAMP/htdocs/projects/myapplink/vendor/codeigniter4/framework/system/CodeIgniter.php(326): CodeIgniter\CodeIgniter->handleRequest(NULL, Object(Config\Cache), false)
#4 /Applications/MAMP/htdocs/projects/myapplink/index.php(38): CodeIgniter\CodeIgniter->run()
#5 {main}
CRITICAL - 2022-10-12 10:33:59 --> syntax error, unexpected token ","
#0 /Applications/MAMP/htdocs/projects/myapplink/vendor/codeigniter4/framework/system/View/View.php(213): CodeIgniter\View\View->CodeIgniter\View\{closure}()
#1 /Applications/MAMP/htdocs/projects/myapplink/vendor/codeigniter4/framework/system/Common.php(1089): CodeIgniter\View\View->render('admin/documentD...', Array, true)
#2 /Applications/MAMP/htdocs/projects/myapplink/app/Controllers/Admin.php(231): view('admin/documentD...', Array)
#3 /Applications/MAMP/htdocs/projects/myapplink/vendor/codeigniter4/framework/system/CodeIgniter.php(832): App\Controllers\Admin->documentDetails('1')
#4 /Applications/MAMP/htdocs/projects/myapplink/vendor/codeigniter4/framework/system/CodeIgniter.php(419): CodeIgniter\CodeIgniter->runController(Object(App\Controllers\Admin))
#5 /Applications/MAMP/htdocs/projects/myapplink/vendor/codeigniter4/framework/system/CodeIgniter.php(326): CodeIgniter\CodeIgniter->handleRequest(NULL, Object(Config\Cache), false)
#6 /Applications/MAMP/htdocs/projects/myapplink/index.php(38): CodeIgniter\CodeIgniter->run()
#7 {main}
CRITICAL - 2022-10-12 11:09:22 --> Undefined variable $userInfo
#0 /Applications/MAMP/htdocs/projects/myapplink/app/Controllers/Dashboard.php(51): CodeIgniter\Debug\Exceptions->errorHandler(2, 'Undefined varia...', '/Applications/M...', 51)
#1 /Applications/MAMP/htdocs/projects/myapplink/app/Controllers/Dashboard.php(37): App\Controllers\Dashboard->clientDashboard()
#2 /Applications/MAMP/htdocs/projects/myapplink/vendor/codeigniter4/framework/system/CodeIgniter.php(832): App\Controllers\Dashboard->index()
#3 /Applications/MAMP/htdocs/projects/myapplink/vendor/codeigniter4/framework/system/CodeIgniter.php(419): CodeIgniter\CodeIgniter->runController(Object(App\Controllers\Dashboard))
#4 /Applications/MAMP/htdocs/projects/myapplink/vendor/codeigniter4/framework/system/CodeIgniter.php(326): CodeIgniter\CodeIgniter->handleRequest(NULL, Object(Config\Cache), false)
#5 /Applications/MAMP/htdocs/projects/myapplink/index.php(38): CodeIgniter\CodeIgniter->run()
#6 {main}
CRITICAL - 2022-10-12 15:06:13 --> Call to undefined function set_value()
#0 /Applications/MAMP/htdocs/projects/myapplink/vendor/codeigniter4/framework/system/View/View.php(210): include()
#1 /Applications/MAMP/htdocs/projects/myapplink/vendor/codeigniter4/framework/system/View/View.php(213): CodeIgniter\View\View->CodeIgniter\View\{closure}()
#2 /Applications/MAMP/htdocs/projects/myapplink/vendor/codeigniter4/framework/system/Common.php(1089): CodeIgniter\View\View->render('Myth\\Auth\\Views...', Array, true)
#3 /Applications/MAMP/htdocs/projects/myapplink/vendor/myth/auth/src/Controllers/AuthController.php(429): view('Myth\\Auth\\Views...', Array)
#4 /Applications/MAMP/htdocs/projects/myapplink/vendor/myth/auth/src/Controllers/AuthController.php(57): Myth\Auth\Controllers\AuthController->_render('Myth\\Auth\\Views...', Array)
#5 /Applications/MAMP/htdocs/projects/myapplink/vendor/codeigniter4/framework/system/CodeIgniter.php(832): Myth\Auth\Controllers\AuthController->login()
#6 /Applications/MAMP/htdocs/projects/myapplink/vendor/codeigniter4/framework/system/CodeIgniter.php(419): CodeIgniter\CodeIgniter->runController(Object(Myth\Auth\Controllers\AuthController))
#7 /Applications/MAMP/htdocs/projects/myapplink/vendor/codeigniter4/framework/system/CodeIgniter.php(326): CodeIgniter\CodeIgniter->handleRequest(NULL, Object(Config\Cache), false)
#8 /Applications/MAMP/htdocs/projects/myapplink/index.php(38): CodeIgniter\CodeIgniter->run()
#9 {main}
CRITICAL - 2022-10-12 15:06:16 --> Call to undefined function set_value()
#0 /Applications/MAMP/htdocs/projects/myapplink/vendor/codeigniter4/framework/system/View/View.php(210): include()
#1 /Applications/MAMP/htdocs/projects/myapplink/vendor/codeigniter4/framework/system/View/View.php(213): CodeIgniter\View\View->CodeIgniter\View\{closure}()
#2 /Applications/MAMP/htdocs/projects/myapplink/vendor/codeigniter4/framework/system/Common.php(1089): CodeIgniter\View\View->render('Myth\\Auth\\Views...', Array, true)
#3 /Applications/MAMP/htdocs/projects/myapplink/vendor/myth/auth/src/Controllers/AuthController.php(429): view('Myth\\Auth\\Views...', Array)
#4 /Applications/MAMP/htdocs/projects/myapplink/vendor/myth/auth/src/Controllers/AuthController.php(57): Myth\Auth\Controllers\AuthController->_render('Myth\\Auth\\Views...', Array)
#5 /Applications/MAMP/htdocs/projects/myapplink/vendor/codeigniter4/framework/system/CodeIgniter.php(832): Myth\Auth\Controllers\AuthController->login()
#6 /Applications/MAMP/htdocs/projects/myapplink/vendor/codeigniter4/framework/system/CodeIgniter.php(419): CodeIgniter\CodeIgniter->runController(Object(Myth\Auth\Controllers\AuthController))
#7 /Applications/MAMP/htdocs/projects/myapplink/vendor/codeigniter4/framework/system/CodeIgniter.php(326): CodeIgniter\CodeIgniter->handleRequest(NULL, Object(Config\Cache), false)
#8 /Applications/MAMP/htdocs/projects/myapplink/index.php(38): CodeIgniter\CodeIgniter->run()
#9 {main}
CRITICAL - 2022-10-12 15:49:22 --> Array to string conversion
#0 /Applications/MAMP/htdocs/projects/myapplink/app/Controllers/Users.php(59): CodeIgniter\Debug\Exceptions->errorHandler(2, 'Array to string...', '/Applications/M...', 59)
#1 /Applications/MAMP/htdocs/projects/myapplink/vendor/codeigniter4/framework/system/CodeIgniter.php(832): App\Controllers\Users->addUser()
#2 /Applications/MAMP/htdocs/projects/myapplink/vendor/codeigniter4/framework/system/CodeIgniter.php(419): CodeIgniter\CodeIgniter->runController(Object(App\Controllers\Users))
#3 /Applications/MAMP/htdocs/projects/myapplink/vendor/codeigniter4/framework/system/CodeIgniter.php(326): CodeIgniter\CodeIgniter->handleRequest(NULL, Object(Config\Cache), false)
#4 /Applications/MAMP/htdocs/projects/myapplink/index.php(38): CodeIgniter\CodeIgniter->run()
#5 {main}
CRITICAL - 2022-10-12 15:53:21 --> str_pad() expects at least 2 arguments, 1 given
#0 /Applications/MAMP/htdocs/projects/myapplink/app/Controllers/Users.php(59): str_pad(3)
#1 /Applications/MAMP/htdocs/projects/myapplink/vendor/codeigniter4/framework/system/CodeIgniter.php(832): App\Controllers\Users->addUser()
#2 /Applications/MAMP/htdocs/projects/myapplink/vendor/codeigniter4/framework/system/CodeIgniter.php(419): CodeIgniter\CodeIgniter->runController(Object(App\Controllers\Users))
#3 /Applications/MAMP/htdocs/projects/myapplink/vendor/codeigniter4/framework/system/CodeIgniter.php(326): CodeIgniter\CodeIgniter->handleRequest(NULL, Object(Config\Cache), false)
#4 /Applications/MAMP/htdocs/projects/myapplink/index.php(38): CodeIgniter\CodeIgniter->run()
#5 {main}
CRITICAL - 2022-10-12 15:54:06 --> syntax error, unexpected token ";", expecting ")"
#0 /Applications/MAMP/htdocs/projects/myapplink/vendor/codeigniter4/framework/system/Router/Router.php(175): CodeIgniter\Router\Router->autoRoute('/users/addUser')
#1 /Applications/MAMP/htdocs/projects/myapplink/vendor/codeigniter4/framework/system/CodeIgniter.php(726): CodeIgniter\Router\Router->handle('/users/addUser')
#2 /Applications/MAMP/htdocs/projects/myapplink/vendor/codeigniter4/framework/system/CodeIgniter.php(368): CodeIgniter\CodeIgniter->tryToRouteIt(Object(CodeIgniter\Router\RouteCollection))
#3 /Applications/MAMP/htdocs/projects/myapplink/vendor/codeigniter4/framework/system/CodeIgniter.php(326): CodeIgniter\CodeIgniter->handleRequest(NULL, Object(Config\Cache), false)
#4 /Applications/MAMP/htdocs/projects/myapplink/index.php(38): CodeIgniter\CodeIgniter->run()
#5 {main}
ERROR - 2022-10-12 18:53:57 --> Duplicate entry '220003' for key 'username'
CRITICAL - 2022-10-12 19:24:39 --> syntax error, unexpected token "echo"
#0 /Applications/MAMP/htdocs/projects/myapplink/vendor/codeigniter4/framework/system/View/View.php(213): CodeIgniter\View\View->CodeIgniter\View\{closure}()
#1 /Applications/MAMP/htdocs/projects/myapplink/vendor/codeigniter4/framework/system/Common.php(1089): CodeIgniter\View\View->render('admin/uploadedD...', Array, true)
#2 /Applications/MAMP/htdocs/projects/myapplink/app/Controllers/Admin.php(130): view('admin/uploadedD...', Array)
#3 /Applications/MAMP/htdocs/projects/myapplink/vendor/codeigniter4/framework/system/CodeIgniter.php(832): App\Controllers\Admin->uploadedDocuments('1')
#4 /Applications/MAMP/htdocs/projects/myapplink/vendor/codeigniter4/framework/system/CodeIgniter.php(419): CodeIgniter\CodeIgniter->runController(Object(App\Controllers\Admin))
#5 /Applications/MAMP/htdocs/projects/myapplink/vendor/codeigniter4/framework/system/CodeIgniter.php(326): CodeIgniter\CodeIgniter->handleRequest(NULL, Object(Config\Cache), false)
#6 /Applications/MAMP/htdocs/projects/myapplink/index.php(38): CodeIgniter\CodeIgniter->run()
#7 {main}
CRITICAL - 2022-10-12 19:54:23 --> Attempt to read property "filename" on array
#0 /Applications/MAMP/htdocs/projects/myapplink/app/Views/admin/uploadedDocuments.php(120): CodeIgniter\Debug\Exceptions->errorHandler(2, 'Attempt to read...', '/Applications/M...', 120)
#1 /Applications/MAMP/htdocs/projects/myapplink/vendor/codeigniter4/framework/system/View/View.php(210): include('/Applications/M...')
#2 /Applications/MAMP/htdocs/projects/myapplink/vendor/codeigniter4/framework/system/View/View.php(213): CodeIgniter\View\View->CodeIgniter\View\{closure}()
#3 /Applications/MAMP/htdocs/projects/myapplink/vendor/codeigniter4/framework/system/Common.php(1089): CodeIgniter\View\View->render('admin/uploadedD...', Array, true)
#4 /Applications/MAMP/htdocs/projects/myapplink/app/Controllers/Admin.php(130): view('admin/uploadedD...', Array)
#5 /Applications/MAMP/htdocs/projects/myapplink/vendor/codeigniter4/framework/system/CodeIgniter.php(832): App\Controllers\Admin->uploadedDocuments('1')
#6 /Applications/MAMP/htdocs/projects/myapplink/vendor/codeigniter4/framework/system/CodeIgniter.php(419): CodeIgniter\CodeIgniter->runController(Object(App\Controllers\Admin))
#7 /Applications/MAMP/htdocs/projects/myapplink/vendor/codeigniter4/framework/system/CodeIgniter.php(326): CodeIgniter\CodeIgniter->handleRequest(NULL, Object(Config\Cache), false)
#8 /Applications/MAMP/htdocs/projects/myapplink/index.php(38): CodeIgniter\CodeIgniter->run()
#9 {main}
CRITICAL - 2022-10-12 19:54:56 --> Attempt to read property "filename" on array
#0 /Applications/MAMP/htdocs/projects/myapplink/app/Views/admin/uploadedDocuments.php(120): CodeIgniter\Debug\Exceptions->errorHandler(2, 'Attempt to read...', '/Applications/M...', 120)
#1 /Applications/MAMP/htdocs/projects/myapplink/vendor/codeigniter4/framework/system/View/View.php(210): include('/Applications/M...')
#2 /Applications/MAMP/htdocs/projects/myapplink/vendor/codeigniter4/framework/system/View/View.php(213): CodeIgniter\View\View->CodeIgniter\View\{closure}()
#3 /Applications/MAMP/htdocs/projects/myapplink/vendor/codeigniter4/framework/system/Common.php(1089): CodeIgniter\View\View->render('admin/uploadedD...', Array, true)
#4 /Applications/MAMP/htdocs/projects/myapplink/app/Controllers/Admin.php(130): view('admin/uploadedD...', Array)
#5 /Applications/MAMP/htdocs/projects/myapplink/vendor/codeigniter4/framework/system/CodeIgniter.php(832): App\Controllers\Admin->uploadedDocuments('1')
#6 /Applications/MAMP/htdocs/projects/myapplink/vendor/codeigniter4/framework/system/CodeIgniter.php(419): CodeIgniter\CodeIgniter->runController(Object(App\Controllers\Admin))
#7 /Applications/MAMP/htdocs/projects/myapplink/vendor/codeigniter4/framework/system/CodeIgniter.php(326): CodeIgniter\CodeIgniter->handleRequest(NULL, Object(Config\Cache), false)
#8 /Applications/MAMP/htdocs/projects/myapplink/index.php(38): CodeIgniter\CodeIgniter->run()
#9 {main}
CRITICAL - 2022-10-12 19:55:16 --> Attempt to read property "filename" on array
#0 /Applications/MAMP/htdocs/projects/myapplink/app/Views/admin/uploadedDocuments.php(120): CodeIgniter\Debug\Exceptions->errorHandler(2, 'Attempt to read...', '/Applications/M...', 120)
#1 /Applications/MAMP/htdocs/projects/myapplink/vendor/codeigniter4/framework/system/View/View.php(210): include('/Applications/M...')
#2 /Applications/MAMP/htdocs/projects/myapplink/vendor/codeigniter4/framework/system/View/View.php(213): CodeIgniter\View\View->CodeIgniter\View\{closure}()
#3 /Applications/MAMP/htdocs/projects/myapplink/vendor/codeigniter4/framework/system/Common.php(1089): CodeIgniter\View\View->render('admin/uploadedD...', Array, true)
#4 /Applications/MAMP/htdocs/projects/myapplink/app/Controllers/Admin.php(130): view('admin/uploadedD...', Array)
#5 /Applications/MAMP/htdocs/projects/myapplink/vendor/codeigniter4/framework/system/CodeIgniter.php(832): App\Controllers\Admin->uploadedDocuments('1')
#6 /Applications/MAMP/htdocs/projects/myapplink/vendor/codeigniter4/framework/system/CodeIgniter.php(419): CodeIgniter\CodeIgniter->runController(Object(App\Controllers\Admin))
#7 /Applications/MAMP/htdocs/projects/myapplink/vendor/codeigniter4/framework/system/CodeIgniter.php(326): CodeIgniter\CodeIgniter->handleRequest(NULL, Object(Config\Cache), false)
#8 /Applications/MAMP/htdocs/projects/myapplink/index.php(38): CodeIgniter\CodeIgniter->run()
#9 {main}
CRITICAL - 2022-10-12 19:55:43 --> Attempt to read property "filename" on array
#0 /Applications/MAMP/htdocs/projects/myapplink/app/Views/admin/uploadedDocuments.php(120): CodeIgniter\Debug\Exceptions->errorHandler(2, 'Attempt to read...', '/Applications/M...', 120)
#1 /Applications/MAMP/htdocs/projects/myapplink/vendor/codeigniter4/framework/system/View/View.php(210): include('/Applications/M...')
#2 /Applications/MAMP/htdocs/projects/myapplink/vendor/codeigniter4/framework/system/View/View.php(213): CodeIgniter\View\View->CodeIgniter\View\{closure}()
#3 /Applications/MAMP/htdocs/projects/myapplink/vendor/codeigniter4/framework/system/Common.php(1089): CodeIgniter\View\View->render('admin/uploadedD...', Array, true)
#4 /Applications/MAMP/htdocs/projects/myapplink/app/Controllers/Admin.php(130): view('admin/uploadedD...', Array)
#5 /Applications/MAMP/htdocs/projects/myapplink/vendor/codeigniter4/framework/system/CodeIgniter.php(832): App\Controllers\Admin->uploadedDocuments('1')
#6 /Applications/MAMP/htdocs/projects/myapplink/vendor/codeigniter4/framework/system/CodeIgniter.php(419): CodeIgniter\CodeIgniter->runController(Object(App\Controllers\Admin))
#7 /Applications/MAMP/htdocs/projects/myapplink/vendor/codeigniter4/framework/system/CodeIgniter.php(326): CodeIgniter\CodeIgniter->handleRequest(NULL, Object(Config\Cache), false)
#8 /Applications/MAMP/htdocs/projects/myapplink/index.php(38): CodeIgniter\CodeIgniter->run()
#9 {main}
CRITICAL - 2022-10-12 23:18:04 --> Undefined variable $userCompleteInformation
#0 /Applications/MAMP/htdocs/projects/myapplink/app/Views/admin/documentDetails.php(73): CodeIgniter\Debug\Exceptions->errorHandler(2, 'Undefined varia...', '/Applications/M...', 73)
#1 /Applications/MAMP/htdocs/projects/myapplink/vendor/codeigniter4/framework/system/View/View.php(210): include('/Applications/M...')
#2 /Applications/MAMP/htdocs/projects/myapplink/vendor/codeigniter4/framework/system/View/View.php(213): CodeIgniter\View\View->CodeIgniter\View\{closure}()
#3 /Applications/MAMP/htdocs/projects/myapplink/vendor/codeigniter4/framework/system/Common.php(1089): CodeIgniter\View\View->render('admin/documentD...', Array, true)
#4 /Applications/MAMP/htdocs/projects/myapplink/app/Controllers/Admin.php(231): view('admin/documentD...', Array)
#5 /Applications/MAMP/htdocs/projects/myapplink/vendor/codeigniter4/framework/system/CodeIgniter.php(832): App\Controllers\Admin->documentDetails('2')
#6 /Applications/MAMP/htdocs/projects/myapplink/vendor/codeigniter4/framework/system/CodeIgniter.php(419): CodeIgniter\CodeIgniter->runController(Object(App\Controllers\Admin))
#7 /Applications/MAMP/htdocs/projects/myapplink/vendor/codeigniter4/framework/system/CodeIgniter.php(326): CodeIgniter\CodeIgniter->handleRequest(NULL, Object(Config\Cache), false)
#8 /Applications/MAMP/htdocs/projects/myapplink/index.php(38): CodeIgniter\CodeIgniter->run()
#9 {main}
CRITICAL - 2022-10-12 23:18:31 --> Object of class DateInterval could not be converted to string
#0 /Applications/MAMP/htdocs/projects/myapplink/vendor/codeigniter4/framework/system/View/View.php(210): include()
#1 /Applications/MAMP/htdocs/projects/myapplink/vendor/codeigniter4/framework/system/View/View.php(213): CodeIgniter\View\View->CodeIgniter\View\{closure}()
#2 /Applications/MAMP/htdocs/projects/myapplink/vendor/codeigniter4/framework/system/Common.php(1089): CodeIgniter\View\View->render('admin/documentD...', Array, true)
#3 /Applications/MAMP/htdocs/projects/myapplink/app/Controllers/Admin.php(231): view('admin/documentD...', Array)
#4 /Applications/MAMP/htdocs/projects/myapplink/vendor/codeigniter4/framework/system/CodeIgniter.php(832): App\Controllers\Admin->documentDetails('2')
#5 /Applications/MAMP/htdocs/projects/myapplink/vendor/codeigniter4/framework/system/CodeIgniter.php(419): CodeIgniter\CodeIgniter->runController(Object(App\Controllers\Admin))
#6 /Applications/MAMP/htdocs/projects/myapplink/vendor/codeigniter4/framework/system/CodeIgniter.php(326): CodeIgniter\CodeIgniter->handleRequest(NULL, Object(Config\Cache), false)
#7 /Applications/MAMP/htdocs/projects/myapplink/index.php(38): CodeIgniter\CodeIgniter->run()
#8 {main}
CRITICAL - 2022-10-12 23:19:04 --> Undefined variable $userCompleteInformation
#0 /Applications/MAMP/htdocs/projects/myapplink/app/Views/admin/documentDetails.php(73): CodeIgniter\Debug\Exceptions->errorHandler(2, 'Undefined varia...', '/Applications/M...', 73)
#1 /Applications/MAMP/htdocs/projects/myapplink/vendor/codeigniter4/framework/system/View/View.php(210): include('/Applications/M...')
#2 /Applications/MAMP/htdocs/projects/myapplink/vendor/codeigniter4/framework/system/View/View.php(213): CodeIgniter\View\View->CodeIgniter\View\{closure}()
#3 /Applications/MAMP/htdocs/projects/myapplink/vendor/codeigniter4/framework/system/Common.php(1089): CodeIgniter\View\View->render('admin/documentD...', Array, true)
#4 /Applications/MAMP/htdocs/projects/myapplink/app/Controllers/Admin.php(231): view('admin/documentD...', Array)
#5 /Applications/MAMP/htdocs/projects/myapplink/vendor/codeigniter4/framework/system/CodeIgniter.php(832): App\Controllers\Admin->documentDetails('2')
#6 /Applications/MAMP/htdocs/projects/myapplink/vendor/codeigniter4/framework/system/CodeIgniter.php(419): CodeIgniter\CodeIgniter->runController(Object(App\Controllers\Admin))
#7 /Applications/MAMP/htdocs/projects/myapplink/vendor/codeigniter4/framework/system/CodeIgniter.php(326): CodeIgniter\CodeIgniter->handleRequest(NULL, Object(Config\Cache), false)
#8 /Applications/MAMP/htdocs/projects/myapplink/index.php(38): CodeIgniter\CodeIgniter->run()
#9 {main}
CRITICAL - 2022-10-12 23:19:10 --> Object of class DateInterval could not be converted to string
#0 /Applications/MAMP/htdocs/projects/myapplink/vendor/codeigniter4/framework/system/View/View.php(210): include()
#1 /Applications/MAMP/htdocs/projects/myapplink/vendor/codeigniter4/framework/system/View/View.php(213): CodeIgniter\View\View->CodeIgniter\View\{closure}()
#2 /Applications/MAMP/htdocs/projects/myapplink/vendor/codeigniter4/framework/system/Common.php(1089): CodeIgniter\View\View->render('admin/documentD...', Array, true)
#3 /Applications/MAMP/htdocs/projects/myapplink/app/Controllers/Admin.php(231): view('admin/documentD...', Array)
#4 /Applications/MAMP/htdocs/projects/myapplink/vendor/codeigniter4/framework/system/CodeIgniter.php(832): App\Controllers\Admin->documentDetails('2')
#5 /Applications/MAMP/htdocs/projects/myapplink/vendor/codeigniter4/framework/system/CodeIgniter.php(419): CodeIgniter\CodeIgniter->runController(Object(App\Controllers\Admin))
#6 /Applications/MAMP/htdocs/projects/myapplink/vendor/codeigniter4/framework/system/CodeIgniter.php(326): CodeIgniter\CodeIgniter->handleRequest(NULL, Object(Config\Cache), false)
#7 /Applications/MAMP/htdocs/projects/myapplink/index.php(38): CodeIgniter\CodeIgniter->run()
#8 {main}
CRITICAL - 2022-10-12 23:19:22 --> Object of class DateInterval could not be converted to string
#0 /Applications/MAMP/htdocs/projects/myapplink/vendor/codeigniter4/framework/system/View/View.php(210): include()
#1 /Applications/MAMP/htdocs/projects/myapplink/vendor/codeigniter4/framework/system/View/View.php(213): CodeIgniter\View\View->CodeIgniter\View\{closure}()
#2 /Applications/MAMP/htdocs/projects/myapplink/vendor/codeigniter4/framework/system/Common.php(1089): CodeIgniter\View\View->render('admin/documentD...', Array, true)
#3 /Applications/MAMP/htdocs/projects/myapplink/app/Controllers/Admin.php(231): view('admin/documentD...', Array)
#4 /Applications/MAMP/htdocs/projects/myapplink/vendor/codeigniter4/framework/system/CodeIgniter.php(832): App\Controllers\Admin->documentDetails('2')
#5 /Applications/MAMP/htdocs/projects/myapplink/vendor/codeigniter4/framework/system/CodeIgniter.php(419): CodeIgniter\CodeIgniter->runController(Object(App\Controllers\Admin))
#6 /Applications/MAMP/htdocs/projects/myapplink/vendor/codeigniter4/framework/system/CodeIgniter.php(326): CodeIgniter\CodeIgniter->handleRequest(NULL, Object(Config\Cache), false)
#7 /Applications/MAMP/htdocs/projects/myapplink/index.php(38): CodeIgniter\CodeIgniter->run()
#8 {main}
CRITICAL - 2022-10-12 23:19:39 --> Object of class DateInterval could not be converted to string
#0 /Applications/MAMP/htdocs/projects/myapplink/vendor/codeigniter4/framework/system/View/View.php(210): include()
#1 /Applications/MAMP/htdocs/projects/myapplink/vendor/codeigniter4/framework/system/View/View.php(213): CodeIgniter\View\View->CodeIgniter\View\{closure}()
#2 /Applications/MAMP/htdocs/projects/myapplink/vendor/codeigniter4/framework/system/Common.php(1089): CodeIgniter\View\View->render('admin/documentD...', Array, true)
#3 /Applications/MAMP/htdocs/projects/myapplink/app/Controllers/Admin.php(231): view('admin/documentD...', Array)
#4 /Applications/MAMP/htdocs/projects/myapplink/vendor/codeigniter4/framework/system/CodeIgniter.php(832): App\Controllers\Admin->documentDetails('2')
#5 /Applications/MAMP/htdocs/projects/myapplink/vendor/codeigniter4/framework/system/CodeIgniter.php(419): CodeIgniter\CodeIgniter->runController(Object(App\Controllers\Admin))
#6 /Applications/MAMP/htdocs/projects/myapplink/vendor/codeigniter4/framework/system/CodeIgniter.php(326): CodeIgniter\CodeIgniter->handleRequest(NULL, Object(Config\Cache), false)
#7 /Applications/MAMP/htdocs/projects/myapplink/index.php(38): CodeIgniter\CodeIgniter->run()
#8 {main}
CRITICAL - 2022-10-12 23:25:06 --> Undefined property: stdClass::$barangay
#0 /Applications/MAMP/htdocs/projects/myapplink/app/Views/admin/documentDetails.php(111): CodeIgniter\Debug\Exceptions->errorHandler(2, 'Undefined prope...', '/Applications/M...', 111)
#1 /Applications/MAMP/htdocs/projects/myapplink/vendor/codeigniter4/framework/system/View/View.php(210): include('/Applications/M...')
#2 /Applications/MAMP/htdocs/projects/myapplink/vendor/codeigniter4/framework/system/View/View.php(213): CodeIgniter\View\View->CodeIgniter\View\{closure}()
#3 /Applications/MAMP/htdocs/projects/myapplink/vendor/codeigniter4/framework/system/Common.php(1089): CodeIgniter\View\View->render('admin/documentD...', Array, true)
#4 /Applications/MAMP/htdocs/projects/myapplink/app/Controllers/Admin.php(231): view('admin/documentD...', Array)
#5 /Applications/MAMP/htdocs/projects/myapplink/vendor/codeigniter4/framework/system/CodeIgniter.php(832): App\Controllers\Admin->documentDetails('2')
#6 /Applications/MAMP/htdocs/projects/myapplink/vendor/codeigniter4/framework/system/CodeIgniter.php(419): CodeIgniter\CodeIgniter->runController(Object(App\Controllers\Admin))
#7 /Applications/MAMP/htdocs/projects/myapplink/vendor/codeigniter4/framework/system/CodeIgniter.php(326): CodeIgniter\CodeIgniter->handleRequest(NULL, Object(Config\Cache), false)
#8 /Applications/MAMP/htdocs/projects/myapplink/index.php(38): CodeIgniter\CodeIgniter->run()
#9 {main}
