CRITICAL - 2022-11-28 23:15:51 --> Attempt to read property "visa_description" on bool
#0 /Applications/MAMP/htdocs/projects/myapplink/app/Views/settings/filter.php(49): CodeIgniter\Debug\Exceptions->errorHandler(2, 'Attempt to read...', '/Applications/M...', 49)
#1 /Applications/MAMP/htdocs/projects/myapplink/vendor/codeigniter4/framework/system/View/View.php(210): include('/Applications/M...')
#2 /Applications/MAMP/htdocs/projects/myapplink/vendor/codeigniter4/framework/system/View/View.php(213): CodeIgniter\View\View->CodeIgniter\View\{closure}()
#3 /Applications/MAMP/htdocs/projects/myapplink/vendor/codeigniter4/framework/system/Common.php(1089): CodeIgniter\View\View->render('settings/filter', Array, true)
#4 /Applications/MAMP/htdocs/projects/myapplink/app/Controllers/Settings.php(828): view('settings/filter', Array)
#5 /Applications/MAMP/htdocs/projects/myapplink/vendor/codeigniter4/framework/system/CodeIgniter.php(832): App\Controllers\Settings->filter('assets', 'media', 'stock', '900x600', '46.jpg')
#6 /Applications/MAMP/htdocs/projects/myapplink/vendor/codeigniter4/framework/system/CodeIgniter.php(419): CodeIgniter\CodeIgniter->runController(Object(App\Controllers\Settings))
#7 /Applications/MAMP/htdocs/projects/myapplink/vendor/codeigniter4/framework/system/CodeIgniter.php(326): CodeIgniter\CodeIgniter->handleRequest(NULL, Object(Config\Cache), false)
#8 /Applications/MAMP/htdocs/projects/myapplink/index.php(38): CodeIgniter\CodeIgniter->run()
#9 {main}
CRITICAL - 2022-11-28 23:15:51 --> Attempt to read property "visa_description" on bool
#0 /Applications/MAMP/htdocs/projects/myapplink/app/Views/settings/filter.php(49): CodeIgniter\Debug\Exceptions->errorHandler(2, 'Attempt to read...', '/Applications/M...', 49)
#1 /Applications/MAMP/htdocs/projects/myapplink/vendor/codeigniter4/framework/system/View/View.php(210): include('/Applications/M...')
#2 /Applications/MAMP/htdocs/projects/myapplink/vendor/codeigniter4/framework/system/View/View.php(213): CodeIgniter\View\View->CodeIgniter\View\{closure}()
#3 /Applications/MAMP/htdocs/projects/myapplink/vendor/codeigniter4/framework/system/Common.php(1089): CodeIgniter\View\View->render('settings/filter', Array, true)
#4 /Applications/MAMP/htdocs/projects/myapplink/app/Controllers/Settings.php(828): view('settings/filter', Array)
#5 /Applications/MAMP/htdocs/projects/myapplink/vendor/codeigniter4/framework/system/CodeIgniter.php(832): App\Controllers\Settings->filter('assets', 'media', 'stock', '900x600', '45.jpg')
#6 /Applications/MAMP/htdocs/projects/myapplink/vendor/codeigniter4/framework/system/CodeIgniter.php(419): CodeIgniter\CodeIgniter->runController(Object(App\Controllers\Settings))
#7 /Applications/MAMP/htdocs/projects/myapplink/vendor/codeigniter4/framework/system/CodeIgniter.php(326): CodeIgniter\CodeIgniter->handleRequest(NULL, Object(Config\Cache), false)
#8 /Applications/MAMP/htdocs/projects/myapplink/index.php(38): CodeIgniter\CodeIgniter->run()
#9 {main}
CRITICAL - 2022-11-28 23:15:51 --> Attempt to read property "visa_description" on bool
#0 /Applications/MAMP/htdocs/projects/myapplink/app/Views/settings/filter.php(49): CodeIgniter\Debug\Exceptions->errorHandler(2, 'Attempt to read...', '/Applications/M...', 49)
#1 /Applications/MAMP/htdocs/projects/myapplink/vendor/codeigniter4/framework/system/View/View.php(210): include('/Applications/M...')
#2 /Applications/MAMP/htdocs/projects/myapplink/vendor/codeigniter4/framework/system/View/View.php(213): CodeIgniter\View\View->CodeIgniter\View\{closure}()
#3 /Applications/MAMP/htdocs/projects/myapplink/vendor/codeigniter4/framework/system/Common.php(1089): CodeIgniter\View\View->render('settings/filter', Array, true)
#4 /Applications/MAMP/htdocs/projects/myapplink/app/Controllers/Settings.php(828): view('settings/filter', Array)
#5 /Applications/MAMP/htdocs/projects/myapplink/vendor/codeigniter4/framework/system/CodeIgniter.php(832): App\Controllers\Settings->filter('assets', 'media', 'stock', '900x600', '44.jpg')
#6 /Applications/MAMP/htdocs/projects/myapplink/vendor/codeigniter4/framework/system/CodeIgniter.php(419): CodeIgniter\CodeIgniter->runController(Object(App\Controllers\Settings))
#7 /Applications/MAMP/htdocs/projects/myapplink/vendor/codeigniter4/framework/system/CodeIgniter.php(326): CodeIgniter\CodeIgniter->handleRequest(NULL, Object(Config\Cache), false)
#8 /Applications/MAMP/htdocs/projects/myapplink/index.php(38): CodeIgniter\CodeIgniter->run()
#9 {main}
CRITICAL - 2022-11-28 23:15:51 --> Attempt to read property "visa_description" on bool
#0 /Applications/MAMP/htdocs/projects/myapplink/app/Views/settings/filter.php(49): CodeIgniter\Debug\Exceptions->errorHandler(2, 'Attempt to read...', '/Applications/M...', 49)
#1 /Applications/MAMP/htdocs/projects/myapplink/vendor/codeigniter4/framework/system/View/View.php(210): include('/Applications/M...')
#2 /Applications/MAMP/htdocs/projects/myapplink/vendor/codeigniter4/framework/system/View/View.php(213): CodeIgniter\View\View->CodeIgniter\View\{closure}()
#3 /Applications/MAMP/htdocs/projects/myapplink/vendor/codeigniter4/framework/system/Common.php(1089): CodeIgniter\View\View->render('settings/filter', Array, true)
#4 /Applications/MAMP/htdocs/projects/myapplink/app/Controllers/Settings.php(828): view('settings/filter', Array)
#5 /Applications/MAMP/htdocs/projects/myapplink/vendor/codeigniter4/framework/system/CodeIgniter.php(832): App\Controllers\Settings->filter('assets', 'media', 'logos', 'default-small.s...')
#6 /Applications/MAMP/htdocs/projects/myapplink/vendor/codeigniter4/framework/system/CodeIgniter.php(419): CodeIgniter\CodeIgniter->runController(Object(App\Controllers\Settings))
#7 /Applications/MAMP/htdocs/projects/myapplink/vendor/codeigniter4/framework/system/CodeIgniter.php(326): CodeIgniter\CodeIgniter->handleRequest(NULL, Object(Config\Cache), false)
#8 /Applications/MAMP/htdocs/projects/myapplink/index.php(38): CodeIgniter\CodeIgniter->run()
#9 {main}
CRITICAL - 2022-11-28 23:15:51 --> Attempt to read property "visa_description" on bool
#0 /Applications/MAMP/htdocs/projects/myapplink/app/Views/settings/filter.php(49): CodeIgniter\Debug\Exceptions->errorHandler(2, 'Attempt to read...', '/Applications/M...', 49)
#1 /Applications/MAMP/htdocs/projects/myapplink/vendor/codeigniter4/framework/system/View/View.php(210): include('/Applications/M...')
#2 /Applications/MAMP/htdocs/projects/myapplink/vendor/codeigniter4/framework/system/View/View.php(213): CodeIgniter\View\View->CodeIgniter\View\{closure}()
#3 /Applications/MAMP/htdocs/projects/myapplink/vendor/codeigniter4/framework/system/Common.php(1089): CodeIgniter\View\View->render('settings/filter', Array, true)
#4 /Applications/MAMP/htdocs/projects/myapplink/app/Controllers/Settings.php(828): view('settings/filter', Array)
#5 /Applications/MAMP/htdocs/projects/myapplink/vendor/codeigniter4/framework/system/CodeIgniter.php(832): App\Controllers\Settings->filter('assets', 'media', 'stock', '600x600', 'img-82.jpg')
#6 /Applications/MAMP/htdocs/projects/myapplink/vendor/codeigniter4/framework/system/CodeIgniter.php(419): CodeIgniter\CodeIgniter->runController(Object(App\Controllers\Settings))
#7 /Applications/MAMP/htdocs/projects/myapplink/vendor/codeigniter4/framework/system/CodeIgniter.php(326): CodeIgniter\CodeIgniter->handleRequest(NULL, Object(Config\Cache), false)
#8 /Applications/MAMP/htdocs/projects/myapplink/index.php(38): CodeIgniter\CodeIgniter->run()
#9 {main}
CRITICAL - 2022-11-28 23:15:51 --> Attempt to read property "visa_description" on bool
#0 /Applications/MAMP/htdocs/projects/myapplink/app/Views/settings/filter.php(49): CodeIgniter\Debug\Exceptions->errorHandler(2, 'Attempt to read...', '/Applications/M...', 49)
#1 /Applications/MAMP/htdocs/projects/myapplink/vendor/codeigniter4/framework/system/View/View.php(210): include('/Applications/M...')
#2 /Applications/MAMP/htdocs/projects/myapplink/vendor/codeigniter4/framework/system/View/View.php(213): CodeIgniter\View\View->CodeIgniter\View\{closure}()
#3 /Applications/MAMP/htdocs/projects/myapplink/vendor/codeigniter4/framework/system/Common.php(1089): CodeIgniter\View\View->render('settings/filter', Array, true)
#4 /Applications/MAMP/htdocs/projects/myapplink/app/Controllers/Settings.php(828): view('settings/filter', Array)
#5 /Applications/MAMP/htdocs/projects/myapplink/vendor/codeigniter4/framework/system/CodeIgniter.php(832): App\Controllers\Settings->filter('assets', 'media', 'stock', '600x600', 'img-84.jpg')
#6 /Applications/MAMP/htdocs/projects/myapplink/vendor/codeigniter4/framework/system/CodeIgniter.php(419): CodeIgniter\CodeIgniter->runController(Object(App\Controllers\Settings))
#7 /Applications/MAMP/htdocs/projects/myapplink/vendor/codeigniter4/framework/system/CodeIgniter.php(326): CodeIgniter\CodeIgniter->handleRequest(NULL, Object(Config\Cache), false)
#8 /Applications/MAMP/htdocs/projects/myapplink/index.php(38): CodeIgniter\CodeIgniter->run()
#9 {main}
CRITICAL - 2022-11-28 23:15:51 --> Attempt to read property "visa_description" on bool
#0 /Applications/MAMP/htdocs/projects/myapplink/app/Views/settings/filter.php(49): CodeIgniter\Debug\Exceptions->errorHandler(2, 'Attempt to read...', '/Applications/M...', 49)
#1 /Applications/MAMP/htdocs/projects/myapplink/vendor/codeigniter4/framework/system/View/View.php(210): include('/Applications/M...')
#2 /Applications/MAMP/htdocs/projects/myapplink/vendor/codeigniter4/framework/system/View/View.php(213): CodeIgniter\View\View->CodeIgniter\View\{closure}()
#3 /Applications/MAMP/htdocs/projects/myapplink/vendor/codeigniter4/framework/system/Common.php(1089): CodeIgniter\View\View->render('settings/filter', Array, true)
#4 /Applications/MAMP/htdocs/projects/myapplink/app/Controllers/Settings.php(828): view('settings/filter', Array)
#5 /Applications/MAMP/htdocs/projects/myapplink/vendor/codeigniter4/framework/system/CodeIgniter.php(832): App\Controllers\Settings->filter('assets', 'media', 'avatars', '300-1.jpg')
#6 /Applications/MAMP/htdocs/projects/myapplink/vendor/codeigniter4/framework/system/CodeIgniter.php(419): CodeIgniter\CodeIgniter->runController(Object(App\Controllers\Settings))
#7 /Applications/MAMP/htdocs/projects/myapplink/vendor/codeigniter4/framework/system/CodeIgniter.php(326): CodeIgniter\CodeIgniter->handleRequest(NULL, Object(Config\Cache), false)
#8 /Applications/MAMP/htdocs/projects/myapplink/index.php(38): CodeIgniter\CodeIgniter->run()
#9 {main}
CRITICAL - 2022-11-28 23:15:51 --> Attempt to read property "visa_description" on bool
#0 /Applications/MAMP/htdocs/projects/myapplink/app/Views/settings/filter.php(49): CodeIgniter\Debug\Exceptions->errorHandler(2, 'Attempt to read...', '/Applications/M...', 49)
#1 /Applications/MAMP/htdocs/projects/myapplink/vendor/codeigniter4/framework/system/View/View.php(210): include('/Applications/M...')
#2 /Applications/MAMP/htdocs/projects/myapplink/vendor/codeigniter4/framework/system/View/View.php(213): CodeIgniter\View\View->CodeIgniter\View\{closure}()
#3 /Applications/MAMP/htdocs/projects/myapplink/vendor/codeigniter4/framework/system/Common.php(1089): CodeIgniter\View\View->render('settings/filter', Array, true)
#4 /Applications/MAMP/htdocs/projects/myapplink/app/Controllers/Settings.php(828): view('settings/filter', Array)
#5 /Applications/MAMP/htdocs/projects/myapplink/vendor/codeigniter4/framework/system/CodeIgniter.php(832): App\Controllers\Settings->filter('assets', 'media', 'flags', 'united-states.s...')
#6 /Applications/MAMP/htdocs/projects/myapplink/vendor/codeigniter4/framework/system/CodeIgniter.php(419): CodeIgniter\CodeIgniter->runController(Object(App\Controllers\Settings))
#7 /Applications/MAMP/htdocs/projects/myapplink/vendor/codeigniter4/framework/system/CodeIgniter.php(326): CodeIgniter\CodeIgniter->handleRequest(NULL, Object(Config\Cache), false)
#8 /Applications/MAMP/htdocs/projects/myapplink/index.php(38): CodeIgniter\CodeIgniter->run()
#9 {main}
CRITICAL - 2022-11-28 23:15:51 --> Attempt to read property "visa_description" on bool
#0 /Applications/MAMP/htdocs/projects/myapplink/app/Views/settings/filter.php(49): CodeIgniter\Debug\Exceptions->errorHandler(2, 'Attempt to read...', '/Applications/M...', 49)
#1 /Applications/MAMP/htdocs/projects/myapplink/vendor/codeigniter4/framework/system/View/View.php(210): include('/Applications/M...')
#2 /Applications/MAMP/htdocs/projects/myapplink/vendor/codeigniter4/framework/system/View/View.php(213): CodeIgniter\View\View->CodeIgniter\View\{closure}()
#3 /Applications/MAMP/htdocs/projects/myapplink/vendor/codeigniter4/framework/system/Common.php(1089): CodeIgniter\View\View->render('settings/filter', Array, true)
#4 /Applications/MAMP/htdocs/projects/myapplink/app/Controllers/Settings.php(828): view('settings/filter', Array)
#5 /Applications/MAMP/htdocs/projects/myapplink/vendor/codeigniter4/framework/system/CodeIgniter.php(832): App\Controllers\Settings->filter('assets', 'media', 'flags', 'spain.svg')
#6 /Applications/MAMP/htdocs/projects/myapplink/vendor/codeigniter4/framework/system/CodeIgniter.php(419): CodeIgniter\CodeIgniter->runController(Object(App\Controllers\Settings))
#7 /Applications/MAMP/htdocs/projects/myapplink/vendor/codeigniter4/framework/system/CodeIgniter.php(326): CodeIgniter\CodeIgniter->handleRequest(NULL, Object(Config\Cache), false)
#8 /Applications/MAMP/htdocs/projects/myapplink/index.php(38): CodeIgniter\CodeIgniter->run()
#9 {main}
CRITICAL - 2022-11-28 23:15:51 --> Attempt to read property "visa_description" on bool
#0 /Applications/MAMP/htdocs/projects/myapplink/app/Views/settings/filter.php(49): CodeIgniter\Debug\Exceptions->errorHandler(2, 'Attempt to read...', '/Applications/M...', 49)
#1 /Applications/MAMP/htdocs/projects/myapplink/vendor/codeigniter4/framework/system/View/View.php(210): include('/Applications/M...')
#2 /Applications/MAMP/htdocs/projects/myapplink/vendor/codeigniter4/framework/system/View/View.php(213): CodeIgniter\View\View->CodeIgniter\View\{closure}()
#3 /Applications/MAMP/htdocs/projects/myapplink/vendor/codeigniter4/framework/system/Common.php(1089): CodeIgniter\View\View->render('settings/filter', Array, true)
#4 /Applications/MAMP/htdocs/projects/myapplink/app/Controllers/Settings.php(828): view('settings/filter', Array)
#5 /Applications/MAMP/htdocs/projects/myapplink/vendor/codeigniter4/framework/system/CodeIgniter.php(832): App\Controllers\Settings->filter('assets', 'media', 'flags', 'germany.svg')
#6 /Applications/MAMP/htdocs/projects/myapplink/vendor/codeigniter4/framework/system/CodeIgniter.php(419): CodeIgniter\CodeIgniter->runController(Object(App\Controllers\Settings))
#7 /Applications/MAMP/htdocs/projects/myapplink/vendor/codeigniter4/framework/system/CodeIgniter.php(326): CodeIgniter\CodeIgniter->handleRequest(NULL, Object(Config\Cache), false)
#8 /Applications/MAMP/htdocs/projects/myapplink/index.php(38): CodeIgniter\CodeIgniter->run()
#9 {main}
CRITICAL - 2022-11-28 23:15:51 --> Attempt to read property "visa_description" on bool
#0 /Applications/MAMP/htdocs/projects/myapplink/app/Views/settings/filter.php(49): CodeIgniter\Debug\Exceptions->errorHandler(2, 'Attempt to read...', '/Applications/M...', 49)
#1 /Applications/MAMP/htdocs/projects/myapplink/vendor/codeigniter4/framework/system/View/View.php(210): include('/Applications/M...')
#2 /Applications/MAMP/htdocs/projects/myapplink/vendor/codeigniter4/framework/system/View/View.php(213): CodeIgniter\View\View->CodeIgniter\View\{closure}()
#3 /Applications/MAMP/htdocs/projects/myapplink/vendor/codeigniter4/framework/system/Common.php(1089): CodeIgniter\View\View->render('settings/filter', Array, true)
#4 /Applications/MAMP/htdocs/projects/myapplink/app/Controllers/Settings.php(828): view('settings/filter', Array)
#5 /Applications/MAMP/htdocs/projects/myapplink/vendor/codeigniter4/framework/system/CodeIgniter.php(832): App\Controllers\Settings->filter('assets', 'media', 'flags', 'japan.svg')
#6 /Applications/MAMP/htdocs/projects/myapplink/vendor/codeigniter4/framework/system/CodeIgniter.php(419): CodeIgniter\CodeIgniter->runController(Object(App\Controllers\Settings))
#7 /Applications/MAMP/htdocs/projects/myapplink/vendor/codeigniter4/framework/system/CodeIgniter.php(326): CodeIgniter\CodeIgniter->handleRequest(NULL, Object(Config\Cache), false)
#8 /Applications/MAMP/htdocs/projects/myapplink/index.php(38): CodeIgniter\CodeIgniter->run()
#9 {main}
CRITICAL - 2022-11-28 23:15:51 --> Attempt to read property "visa_description" on bool
#0 /Applications/MAMP/htdocs/projects/myapplink/app/Views/settings/filter.php(49): CodeIgniter\Debug\Exceptions->errorHandler(2, 'Attempt to read...', '/Applications/M...', 49)
#1 /Applications/MAMP/htdocs/projects/myapplink/vendor/codeigniter4/framework/system/View/View.php(210): include('/Applications/M...')
#2 /Applications/MAMP/htdocs/projects/myapplink/vendor/codeigniter4/framework/system/View/View.php(213): CodeIgniter\View\View->CodeIgniter\View\{closure}()
#3 /Applications/MAMP/htdocs/projects/myapplink/vendor/codeigniter4/framework/system/Common.php(1089): CodeIgniter\View\View->render('settings/filter', Array, true)
#4 /Applications/MAMP/htdocs/projects/myapplink/app/Controllers/Settings.php(828): view('settings/filter', Array)
#5 /Applications/MAMP/htdocs/projects/myapplink/vendor/codeigniter4/framework/system/CodeIgniter.php(832): App\Controllers\Settings->filter('assets', 'media', 'flags', 'france.svg')
#6 /Applications/MAMP/htdocs/projects/myapplink/vendor/codeigniter4/framework/system/CodeIgniter.php(419): CodeIgniter\CodeIgniter->runController(Object(App\Controllers\Settings))
#7 /Applications/MAMP/htdocs/projects/myapplink/vendor/codeigniter4/framework/system/CodeIgniter.php(326): CodeIgniter\CodeIgniter->handleRequest(NULL, Object(Config\Cache), false)
#8 /Applications/MAMP/htdocs/projects/myapplink/index.php(38): CodeIgniter\CodeIgniter->run()
#9 {main}
CRITICAL - 2022-11-28 23:17:12 --> Attempt to read property "visa_description" on bool
#0 /Applications/MAMP/htdocs/projects/myapplink/app/Views/settings/filter.php(49): CodeIgniter\Debug\Exceptions->errorHandler(2, 'Attempt to read...', '/Applications/M...', 49)
#1 /Applications/MAMP/htdocs/projects/myapplink/vendor/codeigniter4/framework/system/View/View.php(210): include('/Applications/M...')
#2 /Applications/MAMP/htdocs/projects/myapplink/vendor/codeigniter4/framework/system/View/View.php(213): CodeIgniter\View\View->CodeIgniter\View\{closure}()
#3 /Applications/MAMP/htdocs/projects/myapplink/vendor/codeigniter4/framework/system/Common.php(1089): CodeIgniter\View\View->render('settings/filter', Array, true)
#4 /Applications/MAMP/htdocs/projects/myapplink/app/Controllers/Settings.php(828): view('settings/filter', Array)
#5 /Applications/MAMP/htdocs/projects/myapplink/vendor/codeigniter4/framework/system/CodeIgniter.php(832): App\Controllers\Settings->filter('assets', 'media', 'stock', '900x600', '46.jpg')
#6 /Applications/MAMP/htdocs/projects/myapplink/vendor/codeigniter4/framework/system/CodeIgniter.php(419): CodeIgniter\CodeIgniter->runController(Object(App\Controllers\Settings))
#7 /Applications/MAMP/htdocs/projects/myapplink/vendor/codeigniter4/framework/system/CodeIgniter.php(326): CodeIgniter\CodeIgniter->handleRequest(NULL, Object(Config\Cache), false)
#8 /Applications/MAMP/htdocs/projects/myapplink/index.php(38): CodeIgniter\CodeIgniter->run()
#9 {main}
CRITICAL - 2022-11-28 23:17:12 --> Attempt to read property "visa_description" on bool
#0 /Applications/MAMP/htdocs/projects/myapplink/app/Views/settings/filter.php(49): CodeIgniter\Debug\Exceptions->errorHandler(2, 'Attempt to read...', '/Applications/M...', 49)
#1 /Applications/MAMP/htdocs/projects/myapplink/vendor/codeigniter4/framework/system/View/View.php(210): include('/Applications/M...')
#2 /Applications/MAMP/htdocs/projects/myapplink/vendor/codeigniter4/framework/system/View/View.php(213): CodeIgniter\View\View->CodeIgniter\View\{closure}()
#3 /Applications/MAMP/htdocs/projects/myapplink/vendor/codeigniter4/framework/system/Common.php(1089): CodeIgniter\View\View->render('settings/filter', Array, true)
#4 /Applications/MAMP/htdocs/projects/myapplink/app/Controllers/Settings.php(828): view('settings/filter', Array)
#5 /Applications/MAMP/htdocs/projects/myapplink/vendor/codeigniter4/framework/system/CodeIgniter.php(832): App\Controllers\Settings->filter('assets', 'media', 'stock', '900x600', '44.jpg')
#6 /Applications/MAMP/htdocs/projects/myapplink/vendor/codeigniter4/framework/system/CodeIgniter.php(419): CodeIgniter\CodeIgniter->runController(Object(App\Controllers\Settings))
#7 /Applications/MAMP/htdocs/projects/myapplink/vendor/codeigniter4/framework/system/CodeIgniter.php(326): CodeIgniter\CodeIgniter->handleRequest(NULL, Object(Config\Cache), false)
#8 /Applications/MAMP/htdocs/projects/myapplink/index.php(38): CodeIgniter\CodeIgniter->run()
#9 {main}
CRITICAL - 2022-11-28 23:17:12 --> Attempt to read property "visa_description" on bool
#0 /Applications/MAMP/htdocs/projects/myapplink/app/Views/settings/filter.php(49): CodeIgniter\Debug\Exceptions->errorHandler(2, 'Attempt to read...', '/Applications/M...', 49)
#1 /Applications/MAMP/htdocs/projects/myapplink/vendor/codeigniter4/framework/system/View/View.php(210): include('/Applications/M...')
#2 /Applications/MAMP/htdocs/projects/myapplink/vendor/codeigniter4/framework/system/View/View.php(213): CodeIgniter\View\View->CodeIgniter\View\{closure}()
#3 /Applications/MAMP/htdocs/projects/myapplink/vendor/codeigniter4/framework/system/Common.php(1089): CodeIgniter\View\View->render('settings/filter', Array, true)
#4 /Applications/MAMP/htdocs/projects/myapplink/app/Controllers/Settings.php(828): view('settings/filter', Array)
#5 /Applications/MAMP/htdocs/projects/myapplink/vendor/codeigniter4/framework/system/CodeIgniter.php(832): App\Controllers\Settings->filter('assets', 'media', 'stock', '600x600', 'img-82.jpg')
#6 /Applications/MAMP/htdocs/projects/myapplink/vendor/codeigniter4/framework/system/CodeIgniter.php(419): CodeIgniter\CodeIgniter->runController(Object(App\Controllers\Settings))
#7 /Applications/MAMP/htdocs/projects/myapplink/vendor/codeigniter4/framework/system/CodeIgniter.php(326): CodeIgniter\CodeIgniter->handleRequest(NULL, Object(Config\Cache), false)
#8 /Applications/MAMP/htdocs/projects/myapplink/index.php(38): CodeIgniter\CodeIgniter->run()
#9 {main}
CRITICAL - 2022-11-28 23:17:12 --> Attempt to read property "visa_description" on bool
#0 /Applications/MAMP/htdocs/projects/myapplink/app/Views/settings/filter.php(49): CodeIgniter\Debug\Exceptions->errorHandler(2, 'Attempt to read...', '/Applications/M...', 49)
#1 /Applications/MAMP/htdocs/projects/myapplink/vendor/codeigniter4/framework/system/View/View.php(210): include('/Applications/M...')
#2 /Applications/MAMP/htdocs/projects/myapplink/vendor/codeigniter4/framework/system/View/View.php(213): CodeIgniter\View\View->CodeIgniter\View\{closure}()
#3 /Applications/MAMP/htdocs/projects/myapplink/vendor/codeigniter4/framework/system/Common.php(1089): CodeIgniter\View\View->render('settings/filter', Array, true)
#4 /Applications/MAMP/htdocs/projects/myapplink/app/Controllers/Settings.php(828): view('settings/filter', Array)
#5 /Applications/MAMP/htdocs/projects/myapplink/vendor/codeigniter4/framework/system/CodeIgniter.php(832): App\Controllers\Settings->filter('assets', 'media', 'stock', '900x600', '45.jpg')
#6 /Applications/MAMP/htdocs/projects/myapplink/vendor/codeigniter4/framework/system/CodeIgniter.php(419): CodeIgniter\CodeIgniter->runController(Object(App\Controllers\Settings))
#7 /Applications/MAMP/htdocs/projects/myapplink/vendor/codeigniter4/framework/system/CodeIgniter.php(326): CodeIgniter\CodeIgniter->handleRequest(NULL, Object(Config\Cache), false)
#8 /Applications/MAMP/htdocs/projects/myapplink/index.php(38): CodeIgniter\CodeIgniter->run()
#9 {main}
CRITICAL - 2022-11-28 23:17:12 --> Attempt to read property "visa_description" on bool
#0 /Applications/MAMP/htdocs/projects/myapplink/app/Views/settings/filter.php(49): CodeIgniter\Debug\Exceptions->errorHandler(2, 'Attempt to read...', '/Applications/M...', 49)
#1 /Applications/MAMP/htdocs/projects/myapplink/vendor/codeigniter4/framework/system/View/View.php(210): include('/Applications/M...')
#2 /Applications/MAMP/htdocs/projects/myapplink/vendor/codeigniter4/framework/system/View/View.php(213): CodeIgniter\View\View->CodeIgniter\View\{closure}()
#3 /Applications/MAMP/htdocs/projects/myapplink/vendor/codeigniter4/framework/system/Common.php(1089): CodeIgniter\View\View->render('settings/filter', Array, true)
#4 /Applications/MAMP/htdocs/projects/myapplink/app/Controllers/Settings.php(828): view('settings/filter', Array)
#5 /Applications/MAMP/htdocs/projects/myapplink/vendor/codeigniter4/framework/system/CodeIgniter.php(832): App\Controllers\Settings->filter('assets', 'media', 'stock', '600x600', 'img-84.jpg')
#6 /Applications/MAMP/htdocs/projects/myapplink/vendor/codeigniter4/framework/system/CodeIgniter.php(419): CodeIgniter\CodeIgniter->runController(Object(App\Controllers\Settings))
#7 /Applications/MAMP/htdocs/projects/myapplink/vendor/codeigniter4/framework/system/CodeIgniter.php(326): CodeIgniter\CodeIgniter->handleRequest(NULL, Object(Config\Cache), false)
#8 /Applications/MAMP/htdocs/projects/myapplink/index.php(38): CodeIgniter\CodeIgniter->run()
#9 {main}
CRITICAL - 2022-11-28 23:17:12 --> Attempt to read property "visa_description" on bool
#0 /Applications/MAMP/htdocs/projects/myapplink/app/Views/settings/filter.php(49): CodeIgniter\Debug\Exceptions->errorHandler(2, 'Attempt to read...', '/Applications/M...', 49)
#1 /Applications/MAMP/htdocs/projects/myapplink/vendor/codeigniter4/framework/system/View/View.php(210): include('/Applications/M...')
#2 /Applications/MAMP/htdocs/projects/myapplink/vendor/codeigniter4/framework/system/View/View.php(213): CodeIgniter\View\View->CodeIgniter\View\{closure}()
#3 /Applications/MAMP/htdocs/projects/myapplink/vendor/codeigniter4/framework/system/Common.php(1089): CodeIgniter\View\View->render('settings/filter', Array, true)
#4 /Applications/MAMP/htdocs/projects/myapplink/app/Controllers/Settings.php(828): view('settings/filter', Array)
#5 /Applications/MAMP/htdocs/projects/myapplink/vendor/codeigniter4/framework/system/CodeIgniter.php(832): App\Controllers\Settings->filter('assets', 'media', 'logos', 'default-small.s...')
#6 /Applications/MAMP/htdocs/projects/myapplink/vendor/codeigniter4/framework/system/CodeIgniter.php(419): CodeIgniter\CodeIgniter->runController(Object(App\Controllers\Settings))
#7 /Applications/MAMP/htdocs/projects/myapplink/vendor/codeigniter4/framework/system/CodeIgniter.php(326): CodeIgniter\CodeIgniter->handleRequest(NULL, Object(Config\Cache), false)
#8 /Applications/MAMP/htdocs/projects/myapplink/index.php(38): CodeIgniter\CodeIgniter->run()
#9 {main}
CRITICAL - 2022-11-28 23:17:12 --> Attempt to read property "visa_description" on bool
#0 /Applications/MAMP/htdocs/projects/myapplink/app/Views/settings/filter.php(49): CodeIgniter\Debug\Exceptions->errorHandler(2, 'Attempt to read...', '/Applications/M...', 49)
#1 /Applications/MAMP/htdocs/projects/myapplink/vendor/codeigniter4/framework/system/View/View.php(210): include('/Applications/M...')
#2 /Applications/MAMP/htdocs/projects/myapplink/vendor/codeigniter4/framework/system/View/View.php(213): CodeIgniter\View\View->CodeIgniter\View\{closure}()
#3 /Applications/MAMP/htdocs/projects/myapplink/vendor/codeigniter4/framework/system/Common.php(1089): CodeIgniter\View\View->render('settings/filter', Array, true)
#4 /Applications/MAMP/htdocs/projects/myapplink/app/Controllers/Settings.php(828): view('settings/filter', Array)
#5 /Applications/MAMP/htdocs/projects/myapplink/vendor/codeigniter4/framework/system/CodeIgniter.php(832): App\Controllers\Settings->filter('assets', 'media', 'avatars', '300-1.jpg')
#6 /Applications/MAMP/htdocs/projects/myapplink/vendor/codeigniter4/framework/system/CodeIgniter.php(419): CodeIgniter\CodeIgniter->runController(Object(App\Controllers\Settings))
#7 /Applications/MAMP/htdocs/projects/myapplink/vendor/codeigniter4/framework/system/CodeIgniter.php(326): CodeIgniter\CodeIgniter->handleRequest(NULL, Object(Config\Cache), false)
#8 /Applications/MAMP/htdocs/projects/myapplink/index.php(38): CodeIgniter\CodeIgniter->run()
#9 {main}
CRITICAL - 2022-11-28 23:17:12 --> Attempt to read property "visa_description" on bool
#0 /Applications/MAMP/htdocs/projects/myapplink/app/Views/settings/filter.php(49): CodeIgniter\Debug\Exceptions->errorHandler(2, 'Attempt to read...', '/Applications/M...', 49)
#1 /Applications/MAMP/htdocs/projects/myapplink/vendor/codeigniter4/framework/system/View/View.php(210): include('/Applications/M...')
#2 /Applications/MAMP/htdocs/projects/myapplink/vendor/codeigniter4/framework/system/View/View.php(213): CodeIgniter\View\View->CodeIgniter\View\{closure}()
#3 /Applications/MAMP/htdocs/projects/myapplink/vendor/codeigniter4/framework/system/Common.php(1089): CodeIgniter\View\View->render('settings/filter', Array, true)
#4 /Applications/MAMP/htdocs/projects/myapplink/app/Controllers/Settings.php(828): view('settings/filter', Array)
#5 /Applications/MAMP/htdocs/projects/myapplink/vendor/codeigniter4/framework/system/CodeIgniter.php(832): App\Controllers\Settings->filter('assets', 'media', 'flags', 'united-states.s...')
#6 /Applications/MAMP/htdocs/projects/myapplink/vendor/codeigniter4/framework/system/CodeIgniter.php(419): CodeIgniter\CodeIgniter->runController(Object(App\Controllers\Settings))
#7 /Applications/MAMP/htdocs/projects/myapplink/vendor/codeigniter4/framework/system/CodeIgniter.php(326): CodeIgniter\CodeIgniter->handleRequest(NULL, Object(Config\Cache), false)
#8 /Applications/MAMP/htdocs/projects/myapplink/index.php(38): CodeIgniter\CodeIgniter->run()
#9 {main}
CRITICAL - 2022-11-28 23:17:12 --> Attempt to read property "visa_description" on bool
#0 /Applications/MAMP/htdocs/projects/myapplink/app/Views/settings/filter.php(49): CodeIgniter\Debug\Exceptions->errorHandler(2, 'Attempt to read...', '/Applications/M...', 49)
#1 /Applications/MAMP/htdocs/projects/myapplink/vendor/codeigniter4/framework/system/View/View.php(210): include('/Applications/M...')
#2 /Applications/MAMP/htdocs/projects/myapplink/vendor/codeigniter4/framework/system/View/View.php(213): CodeIgniter\View\View->CodeIgniter\View\{closure}()
#3 /Applications/MAMP/htdocs/projects/myapplink/vendor/codeigniter4/framework/system/Common.php(1089): CodeIgniter\View\View->render('settings/filter', Array, true)
#4 /Applications/MAMP/htdocs/projects/myapplink/app/Controllers/Settings.php(828): view('settings/filter', Array)
#5 /Applications/MAMP/htdocs/projects/myapplink/vendor/codeigniter4/framework/system/CodeIgniter.php(832): App\Controllers\Settings->filter('assets', 'media', 'flags', 'spain.svg')
#6 /Applications/MAMP/htdocs/projects/myapplink/vendor/codeigniter4/framework/system/CodeIgniter.php(419): CodeIgniter\CodeIgniter->runController(Object(App\Controllers\Settings))
#7 /Applications/MAMP/htdocs/projects/myapplink/vendor/codeigniter4/framework/system/CodeIgniter.php(326): CodeIgniter\CodeIgniter->handleRequest(NULL, Object(Config\Cache), false)
#8 /Applications/MAMP/htdocs/projects/myapplink/index.php(38): CodeIgniter\CodeIgniter->run()
#9 {main}
CRITICAL - 2022-11-28 23:17:12 --> Attempt to read property "visa_description" on bool
#0 /Applications/MAMP/htdocs/projects/myapplink/app/Views/settings/filter.php(49): CodeIgniter\Debug\Exceptions->errorHandler(2, 'Attempt to read...', '/Applications/M...', 49)
#1 /Applications/MAMP/htdocs/projects/myapplink/vendor/codeigniter4/framework/system/View/View.php(210): include('/Applications/M...')
#2 /Applications/MAMP/htdocs/projects/myapplink/vendor/codeigniter4/framework/system/View/View.php(213): CodeIgniter\View\View->CodeIgniter\View\{closure}()
#3 /Applications/MAMP/htdocs/projects/myapplink/vendor/codeigniter4/framework/system/Common.php(1089): CodeIgniter\View\View->render('settings/filter', Array, true)
#4 /Applications/MAMP/htdocs/projects/myapplink/app/Controllers/Settings.php(828): view('settings/filter', Array)
#5 /Applications/MAMP/htdocs/projects/myapplink/vendor/codeigniter4/framework/system/CodeIgniter.php(832): App\Controllers\Settings->filter('assets', 'media', 'flags', 'germany.svg')
#6 /Applications/MAMP/htdocs/projects/myapplink/vendor/codeigniter4/framework/system/CodeIgniter.php(419): CodeIgniter\CodeIgniter->runController(Object(App\Controllers\Settings))
#7 /Applications/MAMP/htdocs/projects/myapplink/vendor/codeigniter4/framework/system/CodeIgniter.php(326): CodeIgniter\CodeIgniter->handleRequest(NULL, Object(Config\Cache), false)
#8 /Applications/MAMP/htdocs/projects/myapplink/index.php(38): CodeIgniter\CodeIgniter->run()
#9 {main}
CRITICAL - 2022-11-28 23:17:12 --> Attempt to read property "visa_description" on bool
#0 /Applications/MAMP/htdocs/projects/myapplink/app/Views/settings/filter.php(49): CodeIgniter\Debug\Exceptions->errorHandler(2, 'Attempt to read...', '/Applications/M...', 49)
#1 /Applications/MAMP/htdocs/projects/myapplink/vendor/codeigniter4/framework/system/View/View.php(210): include('/Applications/M...')
#2 /Applications/MAMP/htdocs/projects/myapplink/vendor/codeigniter4/framework/system/View/View.php(213): CodeIgniter\View\View->CodeIgniter\View\{closure}()
#3 /Applications/MAMP/htdocs/projects/myapplink/vendor/codeigniter4/framework/system/Common.php(1089): CodeIgniter\View\View->render('settings/filter', Array, true)
#4 /Applications/MAMP/htdocs/projects/myapplink/app/Controllers/Settings.php(828): view('settings/filter', Array)
#5 /Applications/MAMP/htdocs/projects/myapplink/vendor/codeigniter4/framework/system/CodeIgniter.php(832): App\Controllers\Settings->filter('assets', 'media', 'flags', 'japan.svg')
#6 /Applications/MAMP/htdocs/projects/myapplink/vendor/codeigniter4/framework/system/CodeIgniter.php(419): CodeIgniter\CodeIgniter->runController(Object(App\Controllers\Settings))
#7 /Applications/MAMP/htdocs/projects/myapplink/vendor/codeigniter4/framework/system/CodeIgniter.php(326): CodeIgniter\CodeIgniter->handleRequest(NULL, Object(Config\Cache), false)
#8 /Applications/MAMP/htdocs/projects/myapplink/index.php(38): CodeIgniter\CodeIgniter->run()
#9 {main}
CRITICAL - 2022-11-28 23:17:12 --> Attempt to read property "visa_description" on bool
#0 /Applications/MAMP/htdocs/projects/myapplink/app/Views/settings/filter.php(49): CodeIgniter\Debug\Exceptions->errorHandler(2, 'Attempt to read...', '/Applications/M...', 49)
#1 /Applications/MAMP/htdocs/projects/myapplink/vendor/codeigniter4/framework/system/View/View.php(210): include('/Applications/M...')
#2 /Applications/MAMP/htdocs/projects/myapplink/vendor/codeigniter4/framework/system/View/View.php(213): CodeIgniter\View\View->CodeIgniter\View\{closure}()
#3 /Applications/MAMP/htdocs/projects/myapplink/vendor/codeigniter4/framework/system/Common.php(1089): CodeIgniter\View\View->render('settings/filter', Array, true)
#4 /Applications/MAMP/htdocs/projects/myapplink/app/Controllers/Settings.php(828): view('settings/filter', Array)
#5 /Applications/MAMP/htdocs/projects/myapplink/vendor/codeigniter4/framework/system/CodeIgniter.php(832): App\Controllers\Settings->filter('assets', 'media', 'flags', 'france.svg')
#6 /Applications/MAMP/htdocs/projects/myapplink/vendor/codeigniter4/framework/system/CodeIgniter.php(419): CodeIgniter\CodeIgniter->runController(Object(App\Controllers\Settings))
#7 /Applications/MAMP/htdocs/projects/myapplink/vendor/codeigniter4/framework/system/CodeIgniter.php(326): CodeIgniter\CodeIgniter->handleRequest(NULL, Object(Config\Cache), false)
#8 /Applications/MAMP/htdocs/projects/myapplink/index.php(38): CodeIgniter\CodeIgniter->run()
#9 {main}
CRITICAL - 2022-11-28 23:17:12 --> Attempt to read property "visa_description" on bool
#0 /Applications/MAMP/htdocs/projects/myapplink/app/Views/settings/filter.php(49): CodeIgniter\Debug\Exceptions->errorHandler(2, 'Attempt to read...', '/Applications/M...', 49)
#1 /Applications/MAMP/htdocs/projects/myapplink/vendor/codeigniter4/framework/system/View/View.php(210): include('/Applications/M...')
#2 /Applications/MAMP/htdocs/projects/myapplink/vendor/codeigniter4/framework/system/View/View.php(213): CodeIgniter\View\View->CodeIgniter\View\{closure}()
#3 /Applications/MAMP/htdocs/projects/myapplink/vendor/codeigniter4/framework/system/Common.php(1089): CodeIgniter\View\View->render('settings/filter', Array, true)
#4 /Applications/MAMP/htdocs/projects/myapplink/app/Controllers/Settings.php(828): view('settings/filter', Array)
#5 /Applications/MAMP/htdocs/projects/myapplink/vendor/codeigniter4/framework/system/CodeIgniter.php(832): App\Controllers\Settings->filter('assets', 'media', 'flags', 'united-states.s...')
#6 /Applications/MAMP/htdocs/projects/myapplink/vendor/codeigniter4/framework/system/CodeIgniter.php(419): CodeIgniter\CodeIgniter->runController(Object(App\Controllers\Settings))
#7 /Applications/MAMP/htdocs/projects/myapplink/vendor/codeigniter4/framework/system/CodeIgniter.php(326): CodeIgniter\CodeIgniter->handleRequest(NULL, Object(Config\Cache), false)
#8 /Applications/MAMP/htdocs/projects/myapplink/index.php(38): CodeIgniter\CodeIgniter->run()
#9 {main}
CRITICAL - 2022-11-28 23:17:45 --> Attempt to read property "visa_description" on bool
#0 /Applications/MAMP/htdocs/projects/myapplink/app/Views/settings/filter.php(49): CodeIgniter\Debug\Exceptions->errorHandler(2, 'Attempt to read...', '/Applications/M...', 49)
#1 /Applications/MAMP/htdocs/projects/myapplink/vendor/codeigniter4/framework/system/View/View.php(210): include('/Applications/M...')
#2 /Applications/MAMP/htdocs/projects/myapplink/vendor/codeigniter4/framework/system/View/View.php(213): CodeIgniter\View\View->CodeIgniter\View\{closure}()
#3 /Applications/MAMP/htdocs/projects/myapplink/vendor/codeigniter4/framework/system/Common.php(1089): CodeIgniter\View\View->render('settings/filter', Array, true)
#4 /Applications/MAMP/htdocs/projects/myapplink/app/Controllers/Settings.php(828): view('settings/filter', Array)
#5 /Applications/MAMP/htdocs/projects/myapplink/vendor/codeigniter4/framework/system/CodeIgniter.php(832): App\Controllers\Settings->filter('assets', 'media', 'stock', '900x600', '45.jpg')
#6 /Applications/MAMP/htdocs/projects/myapplink/vendor/codeigniter4/framework/system/CodeIgniter.php(419): CodeIgniter\CodeIgniter->runController(Object(App\Controllers\Settings))
#7 /Applications/MAMP/htdocs/projects/myapplink/vendor/codeigniter4/framework/system/CodeIgniter.php(326): CodeIgniter\CodeIgniter->handleRequest(NULL, Object(Config\Cache), false)
#8 /Applications/MAMP/htdocs/projects/myapplink/index.php(38): CodeIgniter\CodeIgniter->run()
#9 {main}
CRITICAL - 2022-11-28 23:17:45 --> Attempt to read property "visa_description" on bool
#0 /Applications/MAMP/htdocs/projects/myapplink/app/Views/settings/filter.php(49): CodeIgniter\Debug\Exceptions->errorHandler(2, 'Attempt to read...', '/Applications/M...', 49)
#1 /Applications/MAMP/htdocs/projects/myapplink/vendor/codeigniter4/framework/system/View/View.php(210): include('/Applications/M...')
#2 /Applications/MAMP/htdocs/projects/myapplink/vendor/codeigniter4/framework/system/View/View.php(213): CodeIgniter\View\View->CodeIgniter\View\{closure}()
#3 /Applications/MAMP/htdocs/projects/myapplink/vendor/codeigniter4/framework/system/Common.php(1089): CodeIgniter\View\View->render('settings/filter', Array, true)
#4 /Applications/MAMP/htdocs/projects/myapplink/app/Controllers/Settings.php(828): view('settings/filter', Array)
#5 /Applications/MAMP/htdocs/projects/myapplink/vendor/codeigniter4/framework/system/CodeIgniter.php(832): App\Controllers\Settings->filter('assets', 'media', 'stock', '600x600', 'img-84.jpg')
#6 /Applications/MAMP/htdocs/projects/myapplink/vendor/codeigniter4/framework/system/CodeIgniter.php(419): CodeIgniter\CodeIgniter->runController(Object(App\Controllers\Settings))
#7 /Applications/MAMP/htdocs/projects/myapplink/vendor/codeigniter4/framework/system/CodeIgniter.php(326): CodeIgniter\CodeIgniter->handleRequest(NULL, Object(Config\Cache), false)
#8 /Applications/MAMP/htdocs/projects/myapplink/index.php(38): CodeIgniter\CodeIgniter->run()
#9 {main}
CRITICAL - 2022-11-28 23:17:45 --> Attempt to read property "visa_description" on bool
#0 /Applications/MAMP/htdocs/projects/myapplink/app/Views/settings/filter.php(49): CodeIgniter\Debug\Exceptions->errorHandler(2, 'Attempt to read...', '/Applications/M...', 49)
#1 /Applications/MAMP/htdocs/projects/myapplink/vendor/codeigniter4/framework/system/View/View.php(210): include('/Applications/M...')
#2 /Applications/MAMP/htdocs/projects/myapplink/vendor/codeigniter4/framework/system/View/View.php(213): CodeIgniter\View\View->CodeIgniter\View\{closure}()
#3 /Applications/MAMP/htdocs/projects/myapplink/vendor/codeigniter4/framework/system/Common.php(1089): CodeIgniter\View\View->render('settings/filter', Array, true)
#4 /Applications/MAMP/htdocs/projects/myapplink/app/Controllers/Settings.php(828): view('settings/filter', Array)
#5 /Applications/MAMP/htdocs/projects/myapplink/vendor/codeigniter4/framework/system/CodeIgniter.php(832): App\Controllers\Settings->filter('assets', 'media', 'logos', 'default-small.s...')
#6 /Applications/MAMP/htdocs/projects/myapplink/vendor/codeigniter4/framework/system/CodeIgniter.php(419): CodeIgniter\CodeIgniter->runController(Object(App\Controllers\Settings))
#7 /Applications/MAMP/htdocs/projects/myapplink/vendor/codeigniter4/framework/system/CodeIgniter.php(326): CodeIgniter\CodeIgniter->handleRequest(NULL, Object(Config\Cache), false)
#8 /Applications/MAMP/htdocs/projects/myapplink/index.php(38): CodeIgniter\CodeIgniter->run()
#9 {main}
CRITICAL - 2022-11-28 23:17:45 --> Attempt to read property "visa_description" on bool
#0 /Applications/MAMP/htdocs/projects/myapplink/app/Views/settings/filter.php(49): CodeIgniter\Debug\Exceptions->errorHandler(2, 'Attempt to read...', '/Applications/M...', 49)
#1 /Applications/MAMP/htdocs/projects/myapplink/vendor/codeigniter4/framework/system/View/View.php(210): include('/Applications/M...')
#2 /Applications/MAMP/htdocs/projects/myapplink/vendor/codeigniter4/framework/system/View/View.php(213): CodeIgniter\View\View->CodeIgniter\View\{closure}()
#3 /Applications/MAMP/htdocs/projects/myapplink/vendor/codeigniter4/framework/system/Common.php(1089): CodeIgniter\View\View->render('settings/filter', Array, true)
#4 /Applications/MAMP/htdocs/projects/myapplink/app/Controllers/Settings.php(828): view('settings/filter', Array)
#5 /Applications/MAMP/htdocs/projects/myapplink/vendor/codeigniter4/framework/system/CodeIgniter.php(832): App\Controllers\Settings->filter('assets', 'media', 'stock', '900x600', '46.jpg')
#6 /Applications/MAMP/htdocs/projects/myapplink/vendor/codeigniter4/framework/system/CodeIgniter.php(419): CodeIgniter\CodeIgniter->runController(Object(App\Controllers\Settings))
#7 /Applications/MAMP/htdocs/projects/myapplink/vendor/codeigniter4/framework/system/CodeIgniter.php(326): CodeIgniter\CodeIgniter->handleRequest(NULL, Object(Config\Cache), false)
#8 /Applications/MAMP/htdocs/projects/myapplink/index.php(38): CodeIgniter\CodeIgniter->run()
#9 {main}
CRITICAL - 2022-11-28 23:17:45 --> Attempt to read property "visa_description" on bool
#0 /Applications/MAMP/htdocs/projects/myapplink/app/Views/settings/filter.php(49): CodeIgniter\Debug\Exceptions->errorHandler(2, 'Attempt to read...', '/Applications/M...', 49)
#1 /Applications/MAMP/htdocs/projects/myapplink/vendor/codeigniter4/framework/system/View/View.php(210): include('/Applications/M...')
#2 /Applications/MAMP/htdocs/projects/myapplink/vendor/codeigniter4/framework/system/View/View.php(213): CodeIgniter\View\View->CodeIgniter\View\{closure}()
#3 /Applications/MAMP/htdocs/projects/myapplink/vendor/codeigniter4/framework/system/Common.php(1089): CodeIgniter\View\View->render('settings/filter', Array, true)
#4 /Applications/MAMP/htdocs/projects/myapplink/app/Controllers/Settings.php(828): view('settings/filter', Array)
#5 /Applications/MAMP/htdocs/projects/myapplink/vendor/codeigniter4/framework/system/CodeIgniter.php(832): App\Controllers\Settings->filter('assets', 'media', 'stock', '600x600', 'img-82.jpg')
#6 /Applications/MAMP/htdocs/projects/myapplink/vendor/codeigniter4/framework/system/CodeIgniter.php(419): CodeIgniter\CodeIgniter->runController(Object(App\Controllers\Settings))
#7 /Applications/MAMP/htdocs/projects/myapplink/vendor/codeigniter4/framework/system/CodeIgniter.php(326): CodeIgniter\CodeIgniter->handleRequest(NULL, Object(Config\Cache), false)
#8 /Applications/MAMP/htdocs/projects/myapplink/index.php(38): CodeIgniter\CodeIgniter->run()
#9 {main}
CRITICAL - 2022-11-28 23:17:45 --> Attempt to read property "visa_description" on bool
#0 /Applications/MAMP/htdocs/projects/myapplink/app/Views/settings/filter.php(49): CodeIgniter\Debug\Exceptions->errorHandler(2, 'Attempt to read...', '/Applications/M...', 49)
#1 /Applications/MAMP/htdocs/projects/myapplink/vendor/codeigniter4/framework/system/View/View.php(210): include('/Applications/M...')
#2 /Applications/MAMP/htdocs/projects/myapplink/vendor/codeigniter4/framework/system/View/View.php(213): CodeIgniter\View\View->CodeIgniter\View\{closure}()
#3 /Applications/MAMP/htdocs/projects/myapplink/vendor/codeigniter4/framework/system/Common.php(1089): CodeIgniter\View\View->render('settings/filter', Array, true)
#4 /Applications/MAMP/htdocs/projects/myapplink/app/Controllers/Settings.php(828): view('settings/filter', Array)
#5 /Applications/MAMP/htdocs/projects/myapplink/vendor/codeigniter4/framework/system/CodeIgniter.php(832): App\Controllers\Settings->filter('assets', 'media', 'stock', '900x600', '44.jpg')
#6 /Applications/MAMP/htdocs/projects/myapplink/vendor/codeigniter4/framework/system/CodeIgniter.php(419): CodeIgniter\CodeIgniter->runController(Object(App\Controllers\Settings))
#7 /Applications/MAMP/htdocs/projects/myapplink/vendor/codeigniter4/framework/system/CodeIgniter.php(326): CodeIgniter\CodeIgniter->handleRequest(NULL, Object(Config\Cache), false)
#8 /Applications/MAMP/htdocs/projects/myapplink/index.php(38): CodeIgniter\CodeIgniter->run()
#9 {main}
CRITICAL - 2022-11-28 23:17:45 --> Attempt to read property "visa_description" on bool
#0 /Applications/MAMP/htdocs/projects/myapplink/app/Views/settings/filter.php(49): CodeIgniter\Debug\Exceptions->errorHandler(2, 'Attempt to read...', '/Applications/M...', 49)
#1 /Applications/MAMP/htdocs/projects/myapplink/vendor/codeigniter4/framework/system/View/View.php(210): include('/Applications/M...')
#2 /Applications/MAMP/htdocs/projects/myapplink/vendor/codeigniter4/framework/system/View/View.php(213): CodeIgniter\View\View->CodeIgniter\View\{closure}()
#3 /Applications/MAMP/htdocs/projects/myapplink/vendor/codeigniter4/framework/system/Common.php(1089): CodeIgniter\View\View->render('settings/filter', Array, true)
#4 /Applications/MAMP/htdocs/projects/myapplink/app/Controllers/Settings.php(828): view('settings/filter', Array)
#5 /Applications/MAMP/htdocs/projects/myapplink/vendor/codeigniter4/framework/system/CodeIgniter.php(832): App\Controllers\Settings->filter('assets', 'media', 'avatars', '300-1.jpg')
#6 /Applications/MAMP/htdocs/projects/myapplink/vendor/codeigniter4/framework/system/CodeIgniter.php(419): CodeIgniter\CodeIgniter->runController(Object(App\Controllers\Settings))
#7 /Applications/MAMP/htdocs/projects/myapplink/vendor/codeigniter4/framework/system/CodeIgniter.php(326): CodeIgniter\CodeIgniter->handleRequest(NULL, Object(Config\Cache), false)
#8 /Applications/MAMP/htdocs/projects/myapplink/index.php(38): CodeIgniter\CodeIgniter->run()
#9 {main}
CRITICAL - 2022-11-28 23:17:45 --> Attempt to read property "visa_description" on bool
#0 /Applications/MAMP/htdocs/projects/myapplink/app/Views/settings/filter.php(49): CodeIgniter\Debug\Exceptions->errorHandler(2, 'Attempt to read...', '/Applications/M...', 49)
#1 /Applications/MAMP/htdocs/projects/myapplink/vendor/codeigniter4/framework/system/View/View.php(210): include('/Applications/M...')
#2 /Applications/MAMP/htdocs/projects/myapplink/vendor/codeigniter4/framework/system/View/View.php(213): CodeIgniter\View\View->CodeIgniter\View\{closure}()
#3 /Applications/MAMP/htdocs/projects/myapplink/vendor/codeigniter4/framework/system/Common.php(1089): CodeIgniter\View\View->render('settings/filter', Array, true)
#4 /Applications/MAMP/htdocs/projects/myapplink/app/Controllers/Settings.php(828): view('settings/filter', Array)
#5 /Applications/MAMP/htdocs/projects/myapplink/vendor/codeigniter4/framework/system/CodeIgniter.php(832): App\Controllers\Settings->filter('assets', 'media', 'flags', 'germany.svg')
#6 /Applications/MAMP/htdocs/projects/myapplink/vendor/codeigniter4/framework/system/CodeIgniter.php(419): CodeIgniter\CodeIgniter->runController(Object(App\Controllers\Settings))
#7 /Applications/MAMP/htdocs/projects/myapplink/vendor/codeigniter4/framework/system/CodeIgniter.php(326): CodeIgniter\CodeIgniter->handleRequest(NULL, Object(Config\Cache), false)
#8 /Applications/MAMP/htdocs/projects/myapplink/index.php(38): CodeIgniter\CodeIgniter->run()
#9 {main}
CRITICAL - 2022-11-28 23:17:45 --> Attempt to read property "visa_description" on bool
#0 /Applications/MAMP/htdocs/projects/myapplink/app/Views/settings/filter.php(49): CodeIgniter\Debug\Exceptions->errorHandler(2, 'Attempt to read...', '/Applications/M...', 49)
#1 /Applications/MAMP/htdocs/projects/myapplink/vendor/codeigniter4/framework/system/View/View.php(210): include('/Applications/M...')
#2 /Applications/MAMP/htdocs/projects/myapplink/vendor/codeigniter4/framework/system/View/View.php(213): CodeIgniter\View\View->CodeIgniter\View\{closure}()
#3 /Applications/MAMP/htdocs/projects/myapplink/vendor/codeigniter4/framework/system/Common.php(1089): CodeIgniter\View\View->render('settings/filter', Array, true)
#4 /Applications/MAMP/htdocs/projects/myapplink/app/Controllers/Settings.php(828): view('settings/filter', Array)
#5 /Applications/MAMP/htdocs/projects/myapplink/vendor/codeigniter4/framework/system/CodeIgniter.php(832): App\Controllers\Settings->filter('assets', 'media', 'flags', 'spain.svg')
#6 /Applications/MAMP/htdocs/projects/myapplink/vendor/codeigniter4/framework/system/CodeIgniter.php(419): CodeIgniter\CodeIgniter->runController(Object(App\Controllers\Settings))
#7 /Applications/MAMP/htdocs/projects/myapplink/vendor/codeigniter4/framework/system/CodeIgniter.php(326): CodeIgniter\CodeIgniter->handleRequest(NULL, Object(Config\Cache), false)
#8 /Applications/MAMP/htdocs/projects/myapplink/index.php(38): CodeIgniter\CodeIgniter->run()
#9 {main}
CRITICAL - 2022-11-28 23:17:45 --> Attempt to read property "visa_description" on bool
#0 /Applications/MAMP/htdocs/projects/myapplink/app/Views/settings/filter.php(49): CodeIgniter\Debug\Exceptions->errorHandler(2, 'Attempt to read...', '/Applications/M...', 49)
#1 /Applications/MAMP/htdocs/projects/myapplink/vendor/codeigniter4/framework/system/View/View.php(210): include('/Applications/M...')
#2 /Applications/MAMP/htdocs/projects/myapplink/vendor/codeigniter4/framework/system/View/View.php(213): CodeIgniter\View\View->CodeIgniter\View\{closure}()
#3 /Applications/MAMP/htdocs/projects/myapplink/vendor/codeigniter4/framework/system/Common.php(1089): CodeIgniter\View\View->render('settings/filter', Array, true)
#4 /Applications/MAMP/htdocs/projects/myapplink/app/Controllers/Settings.php(828): view('settings/filter', Array)
#5 /Applications/MAMP/htdocs/projects/myapplink/vendor/codeigniter4/framework/system/CodeIgniter.php(832): App\Controllers\Settings->filter('assets', 'media', 'flags', 'united-states.s...')
#6 /Applications/MAMP/htdocs/projects/myapplink/vendor/codeigniter4/framework/system/CodeIgniter.php(419): CodeIgniter\CodeIgniter->runController(Object(App\Controllers\Settings))
#7 /Applications/MAMP/htdocs/projects/myapplink/vendor/codeigniter4/framework/system/CodeIgniter.php(326): CodeIgniter\CodeIgniter->handleRequest(NULL, Object(Config\Cache), false)
#8 /Applications/MAMP/htdocs/projects/myapplink/index.php(38): CodeIgniter\CodeIgniter->run()
#9 {main}
CRITICAL - 2022-11-28 23:17:45 --> Attempt to read property "visa_description" on bool
#0 /Applications/MAMP/htdocs/projects/myapplink/app/Views/settings/filter.php(49): CodeIgniter\Debug\Exceptions->errorHandler(2, 'Attempt to read...', '/Applications/M...', 49)
#1 /Applications/MAMP/htdocs/projects/myapplink/vendor/codeigniter4/framework/system/View/View.php(210): include('/Applications/M...')
#2 /Applications/MAMP/htdocs/projects/myapplink/vendor/codeigniter4/framework/system/View/View.php(213): CodeIgniter\View\View->CodeIgniter\View\{closure}()
#3 /Applications/MAMP/htdocs/projects/myapplink/vendor/codeigniter4/framework/system/Common.php(1089): CodeIgniter\View\View->render('settings/filter', Array, true)
#4 /Applications/MAMP/htdocs/projects/myapplink/app/Controllers/Settings.php(828): view('settings/filter', Array)
#5 /Applications/MAMP/htdocs/projects/myapplink/vendor/codeigniter4/framework/system/CodeIgniter.php(832): App\Controllers\Settings->filter('assets', 'media', 'flags', 'japan.svg')
#6 /Applications/MAMP/htdocs/projects/myapplink/vendor/codeigniter4/framework/system/CodeIgniter.php(419): CodeIgniter\CodeIgniter->runController(Object(App\Controllers\Settings))
#7 /Applications/MAMP/htdocs/projects/myapplink/vendor/codeigniter4/framework/system/CodeIgniter.php(326): CodeIgniter\CodeIgniter->handleRequest(NULL, Object(Config\Cache), false)
#8 /Applications/MAMP/htdocs/projects/myapplink/index.php(38): CodeIgniter\CodeIgniter->run()
#9 {main}
CRITICAL - 2022-11-28 23:17:45 --> Attempt to read property "visa_description" on bool
#0 /Applications/MAMP/htdocs/projects/myapplink/app/Views/settings/filter.php(49): CodeIgniter\Debug\Exceptions->errorHandler(2, 'Attempt to read...', '/Applications/M...', 49)
#1 /Applications/MAMP/htdocs/projects/myapplink/vendor/codeigniter4/framework/system/View/View.php(210): include('/Applications/M...')
#2 /Applications/MAMP/htdocs/projects/myapplink/vendor/codeigniter4/framework/system/View/View.php(213): CodeIgniter\View\View->CodeIgniter\View\{closure}()
#3 /Applications/MAMP/htdocs/projects/myapplink/vendor/codeigniter4/framework/system/Common.php(1089): CodeIgniter\View\View->render('settings/filter', Array, true)
#4 /Applications/MAMP/htdocs/projects/myapplink/app/Controllers/Settings.php(828): view('settings/filter', Array)
#5 /Applications/MAMP/htdocs/projects/myapplink/vendor/codeigniter4/framework/system/CodeIgniter.php(832): App\Controllers\Settings->filter('assets', 'media', 'flags', 'france.svg')
#6 /Applications/MAMP/htdocs/projects/myapplink/vendor/codeigniter4/framework/system/CodeIgniter.php(419): CodeIgniter\CodeIgniter->runController(Object(App\Controllers\Settings))
#7 /Applications/MAMP/htdocs/projects/myapplink/vendor/codeigniter4/framework/system/CodeIgniter.php(326): CodeIgniter\CodeIgniter->handleRequest(NULL, Object(Config\Cache), false)
#8 /Applications/MAMP/htdocs/projects/myapplink/index.php(38): CodeIgniter\CodeIgniter->run()
#9 {main}
