CRITICAL - 2022-07-28 02:41:35 --> Undefined variable $data
#0 C:\xampp\htdocs\projects\applications\app\Controllers\Applications.php(169): CodeIgniter\Debug\Exceptions->errorHandler(2, 'Undefined varia...', 'C:\\xampp\\htdocs...', 169)
#1 C:\xampp\htdocs\projects\applications\app\Controllers\Applications.php(103): App\Controllers\Applications->insertRelativesTableData(Array)
#2 C:\xampp\htdocs\projects\applications\vendor\codeigniter4\framework\system\CodeIgniter.php(832): App\Controllers\Applications->applicationImmigration()
#3 C:\xampp\htdocs\projects\applications\vendor\codeigniter4\framework\system\CodeIgniter.php(419): CodeIgniter\CodeIgniter->runController(Object(App\Controllers\Applications))
#4 C:\xampp\htdocs\projects\applications\vendor\codeigniter4\framework\system\CodeIgniter.php(326): CodeIgniter\CodeIgniter->handleRequest(NULL, Object(Config\Cache), false)
#5 C:\xampp\htdocs\projects\applications\index.php(38): CodeIgniter\CodeIgniter->run()
#6 {main}
ERROR - 2022-07-28 02:43:14 --> You have an error in your SQL syntax; check the manual that corresponds to your MariaDB server version for the right syntax to use near '0, 1) VALUES (:0:, :1:)' at line 1
CRITICAL - 2022-07-28 02:43:14 --> Undefined variable $data
#0 C:\xampp\htdocs\projects\applications\app\Controllers\Applications.php(170): CodeIgniter\Debug\Exceptions->errorHandler(2, 'Undefined varia...', 'C:\\xampp\\htdocs...', 170)
#1 C:\xampp\htdocs\projects\applications\app\Controllers\Applications.php(103): App\Controllers\Applications->insertRelativesTableData(Array)
#2 C:\xampp\htdocs\projects\applications\vendor\codeigniter4\framework\system\CodeIgniter.php(832): App\Controllers\Applications->applicationImmigration()
#3 C:\xampp\htdocs\projects\applications\vendor\codeigniter4\framework\system\CodeIgniter.php(419): CodeIgniter\CodeIgniter->runController(Object(App\Controllers\Applications))
#4 C:\xampp\htdocs\projects\applications\vendor\codeigniter4\framework\system\CodeIgniter.php(326): CodeIgniter\CodeIgniter->handleRequest(NULL, Object(Config\Cache), false)
#5 C:\xampp\htdocs\projects\applications\index.php(38): CodeIgniter\CodeIgniter->run()
#6 {main}
CRITICAL - 2022-07-28 02:43:57 --> Undefined variable $builder
#0 C:\xampp\htdocs\projects\applications\app\Models\MasterModel.php(129): CodeIgniter\Debug\Exceptions->errorHandler(2, 'Undefined varia...', 'C:\\xampp\\htdocs...', 129)
#1 C:\xampp\htdocs\projects\applications\app\Controllers\Applications.php(152): App\Models\MasterModel->addBatchData('application_ref...', Array)
#2 C:\xampp\htdocs\projects\applications\app\Controllers\Applications.php(102): App\Controllers\Applications->insertRefusalTableData(Array)
#3 C:\xampp\htdocs\projects\applications\vendor\codeigniter4\framework\system\CodeIgniter.php(832): App\Controllers\Applications->applicationImmigration()
#4 C:\xampp\htdocs\projects\applications\vendor\codeigniter4\framework\system\CodeIgniter.php(419): CodeIgniter\CodeIgniter->runController(Object(App\Controllers\Applications))
#5 C:\xampp\htdocs\projects\applications\vendor\codeigniter4\framework\system\CodeIgniter.php(326): CodeIgniter\CodeIgniter->handleRequest(NULL, Object(Config\Cache), false)
#6 C:\xampp\htdocs\projects\applications\index.php(38): CodeIgniter\CodeIgniter->run()
#7 {main}
ERROR - 2022-07-28 02:44:58 --> You have an error in your SQL syntax; check the manual that corresponds to your MariaDB server version for the right syntax to use near '0, 1) VALUES (:0:, :1:)' at line 1
CRITICAL - 2022-07-28 02:44:58 --> Undefined variable $data
#0 C:\xampp\htdocs\projects\applications\app\Controllers\Applications.php(169): CodeIgniter\Debug\Exceptions->errorHandler(2, 'Undefined varia...', 'C:\\xampp\\htdocs...', 169)
#1 C:\xampp\htdocs\projects\applications\app\Controllers\Applications.php(103): App\Controllers\Applications->insertRelativesTableData(Array)
#2 C:\xampp\htdocs\projects\applications\vendor\codeigniter4\framework\system\CodeIgniter.php(832): App\Controllers\Applications->applicationImmigration()
#3 C:\xampp\htdocs\projects\applications\vendor\codeigniter4\framework\system\CodeIgniter.php(419): CodeIgniter\CodeIgniter->runController(Object(App\Controllers\Applications))
#4 C:\xampp\htdocs\projects\applications\vendor\codeigniter4\framework\system\CodeIgniter.php(326): CodeIgniter\CodeIgniter->handleRequest(NULL, Object(Config\Cache), false)
#5 C:\xampp\htdocs\projects\applications\index.php(38): CodeIgniter\CodeIgniter->run()
#6 {main}
ERROR - 2022-07-28 02:45:38 --> You have an error in your SQL syntax; check the manual that corresponds to your MariaDB server version for the right syntax to use near '0, 1) VALUES (:0:, :1:)' at line 1
CRITICAL - 2022-07-28 02:45:38 --> You must use the "set" method to update an entry.
#0 C:\xampp\htdocs\projects\applications\vendor\codeigniter4\framework\system\Database\BaseBuilder.php(1758): CodeIgniter\Database\BaseBuilder->validateInsert()
#1 C:\xampp\htdocs\projects\applications\app\Models\MasterModel.php(131): CodeIgniter\Database\BaseBuilder->insert(Array)
#2 C:\xampp\htdocs\projects\applications\app\Controllers\Applications.php(168): App\Models\MasterModel->addBatchData('application_rel...', Array)
#3 C:\xampp\htdocs\projects\applications\app\Controllers\Applications.php(103): App\Controllers\Applications->insertRelativesTableData(Array)
#4 C:\xampp\htdocs\projects\applications\vendor\codeigniter4\framework\system\CodeIgniter.php(832): App\Controllers\Applications->applicationImmigration()
#5 C:\xampp\htdocs\projects\applications\vendor\codeigniter4\framework\system\CodeIgniter.php(419): CodeIgniter\CodeIgniter->runController(Object(App\Controllers\Applications))
#6 C:\xampp\htdocs\projects\applications\vendor\codeigniter4\framework\system\CodeIgniter.php(326): CodeIgniter\CodeIgniter->handleRequest(NULL, Object(Config\Cache), false)
#7 C:\xampp\htdocs\projects\applications\index.php(38): CodeIgniter\CodeIgniter->run()
#8 {main}
ERROR - 2022-07-28 02:48:36 --> You have an error in your SQL syntax; check the manual that corresponds to your MariaDB server version for the right syntax to use near '0, 1) VALUES (:0:, :1:)' at line 1
CRITICAL - 2022-07-28 02:48:36 --> You must use the "set" method to update an entry.
#0 C:\xampp\htdocs\projects\applications\vendor\codeigniter4\framework\system\Database\BaseBuilder.php(1758): CodeIgniter\Database\BaseBuilder->validateInsert()
#1 C:\xampp\htdocs\projects\applications\app\Models\MasterModel.php(131): CodeIgniter\Database\BaseBuilder->insert(Array)
#2 C:\xampp\htdocs\projects\applications\app\Controllers\Applications.php(169): App\Models\MasterModel->addBatchData('application_rel...', Array)
#3 C:\xampp\htdocs\projects\applications\app\Controllers\Applications.php(103): App\Controllers\Applications->insertRelativesTableData(Array)
#4 C:\xampp\htdocs\projects\applications\vendor\codeigniter4\framework\system\CodeIgniter.php(832): App\Controllers\Applications->applicationImmigration()
#5 C:\xampp\htdocs\projects\applications\vendor\codeigniter4\framework\system\CodeIgniter.php(419): CodeIgniter\CodeIgniter->runController(Object(App\Controllers\Applications))
#6 C:\xampp\htdocs\projects\applications\vendor\codeigniter4\framework\system\CodeIgniter.php(326): CodeIgniter\CodeIgniter->handleRequest(NULL, Object(Config\Cache), false)
#7 C:\xampp\htdocs\projects\applications\index.php(38): CodeIgniter\CodeIgniter->run()
#8 {main}
CRITICAL - 2022-07-28 02:50:18 --> CodeIgniter\Database\BaseBuilder::getCompiledSelect(): Argument #1 ($reset) must be of type bool, array given, called in C:\xampp\htdocs\projects\applications\app\Models\MasterModel.php on line 131
#0 C:\xampp\htdocs\projects\applications\app\Models\MasterModel.php(131): CodeIgniter\Database\BaseBuilder->getCompiledSelect(Array)
#1 C:\xampp\htdocs\projects\applications\app\Controllers\Applications.php(152): App\Models\MasterModel->addBatchData('application_ref...', Array)
#2 C:\xampp\htdocs\projects\applications\app\Controllers\Applications.php(102): App\Controllers\Applications->insertRefusalTableData(Array)
#3 C:\xampp\htdocs\projects\applications\vendor\codeigniter4\framework\system\CodeIgniter.php(832): App\Controllers\Applications->applicationImmigration()
#4 C:\xampp\htdocs\projects\applications\vendor\codeigniter4\framework\system\CodeIgniter.php(419): CodeIgniter\CodeIgniter->runController(Object(App\Controllers\Applications))
#5 C:\xampp\htdocs\projects\applications\vendor\codeigniter4\framework\system\CodeIgniter.php(326): CodeIgniter\CodeIgniter->handleRequest(NULL, Object(Config\Cache), false)
#6 C:\xampp\htdocs\projects\applications\index.php(38): CodeIgniter\CodeIgniter->run()
#7 {main}
CRITICAL - 2022-07-28 02:50:39 --> CodeIgniter\Database\BaseBuilder::getCompiledSelect(): Argument #1 ($reset) must be of type bool, array given, called in C:\xampp\htdocs\projects\applications\app\Models\MasterModel.php on line 131
#0 C:\xampp\htdocs\projects\applications\app\Models\MasterModel.php(131): CodeIgniter\Database\BaseBuilder->getCompiledSelect(Array)
#1 C:\xampp\htdocs\projects\applications\app\Controllers\Applications.php(152): App\Models\MasterModel->addBatchData('application_ref...', Array)
#2 C:\xampp\htdocs\projects\applications\app\Controllers\Applications.php(102): App\Controllers\Applications->insertRefusalTableData(Array)
#3 C:\xampp\htdocs\projects\applications\vendor\codeigniter4\framework\system\CodeIgniter.php(832): App\Controllers\Applications->applicationImmigration()
#4 C:\xampp\htdocs\projects\applications\vendor\codeigniter4\framework\system\CodeIgniter.php(419): CodeIgniter\CodeIgniter->runController(Object(App\Controllers\Applications))
#5 C:\xampp\htdocs\projects\applications\vendor\codeigniter4\framework\system\CodeIgniter.php(326): CodeIgniter\CodeIgniter->handleRequest(NULL, Object(Config\Cache), false)
#6 C:\xampp\htdocs\projects\applications\index.php(38): CodeIgniter\CodeIgniter->run()
#7 {main}
CRITICAL - 2022-07-28 02:51:18 --> CodeIgniter\Database\BaseBuilder::getCompiledSelect(): Argument #1 ($reset) must be of type bool, array given, called in C:\xampp\htdocs\projects\applications\app\Models\MasterModel.php on line 129
#0 C:\xampp\htdocs\projects\applications\app\Models\MasterModel.php(129): CodeIgniter\Database\BaseBuilder->getCompiledSelect(Array)
#1 C:\xampp\htdocs\projects\applications\app\Controllers\Applications.php(152): App\Models\MasterModel->addBatchData('application_ref...', Array)
#2 C:\xampp\htdocs\projects\applications\app\Controllers\Applications.php(102): App\Controllers\Applications->insertRefusalTableData(Array)
#3 C:\xampp\htdocs\projects\applications\vendor\codeigniter4\framework\system\CodeIgniter.php(832): App\Controllers\Applications->applicationImmigration()
#4 C:\xampp\htdocs\projects\applications\vendor\codeigniter4\framework\system\CodeIgniter.php(419): CodeIgniter\CodeIgniter->runController(Object(App\Controllers\Applications))
#5 C:\xampp\htdocs\projects\applications\vendor\codeigniter4\framework\system\CodeIgniter.php(326): CodeIgniter\CodeIgniter->handleRequest(NULL, Object(Config\Cache), false)
#6 C:\xampp\htdocs\projects\applications\index.php(38): CodeIgniter\CodeIgniter->run()
#7 {main}
CRITICAL - 2022-07-28 02:53:23 --> Object of class CodeIgniter\Database\MySQLi\Builder could not be converted to string
#0 C:\xampp\htdocs\projects\applications\app\Controllers\Applications.php(152): App\Models\MasterModel->addBatchData('application_ref...', Array)
#1 C:\xampp\htdocs\projects\applications\app\Controllers\Applications.php(102): App\Controllers\Applications->insertRefusalTableData(Array)
#2 C:\xampp\htdocs\projects\applications\vendor\codeigniter4\framework\system\CodeIgniter.php(832): App\Controllers\Applications->applicationImmigration()
#3 C:\xampp\htdocs\projects\applications\vendor\codeigniter4\framework\system\CodeIgniter.php(419): CodeIgniter\CodeIgniter->runController(Object(App\Controllers\Applications))
#4 C:\xampp\htdocs\projects\applications\vendor\codeigniter4\framework\system\CodeIgniter.php(326): CodeIgniter\CodeIgniter->handleRequest(NULL, Object(Config\Cache), false)
#5 C:\xampp\htdocs\projects\applications\index.php(38): CodeIgniter\CodeIgniter->run()
#6 {main}
CRITICAL - 2022-07-28 02:54:54 --> Object of class CodeIgniter\Database\MySQLi\Builder could not be converted to string
#0 C:\xampp\htdocs\projects\applications\app\Controllers\Applications.php(152): App\Models\MasterModel->addBatchData('application_ref...', Array)
#1 C:\xampp\htdocs\projects\applications\app\Controllers\Applications.php(102): App\Controllers\Applications->insertRefusalTableData(Array)
#2 C:\xampp\htdocs\projects\applications\vendor\codeigniter4\framework\system\CodeIgniter.php(832): App\Controllers\Applications->applicationImmigration()
#3 C:\xampp\htdocs\projects\applications\vendor\codeigniter4\framework\system\CodeIgniter.php(419): CodeIgniter\CodeIgniter->runController(Object(App\Controllers\Applications))
#4 C:\xampp\htdocs\projects\applications\vendor\codeigniter4\framework\system\CodeIgniter.php(326): CodeIgniter\CodeIgniter->handleRequest(NULL, Object(Config\Cache), false)
#5 C:\xampp\htdocs\projects\applications\index.php(38): CodeIgniter\CodeIgniter->run()
#6 {main}
CRITICAL - 2022-07-28 02:55:21 --> Object of class CodeIgniter\Database\MySQLi\Builder could not be converted to string
#0 C:\xampp\htdocs\projects\applications\app\Controllers\Applications.php(152): App\Models\MasterModel->addBatchData('application_ref...', Array)
#1 C:\xampp\htdocs\projects\applications\app\Controllers\Applications.php(102): App\Controllers\Applications->insertRefusalTableData(Array)
#2 C:\xampp\htdocs\projects\applications\vendor\codeigniter4\framework\system\CodeIgniter.php(832): App\Controllers\Applications->applicationImmigration()
#3 C:\xampp\htdocs\projects\applications\vendor\codeigniter4\framework\system\CodeIgniter.php(419): CodeIgniter\CodeIgniter->runController(Object(App\Controllers\Applications))
#4 C:\xampp\htdocs\projects\applications\vendor\codeigniter4\framework\system\CodeIgniter.php(326): CodeIgniter\CodeIgniter->handleRequest(NULL, Object(Config\Cache), false)
#5 C:\xampp\htdocs\projects\applications\index.php(38): CodeIgniter\CodeIgniter->run()
#6 {main}
ERROR - 2022-07-28 02:57:06 --> You have an error in your SQL syntax; check the manual that corresponds to your MariaDB server version for the right syntax to use near '0) VALUES (:0:)' at line 1
CRITICAL - 2022-07-28 02:57:06 --> You must use the "set" method to update an entry.
#0 C:\xampp\htdocs\projects\applications\vendor\codeigniter4\framework\system\Database\BaseBuilder.php(1758): CodeIgniter\Database\BaseBuilder->validateInsert()
#1 C:\xampp\htdocs\projects\applications\app\Models\MasterModel.php(131): CodeIgniter\Database\BaseBuilder->insert(Array)
#2 C:\xampp\htdocs\projects\applications\app\Controllers\Applications.php(169): App\Models\MasterModel->addBatchData('application_rel...', Array)
#3 C:\xampp\htdocs\projects\applications\app\Controllers\Applications.php(103): App\Controllers\Applications->insertRelativesTableData(Array)
#4 C:\xampp\htdocs\projects\applications\vendor\codeigniter4\framework\system\CodeIgniter.php(832): App\Controllers\Applications->applicationImmigration()
#5 C:\xampp\htdocs\projects\applications\vendor\codeigniter4\framework\system\CodeIgniter.php(419): CodeIgniter\CodeIgniter->runController(Object(App\Controllers\Applications))
#6 C:\xampp\htdocs\projects\applications\vendor\codeigniter4\framework\system\CodeIgniter.php(326): CodeIgniter\CodeIgniter->handleRequest(NULL, Object(Config\Cache), false)
#7 C:\xampp\htdocs\projects\applications\index.php(38): CodeIgniter\CodeIgniter->run()
#8 {main}
CRITICAL - 2022-07-28 02:57:57 --> You must use the "set" method to update an entry.
#0 C:\xampp\htdocs\projects\applications\vendor\codeigniter4\framework\system\Database\BaseBuilder.php(1758): CodeIgniter\Database\BaseBuilder->validateInsert()
#1 C:\xampp\htdocs\projects\applications\app\Models\MasterModel.php(131): CodeIgniter\Database\BaseBuilder->insert(Array)
#2 C:\xampp\htdocs\projects\applications\app\Controllers\Applications.php(169): App\Models\MasterModel->addBatchData('application_rel...', Array)
#3 C:\xampp\htdocs\projects\applications\app\Controllers\Applications.php(103): App\Controllers\Applications->insertRelativesTableData(Array)
#4 C:\xampp\htdocs\projects\applications\vendor\codeigniter4\framework\system\CodeIgniter.php(832): App\Controllers\Applications->applicationImmigration()
#5 C:\xampp\htdocs\projects\applications\vendor\codeigniter4\framework\system\CodeIgniter.php(419): CodeIgniter\CodeIgniter->runController(Object(App\Controllers\Applications))
#6 C:\xampp\htdocs\projects\applications\vendor\codeigniter4\framework\system\CodeIgniter.php(326): CodeIgniter\CodeIgniter->handleRequest(NULL, Object(Config\Cache), false)
#7 C:\xampp\htdocs\projects\applications\index.php(38): CodeIgniter\CodeIgniter->run()
#8 {main}
CRITICAL - 2022-07-28 02:58:55 --> You must use the "set" method to update an entry.
#0 C:\xampp\htdocs\projects\applications\vendor\codeigniter4\framework\system\Database\BaseBuilder.php(1758): CodeIgniter\Database\BaseBuilder->validateInsert()
#1 C:\xampp\htdocs\projects\applications\app\Models\MasterModel.php(131): CodeIgniter\Database\BaseBuilder->insert(Array)
#2 C:\xampp\htdocs\projects\applications\app\Controllers\Applications.php(169): App\Models\MasterModel->addBatchData('application_rel...', Array)
#3 C:\xampp\htdocs\projects\applications\app\Controllers\Applications.php(103): App\Controllers\Applications->insertRelativesTableData(Array)
#4 C:\xampp\htdocs\projects\applications\vendor\codeigniter4\framework\system\CodeIgniter.php(832): App\Controllers\Applications->applicationImmigration()
#5 C:\xampp\htdocs\projects\applications\vendor\codeigniter4\framework\system\CodeIgniter.php(419): CodeIgniter\CodeIgniter->runController(Object(App\Controllers\Applications))
#6 C:\xampp\htdocs\projects\applications\vendor\codeigniter4\framework\system\CodeIgniter.php(326): CodeIgniter\CodeIgniter->handleRequest(NULL, Object(Config\Cache), false)
#7 C:\xampp\htdocs\projects\applications\index.php(38): CodeIgniter\CodeIgniter->run()
#8 {main}
CRITICAL - 2022-07-28 02:59:41 --> Object of class CodeIgniter\Database\MySQLi\Builder could not be converted to string
#0 C:\xampp\htdocs\projects\applications\app\Controllers\Applications.php(152): App\Models\MasterModel->addBatchData('application_ref...', Array)
#1 C:\xampp\htdocs\projects\applications\app\Controllers\Applications.php(102): App\Controllers\Applications->insertRefusalTableData(Array)
#2 C:\xampp\htdocs\projects\applications\vendor\codeigniter4\framework\system\CodeIgniter.php(832): App\Controllers\Applications->applicationImmigration()
#3 C:\xampp\htdocs\projects\applications\vendor\codeigniter4\framework\system\CodeIgniter.php(419): CodeIgniter\CodeIgniter->runController(Object(App\Controllers\Applications))
#4 C:\xampp\htdocs\projects\applications\vendor\codeigniter4\framework\system\CodeIgniter.php(326): CodeIgniter\CodeIgniter->handleRequest(NULL, Object(Config\Cache), false)
#5 C:\xampp\htdocs\projects\applications\index.php(38): CodeIgniter\CodeIgniter->run()
#6 {main}
CRITICAL - 2022-07-28 03:00:10 --> Undefined array key 0
#0 C:\xampp\htdocs\projects\applications\app\Controllers\Applications.php(168): CodeIgniter\Debug\Exceptions->errorHandler(2, 'Undefined array...', 'C:\\xampp\\htdocs...', 168)
#1 C:\xampp\htdocs\projects\applications\app\Controllers\Applications.php(103): App\Controllers\Applications->insertRelativesTableData(Array)
#2 C:\xampp\htdocs\projects\applications\vendor\codeigniter4\framework\system\CodeIgniter.php(832): App\Controllers\Applications->applicationImmigration()
#3 C:\xampp\htdocs\projects\applications\vendor\codeigniter4\framework\system\CodeIgniter.php(419): CodeIgniter\CodeIgniter->runController(Object(App\Controllers\Applications))
#4 C:\xampp\htdocs\projects\applications\vendor\codeigniter4\framework\system\CodeIgniter.php(326): CodeIgniter\CodeIgniter->handleRequest(NULL, Object(Config\Cache), false)
#5 C:\xampp\htdocs\projects\applications\index.php(38): CodeIgniter\CodeIgniter->run()
#6 {main}
CRITICAL - 2022-07-28 03:03:30 --> Undefined array key 0
#0 C:\xampp\htdocs\projects\applications\app\Controllers\Applications.php(168): CodeIgniter\Debug\Exceptions->errorHandler(2, 'Undefined array...', 'C:\\xampp\\htdocs...', 168)
#1 C:\xampp\htdocs\projects\applications\app\Controllers\Applications.php(103): App\Controllers\Applications->insertRelativesTableData(Array)
#2 C:\xampp\htdocs\projects\applications\vendor\codeigniter4\framework\system\CodeIgniter.php(832): App\Controllers\Applications->applicationImmigration()
#3 C:\xampp\htdocs\projects\applications\vendor\codeigniter4\framework\system\CodeIgniter.php(419): CodeIgniter\CodeIgniter->runController(Object(App\Controllers\Applications))
#4 C:\xampp\htdocs\projects\applications\vendor\codeigniter4\framework\system\CodeIgniter.php(326): CodeIgniter\CodeIgniter->handleRequest(NULL, Object(Config\Cache), false)
#5 C:\xampp\htdocs\projects\applications\index.php(38): CodeIgniter\CodeIgniter->run()
#6 {main}
CRITICAL - 2022-07-28 03:05:04 --> Undefined array key 0
#0 C:\xampp\htdocs\projects\applications\app\Controllers\Applications.php(185): CodeIgniter\Debug\Exceptions->errorHandler(2, 'Undefined array...', 'C:\\xampp\\htdocs...', 185)
#1 C:\xampp\htdocs\projects\applications\app\Controllers\Applications.php(103): App\Controllers\Applications->insertOverseasTableData(Array)
#2 C:\xampp\htdocs\projects\applications\vendor\codeigniter4\framework\system\CodeIgniter.php(832): App\Controllers\Applications->applicationImmigration()
#3 C:\xampp\htdocs\projects\applications\vendor\codeigniter4\framework\system\CodeIgniter.php(419): CodeIgniter\CodeIgniter->runController(Object(App\Controllers\Applications))
#4 C:\xampp\htdocs\projects\applications\vendor\codeigniter4\framework\system\CodeIgniter.php(326): CodeIgniter\CodeIgniter->handleRequest(NULL, Object(Config\Cache), false)
#5 C:\xampp\htdocs\projects\applications\index.php(38): CodeIgniter\CodeIgniter->run()
#6 {main}
CRITICAL - 2022-07-28 09:32:47 --> Undefined variable $masterModel
#0 C:\xampp\htdocs\projects\applications\app\Controllers\Applications.php(173): CodeIgniter\Debug\Exceptions->errorHandler(2, 'Undefined varia...', 'C:\\xampp\\htdocs...', 173)
#1 C:\xampp\htdocs\projects\applications\vendor\codeigniter4\framework\system\CodeIgniter.php(832): App\Controllers\Applications->applicationProgramDetails()
#2 C:\xampp\htdocs\projects\applications\vendor\codeigniter4\framework\system\CodeIgniter.php(419): CodeIgniter\CodeIgniter->runController(Object(App\Controllers\Applications))
#3 C:\xampp\htdocs\projects\applications\vendor\codeigniter4\framework\system\CodeIgniter.php(326): CodeIgniter\CodeIgniter->handleRequest(NULL, Object(Config\Cache), false)
#4 C:\xampp\htdocs\projects\applications\index.php(38): CodeIgniter\CodeIgniter->run()
#5 {main}
CRITICAL - 2022-07-28 09:33:22 --> Undefined variable $insertImmigration
#0 C:\xampp\htdocs\projects\applications\app\Controllers\Applications.php(180): CodeIgniter\Debug\Exceptions->errorHandler(2, 'Undefined varia...', 'C:\\xampp\\htdocs...', 180)
#1 C:\xampp\htdocs\projects\applications\vendor\codeigniter4\framework\system\CodeIgniter.php(832): App\Controllers\Applications->applicationProgramDetails()
#2 C:\xampp\htdocs\projects\applications\vendor\codeigniter4\framework\system\CodeIgniter.php(419): CodeIgniter\CodeIgniter->runController(Object(App\Controllers\Applications))
#3 C:\xampp\htdocs\projects\applications\vendor\codeigniter4\framework\system\CodeIgniter.php(326): CodeIgniter\CodeIgniter->handleRequest(NULL, Object(Config\Cache), false)
#4 C:\xampp\htdocs\projects\applications\index.php(38): CodeIgniter\CodeIgniter->run()
#5 {main}
CRITICAL - 2022-07-28 10:17:44 --> foreach() argument must be of type array|object, bool given
#0 C:\xampp\htdocs\projects\applications\app\Views\applications\applications.php(544): CodeIgniter\Debug\Exceptions->errorHandler(2, 'foreach() argum...', 'C:\\xampp\\htdocs...', 544)
#1 C:\xampp\htdocs\projects\applications\vendor\codeigniter4\framework\system\View\View.php(210): include('C:\\xampp\\htdocs...')
#2 C:\xampp\htdocs\projects\applications\vendor\codeigniter4\framework\system\View\View.php(213): CodeIgniter\View\View->CodeIgniter\View\{closure}()
#3 C:\xampp\htdocs\projects\applications\vendor\codeigniter4\framework\system\Common.php(1089): CodeIgniter\View\View->render('applications/ap...', Array, true)
#4 C:\xampp\htdocs\projects\applications\app\Controllers\Applications.php(26): view('applications/ap...', Array)
#5 C:\xampp\htdocs\projects\applications\vendor\codeigniter4\framework\system\CodeIgniter.php(832): App\Controllers\Applications->index()
#6 C:\xampp\htdocs\projects\applications\vendor\codeigniter4\framework\system\CodeIgniter.php(419): CodeIgniter\CodeIgniter->runController(Object(App\Controllers\Applications))
#7 C:\xampp\htdocs\projects\applications\vendor\codeigniter4\framework\system\CodeIgniter.php(326): CodeIgniter\CodeIgniter->handleRequest(NULL, Object(Config\Cache), false)
#8 C:\xampp\htdocs\projects\applications\index.php(38): CodeIgniter\CodeIgniter->run()
#9 {main}
CRITICAL - 2022-07-28 10:27:10 --> Undefined property: stdClass::$ap_price
#0 C:\xampp\htdocs\projects\applications\app\Views\applications\applications.php(546): CodeIgniter\Debug\Exceptions->errorHandler(2, 'Undefined prope...', 'C:\\xampp\\htdocs...', 546)
#1 C:\xampp\htdocs\projects\applications\vendor\codeigniter4\framework\system\View\View.php(210): include('C:\\xampp\\htdocs...')
#2 C:\xampp\htdocs\projects\applications\vendor\codeigniter4\framework\system\View\View.php(213): CodeIgniter\View\View->CodeIgniter\View\{closure}()
#3 C:\xampp\htdocs\projects\applications\vendor\codeigniter4\framework\system\Common.php(1089): CodeIgniter\View\View->render('applications/ap...', Array, true)
#4 C:\xampp\htdocs\projects\applications\app\Controllers\Applications.php(26): view('applications/ap...', Array)
#5 C:\xampp\htdocs\projects\applications\vendor\codeigniter4\framework\system\CodeIgniter.php(832): App\Controllers\Applications->index()
#6 C:\xampp\htdocs\projects\applications\vendor\codeigniter4\framework\system\CodeIgniter.php(419): CodeIgniter\CodeIgniter->runController(Object(App\Controllers\Applications))
#7 C:\xampp\htdocs\projects\applications\vendor\codeigniter4\framework\system\CodeIgniter.php(326): CodeIgniter\CodeIgniter->handleRequest(NULL, Object(Config\Cache), false)
#8 C:\xampp\htdocs\projects\applications\index.php(38): CodeIgniter\CodeIgniter->run()
#9 {main}
CRITICAL - 2022-07-28 10:34:28 --> Undefined property: stdClass::$ap_straight_payment
#0 C:\xampp\htdocs\projects\applications\app\Views\applications\applications.php(525): CodeIgniter\Debug\Exceptions->errorHandler(2, 'Undefined prope...', 'C:\\xampp\\htdocs...', 525)
#1 C:\xampp\htdocs\projects\applications\vendor\codeigniter4\framework\system\View\View.php(210): include('C:\\xampp\\htdocs...')
#2 C:\xampp\htdocs\projects\applications\vendor\codeigniter4\framework\system\View\View.php(213): CodeIgniter\View\View->CodeIgniter\View\{closure}()
#3 C:\xampp\htdocs\projects\applications\vendor\codeigniter4\framework\system\Common.php(1089): CodeIgniter\View\View->render('applications/ap...', Array, true)
#4 C:\xampp\htdocs\projects\applications\app\Controllers\Applications.php(26): view('applications/ap...', Array)
#5 C:\xampp\htdocs\projects\applications\vendor\codeigniter4\framework\system\CodeIgniter.php(832): App\Controllers\Applications->index()
#6 C:\xampp\htdocs\projects\applications\vendor\codeigniter4\framework\system\CodeIgniter.php(419): CodeIgniter\CodeIgniter->runController(Object(App\Controllers\Applications))
#7 C:\xampp\htdocs\projects\applications\vendor\codeigniter4\framework\system\CodeIgniter.php(326): CodeIgniter\CodeIgniter->handleRequest(NULL, Object(Config\Cache), false)
#8 C:\xampp\htdocs\projects\applications\index.php(38): CodeIgniter\CodeIgniter->run()
#9 {main}
