CRITICAL - 2023-01-31 13:00:04 --> Attempt to read property "department_name" on string
#0 /Applications/MAMP/htdocs/baliwag/bessy/app/Controllers/External.php(41): CodeIgniter\Debug\Exceptions->errorHandler(2, 'Attempt to read...', '/Applications/M...', 41)
#1 /Applications/MAMP/htdocs/baliwag/bessy/vendor/codeigniter4/framework/system/CodeIgniter.php(832): App\Controllers\External->deptServices('assets', 'media', 'stock', '600x600', 'img-82.jpg')
#2 /Applications/MAMP/htdocs/baliwag/bessy/vendor/codeigniter4/framework/system/CodeIgniter.php(419): CodeIgniter\CodeIgniter->runController(Object(App\Controllers\External))
#3 /Applications/MAMP/htdocs/baliwag/bessy/vendor/codeigniter4/framework/system/CodeIgniter.php(326): CodeIgniter\CodeIgniter->handleRequest(NULL, Object(Config\Cache), false)
#4 /Applications/MAMP/htdocs/baliwag/bessy/index.php(38): CodeIgniter\CodeIgniter->run()
#5 {main}
CRITICAL - 2023-01-31 13:00:04 --> Attempt to read property "department_name" on string
#0 /Applications/MAMP/htdocs/baliwag/bessy/app/Controllers/External.php(41): CodeIgniter\Debug\Exceptions->errorHandler(2, 'Attempt to read...', '/Applications/M...', 41)
#1 /Applications/MAMP/htdocs/baliwag/bessy/vendor/codeigniter4/framework/system/CodeIgniter.php(832): App\Controllers\External->deptServices('assets', 'media', 'logos', 'default-small.s...')
#2 /Applications/MAMP/htdocs/baliwag/bessy/vendor/codeigniter4/framework/system/CodeIgniter.php(419): CodeIgniter\CodeIgniter->runController(Object(App\Controllers\External))
#3 /Applications/MAMP/htdocs/baliwag/bessy/vendor/codeigniter4/framework/system/CodeIgniter.php(326): CodeIgniter\CodeIgniter->handleRequest(NULL, Object(Config\Cache), false)
#4 /Applications/MAMP/htdocs/baliwag/bessy/index.php(38): CodeIgniter\CodeIgniter->run()
#5 {main}
CRITICAL - 2023-01-31 13:00:04 --> Attempt to read property "department_name" on string
#0 /Applications/MAMP/htdocs/baliwag/bessy/app/Controllers/External.php(41): CodeIgniter\Debug\Exceptions->errorHandler(2, 'Attempt to read...', '/Applications/M...', 41)
#1 /Applications/MAMP/htdocs/baliwag/bessy/vendor/codeigniter4/framework/system/CodeIgniter.php(832): App\Controllers\External->deptServices('assets', 'media', 'stock', '600x600', 'img-84.jpg')
#2 /Applications/MAMP/htdocs/baliwag/bessy/vendor/codeigniter4/framework/system/CodeIgniter.php(419): CodeIgniter\CodeIgniter->runController(Object(App\Controllers\External))
#3 /Applications/MAMP/htdocs/baliwag/bessy/vendor/codeigniter4/framework/system/CodeIgniter.php(326): CodeIgniter\CodeIgniter->handleRequest(NULL, Object(Config\Cache), false)
#4 /Applications/MAMP/htdocs/baliwag/bessy/index.php(38): CodeIgniter\CodeIgniter->run()
#5 {main}
CRITICAL - 2023-01-31 13:00:04 --> Attempt to read property "department_name" on string
#0 /Applications/MAMP/htdocs/baliwag/bessy/app/Controllers/External.php(41): CodeIgniter\Debug\Exceptions->errorHandler(2, 'Attempt to read...', '/Applications/M...', 41)
#1 /Applications/MAMP/htdocs/baliwag/bessy/vendor/codeigniter4/framework/system/CodeIgniter.php(832): App\Controllers\External->deptServices('assets', 'media', 'stock', '900x600', '46.jpg')
#2 /Applications/MAMP/htdocs/baliwag/bessy/vendor/codeigniter4/framework/system/CodeIgniter.php(419): CodeIgniter\CodeIgniter->runController(Object(App\Controllers\External))
#3 /Applications/MAMP/htdocs/baliwag/bessy/vendor/codeigniter4/framework/system/CodeIgniter.php(326): CodeIgniter\CodeIgniter->handleRequest(NULL, Object(Config\Cache), false)
#4 /Applications/MAMP/htdocs/baliwag/bessy/index.php(38): CodeIgniter\CodeIgniter->run()
#5 {main}
CRITICAL - 2023-01-31 13:00:04 --> Attempt to read property "department_name" on string
#0 /Applications/MAMP/htdocs/baliwag/bessy/app/Controllers/External.php(41): CodeIgniter\Debug\Exceptions->errorHandler(2, 'Attempt to read...', '/Applications/M...', 41)
#1 /Applications/MAMP/htdocs/baliwag/bessy/vendor/codeigniter4/framework/system/CodeIgniter.php(832): App\Controllers\External->deptServices('assets', 'media', 'stock', '900x600', '44.jpg')
#2 /Applications/MAMP/htdocs/baliwag/bessy/vendor/codeigniter4/framework/system/CodeIgniter.php(419): CodeIgniter\CodeIgniter->runController(Object(App\Controllers\External))
#3 /Applications/MAMP/htdocs/baliwag/bessy/vendor/codeigniter4/framework/system/CodeIgniter.php(326): CodeIgniter\CodeIgniter->handleRequest(NULL, Object(Config\Cache), false)
#4 /Applications/MAMP/htdocs/baliwag/bessy/index.php(38): CodeIgniter\CodeIgniter->run()
#5 {main}
CRITICAL - 2023-01-31 13:00:04 --> Attempt to read property "department_name" on string
#0 /Applications/MAMP/htdocs/baliwag/bessy/app/Controllers/External.php(41): CodeIgniter\Debug\Exceptions->errorHandler(2, 'Attempt to read...', '/Applications/M...', 41)
#1 /Applications/MAMP/htdocs/baliwag/bessy/vendor/codeigniter4/framework/system/CodeIgniter.php(832): App\Controllers\External->deptServices('assets', 'media', 'avatars', '300-1.jpg')
#2 /Applications/MAMP/htdocs/baliwag/bessy/vendor/codeigniter4/framework/system/CodeIgniter.php(419): CodeIgniter\CodeIgniter->runController(Object(App\Controllers\External))
#3 /Applications/MAMP/htdocs/baliwag/bessy/vendor/codeigniter4/framework/system/CodeIgniter.php(326): CodeIgniter\CodeIgniter->handleRequest(NULL, Object(Config\Cache), false)
#4 /Applications/MAMP/htdocs/baliwag/bessy/index.php(38): CodeIgniter\CodeIgniter->run()
#5 {main}
CRITICAL - 2023-01-31 13:00:28 --> Failed to listen on "tcp://0.0.0.0:8080": Address already in use (EADDRINUSE)
#0 /Applications/MAMP/htdocs/baliwag/bessy/vendor/react/socket/src/Server.php(77): React\Socket\TcpServer->__construct('tcp://0.0.0.0:8...', Object(React\EventLoop\StreamSelectLoop), Array)
#1 /Applications/MAMP/htdocs/baliwag/bessy/vendor/cboden/ratchet/src/Ratchet/Server/IoServer.php(59): React\Socket\Server->__construct('0.0.0.0:8080', Object(React\EventLoop\StreamSelectLoop))
#2 /Applications/MAMP/htdocs/baliwag/bessy/app/Controllers/Server.php(25): Ratchet\Server\IoServer::factory(Object(Ratchet\Http\HttpServer), 8080)
#3 /Applications/MAMP/htdocs/baliwag/bessy/vendor/codeigniter4/framework/system/CodeIgniter.php(832): App\Controllers\Server->index()
#4 /Applications/MAMP/htdocs/baliwag/bessy/vendor/codeigniter4/framework/system/CodeIgniter.php(419): CodeIgniter\CodeIgniter->runController(Object(App\Controllers\Server))
#5 /Applications/MAMP/htdocs/baliwag/bessy/vendor/codeigniter4/framework/system/CodeIgniter.php(326): CodeIgniter\CodeIgniter->handleRequest(NULL, Object(Config\Cache), false)
#6 /Applications/MAMP/htdocs/baliwag/bessy/index.php(38): CodeIgniter\CodeIgniter->run()
#7 {main}
CRITICAL - 2023-01-31 13:01:54 --> Attempt to read property "department_name" on string
#0 /Applications/MAMP/htdocs/baliwag/bessy/app/Controllers/External.php(41): CodeIgniter\Debug\Exceptions->errorHandler(2, 'Attempt to read...', '/Applications/M...', 41)
#1 /Applications/MAMP/htdocs/baliwag/bessy/vendor/codeigniter4/framework/system/CodeIgniter.php(832): App\Controllers\External->deptServices('assets', 'media', 'stock', '600x600', 'img-82.jpg')
#2 /Applications/MAMP/htdocs/baliwag/bessy/vendor/codeigniter4/framework/system/CodeIgniter.php(419): CodeIgniter\CodeIgniter->runController(Object(App\Controllers\External))
#3 /Applications/MAMP/htdocs/baliwag/bessy/vendor/codeigniter4/framework/system/CodeIgniter.php(326): CodeIgniter\CodeIgniter->handleRequest(NULL, Object(Config\Cache), false)
#4 /Applications/MAMP/htdocs/baliwag/bessy/index.php(38): CodeIgniter\CodeIgniter->run()
#5 {main}
CRITICAL - 2023-01-31 13:01:54 --> Attempt to read property "department_name" on string
#0 /Applications/MAMP/htdocs/baliwag/bessy/app/Controllers/External.php(41): CodeIgniter\Debug\Exceptions->errorHandler(2, 'Attempt to read...', '/Applications/M...', 41)
#1 /Applications/MAMP/htdocs/baliwag/bessy/vendor/codeigniter4/framework/system/CodeIgniter.php(832): App\Controllers\External->deptServices('assets', 'media', 'stock', '900x600', '46.jpg')
#2 /Applications/MAMP/htdocs/baliwag/bessy/vendor/codeigniter4/framework/system/CodeIgniter.php(419): CodeIgniter\CodeIgniter->runController(Object(App\Controllers\External))
#3 /Applications/MAMP/htdocs/baliwag/bessy/vendor/codeigniter4/framework/system/CodeIgniter.php(326): CodeIgniter\CodeIgniter->handleRequest(NULL, Object(Config\Cache), false)
#4 /Applications/MAMP/htdocs/baliwag/bessy/index.php(38): CodeIgniter\CodeIgniter->run()
#5 {main}
CRITICAL - 2023-01-31 13:01:54 --> Attempt to read property "department_name" on string
#0 /Applications/MAMP/htdocs/baliwag/bessy/app/Controllers/External.php(41): CodeIgniter\Debug\Exceptions->errorHandler(2, 'Attempt to read...', '/Applications/M...', 41)
#1 /Applications/MAMP/htdocs/baliwag/bessy/vendor/codeigniter4/framework/system/CodeIgniter.php(832): App\Controllers\External->deptServices('assets', 'media', 'avatars', '300-1.jpg')
#2 /Applications/MAMP/htdocs/baliwag/bessy/vendor/codeigniter4/framework/system/CodeIgniter.php(419): CodeIgniter\CodeIgniter->runController(Object(App\Controllers\External))
#3 /Applications/MAMP/htdocs/baliwag/bessy/vendor/codeigniter4/framework/system/CodeIgniter.php(326): CodeIgniter\CodeIgniter->handleRequest(NULL, Object(Config\Cache), false)
#4 /Applications/MAMP/htdocs/baliwag/bessy/index.php(38): CodeIgniter\CodeIgniter->run()
#5 {main}
CRITICAL - 2023-01-31 13:01:54 --> Attempt to read property "department_name" on string
#0 /Applications/MAMP/htdocs/baliwag/bessy/app/Controllers/External.php(41): CodeIgniter\Debug\Exceptions->errorHandler(2, 'Attempt to read...', '/Applications/M...', 41)
#1 /Applications/MAMP/htdocs/baliwag/bessy/vendor/codeigniter4/framework/system/CodeIgniter.php(832): App\Controllers\External->deptServices('assets', 'media', 'stock', '600x600', 'img-84.jpg')
#2 /Applications/MAMP/htdocs/baliwag/bessy/vendor/codeigniter4/framework/system/CodeIgniter.php(419): CodeIgniter\CodeIgniter->runController(Object(App\Controllers\External))
#3 /Applications/MAMP/htdocs/baliwag/bessy/vendor/codeigniter4/framework/system/CodeIgniter.php(326): CodeIgniter\CodeIgniter->handleRequest(NULL, Object(Config\Cache), false)
#4 /Applications/MAMP/htdocs/baliwag/bessy/index.php(38): CodeIgniter\CodeIgniter->run()
#5 {main}
CRITICAL - 2023-01-31 13:01:54 --> Attempt to read property "department_name" on string
#0 /Applications/MAMP/htdocs/baliwag/bessy/app/Controllers/External.php(41): CodeIgniter\Debug\Exceptions->errorHandler(2, 'Attempt to read...', '/Applications/M...', 41)
#1 /Applications/MAMP/htdocs/baliwag/bessy/vendor/codeigniter4/framework/system/CodeIgniter.php(832): App\Controllers\External->deptServices('assets', 'media', 'stock', '900x600', '44.jpg')
#2 /Applications/MAMP/htdocs/baliwag/bessy/vendor/codeigniter4/framework/system/CodeIgniter.php(419): CodeIgniter\CodeIgniter->runController(Object(App\Controllers\External))
#3 /Applications/MAMP/htdocs/baliwag/bessy/vendor/codeigniter4/framework/system/CodeIgniter.php(326): CodeIgniter\CodeIgniter->handleRequest(NULL, Object(Config\Cache), false)
#4 /Applications/MAMP/htdocs/baliwag/bessy/index.php(38): CodeIgniter\CodeIgniter->run()
#5 {main}
CRITICAL - 2023-01-31 13:01:54 --> Attempt to read property "department_name" on string
#0 /Applications/MAMP/htdocs/baliwag/bessy/app/Controllers/External.php(41): CodeIgniter\Debug\Exceptions->errorHandler(2, 'Attempt to read...', '/Applications/M...', 41)
#1 /Applications/MAMP/htdocs/baliwag/bessy/vendor/codeigniter4/framework/system/CodeIgniter.php(832): App\Controllers\External->deptServices('assets', 'media', 'logos', 'default-small.s...')
#2 /Applications/MAMP/htdocs/baliwag/bessy/vendor/codeigniter4/framework/system/CodeIgniter.php(419): CodeIgniter\CodeIgniter->runController(Object(App\Controllers\External))
#3 /Applications/MAMP/htdocs/baliwag/bessy/vendor/codeigniter4/framework/system/CodeIgniter.php(326): CodeIgniter\CodeIgniter->handleRequest(NULL, Object(Config\Cache), false)
#4 /Applications/MAMP/htdocs/baliwag/bessy/index.php(38): CodeIgniter\CodeIgniter->run()
#5 {main}
CRITICAL - 2023-01-31 13:02:06 --> Attempt to read property "department_name" on string
#0 /Applications/MAMP/htdocs/baliwag/bessy/app/Controllers/External.php(41): CodeIgniter\Debug\Exceptions->errorHandler(2, 'Attempt to read...', '/Applications/M...', 41)
#1 /Applications/MAMP/htdocs/baliwag/bessy/vendor/codeigniter4/framework/system/CodeIgniter.php(832): App\Controllers\External->deptServices('assets', 'media', 'logos', 'default-small.s...')
#2 /Applications/MAMP/htdocs/baliwag/bessy/vendor/codeigniter4/framework/system/CodeIgniter.php(419): CodeIgniter\CodeIgniter->runController(Object(App\Controllers\External))
#3 /Applications/MAMP/htdocs/baliwag/bessy/vendor/codeigniter4/framework/system/CodeIgniter.php(326): CodeIgniter\CodeIgniter->handleRequest(NULL, Object(Config\Cache), false)
#4 /Applications/MAMP/htdocs/baliwag/bessy/index.php(38): CodeIgniter\CodeIgniter->run()
#5 {main}
CRITICAL - 2023-01-31 13:02:06 --> Attempt to read property "department_name" on string
#0 /Applications/MAMP/htdocs/baliwag/bessy/app/Controllers/External.php(41): CodeIgniter\Debug\Exceptions->errorHandler(2, 'Attempt to read...', '/Applications/M...', 41)
#1 /Applications/MAMP/htdocs/baliwag/bessy/vendor/codeigniter4/framework/system/CodeIgniter.php(832): App\Controllers\External->deptServices('assets', 'media', 'stock', '900x600', '44.jpg')
#2 /Applications/MAMP/htdocs/baliwag/bessy/vendor/codeigniter4/framework/system/CodeIgniter.php(419): CodeIgniter\CodeIgniter->runController(Object(App\Controllers\External))
#3 /Applications/MAMP/htdocs/baliwag/bessy/vendor/codeigniter4/framework/system/CodeIgniter.php(326): CodeIgniter\CodeIgniter->handleRequest(NULL, Object(Config\Cache), false)
#4 /Applications/MAMP/htdocs/baliwag/bessy/index.php(38): CodeIgniter\CodeIgniter->run()
#5 {main}
CRITICAL - 2023-01-31 13:02:06 --> Attempt to read property "department_name" on string
#0 /Applications/MAMP/htdocs/baliwag/bessy/app/Controllers/External.php(41): CodeIgniter\Debug\Exceptions->errorHandler(2, 'Attempt to read...', '/Applications/M...', 41)
#1 /Applications/MAMP/htdocs/baliwag/bessy/vendor/codeigniter4/framework/system/CodeIgniter.php(832): App\Controllers\External->deptServices('assets', 'media', 'stock', '600x600', 'img-82.jpg')
#2 /Applications/MAMP/htdocs/baliwag/bessy/vendor/codeigniter4/framework/system/CodeIgniter.php(419): CodeIgniter\CodeIgniter->runController(Object(App\Controllers\External))
#3 /Applications/MAMP/htdocs/baliwag/bessy/vendor/codeigniter4/framework/system/CodeIgniter.php(326): CodeIgniter\CodeIgniter->handleRequest(NULL, Object(Config\Cache), false)
#4 /Applications/MAMP/htdocs/baliwag/bessy/index.php(38): CodeIgniter\CodeIgniter->run()
#5 {main}
CRITICAL - 2023-01-31 13:02:06 --> Attempt to read property "department_name" on string
#0 /Applications/MAMP/htdocs/baliwag/bessy/app/Controllers/External.php(41): CodeIgniter\Debug\Exceptions->errorHandler(2, 'Attempt to read...', '/Applications/M...', 41)
#1 /Applications/MAMP/htdocs/baliwag/bessy/vendor/codeigniter4/framework/system/CodeIgniter.php(832): App\Controllers\External->deptServices('assets', 'media', 'stock', '900x600', '46.jpg')
#2 /Applications/MAMP/htdocs/baliwag/bessy/vendor/codeigniter4/framework/system/CodeIgniter.php(419): CodeIgniter\CodeIgniter->runController(Object(App\Controllers\External))
#3 /Applications/MAMP/htdocs/baliwag/bessy/vendor/codeigniter4/framework/system/CodeIgniter.php(326): CodeIgniter\CodeIgniter->handleRequest(NULL, Object(Config\Cache), false)
#4 /Applications/MAMP/htdocs/baliwag/bessy/index.php(38): CodeIgniter\CodeIgniter->run()
#5 {main}
CRITICAL - 2023-01-31 13:02:06 --> Attempt to read property "department_name" on string
#0 /Applications/MAMP/htdocs/baliwag/bessy/app/Controllers/External.php(41): CodeIgniter\Debug\Exceptions->errorHandler(2, 'Attempt to read...', '/Applications/M...', 41)
#1 /Applications/MAMP/htdocs/baliwag/bessy/vendor/codeigniter4/framework/system/CodeIgniter.php(832): App\Controllers\External->deptServices('assets', 'media', 'stock', '600x600', 'img-84.jpg')
#2 /Applications/MAMP/htdocs/baliwag/bessy/vendor/codeigniter4/framework/system/CodeIgniter.php(419): CodeIgniter\CodeIgniter->runController(Object(App\Controllers\External))
#3 /Applications/MAMP/htdocs/baliwag/bessy/vendor/codeigniter4/framework/system/CodeIgniter.php(326): CodeIgniter\CodeIgniter->handleRequest(NULL, Object(Config\Cache), false)
#4 /Applications/MAMP/htdocs/baliwag/bessy/index.php(38): CodeIgniter\CodeIgniter->run()
#5 {main}
CRITICAL - 2023-01-31 13:02:06 --> Attempt to read property "department_name" on string
#0 /Applications/MAMP/htdocs/baliwag/bessy/app/Controllers/External.php(41): CodeIgniter\Debug\Exceptions->errorHandler(2, 'Attempt to read...', '/Applications/M...', 41)
#1 /Applications/MAMP/htdocs/baliwag/bessy/vendor/codeigniter4/framework/system/CodeIgniter.php(832): App\Controllers\External->deptServices('assets', 'media', 'avatars', '300-1.jpg')
#2 /Applications/MAMP/htdocs/baliwag/bessy/vendor/codeigniter4/framework/system/CodeIgniter.php(419): CodeIgniter\CodeIgniter->runController(Object(App\Controllers\External))
#3 /Applications/MAMP/htdocs/baliwag/bessy/vendor/codeigniter4/framework/system/CodeIgniter.php(326): CodeIgniter\CodeIgniter->handleRequest(NULL, Object(Config\Cache), false)
#4 /Applications/MAMP/htdocs/baliwag/bessy/index.php(38): CodeIgniter\CodeIgniter->run()
#5 {main}
CRITICAL - 2023-01-31 13:02:31 --> Too few arguments to function App\Controllers\Chats::departmentChats(), 0 passed in /Applications/MAMP/htdocs/baliwag/bessy/vendor/codeigniter4/framework/system/CodeIgniter.php on line 832 and exactly 1 expected
#0 /Applications/MAMP/htdocs/baliwag/bessy/vendor/codeigniter4/framework/system/CodeIgniter.php(832): App\Controllers\Chats->departmentChats()
#1 /Applications/MAMP/htdocs/baliwag/bessy/vendor/codeigniter4/framework/system/CodeIgniter.php(419): CodeIgniter\CodeIgniter->runController(Object(App\Controllers\Chats))
#2 /Applications/MAMP/htdocs/baliwag/bessy/vendor/codeigniter4/framework/system/CodeIgniter.php(326): CodeIgniter\CodeIgniter->handleRequest(NULL, Object(Config\Cache), false)
#3 /Applications/MAMP/htdocs/baliwag/bessy/index.php(38): CodeIgniter\CodeIgniter->run()
#4 {main}
ERROR - 2023-01-31 13:02:56 --> Incorrect parameter count in the call to native function 'CONCAT'
ERROR - 2023-01-31 13:02:59 --> Incorrect parameter count in the call to native function 'CONCAT'
ERROR - 2023-01-31 13:03:21 --> Incorrect parameter count in the call to native function 'CONCAT'
ERROR - 2023-01-31 13:16:49 --> Incorrect parameter count in the call to native function 'CONCAT'
ERROR - 2023-01-31 13:16:57 --> Incorrect parameter count in the call to native function 'CONCAT'
ERROR - 2023-01-31 13:16:59 --> Incorrect parameter count in the call to native function 'CONCAT'
ERROR - 2023-01-31 13:17:01 --> Incorrect parameter count in the call to native function 'CONCAT'
ERROR - 2023-01-31 13:17:02 --> Incorrect parameter count in the call to native function 'CONCAT'
ERROR - 2023-01-31 13:17:05 --> Incorrect parameter count in the call to native function 'CONCAT'
ERROR - 2023-01-31 13:18:33 --> Incorrect parameter count in the call to native function 'CONCAT'
ERROR - 2023-01-31 13:19:01 --> Incorrect parameter count in the call to native function 'CONCAT'
