CRITICAL - 2023-01-03 13:15:51 --> Class "App\Contollers\BaseController" not found
#0 /Applications/MAMP/htdocs/baliwag/systems/vendor/codeigniter4/framework/system/Router/Router.php(518): include_once()
#1 /Applications/MAMP/htdocs/baliwag/systems/vendor/codeigniter4/framework/system/Router/Router.php(175): CodeIgniter\Router\Router->autoRoute('/hris/sample')
#2 /Applications/MAMP/htdocs/baliwag/systems/vendor/codeigniter4/framework/system/CodeIgniter.php(726): CodeIgniter\Router\Router->handle('/hris/sample')
#3 /Applications/MAMP/htdocs/baliwag/systems/vendor/codeigniter4/framework/system/CodeIgniter.php(368): CodeIgniter\CodeIgniter->tryToRouteIt(Object(CodeIgniter\Router\RouteCollection))
#4 /Applications/MAMP/htdocs/baliwag/systems/vendor/codeigniter4/framework/system/CodeIgniter.php(326): CodeIgniter\CodeIgniter->handleRequest(NULL, Object(Config\Cache), false)
#5 /Applications/MAMP/htdocs/baliwag/systems/index.php(38): CodeIgniter\CodeIgniter->run()
#6 {main}
ERROR - 2023-01-03 13:35:30 --> Table 'baliwagc_systems_db.applications' doesn't exist
ERROR - 2023-01-03 13:35:46 --> Table 'baliwagc_systems_db.applications' doesn't exist
ERROR - 2023-01-03 13:35:47 --> Table 'baliwagc_systems_db.applications' doesn't exist
ERROR - 2023-01-03 14:29:53 --> Table 'baliwagc_systems_db.educational_attainment' doesn't exist
ERROR - 2023-01-03 14:29:54 --> Table 'baliwagc_systems_db.educational_attainment' doesn't exist
ERROR - 2023-01-03 14:32:59 --> Table 'baliwagc_systems_db.educational_attainment' doesn't exist
ERROR - 2023-01-03 14:32:59 --> Table 'baliwagc_systems_db.educational_attainment' doesn't exist
ERROR - 2023-01-03 14:33:44 --> Table 'baliwagc_systems_db.educational_attainment' doesn't exist
ERROR - 2023-01-03 14:33:45 --> Table 'baliwagc_systems_db.educational_attainment' doesn't exist
ERROR - 2023-01-03 14:34:40 --> Table 'baliwagc_systems_db.educational_attainment' doesn't exist
ERROR - 2023-01-03 14:34:41 --> Table 'baliwagc_systems_db.educational_attainment' doesn't exist
ERROR - 2023-01-03 14:35:10 --> Table 'baliwagc_systems_db.educational_attainment' doesn't exist
ERROR - 2023-01-03 14:35:11 --> Table 'baliwagc_systems_db.educational_attainment' doesn't exist
ERROR - 2023-01-03 14:35:31 --> Table 'baliwagc_systems_db.educational_attainment' doesn't exist
ERROR - 2023-01-03 14:35:31 --> Table 'baliwagc_systems_db.educational_attainment' doesn't exist
ERROR - 2023-01-03 14:36:08 --> Table 'baliwagc_systems_db.educational_attainment' doesn't exist
ERROR - 2023-01-03 14:36:09 --> Table 'baliwagc_systems_db.educational_attainment' doesn't exist
ERROR - 2023-01-03 14:37:00 --> Table 'baliwagc_systems_db.educational_attainment' doesn't exist
ERROR - 2023-01-03 14:37:01 --> Table 'baliwagc_systems_db.educational_attainment' doesn't exist
ERROR - 2023-01-03 14:37:41 --> Table 'baliwagc_systems_db.educational_attainment' doesn't exist
ERROR - 2023-01-03 14:37:41 --> Table 'baliwagc_systems_db.educational_attainment' doesn't exist
ERROR - 2023-01-03 14:38:35 --> Table 'baliwagc_systems_db.educational_attainment' doesn't exist
ERROR - 2023-01-03 14:38:36 --> Table 'baliwagc_systems_db.educational_attainment' doesn't exist
ERROR - 2023-01-03 14:40:23 --> Table 'baliwagc_systems_db.educational_attainment' doesn't exist
ERROR - 2023-01-03 14:40:24 --> Table 'baliwagc_systems_db.educational_attainment' doesn't exist
ERROR - 2023-01-03 14:42:47 --> Table 'baliwagc_systems_db.educational_attainment' doesn't exist
ERROR - 2023-01-03 14:42:48 --> Table 'baliwagc_systems_db.educational_attainment' doesn't exist
ERROR - 2023-01-03 14:43:49 --> Table 'baliwagc_systems_db.educational_attainment' doesn't exist
ERROR - 2023-01-03 14:43:50 --> Table 'baliwagc_systems_db.educational_attainment' doesn't exist
ERROR - 2023-01-03 14:44:44 --> Table 'baliwagc_systems_db.educational_attainment' doesn't exist
ERROR - 2023-01-03 14:44:45 --> Table 'baliwagc_systems_db.educational_attainment' doesn't exist
ERROR - 2023-01-03 14:45:47 --> Table 'baliwagc_systems_db.educational_attainment' doesn't exist
ERROR - 2023-01-03 14:45:48 --> Table 'baliwagc_systems_db.educational_attainment' doesn't exist
ERROR - 2023-01-03 14:46:03 --> Table 'baliwagc_systems_db.educational_attainment' doesn't exist
ERROR - 2023-01-03 14:46:04 --> Table 'baliwagc_systems_db.educational_attainment' doesn't exist
ERROR - 2023-01-03 14:46:55 --> Table 'baliwagc_systems_db.educational_attainment' doesn't exist
ERROR - 2023-01-03 14:46:56 --> Table 'baliwagc_systems_db.educational_attainment' doesn't exist
ERROR - 2023-01-03 14:47:14 --> Table 'baliwagc_systems_db.educational_attainment' doesn't exist
ERROR - 2023-01-03 14:47:15 --> Table 'baliwagc_systems_db.educational_attainment' doesn't exist
ERROR - 2023-01-03 14:47:30 --> Table 'baliwagc_systems_db.educational_attainment' doesn't exist
ERROR - 2023-01-03 14:47:31 --> Table 'baliwagc_systems_db.educational_attainment' doesn't exist
ERROR - 2023-01-03 14:48:27 --> Table 'baliwagc_systems_db.educational_attainment' doesn't exist
ERROR - 2023-01-03 14:48:28 --> Table 'baliwagc_systems_db.educational_attainment' doesn't exist
ERROR - 2023-01-03 14:49:13 --> Table 'baliwagc_systems_db.educational_attainment' doesn't exist
ERROR - 2023-01-03 14:49:13 --> Table 'baliwagc_systems_db.educational_attainment' doesn't exist
ERROR - 2023-01-03 14:50:02 --> Table 'baliwagc_systems_db.educational_attainment' doesn't exist
ERROR - 2023-01-03 14:50:03 --> Table 'baliwagc_systems_db.educational_attainment' doesn't exist
ERROR - 2023-01-03 14:50:10 --> Table 'baliwagc_systems_db.educational_attainment' doesn't exist
ERROR - 2023-01-03 14:50:11 --> Table 'baliwagc_systems_db.educational_attainment' doesn't exist
ERROR - 2023-01-03 14:50:55 --> Table 'baliwagc_systems_db.educational_attainment' doesn't exist
ERROR - 2023-01-03 14:50:56 --> Table 'baliwagc_systems_db.educational_attainment' doesn't exist
ERROR - 2023-01-03 14:51:29 --> Table 'baliwagc_systems_db.educational_attainment' doesn't exist
ERROR - 2023-01-03 14:51:29 --> Table 'baliwagc_systems_db.educational_attainment' doesn't exist
ERROR - 2023-01-03 14:51:46 --> Table 'baliwagc_systems_db.educational_attainment' doesn't exist
ERROR - 2023-01-03 14:51:47 --> Table 'baliwagc_systems_db.educational_attainment' doesn't exist
ERROR - 2023-01-03 14:52:18 --> Table 'baliwagc_systems_db.educational_attainment' doesn't exist
ERROR - 2023-01-03 14:52:19 --> Table 'baliwagc_systems_db.educational_attainment' doesn't exist
ERROR - 2023-01-03 14:52:37 --> Table 'baliwagc_systems_db.educational_attainment' doesn't exist
ERROR - 2023-01-03 14:52:38 --> Table 'baliwagc_systems_db.educational_attainment' doesn't exist
ERROR - 2023-01-03 14:53:03 --> Table 'baliwagc_systems_db.educational_attainment' doesn't exist
ERROR - 2023-01-03 14:53:04 --> Table 'baliwagc_systems_db.educational_attainment' doesn't exist
ERROR - 2023-01-03 14:54:11 --> Table 'baliwagc_systems_db.educational_attainment' doesn't exist
ERROR - 2023-01-03 14:54:12 --> Table 'baliwagc_systems_db.educational_attainment' doesn't exist
ERROR - 2023-01-03 14:54:47 --> Table 'baliwagc_systems_db.educational_attainment' doesn't exist
ERROR - 2023-01-03 14:54:48 --> Table 'baliwagc_systems_db.educational_attainment' doesn't exist
ERROR - 2023-01-03 14:55:03 --> Table 'baliwagc_systems_db.educational_attainment' doesn't exist
ERROR - 2023-01-03 14:55:03 --> Table 'baliwagc_systems_db.educational_attainment' doesn't exist
ERROR - 2023-01-03 14:55:19 --> Table 'baliwagc_systems_db.educational_attainment' doesn't exist
ERROR - 2023-01-03 14:55:20 --> Table 'baliwagc_systems_db.educational_attainment' doesn't exist
ERROR - 2023-01-03 14:56:07 --> Table 'baliwagc_systems_db.educational_attainment' doesn't exist
ERROR - 2023-01-03 14:56:08 --> Table 'baliwagc_systems_db.educational_attainment' doesn't exist
ERROR - 2023-01-03 15:01:37 --> Table 'baliwagc_systems_db.educational_attainment' doesn't exist
ERROR - 2023-01-03 15:01:38 --> Table 'baliwagc_systems_db.educational_attainment' doesn't exist
ERROR - 2023-01-03 15:01:48 --> Table 'baliwagc_systems_db.educational_attainment' doesn't exist
ERROR - 2023-01-03 15:01:49 --> Table 'baliwagc_systems_db.educational_attainment' doesn't exist
ERROR - 2023-01-03 15:01:56 --> Table 'baliwagc_systems_db.educational_attainment' doesn't exist
ERROR - 2023-01-03 15:01:57 --> Table 'baliwagc_systems_db.educational_attainment' doesn't exist
ERROR - 2023-01-03 15:02:11 --> Table 'baliwagc_systems_db.educational_attainment' doesn't exist
ERROR - 2023-01-03 15:02:11 --> Table 'baliwagc_systems_db.educational_attainment' doesn't exist
ERROR - 2023-01-03 15:03:01 --> Table 'baliwagc_systems_db.educational_attainment' doesn't exist
ERROR - 2023-01-03 15:03:02 --> Table 'baliwagc_systems_db.educational_attainment' doesn't exist
ERROR - 2023-01-03 15:03:59 --> Table 'baliwagc_systems_db.educational_attainment' doesn't exist
ERROR - 2023-01-03 15:03:59 --> Table 'baliwagc_systems_db.educational_attainment' doesn't exist
ERROR - 2023-01-03 15:04:11 --> Table 'baliwagc_systems_db.educational_attainment' doesn't exist
ERROR - 2023-01-03 15:04:12 --> Table 'baliwagc_systems_db.educational_attainment' doesn't exist
ERROR - 2023-01-03 15:04:51 --> Table 'baliwagc_systems_db.educational_attainment' doesn't exist
ERROR - 2023-01-03 15:04:52 --> Table 'baliwagc_systems_db.educational_attainment' doesn't exist
ERROR - 2023-01-03 15:05:01 --> Table 'baliwagc_systems_db.educational_attainment' doesn't exist
ERROR - 2023-01-03 15:05:02 --> Table 'baliwagc_systems_db.educational_attainment' doesn't exist
ERROR - 2023-01-03 15:05:13 --> Table 'baliwagc_systems_db.educational_attainment' doesn't exist
ERROR - 2023-01-03 15:05:13 --> Table 'baliwagc_systems_db.educational_attainment' doesn't exist
ERROR - 2023-01-03 15:06:00 --> Table 'baliwagc_systems_db.educational_attainment' doesn't exist
ERROR - 2023-01-03 15:06:01 --> Table 'baliwagc_systems_db.educational_attainment' doesn't exist
ERROR - 2023-01-03 15:06:35 --> Table 'baliwagc_systems_db.educational_attainment' doesn't exist
ERROR - 2023-01-03 15:06:35 --> Table 'baliwagc_systems_db.educational_attainment' doesn't exist
ERROR - 2023-01-03 15:08:11 --> Table 'baliwagc_systems_db.educational_attainment' doesn't exist
ERROR - 2023-01-03 15:08:12 --> Table 'baliwagc_systems_db.educational_attainment' doesn't exist
ERROR - 2023-01-03 15:08:27 --> Table 'baliwagc_systems_db.educational_attainment' doesn't exist
ERROR - 2023-01-03 15:08:28 --> Table 'baliwagc_systems_db.educational_attainment' doesn't exist
ERROR - 2023-01-03 15:08:44 --> Table 'baliwagc_systems_db.educational_attainment' doesn't exist
ERROR - 2023-01-03 15:08:45 --> Table 'baliwagc_systems_db.educational_attainment' doesn't exist
ERROR - 2023-01-03 15:09:05 --> Table 'baliwagc_systems_db.educational_attainment' doesn't exist
ERROR - 2023-01-03 15:09:06 --> Table 'baliwagc_systems_db.educational_attainment' doesn't exist
ERROR - 2023-01-03 15:09:09 --> Table 'baliwagc_systems_db.educational_attainment' doesn't exist
ERROR - 2023-01-03 15:09:10 --> Table 'baliwagc_systems_db.educational_attainment' doesn't exist
ERROR - 2023-01-03 15:09:12 --> Table 'baliwagc_systems_db.educational_attainment' doesn't exist
ERROR - 2023-01-03 15:09:12 --> Table 'baliwagc_systems_db.educational_attainment' doesn't exist
ERROR - 2023-01-03 15:09:27 --> Table 'baliwagc_systems_db.educational_attainment' doesn't exist
ERROR - 2023-01-03 15:09:27 --> Table 'baliwagc_systems_db.educational_attainment' doesn't exist
ERROR - 2023-01-03 15:10:00 --> Table 'baliwagc_systems_db.educational_attainment' doesn't exist
ERROR - 2023-01-03 15:10:00 --> Table 'baliwagc_systems_db.educational_attainment' doesn't exist
ERROR - 2023-01-03 15:10:21 --> Table 'baliwagc_systems_db.educational_attainment' doesn't exist
ERROR - 2023-01-03 15:11:37 --> Table 'baliwagc_systems_db.educational_attainment' doesn't exist
ERROR - 2023-01-03 15:11:37 --> Table 'baliwagc_systems_db.educational_attainment' doesn't exist
ERROR - 2023-01-03 15:11:49 --> Table 'baliwagc_systems_db.educational_attainment' doesn't exist
ERROR - 2023-01-03 15:11:50 --> Table 'baliwagc_systems_db.educational_attainment' doesn't exist
ERROR - 2023-01-03 15:13:18 --> Table 'baliwagc_systems_db.educational_attainment' doesn't exist
ERROR - 2023-01-03 15:13:18 --> Table 'baliwagc_systems_db.educational_attainment' doesn't exist
ERROR - 2023-01-03 15:15:10 --> Table 'baliwagc_systems_db.educational_attainment' doesn't exist
ERROR - 2023-01-03 15:15:11 --> Table 'baliwagc_systems_db.educational_attainment' doesn't exist
ERROR - 2023-01-03 15:15:59 --> Table 'baliwagc_systems_db.educational_attainment' doesn't exist
ERROR - 2023-01-03 15:16:00 --> Table 'baliwagc_systems_db.educational_attainment' doesn't exist
ERROR - 2023-01-03 15:16:56 --> Table 'baliwagc_systems_db.educational_attainment' doesn't exist
ERROR - 2023-01-03 15:16:56 --> Table 'baliwagc_systems_db.educational_attainment' doesn't exist
ERROR - 2023-01-03 15:17:11 --> Table 'baliwagc_systems_db.educational_attainment' doesn't exist
ERROR - 2023-01-03 15:17:11 --> Table 'baliwagc_systems_db.educational_attainment' doesn't exist
ERROR - 2023-01-03 15:17:33 --> Table 'baliwagc_systems_db.educational_attainment' doesn't exist
ERROR - 2023-01-03 15:17:34 --> Table 'baliwagc_systems_db.educational_attainment' doesn't exist
ERROR - 2023-01-03 15:18:37 --> Table 'baliwagc_systems_db.educational_attainment' doesn't exist
ERROR - 2023-01-03 15:18:37 --> Table 'baliwagc_systems_db.educational_attainment' doesn't exist
ERROR - 2023-01-03 15:25:22 --> Table 'baliwagc_systems_db.educational_attainment' doesn't exist
ERROR - 2023-01-03 15:25:22 --> Table 'baliwagc_systems_db.educational_attainment' doesn't exist
ERROR - 2023-01-03 15:26:00 --> Table 'baliwagc_systems_db.educational_attainment' doesn't exist
ERROR - 2023-01-03 15:26:00 --> Table 'baliwagc_systems_db.educational_attainment' doesn't exist
ERROR - 2023-01-03 15:26:03 --> Table 'baliwagc_systems_db.educational_attainment' doesn't exist
ERROR - 2023-01-03 15:26:06 --> Table 'baliwagc_systems_db.educational_attainment' doesn't exist
ERROR - 2023-01-03 15:26:30 --> Table 'baliwagc_systems_db.educational_attainment' doesn't exist
ERROR - 2023-01-03 15:26:33 --> Table 'baliwagc_systems_db.educational_attainment' doesn't exist
ERROR - 2023-01-03 15:27:14 --> Table 'baliwagc_systems_db.educational_attainment' doesn't exist
ERROR - 2023-01-03 15:27:14 --> Table 'baliwagc_systems_db.educational_attainment' doesn't exist
ERROR - 2023-01-03 15:27:31 --> Table 'baliwagc_systems_db.educational_attainment' doesn't exist
ERROR - 2023-01-03 15:27:31 --> Table 'baliwagc_systems_db.educational_attainment' doesn't exist
ERROR - 2023-01-03 15:27:32 --> Table 'baliwagc_systems_db.educational_attainment' doesn't exist
ERROR - 2023-01-03 15:28:09 --> Table 'baliwagc_systems_db.educational_attainment' doesn't exist
ERROR - 2023-01-03 15:29:00 --> Table 'baliwagc_systems_db.educational_attainment' doesn't exist
ERROR - 2023-01-03 15:29:00 --> Table 'baliwagc_systems_db.educational_attainment' doesn't exist
ERROR - 2023-01-03 15:29:02 --> Table 'baliwagc_systems_db.educational_attainment' doesn't exist
ERROR - 2023-01-03 15:29:05 --> Table 'baliwagc_systems_db.educational_attainment' doesn't exist
ERROR - 2023-01-03 15:29:50 --> Table 'baliwagc_systems_db.educational_attainment' doesn't exist
ERROR - 2023-01-03 15:29:50 --> Table 'baliwagc_systems_db.educational_attainment' doesn't exist
ERROR - 2023-01-03 15:29:55 --> Table 'baliwagc_systems_db.educational_attainment' doesn't exist
ERROR - 2023-01-03 15:30:41 --> Table 'baliwagc_systems_db.educational_attainment' doesn't exist
ERROR - 2023-01-03 15:30:42 --> Table 'baliwagc_systems_db.educational_attainment' doesn't exist
ERROR - 2023-01-03 15:30:44 --> Table 'baliwagc_systems_db.educational_attainment' doesn't exist
ERROR - 2023-01-03 15:31:01 --> Table 'baliwagc_systems_db.educational_attainment' doesn't exist
ERROR - 2023-01-03 15:31:02 --> Table 'baliwagc_systems_db.educational_attainment' doesn't exist
ERROR - 2023-01-03 15:31:03 --> Table 'baliwagc_systems_db.educational_attainment' doesn't exist
ERROR - 2023-01-03 15:31:18 --> Table 'baliwagc_systems_db.educational_attainment' doesn't exist
ERROR - 2023-01-03 15:31:18 --> Table 'baliwagc_systems_db.educational_attainment' doesn't exist
ERROR - 2023-01-03 15:31:20 --> Table 'baliwagc_systems_db.educational_attainment' doesn't exist
ERROR - 2023-01-03 15:31:26 --> Table 'baliwagc_systems_db.educational_attainment' doesn't exist
ERROR - 2023-01-03 15:31:27 --> Table 'baliwagc_systems_db.educational_attainment' doesn't exist
ERROR - 2023-01-03 15:31:29 --> Table 'baliwagc_systems_db.educational_attainment' doesn't exist
ERROR - 2023-01-03 15:31:47 --> Table 'baliwagc_systems_db.educational_attainment' doesn't exist
ERROR - 2023-01-03 15:31:47 --> Table 'baliwagc_systems_db.educational_attainment' doesn't exist
ERROR - 2023-01-03 15:31:49 --> Table 'baliwagc_systems_db.educational_attainment' doesn't exist
ERROR - 2023-01-03 15:32:05 --> Table 'baliwagc_systems_db.educational_attainment' doesn't exist
ERROR - 2023-01-03 15:32:06 --> Table 'baliwagc_systems_db.educational_attainment' doesn't exist
ERROR - 2023-01-03 15:32:09 --> Table 'baliwagc_systems_db.educational_attainment' doesn't exist
ERROR - 2023-01-03 15:32:36 --> Table 'baliwagc_systems_db.educational_attainment' doesn't exist
ERROR - 2023-01-03 15:32:36 --> Table 'baliwagc_systems_db.educational_attainment' doesn't exist
ERROR - 2023-01-03 15:32:40 --> Table 'baliwagc_systems_db.educational_attainment' doesn't exist
ERROR - 2023-01-03 15:33:21 --> Table 'baliwagc_systems_db.educational_attainment' doesn't exist
ERROR - 2023-01-03 15:33:21 --> Table 'baliwagc_systems_db.educational_attainment' doesn't exist
ERROR - 2023-01-03 15:33:22 --> Table 'baliwagc_systems_db.educational_attainment' doesn't exist
ERROR - 2023-01-03 15:33:43 --> Table 'baliwagc_systems_db.educational_attainment' doesn't exist
ERROR - 2023-01-03 15:33:44 --> Table 'baliwagc_systems_db.educational_attainment' doesn't exist
ERROR - 2023-01-03 15:33:45 --> Table 'baliwagc_systems_db.educational_attainment' doesn't exist
ERROR - 2023-01-03 15:33:59 --> Table 'baliwagc_systems_db.educational_attainment' doesn't exist
ERROR - 2023-01-03 15:33:59 --> Table 'baliwagc_systems_db.educational_attainment' doesn't exist
ERROR - 2023-01-03 15:34:00 --> Table 'baliwagc_systems_db.educational_attainment' doesn't exist
ERROR - 2023-01-03 15:34:13 --> Table 'baliwagc_systems_db.educational_attainment' doesn't exist
ERROR - 2023-01-03 15:34:13 --> Table 'baliwagc_systems_db.educational_attainment' doesn't exist
ERROR - 2023-01-03 15:34:15 --> Table 'baliwagc_systems_db.educational_attainment' doesn't exist
ERROR - 2023-01-03 15:36:15 --> Table 'baliwagc_systems_db.educational_attainment' doesn't exist
ERROR - 2023-01-03 15:36:15 --> Table 'baliwagc_systems_db.educational_attainment' doesn't exist
ERROR - 2023-01-03 15:36:18 --> Table 'baliwagc_systems_db.educational_attainment' doesn't exist
ERROR - 2023-01-03 15:36:29 --> Table 'baliwagc_systems_db.educational_attainment' doesn't exist
ERROR - 2023-01-03 15:36:29 --> Table 'baliwagc_systems_db.educational_attainment' doesn't exist
ERROR - 2023-01-03 15:36:31 --> Table 'baliwagc_systems_db.educational_attainment' doesn't exist
ERROR - 2023-01-03 15:37:47 --> Table 'baliwagc_systems_db.educational_attainment' doesn't exist
ERROR - 2023-01-03 15:37:47 --> Table 'baliwagc_systems_db.educational_attainment' doesn't exist
ERROR - 2023-01-03 15:37:48 --> Table 'baliwagc_systems_db.educational_attainment' doesn't exist
ERROR - 2023-01-03 15:38:42 --> Table 'baliwagc_systems_db.educational_attainment' doesn't exist
ERROR - 2023-01-03 15:38:43 --> Table 'baliwagc_systems_db.educational_attainment' doesn't exist
ERROR - 2023-01-03 15:38:45 --> Table 'baliwagc_systems_db.educational_attainment' doesn't exist
ERROR - 2023-01-03 15:40:27 --> Table 'baliwagc_systems_db.educational_attainment' doesn't exist
ERROR - 2023-01-03 15:40:28 --> Table 'baliwagc_systems_db.educational_attainment' doesn't exist
ERROR - 2023-01-03 15:40:29 --> Table 'baliwagc_systems_db.educational_attainment' doesn't exist
ERROR - 2023-01-03 15:40:52 --> Table 'baliwagc_systems_db.educational_attainment' doesn't exist
ERROR - 2023-01-03 15:40:52 --> Table 'baliwagc_systems_db.educational_attainment' doesn't exist
ERROR - 2023-01-03 15:40:54 --> Table 'baliwagc_systems_db.educational_attainment' doesn't exist
ERROR - 2023-01-03 15:41:07 --> Table 'baliwagc_systems_db.educational_attainment' doesn't exist
ERROR - 2023-01-03 15:41:08 --> Table 'baliwagc_systems_db.educational_attainment' doesn't exist
ERROR - 2023-01-03 15:41:10 --> Table 'baliwagc_systems_db.educational_attainment' doesn't exist
ERROR - 2023-01-03 15:42:12 --> Table 'baliwagc_systems_db.educational_attainment' doesn't exist
ERROR - 2023-01-03 15:42:13 --> Table 'baliwagc_systems_db.educational_attainment' doesn't exist
ERROR - 2023-01-03 15:42:15 --> Table 'baliwagc_systems_db.educational_attainment' doesn't exist
ERROR - 2023-01-03 15:43:21 --> Table 'baliwagc_systems_db.educational_attainment' doesn't exist
ERROR - 2023-01-03 15:43:21 --> Table 'baliwagc_systems_db.educational_attainment' doesn't exist
ERROR - 2023-01-03 15:43:22 --> Table 'baliwagc_systems_db.educational_attainment' doesn't exist
ERROR - 2023-01-03 15:47:41 --> Table 'baliwagc_systems_db.educational_attainment' doesn't exist
ERROR - 2023-01-03 15:47:42 --> Table 'baliwagc_systems_db.educational_attainment' doesn't exist
ERROR - 2023-01-03 15:47:43 --> Table 'baliwagc_systems_db.educational_attainment' doesn't exist
ERROR - 2023-01-03 15:48:53 --> Table 'baliwagc_systems_db.educational_attainment' doesn't exist
ERROR - 2023-01-03 15:48:54 --> Table 'baliwagc_systems_db.educational_attainment' doesn't exist
ERROR - 2023-01-03 15:48:55 --> Table 'baliwagc_systems_db.educational_attainment' doesn't exist
ERROR - 2023-01-03 15:49:55 --> Table 'baliwagc_systems_db.educational_attainment' doesn't exist
ERROR - 2023-01-03 15:49:55 --> Table 'baliwagc_systems_db.educational_attainment' doesn't exist
ERROR - 2023-01-03 15:50:00 --> Table 'baliwagc_systems_db.educational_attainment' doesn't exist
ERROR - 2023-01-03 15:50:28 --> Table 'baliwagc_systems_db.educational_attainment' doesn't exist
ERROR - 2023-01-03 15:50:28 --> Table 'baliwagc_systems_db.educational_attainment' doesn't exist
ERROR - 2023-01-03 15:50:29 --> Table 'baliwagc_systems_db.educational_attainment' doesn't exist
ERROR - 2023-01-03 15:51:01 --> Table 'baliwagc_systems_db.educational_attainment' doesn't exist
ERROR - 2023-01-03 15:51:01 --> Table 'baliwagc_systems_db.educational_attainment' doesn't exist
ERROR - 2023-01-03 15:51:03 --> Table 'baliwagc_systems_db.educational_attainment' doesn't exist
ERROR - 2023-01-03 15:51:12 --> Table 'baliwagc_systems_db.educational_attainment' doesn't exist
ERROR - 2023-01-03 15:51:12 --> Table 'baliwagc_systems_db.educational_attainment' doesn't exist
ERROR - 2023-01-03 15:51:13 --> Table 'baliwagc_systems_db.educational_attainment' doesn't exist
ERROR - 2023-01-03 15:51:25 --> Table 'baliwagc_systems_db.educational_attainment' doesn't exist
ERROR - 2023-01-03 15:51:26 --> Table 'baliwagc_systems_db.educational_attainment' doesn't exist
ERROR - 2023-01-03 15:51:27 --> Table 'baliwagc_systems_db.educational_attainment' doesn't exist
ERROR - 2023-01-03 15:52:29 --> Table 'baliwagc_systems_db.educational_attainment' doesn't exist
ERROR - 2023-01-03 15:52:30 --> Table 'baliwagc_systems_db.educational_attainment' doesn't exist
ERROR - 2023-01-03 15:52:30 --> Table 'baliwagc_systems_db.educational_attainment' doesn't exist
ERROR - 2023-01-03 15:52:49 --> Table 'baliwagc_systems_db.educational_attainment' doesn't exist
ERROR - 2023-01-03 15:52:50 --> Table 'baliwagc_systems_db.educational_attainment' doesn't exist
ERROR - 2023-01-03 15:52:50 --> Table 'baliwagc_systems_db.educational_attainment' doesn't exist
ERROR - 2023-01-03 15:53:33 --> Table 'baliwagc_systems_db.educational_attainment' doesn't exist
ERROR - 2023-01-03 15:53:34 --> Table 'baliwagc_systems_db.educational_attainment' doesn't exist
ERROR - 2023-01-03 15:53:35 --> Table 'baliwagc_systems_db.educational_attainment' doesn't exist
ERROR - 2023-01-03 15:53:58 --> Table 'baliwagc_systems_db.educational_attainment' doesn't exist
ERROR - 2023-01-03 15:58:10 --> Table 'baliwagc_systems_db.educational_attainment' doesn't exist
ERROR - 2023-01-03 15:58:12 --> Table 'baliwagc_systems_db.educational_attainment' doesn't exist
ERROR - 2023-01-03 15:58:13 --> Table 'baliwagc_systems_db.educational_attainment' doesn't exist
ERROR - 2023-01-03 15:58:13 --> Table 'baliwagc_systems_db.educational_attainment' doesn't exist
ERROR - 2023-01-03 15:58:15 --> Table 'baliwagc_systems_db.educational_attainment' doesn't exist
ERROR - 2023-01-03 15:58:16 --> Table 'baliwagc_systems_db.educational_attainment' doesn't exist
ERROR - 2023-01-03 15:58:18 --> Table 'baliwagc_systems_db.educational_attainment' doesn't exist
ERROR - 2023-01-03 15:58:18 --> Table 'baliwagc_systems_db.educational_attainment' doesn't exist
ERROR - 2023-01-03 15:58:24 --> Table 'baliwagc_systems_db.educational_attainment' doesn't exist
ERROR - 2023-01-03 15:58:41 --> Table 'baliwagc_systems_db.educational_attainment' doesn't exist
ERROR - 2023-01-03 15:58:41 --> Table 'baliwagc_systems_db.educational_attainment' doesn't exist
ERROR - 2023-01-03 15:58:43 --> Table 'baliwagc_systems_db.educational_attainment' doesn't exist
ERROR - 2023-01-03 16:01:37 --> Table 'baliwagc_systems_db.educational_attainment' doesn't exist
ERROR - 2023-01-03 16:01:40 --> Table 'baliwagc_systems_db.educational_attainment' doesn't exist
ERROR - 2023-01-03 16:01:40 --> Table 'baliwagc_systems_db.educational_attainment' doesn't exist
ERROR - 2023-01-03 16:02:10 --> Table 'baliwagc_systems_db.educational_attainment' doesn't exist
ERROR - 2023-01-03 16:02:10 --> Table 'baliwagc_systems_db.educational_attainment' doesn't exist
ERROR - 2023-01-03 16:02:15 --> Table 'baliwagc_systems_db.educational_attainment' doesn't exist
ERROR - 2023-01-03 16:02:16 --> Table 'baliwagc_systems_db.educational_attainment' doesn't exist
ERROR - 2023-01-03 16:18:06 --> Table 'baliwagc_systems_db.educational_attainment' doesn't exist
ERROR - 2023-01-03 16:18:07 --> Table 'baliwagc_systems_db.educational_attainment' doesn't exist
ERROR - 2023-01-03 16:18:07 --> Table 'baliwagc_systems_db.educational_attainment' doesn't exist
ERROR - 2023-01-03 16:18:49 --> Table 'baliwagc_systems_db.educational_attainment' doesn't exist
ERROR - 2023-01-03 16:18:49 --> Table 'baliwagc_systems_db.educational_attainment' doesn't exist
ERROR - 2023-01-03 16:18:49 --> Table 'baliwagc_systems_db.educational_attainment' doesn't exist
ERROR - 2023-01-03 16:19:15 --> Table 'baliwagc_systems_db.educational_attainment' doesn't exist
ERROR - 2023-01-03 16:19:15 --> Table 'baliwagc_systems_db.educational_attainment' doesn't exist
ERROR - 2023-01-03 16:19:15 --> Table 'baliwagc_systems_db.educational_attainment' doesn't exist
ERROR - 2023-01-03 16:19:18 --> Table 'baliwagc_systems_db.educational_attainment' doesn't exist
ERROR - 2023-01-03 16:19:18 --> Table 'baliwagc_systems_db.educational_attainment' doesn't exist
ERROR - 2023-01-03 16:19:18 --> Table 'baliwagc_systems_db.educational_attainment' doesn't exist
ERROR - 2023-01-03 16:19:26 --> Table 'baliwagc_systems_db.educational_attainment' doesn't exist
ERROR - 2023-01-03 16:19:26 --> Table 'baliwagc_systems_db.educational_attainment' doesn't exist
ERROR - 2023-01-03 16:19:27 --> Table 'baliwagc_systems_db.educational_attainment' doesn't exist
ERROR - 2023-01-03 16:20:56 --> Table 'baliwagc_systems_db.educational_attainment' doesn't exist
ERROR - 2023-01-03 16:21:05 --> Table 'baliwagc_systems_db.educational_attainment' doesn't exist
ERROR - 2023-01-03 16:21:05 --> Table 'baliwagc_systems_db.educational_attainment' doesn't exist
ERROR - 2023-01-03 16:21:15 --> Table 'baliwagc_systems_db.educational_attainment' doesn't exist
ERROR - 2023-01-03 16:21:16 --> Table 'baliwagc_systems_db.educational_attainment' doesn't exist
ERROR - 2023-01-03 16:21:30 --> Table 'baliwagc_systems_db.educational_attainment' doesn't exist
ERROR - 2023-01-03 16:21:31 --> Table 'baliwagc_systems_db.educational_attainment' doesn't exist
ERROR - 2023-01-03 16:27:56 --> Table 'baliwagc_systems_db.educational_attainment' doesn't exist
ERROR - 2023-01-03 16:28:01 --> Table 'baliwagc_systems_db.educational_attainment' doesn't exist
ERROR - 2023-01-03 16:28:02 --> Table 'baliwagc_systems_db.educational_attainment' doesn't exist
ERROR - 2023-01-03 16:28:48 --> Table 'baliwagc_systems_db.educational_attainment' doesn't exist
ERROR - 2023-01-03 16:28:49 --> Table 'baliwagc_systems_db.educational_attainment' doesn't exist
ERROR - 2023-01-03 16:29:03 --> Table 'baliwagc_systems_db.educational_attainment' doesn't exist
ERROR - 2023-01-03 16:29:03 --> Table 'baliwagc_systems_db.educational_attainment' doesn't exist
ERROR - 2023-01-03 16:29:13 --> Table 'baliwagc_systems_db.educational_attainment' doesn't exist
ERROR - 2023-01-03 16:29:14 --> Table 'baliwagc_systems_db.educational_attainment' doesn't exist
ERROR - 2023-01-03 16:29:23 --> Table 'baliwagc_systems_db.educational_attainment' doesn't exist
ERROR - 2023-01-03 16:29:24 --> Table 'baliwagc_systems_db.educational_attainment' doesn't exist
ERROR - 2023-01-03 16:29:42 --> Table 'baliwagc_systems_db.educational_attainment' doesn't exist
ERROR - 2023-01-03 16:29:43 --> Table 'baliwagc_systems_db.educational_attainment' doesn't exist
ERROR - 2023-01-03 16:29:49 --> Table 'baliwagc_systems_db.educational_attainment' doesn't exist
ERROR - 2023-01-03 16:29:50 --> Table 'baliwagc_systems_db.educational_attainment' doesn't exist
