CRITICAL - 2022-09-13 01:54:54 --> Call to a member function store() on null
#0 /Applications/MAMP/htdocs/projects/myapplink/vendor/codeigniter4/framework/system/CodeIgniter.php(832): App\Controllers\Requirements->uploadDocuments()
#1 /Applications/MAMP/htdocs/projects/myapplink/vendor/codeigniter4/framework/system/CodeIgniter.php(419): CodeIgniter\CodeIgniter->runController(Object(App\Controllers\Requirements))
#2 /Applications/MAMP/htdocs/projects/myapplink/vendor/codeigniter4/framework/system/CodeIgniter.php(326): CodeIgniter\CodeIgniter->handleRequest(NULL, Object(Config\Cache), false)
#3 /Applications/MAMP/htdocs/projects/myapplink/index.php(38): CodeIgniter\CodeIgniter->run()
#4 {main}
CRITICAL - 2022-09-13 02:33:25 --> Undefined variable $file
#0 /Applications/MAMP/htdocs/projects/myapplink/app/Controllers/Requirements.php(60): CodeIgniter\Debug\Exceptions->errorHandler(2, 'Undefined varia...', '/Applications/M...', 60)
#1 /Applications/MAMP/htdocs/projects/myapplink/vendor/codeigniter4/framework/system/CodeIgniter.php(832): App\Controllers\Requirements->uploadDocuments()
#2 /Applications/MAMP/htdocs/projects/myapplink/vendor/codeigniter4/framework/system/CodeIgniter.php(419): CodeIgniter\CodeIgniter->runController(Object(App\Controllers\Requirements))
#3 /Applications/MAMP/htdocs/projects/myapplink/vendor/codeigniter4/framework/system/CodeIgniter.php(326): CodeIgniter\CodeIgniter->handleRequest(NULL, Object(Config\Cache), false)
#4 /Applications/MAMP/htdocs/projects/myapplink/index.php(38): CodeIgniter\CodeIgniter->run()
#5 {main}
CRITICAL - 2022-09-13 02:33:41 --> Undefined variable $file
#0 /Applications/MAMP/htdocs/projects/myapplink/app/Controllers/Requirements.php(60): CodeIgniter\Debug\Exceptions->errorHandler(2, 'Undefined varia...', '/Applications/M...', 60)
#1 /Applications/MAMP/htdocs/projects/myapplink/vendor/codeigniter4/framework/system/CodeIgniter.php(832): App\Controllers\Requirements->uploadDocuments()
#2 /Applications/MAMP/htdocs/projects/myapplink/vendor/codeigniter4/framework/system/CodeIgniter.php(419): CodeIgniter\CodeIgniter->runController(Object(App\Controllers\Requirements))
#3 /Applications/MAMP/htdocs/projects/myapplink/vendor/codeigniter4/framework/system/CodeIgniter.php(326): CodeIgniter\CodeIgniter->handleRequest(NULL, Object(Config\Cache), false)
#4 /Applications/MAMP/htdocs/projects/myapplink/index.php(38): CodeIgniter\CodeIgniter->run()
#5 {main}
CRITICAL - 2022-09-13 02:33:51 --> Undefined variable $file
#0 /Applications/MAMP/htdocs/projects/myapplink/app/Controllers/Requirements.php(60): CodeIgniter\Debug\Exceptions->errorHandler(2, 'Undefined varia...', '/Applications/M...', 60)
#1 /Applications/MAMP/htdocs/projects/myapplink/vendor/codeigniter4/framework/system/CodeIgniter.php(832): App\Controllers\Requirements->uploadDocuments()
#2 /Applications/MAMP/htdocs/projects/myapplink/vendor/codeigniter4/framework/system/CodeIgniter.php(419): CodeIgniter\CodeIgniter->runController(Object(App\Controllers\Requirements))
#3 /Applications/MAMP/htdocs/projects/myapplink/vendor/codeigniter4/framework/system/CodeIgniter.php(326): CodeIgniter\CodeIgniter->handleRequest(NULL, Object(Config\Cache), false)
#4 /Applications/MAMP/htdocs/projects/myapplink/index.php(38): CodeIgniter\CodeIgniter->run()
#5 {main}
CRITICAL - 2022-09-13 02:55:21 --> syntax error, unexpected token "->", expecting identifier or variable or "{" or "$"
#0 /Applications/MAMP/htdocs/projects/myapplink/vendor/codeigniter4/framework/system/Router/Router.php(175): CodeIgniter\Router\Router->autoRoute('/requirements/u...')
#1 /Applications/MAMP/htdocs/projects/myapplink/vendor/codeigniter4/framework/system/CodeIgniter.php(726): CodeIgniter\Router\Router->handle('/requirements/u...')
#2 /Applications/MAMP/htdocs/projects/myapplink/vendor/codeigniter4/framework/system/CodeIgniter.php(368): CodeIgniter\CodeIgniter->tryToRouteIt(Object(CodeIgniter\Router\RouteCollection))
#3 /Applications/MAMP/htdocs/projects/myapplink/vendor/codeigniter4/framework/system/CodeIgniter.php(326): CodeIgniter\CodeIgniter->handleRequest(NULL, Object(Config\Cache), false)
#4 /Applications/MAMP/htdocs/projects/myapplink/index.php(38): CodeIgniter\CodeIgniter->run()
#5 {main}
CRITICAL - 2022-09-13 02:56:43 --> Undefined variable $data
#0 /Applications/MAMP/htdocs/projects/myapplink/app/Controllers/Requirements.php(78): CodeIgniter\Debug\Exceptions->errorHandler(2, 'Undefined varia...', '/Applications/M...', 78)
#1 /Applications/MAMP/htdocs/projects/myapplink/vendor/codeigniter4/framework/system/CodeIgniter.php(832): App\Controllers\Requirements->uploadDocuments()
#2 /Applications/MAMP/htdocs/projects/myapplink/vendor/codeigniter4/framework/system/CodeIgniter.php(419): CodeIgniter\CodeIgniter->runController(Object(App\Controllers\Requirements))
#3 /Applications/MAMP/htdocs/projects/myapplink/vendor/codeigniter4/framework/system/CodeIgniter.php(326): CodeIgniter\CodeIgniter->handleRequest(NULL, Object(Config\Cache), false)
#4 /Applications/MAMP/htdocs/projects/myapplink/index.php(38): CodeIgniter\CodeIgniter->run()
#5 {main}
CRITICAL - 2022-09-13 02:57:37 --> Undefined variable $img
#0 /Applications/MAMP/htdocs/projects/myapplink/app/Controllers/Requirements.php(71): CodeIgniter\Debug\Exceptions->errorHandler(2, 'Undefined varia...', '/Applications/M...', 71)
#1 /Applications/MAMP/htdocs/projects/myapplink/vendor/codeigniter4/framework/system/CodeIgniter.php(832): App\Controllers\Requirements->uploadDocuments()
#2 /Applications/MAMP/htdocs/projects/myapplink/vendor/codeigniter4/framework/system/CodeIgniter.php(419): CodeIgniter\CodeIgniter->runController(Object(App\Controllers\Requirements))
#3 /Applications/MAMP/htdocs/projects/myapplink/vendor/codeigniter4/framework/system/CodeIgniter.php(326): CodeIgniter\CodeIgniter->handleRequest(NULL, Object(Config\Cache), false)
#4 /Applications/MAMP/htdocs/projects/myapplink/index.php(38): CodeIgniter\CodeIgniter->run()
#5 {main}
CRITICAL - 2022-09-13 02:57:53 --> Undefined variable $data
#0 /Applications/MAMP/htdocs/projects/myapplink/app/Controllers/Requirements.php(80): CodeIgniter\Debug\Exceptions->errorHandler(2, 'Undefined varia...', '/Applications/M...', 80)
#1 /Applications/MAMP/htdocs/projects/myapplink/vendor/codeigniter4/framework/system/CodeIgniter.php(832): App\Controllers\Requirements->uploadDocuments()
#2 /Applications/MAMP/htdocs/projects/myapplink/vendor/codeigniter4/framework/system/CodeIgniter.php(419): CodeIgniter\CodeIgniter->runController(Object(App\Controllers\Requirements))
#3 /Applications/MAMP/htdocs/projects/myapplink/vendor/codeigniter4/framework/system/CodeIgniter.php(326): CodeIgniter\CodeIgniter->handleRequest(NULL, Object(Config\Cache), false)
#4 /Applications/MAMP/htdocs/projects/myapplink/index.php(38): CodeIgniter\CodeIgniter->run()
#5 {main}
CRITICAL - 2022-09-13 03:06:29 --> Undefined property: CodeIgniter\HTTP\Files\UploadedFile::$isValid
#0 /Applications/MAMP/htdocs/projects/myapplink/app/Controllers/Requirements.php(73): CodeIgniter\Debug\Exceptions->errorHandler(2, 'Undefined prope...', '/Applications/M...', 73)
#1 /Applications/MAMP/htdocs/projects/myapplink/vendor/codeigniter4/framework/system/CodeIgniter.php(832): App\Controllers\Requirements->uploadDocuments()
#2 /Applications/MAMP/htdocs/projects/myapplink/vendor/codeigniter4/framework/system/CodeIgniter.php(419): CodeIgniter\CodeIgniter->runController(Object(App\Controllers\Requirements))
#3 /Applications/MAMP/htdocs/projects/myapplink/vendor/codeigniter4/framework/system/CodeIgniter.php(326): CodeIgniter\CodeIgniter->handleRequest(NULL, Object(Config\Cache), false)
#4 /Applications/MAMP/htdocs/projects/myapplink/index.php(38): CodeIgniter\CodeIgniter->run()
#5 {main}
CRITICAL - 2022-09-13 03:10:30 --> fopen(http://localhost:8888/projects/myapplinkpublic/assets/uploads/documents/index.html): Failed to open stream: HTTP wrapper does not support writeable connections
#0 [internal function]: CodeIgniter\Debug\Exceptions->errorHandler(2, 'fopen(http://lo...', '/Applications/M...', 179)
#1 /Applications/MAMP/htdocs/projects/myapplink/vendor/codeigniter4/framework/system/HTTP/Files/UploadedFile.php(179): fopen('http://localhos...', 'x+b')
#2 /Applications/MAMP/htdocs/projects/myapplink/vendor/codeigniter4/framework/system/HTTP/Files/UploadedFile.php(130): CodeIgniter\HTTP\Files\UploadedFile->setPath('http://localhos...')
#3 /Applications/MAMP/htdocs/projects/myapplink/app/Controllers/Requirements.php(75): CodeIgniter\HTTP\Files\UploadedFile->move('http://localhos...')
#4 /Applications/MAMP/htdocs/projects/myapplink/vendor/codeigniter4/framework/system/CodeIgniter.php(832): App\Controllers\Requirements->uploadDocuments()
#5 /Applications/MAMP/htdocs/projects/myapplink/vendor/codeigniter4/framework/system/CodeIgniter.php(419): CodeIgniter\CodeIgniter->runController(Object(App\Controllers\Requirements))
#6 /Applications/MAMP/htdocs/projects/myapplink/vendor/codeigniter4/framework/system/CodeIgniter.php(326): CodeIgniter\CodeIgniter->handleRequest(NULL, Object(Config\Cache), false)
#7 /Applications/MAMP/htdocs/projects/myapplink/index.php(38): CodeIgniter\CodeIgniter->run()
#8 {main}
CRITICAL - 2022-09-13 03:10:57 --> fopen(http://localhost:8888/projects/myapplink/public/assets/uploads/documents/index.html): Failed to open stream: HTTP wrapper does not support writeable connections
#0 [internal function]: CodeIgniter\Debug\Exceptions->errorHandler(2, 'fopen(http://lo...', '/Applications/M...', 179)
#1 /Applications/MAMP/htdocs/projects/myapplink/vendor/codeigniter4/framework/system/HTTP/Files/UploadedFile.php(179): fopen('http://localhos...', 'x+b')
#2 /Applications/MAMP/htdocs/projects/myapplink/vendor/codeigniter4/framework/system/HTTP/Files/UploadedFile.php(130): CodeIgniter\HTTP\Files\UploadedFile->setPath('http://localhos...')
#3 /Applications/MAMP/htdocs/projects/myapplink/app/Controllers/Requirements.php(75): CodeIgniter\HTTP\Files\UploadedFile->move('http://localhos...')
#4 /Applications/MAMP/htdocs/projects/myapplink/vendor/codeigniter4/framework/system/CodeIgniter.php(832): App\Controllers\Requirements->uploadDocuments()
#5 /Applications/MAMP/htdocs/projects/myapplink/vendor/codeigniter4/framework/system/CodeIgniter.php(419): CodeIgniter\CodeIgniter->runController(Object(App\Controllers\Requirements))
#6 /Applications/MAMP/htdocs/projects/myapplink/vendor/codeigniter4/framework/system/CodeIgniter.php(326): CodeIgniter\CodeIgniter->handleRequest(NULL, Object(Config\Cache), false)
#7 /Applications/MAMP/htdocs/projects/myapplink/index.php(38): CodeIgniter\CodeIgniter->run()
#8 {main}
CRITICAL - 2022-09-13 03:26:52 --> foreach() argument must be of type array|object, string given
#0 /Applications/MAMP/htdocs/projects/myapplink/app/Controllers/Requirements.php(86): CodeIgniter\Debug\Exceptions->errorHandler(2, 'foreach() argum...', '/Applications/M...', 86)
#1 /Applications/MAMP/htdocs/projects/myapplink/vendor/codeigniter4/framework/system/CodeIgniter.php(832): App\Controllers\Requirements->uploadDocuments()
#2 /Applications/MAMP/htdocs/projects/myapplink/vendor/codeigniter4/framework/system/CodeIgniter.php(419): CodeIgniter\CodeIgniter->runController(Object(App\Controllers\Requirements))
#3 /Applications/MAMP/htdocs/projects/myapplink/vendor/codeigniter4/framework/system/CodeIgniter.php(326): CodeIgniter\CodeIgniter->handleRequest(NULL, Object(Config\Cache), false)
#4 /Applications/MAMP/htdocs/projects/myapplink/index.php(38): CodeIgniter\CodeIgniter->run()
#5 {main}
