ERROR - 2023-12-12 11:59:58 --> Table 'baliwagc_citizens_db.non_baliwag_members_info' doesn't exist
CRITICAL - 2023-12-12 11:59:58 --> Table 'baliwagc_citizens_db.non_baliwag_members_info' doesn't exist
#0 /Applications/MAMP/htdocs/baliwag/blink/vendor/codeigniter4/framework/system/Database/MySQLi/Connection.php(292): mysqli->query('SELECT COUNT(*)...', 0)
#1 /Applications/MAMP/htdocs/baliwag/blink/vendor/codeigniter4/framework/system/Database/BaseConnection.php(670): CodeIgniter\Database\MySQLi\Connection->execute('SELECT COUNT(*)...')
#2 /Applications/MAMP/htdocs/baliwag/blink/vendor/codeigniter4/framework/system/Database/BaseConnection.php(598): CodeIgniter\Database\BaseConnection->simpleQuery('SELECT COUNT(*)...')
#3 /Applications/MAMP/htdocs/baliwag/blink/vendor/codeigniter4/framework/system/Database/BaseBuilder.php(1539): CodeIgniter\Database\BaseConnection->query('SELECT COUNT(*)...', Array, false)
#4 /Applications/MAMP/htdocs/baliwag/blink/vendor/hermawan/codeigniter4-datatables/src/DataTableQuery.php(53): CodeIgniter\Database\BaseBuilder->countAllResults()
#5 /Applications/MAMP/htdocs/baliwag/blink/vendor/hermawan/codeigniter4-datatables/src/DataTable.php(174): Hermawan\DataTables\DataTableQuery->countAll()
#6 /Applications/MAMP/htdocs/baliwag/blink/app/Controllers/Bhims/Household.php(186): Hermawan\DataTables\DataTable->toJson(true)
#7 /Applications/MAMP/htdocs/baliwag/blink/vendor/codeigniter4/framework/system/CodeIgniter.php(832): App\Controllers\Bhims\Household->nonBaliwagMembersDataTable('0')
#8 /Applications/MAMP/htdocs/baliwag/blink/vendor/codeigniter4/framework/system/CodeIgniter.php(419): CodeIgniter\CodeIgniter->runController(Object(App\Controllers\Bhims\Household))
#9 /Applications/MAMP/htdocs/baliwag/blink/vendor/codeigniter4/framework/system/CodeIgniter.php(326): CodeIgniter\CodeIgniter->handleRequest(NULL, Object(Config\Cache), false)
#10 /Applications/MAMP/htdocs/baliwag/blink/index.php(38): CodeIgniter\CodeIgniter->run()
#11 {main}
CRITICAL - 2023-12-12 12:00:02 --> Undefined variable: total_barangay_members
#0 /Applications/MAMP/htdocs/baliwag/blink/app/Views/bhims/dashboards/household.php(103): CodeIgniter\Debug\Exceptions->errorHandler(8, 'Undefined varia...', '/Applications/M...', 103, Array)
#1 /Applications/MAMP/htdocs/baliwag/blink/vendor/codeigniter4/framework/system/View/View.php(210): include('/Applications/M...')
#2 /Applications/MAMP/htdocs/baliwag/blink/vendor/codeigniter4/framework/system/View/View.php(213): CodeIgniter\View\View->CodeIgniter\View\{closure}()
#3 /Applications/MAMP/htdocs/baliwag/blink/vendor/codeigniter4/framework/system/Common.php(1089): CodeIgniter\View\View->render('bhims/dashboard...', Array, true)
#4 /Applications/MAMP/htdocs/baliwag/blink/app/Controllers/Bhims/Household.php(25): view('bhims/dashboard...', Array)
#5 /Applications/MAMP/htdocs/baliwag/blink/vendor/codeigniter4/framework/system/CodeIgniter.php(832): App\Controllers\Bhims\Household->index()
#6 /Applications/MAMP/htdocs/baliwag/blink/vendor/codeigniter4/framework/system/CodeIgniter.php(419): CodeIgniter\CodeIgniter->runController(Object(App\Controllers\Bhims\Household))
#7 /Applications/MAMP/htdocs/baliwag/blink/vendor/codeigniter4/framework/system/CodeIgniter.php(326): CodeIgniter\CodeIgniter->handleRequest(NULL, Object(Config\Cache), false)
#8 /Applications/MAMP/htdocs/baliwag/blink/index.php(38): CodeIgniter\CodeIgniter->run()
#9 {main}
ERROR - 2023-12-12 12:00:05 --> Table 'baliwagc_citizens_db.non_baliwag_members_info' doesn't exist
CRITICAL - 2023-12-12 12:00:05 --> Table 'baliwagc_citizens_db.non_baliwag_members_info' doesn't exist
#0 /Applications/MAMP/htdocs/baliwag/blink/vendor/codeigniter4/framework/system/Database/MySQLi/Connection.php(292): mysqli->query('SELECT COUNT(*)...', 0)
#1 /Applications/MAMP/htdocs/baliwag/blink/vendor/codeigniter4/framework/system/Database/BaseConnection.php(670): CodeIgniter\Database\MySQLi\Connection->execute('SELECT COUNT(*)...')
#2 /Applications/MAMP/htdocs/baliwag/blink/vendor/codeigniter4/framework/system/Database/BaseConnection.php(598): CodeIgniter\Database\BaseConnection->simpleQuery('SELECT COUNT(*)...')
#3 /Applications/MAMP/htdocs/baliwag/blink/vendor/codeigniter4/framework/system/Database/BaseBuilder.php(1539): CodeIgniter\Database\BaseConnection->query('SELECT COUNT(*)...', Array, false)
#4 /Applications/MAMP/htdocs/baliwag/blink/vendor/hermawan/codeigniter4-datatables/src/DataTableQuery.php(53): CodeIgniter\Database\BaseBuilder->countAllResults()
#5 /Applications/MAMP/htdocs/baliwag/blink/vendor/hermawan/codeigniter4-datatables/src/DataTable.php(174): Hermawan\DataTables\DataTableQuery->countAll()
#6 /Applications/MAMP/htdocs/baliwag/blink/app/Controllers/Bhims/Household.php(186): Hermawan\DataTables\DataTable->toJson(true)
#7 /Applications/MAMP/htdocs/baliwag/blink/vendor/codeigniter4/framework/system/CodeIgniter.php(832): App\Controllers\Bhims\Household->nonBaliwagMembersDataTable('0')
#8 /Applications/MAMP/htdocs/baliwag/blink/vendor/codeigniter4/framework/system/CodeIgniter.php(419): CodeIgniter\CodeIgniter->runController(Object(App\Controllers\Bhims\Household))
#9 /Applications/MAMP/htdocs/baliwag/blink/vendor/codeigniter4/framework/system/CodeIgniter.php(326): CodeIgniter\CodeIgniter->handleRequest(NULL, Object(Config\Cache), false)
#10 /Applications/MAMP/htdocs/baliwag/blink/index.php(38): CodeIgniter\CodeIgniter->run()
#11 {main}
