CRITICAL - 2022-10-04 22:11:40 --> Undefined property: stdClass::$application_id
#0 /Applications/MAMP/htdocs/projects/myapplink/app/Controllers/Admin.php(55): CodeIgniter\Debug\Exceptions->errorHandler(2, 'Undefined prope...', '/Applications/M...', 55)
#1 /Applications/MAMP/htdocs/projects/myapplink/vendor/hermawan/codeigniter4-datatables/src/DataTableQuery.php(91): App\Controllers\Admin->App\Controllers\{closure}(Object(stdClass))
#2 /Applications/MAMP/htdocs/projects/myapplink/vendor/hermawan/codeigniter4-datatables/src/DataTable.php(176): Hermawan\DataTables\DataTableQuery->getDataResult()
#3 /Applications/MAMP/htdocs/projects/myapplink/app/Controllers/Admin.php(60): Hermawan\DataTables\DataTable->toJson(true)
#4 /Applications/MAMP/htdocs/projects/myapplink/vendor/codeigniter4/framework/system/CodeIgniter.php(832): App\Controllers\Admin->getApplications()
#5 /Applications/MAMP/htdocs/projects/myapplink/vendor/codeigniter4/framework/system/CodeIgniter.php(419): CodeIgniter\CodeIgniter->runController(Object(App\Controllers\Admin))
#6 /Applications/MAMP/htdocs/projects/myapplink/vendor/codeigniter4/framework/system/CodeIgniter.php(326): CodeIgniter\CodeIgniter->handleRequest(NULL, Object(Config\Cache), false)
#7 /Applications/MAMP/htdocs/projects/myapplink/index.php(38): CodeIgniter\CodeIgniter->run()
#8 {main}
ERROR - 2022-10-04 22:12:09 --> Unknown column 'application.application_id' in 'field list'
CRITICAL - 2022-10-04 22:12:09 --> Unknown column 'application.application_id' in 'field list'
#0 /Applications/MAMP/htdocs/projects/myapplink/vendor/codeigniter4/framework/system/Database/MySQLi/Connection.php(292): mysqli->query('SELECT `users`....', 0)
#1 /Applications/MAMP/htdocs/projects/myapplink/vendor/codeigniter4/framework/system/Database/BaseConnection.php(670): CodeIgniter\Database\MySQLi\Connection->execute('SELECT `users`....')
#2 /Applications/MAMP/htdocs/projects/myapplink/vendor/codeigniter4/framework/system/Database/BaseConnection.php(598): CodeIgniter\Database\BaseConnection->simpleQuery('SELECT `users`....')
#3 /Applications/MAMP/htdocs/projects/myapplink/vendor/codeigniter4/framework/system/Database/BaseBuilder.php(1455): CodeIgniter\Database\BaseConnection->query('SELECT `users`....', Array, false)
#4 /Applications/MAMP/htdocs/projects/myapplink/vendor/hermawan/codeigniter4-datatables/src/DataTableQuery.php(219): CodeIgniter\Database\BaseBuilder->get()
#5 /Applications/MAMP/htdocs/projects/myapplink/vendor/hermawan/codeigniter4-datatables/src/DataTableQuery.php(70): Hermawan\DataTables\DataTableQuery->queryResult()
#6 /Applications/MAMP/htdocs/projects/myapplink/vendor/hermawan/codeigniter4-datatables/src/DataTable.php(176): Hermawan\DataTables\DataTableQuery->getDataResult()
#7 /Applications/MAMP/htdocs/projects/myapplink/app/Controllers/Admin.php(60): Hermawan\DataTables\DataTable->toJson(true)
#8 /Applications/MAMP/htdocs/projects/myapplink/vendor/codeigniter4/framework/system/CodeIgniter.php(832): App\Controllers\Admin->getApplications()
#9 /Applications/MAMP/htdocs/projects/myapplink/vendor/codeigniter4/framework/system/CodeIgniter.php(419): CodeIgniter\CodeIgniter->runController(Object(App\Controllers\Admin))
#10 /Applications/MAMP/htdocs/projects/myapplink/vendor/codeigniter4/framework/system/CodeIgniter.php(326): CodeIgniter\CodeIgniter->handleRequest(NULL, Object(Config\Cache), false)
#11 /Applications/MAMP/htdocs/projects/myapplink/index.php(38): CodeIgniter\CodeIgniter->run()
#12 {main}
CRITICAL - 2022-10-04 22:15:25 --> Attempt to read property "application_id" on array
#0 /Applications/MAMP/htdocs/projects/myapplink/app/Views/admin/documentDetails.php(32): CodeIgniter\Debug\Exceptions->errorHandler(2, 'Attempt to read...', '/Applications/M...', 32)
#1 /Applications/MAMP/htdocs/projects/myapplink/vendor/codeigniter4/framework/system/View/View.php(210): include('/Applications/M...')
#2 /Applications/MAMP/htdocs/projects/myapplink/vendor/codeigniter4/framework/system/View/View.php(213): CodeIgniter\View\View->CodeIgniter\View\{closure}()
#3 /Applications/MAMP/htdocs/projects/myapplink/vendor/codeigniter4/framework/system/Common.php(1089): CodeIgniter\View\View->render('admin/documentD...', Array, true)
#4 /Applications/MAMP/htdocs/projects/myapplink/app/Controllers/Admin.php(195): view('admin/documentD...', Array)
#5 /Applications/MAMP/htdocs/projects/myapplink/vendor/codeigniter4/framework/system/CodeIgniter.php(832): App\Controllers\Admin->documentDetails('1')
#6 /Applications/MAMP/htdocs/projects/myapplink/vendor/codeigniter4/framework/system/CodeIgniter.php(419): CodeIgniter\CodeIgniter->runController(Object(App\Controllers\Admin))
#7 /Applications/MAMP/htdocs/projects/myapplink/vendor/codeigniter4/framework/system/CodeIgniter.php(326): CodeIgniter\CodeIgniter->handleRequest(NULL, Object(Config\Cache), false)
#8 /Applications/MAMP/htdocs/projects/myapplink/index.php(38): CodeIgniter\CodeIgniter->run()
#9 {main}
CRITICAL - 2022-10-04 22:15:36 --> Undefined array key "application_id"
#0 /Applications/MAMP/htdocs/projects/myapplink/app/Views/admin/documentDetails.php(32): CodeIgniter\Debug\Exceptions->errorHandler(2, 'Undefined array...', '/Applications/M...', 32)
#1 /Applications/MAMP/htdocs/projects/myapplink/vendor/codeigniter4/framework/system/View/View.php(210): include('/Applications/M...')
#2 /Applications/MAMP/htdocs/projects/myapplink/vendor/codeigniter4/framework/system/View/View.php(213): CodeIgniter\View\View->CodeIgniter\View\{closure}()
#3 /Applications/MAMP/htdocs/projects/myapplink/vendor/codeigniter4/framework/system/Common.php(1089): CodeIgniter\View\View->render('admin/documentD...', Array, true)
#4 /Applications/MAMP/htdocs/projects/myapplink/app/Controllers/Admin.php(195): view('admin/documentD...', Array)
#5 /Applications/MAMP/htdocs/projects/myapplink/vendor/codeigniter4/framework/system/CodeIgniter.php(832): App\Controllers\Admin->documentDetails('1')
#6 /Applications/MAMP/htdocs/projects/myapplink/vendor/codeigniter4/framework/system/CodeIgniter.php(419): CodeIgniter\CodeIgniter->runController(Object(App\Controllers\Admin))
#7 /Applications/MAMP/htdocs/projects/myapplink/vendor/codeigniter4/framework/system/CodeIgniter.php(326): CodeIgniter\CodeIgniter->handleRequest(NULL, Object(Config\Cache), false)
#8 /Applications/MAMP/htdocs/projects/myapplink/index.php(38): CodeIgniter\CodeIgniter->run()
#9 {main}
CRITICAL - 2022-10-04 22:31:03 --> Undefined variable $applicationPackages
#0 /Applications/MAMP/htdocs/projects/myapplink/app/Views/admin/documentDetails.php(596): CodeIgniter\Debug\Exceptions->errorHandler(2, 'Undefined varia...', '/Applications/M...', 596)
#1 /Applications/MAMP/htdocs/projects/myapplink/vendor/codeigniter4/framework/system/View/View.php(210): include('/Applications/M...')
#2 /Applications/MAMP/htdocs/projects/myapplink/vendor/codeigniter4/framework/system/View/View.php(213): CodeIgniter\View\View->CodeIgniter\View\{closure}()
#3 /Applications/MAMP/htdocs/projects/myapplink/vendor/codeigniter4/framework/system/Common.php(1089): CodeIgniter\View\View->render('admin/documentD...', Array, true)
#4 /Applications/MAMP/htdocs/projects/myapplink/app/Controllers/Admin.php(195): view('admin/documentD...', Array)
#5 /Applications/MAMP/htdocs/projects/myapplink/vendor/codeigniter4/framework/system/CodeIgniter.php(832): App\Controllers\Admin->documentDetails('1')
#6 /Applications/MAMP/htdocs/projects/myapplink/vendor/codeigniter4/framework/system/CodeIgniter.php(419): CodeIgniter\CodeIgniter->runController(Object(App\Controllers\Admin))
#7 /Applications/MAMP/htdocs/projects/myapplink/vendor/codeigniter4/framework/system/CodeIgniter.php(326): CodeIgniter\CodeIgniter->handleRequest(NULL, Object(Config\Cache), false)
#8 /Applications/MAMP/htdocs/projects/myapplink/index.php(38): CodeIgniter\CodeIgniter->run()
#9 {main}
