CRITICAL - 2024-02-07 11:35:59 --> Class "App\Models\LogsModel" not found
#0 /Applications/MAMP/htdocs/baliwag/hris/vendor/codeigniter4/framework/system/CodeIgniter.php(832): Myth\Auth\Controllers\AuthController->login()
#1 /Applications/MAMP/htdocs/baliwag/hris/vendor/codeigniter4/framework/system/CodeIgniter.php(419): CodeIgniter\CodeIgniter->runController(Object(Myth\Auth\Controllers\AuthController))
#2 /Applications/MAMP/htdocs/baliwag/hris/vendor/codeigniter4/framework/system/CodeIgniter.php(326): CodeIgniter\CodeIgniter->handleRequest(NULL, Object(Config\Cache), false)
#3 /Applications/MAMP/htdocs/baliwag/hris/index.php(38): CodeIgniter\CodeIgniter->run()
#4 {main}
CRITICAL - 2024-02-07 13:47:19 --> Trying to access array offset on value of type bool
#0 /Applications/MAMP/htdocs/baliwag/hris/app/Libraries/TemplateLib.php(40): CodeIgniter\Debug\Exceptions->errorHandler(2, 'Trying to acces...', '/Applications/M...', 40)
#1 /Applications/MAMP/htdocs/baliwag/hris/app/Controllers/Dashboard.php(14): App\Libraries\TemplateLib::userInformation('1')
#2 /Applications/MAMP/htdocs/baliwag/hris/vendor/codeigniter4/framework/system/CodeIgniter.php(809): App\Controllers\Dashboard->__construct()
#3 /Applications/MAMP/htdocs/baliwag/hris/vendor/codeigniter4/framework/system/CodeIgniter.php(410): CodeIgniter\CodeIgniter->createController()
#4 /Applications/MAMP/htdocs/baliwag/hris/vendor/codeigniter4/framework/system/CodeIgniter.php(326): CodeIgniter\CodeIgniter->handleRequest(NULL, Object(Config\Cache), false)
#5 /Applications/MAMP/htdocs/baliwag/hris/index.php(38): CodeIgniter\CodeIgniter->run()
#6 {main}
CRITICAL - 2024-02-07 13:51:06 --> Call to undefined method App\Models\MasterModel::userInformation()
#0 /Applications/MAMP/htdocs/baliwag/hris/vendor/codeigniter4/framework/system/CodeIgniter.php(810): App\Controllers\BaseController->initController(Object(CodeIgniter\HTTP\IncomingRequest), Object(CodeIgniter\HTTP\Response), Object(CodeIgniter\Log\Logger))
#1 /Applications/MAMP/htdocs/baliwag/hris/vendor/codeigniter4/framework/system/CodeIgniter.php(410): CodeIgniter\CodeIgniter->createController()
#2 /Applications/MAMP/htdocs/baliwag/hris/vendor/codeigniter4/framework/system/CodeIgniter.php(326): CodeIgniter\CodeIgniter->handleRequest(NULL, Object(Config\Cache), false)
#3 /Applications/MAMP/htdocs/baliwag/hris/index.php(38): CodeIgniter\CodeIgniter->run()
#4 {main}
CRITICAL - 2024-02-07 13:51:25 --> Undefined property: App\Controllers\Dashboard::$userInformation
#0 /Applications/MAMP/htdocs/baliwag/hris/app/Controllers/BaseController.php(66): CodeIgniter\Debug\Exceptions->errorHandler(2, 'Undefined prope...', '/Applications/M...', 66)
#1 /Applications/MAMP/htdocs/baliwag/hris/vendor/codeigniter4/framework/system/CodeIgniter.php(810): App\Controllers\BaseController->initController(Object(CodeIgniter\HTTP\IncomingRequest), Object(CodeIgniter\HTTP\Response), Object(CodeIgniter\Log\Logger))
#2 /Applications/MAMP/htdocs/baliwag/hris/vendor/codeigniter4/framework/system/CodeIgniter.php(410): CodeIgniter\CodeIgniter->createController()
#3 /Applications/MAMP/htdocs/baliwag/hris/vendor/codeigniter4/framework/system/CodeIgniter.php(326): CodeIgniter\CodeIgniter->handleRequest(NULL, Object(Config\Cache), false)
#4 /Applications/MAMP/htdocs/baliwag/hris/index.php(38): CodeIgniter\CodeIgniter->run()
#5 {main}
CRITICAL - 2024-02-07 13:51:37 --> Undefined property: App\Controllers\Dashboard::$userInformation
#0 /Applications/MAMP/htdocs/baliwag/hris/app/Controllers/BaseController.php(66): CodeIgniter\Debug\Exceptions->errorHandler(2, 'Undefined prope...', '/Applications/M...', 66)
#1 /Applications/MAMP/htdocs/baliwag/hris/vendor/codeigniter4/framework/system/CodeIgniter.php(810): App\Controllers\BaseController->initController(Object(CodeIgniter\HTTP\IncomingRequest), Object(CodeIgniter\HTTP\Response), Object(CodeIgniter\Log\Logger))
#2 /Applications/MAMP/htdocs/baliwag/hris/vendor/codeigniter4/framework/system/CodeIgniter.php(410): CodeIgniter\CodeIgniter->createController()
#3 /Applications/MAMP/htdocs/baliwag/hris/vendor/codeigniter4/framework/system/CodeIgniter.php(326): CodeIgniter\CodeIgniter->handleRequest(NULL, Object(Config\Cache), false)
#4 /Applications/MAMP/htdocs/baliwag/hris/index.php(38): CodeIgniter\CodeIgniter->run()
#5 {main}
CRITICAL - 2024-02-07 13:51:38 --> Undefined property: App\Controllers\Dashboard::$userInformation
#0 /Applications/MAMP/htdocs/baliwag/hris/app/Controllers/BaseController.php(66): CodeIgniter\Debug\Exceptions->errorHandler(2, 'Undefined prope...', '/Applications/M...', 66)
#1 /Applications/MAMP/htdocs/baliwag/hris/vendor/codeigniter4/framework/system/CodeIgniter.php(810): App\Controllers\BaseController->initController(Object(CodeIgniter\HTTP\IncomingRequest), Object(CodeIgniter\HTTP\Response), Object(CodeIgniter\Log\Logger))
#2 /Applications/MAMP/htdocs/baliwag/hris/vendor/codeigniter4/framework/system/CodeIgniter.php(410): CodeIgniter\CodeIgniter->createController()
#3 /Applications/MAMP/htdocs/baliwag/hris/vendor/codeigniter4/framework/system/CodeIgniter.php(326): CodeIgniter\CodeIgniter->handleRequest(NULL, Object(Config\Cache), false)
#4 /Applications/MAMP/htdocs/baliwag/hris/index.php(38): CodeIgniter\CodeIgniter->run()
#5 {main}
CRITICAL - 2024-02-07 13:51:53 --> Attempt to read property "firstname" on string
#0 /Applications/MAMP/htdocs/baliwag/hris/app/Controllers/Dashboard.php(23): CodeIgniter\Debug\Exceptions->errorHandler(2, 'Attempt to read...', '/Applications/M...', 23)
#1 /Applications/MAMP/htdocs/baliwag/hris/vendor/codeigniter4/framework/system/CodeIgniter.php(832): App\Controllers\Dashboard->index()
#2 /Applications/MAMP/htdocs/baliwag/hris/vendor/codeigniter4/framework/system/CodeIgniter.php(419): CodeIgniter\CodeIgniter->runController(Object(App\Controllers\Dashboard))
#3 /Applications/MAMP/htdocs/baliwag/hris/vendor/codeigniter4/framework/system/CodeIgniter.php(326): CodeIgniter\CodeIgniter->handleRequest(NULL, Object(Config\Cache), false)
#4 /Applications/MAMP/htdocs/baliwag/hris/index.php(38): CodeIgniter\CodeIgniter->run()
#5 {main}
CRITICAL - 2024-02-07 13:52:07 --> Attempt to read property "role" on string
#0 /Applications/MAMP/htdocs/baliwag/hris/app/Controllers/Dashboard.php(26): CodeIgniter\Debug\Exceptions->errorHandler(2, 'Attempt to read...', '/Applications/M...', 26)
#1 /Applications/MAMP/htdocs/baliwag/hris/vendor/codeigniter4/framework/system/CodeIgniter.php(832): App\Controllers\Dashboard->index()
#2 /Applications/MAMP/htdocs/baliwag/hris/vendor/codeigniter4/framework/system/CodeIgniter.php(419): CodeIgniter\CodeIgniter->runController(Object(App\Controllers\Dashboard))
#3 /Applications/MAMP/htdocs/baliwag/hris/vendor/codeigniter4/framework/system/CodeIgniter.php(326): CodeIgniter\CodeIgniter->handleRequest(NULL, Object(Config\Cache), false)
#4 /Applications/MAMP/htdocs/baliwag/hris/index.php(38): CodeIgniter\CodeIgniter->run()
#5 {main}
CRITICAL - 2024-02-07 13:53:14 --> Non-static method App\Models\MasterModel::get() cannot be called statically
#0 /Applications/MAMP/htdocs/baliwag/hris/vendor/codeigniter4/framework/system/CodeIgniter.php(810): App\Controllers\BaseController->initController(Object(CodeIgniter\HTTP\IncomingRequest), Object(CodeIgniter\HTTP\Response), Object(CodeIgniter\Log\Logger))
#1 /Applications/MAMP/htdocs/baliwag/hris/vendor/codeigniter4/framework/system/CodeIgniter.php(410): CodeIgniter\CodeIgniter->createController()
#2 /Applications/MAMP/htdocs/baliwag/hris/vendor/codeigniter4/framework/system/CodeIgniter.php(326): CodeIgniter\CodeIgniter->handleRequest(NULL, Object(Config\Cache), false)
#3 /Applications/MAMP/htdocs/baliwag/hris/index.php(38): CodeIgniter\CodeIgniter->run()
#4 {main}
CRITICAL - 2024-02-07 13:53:26 --> Attempt to read property "role" on array
#0 /Applications/MAMP/htdocs/baliwag/hris/app/Controllers/Dashboard.php(26): CodeIgniter\Debug\Exceptions->errorHandler(2, 'Attempt to read...', '/Applications/M...', 26)
#1 /Applications/MAMP/htdocs/baliwag/hris/vendor/codeigniter4/framework/system/CodeIgniter.php(832): App\Controllers\Dashboard->index()
#2 /Applications/MAMP/htdocs/baliwag/hris/vendor/codeigniter4/framework/system/CodeIgniter.php(419): CodeIgniter\CodeIgniter->runController(Object(App\Controllers\Dashboard))
#3 /Applications/MAMP/htdocs/baliwag/hris/vendor/codeigniter4/framework/system/CodeIgniter.php(326): CodeIgniter\CodeIgniter->handleRequest(NULL, Object(Config\Cache), false)
#4 /Applications/MAMP/htdocs/baliwag/hris/index.php(38): CodeIgniter\CodeIgniter->run()
#5 {main}
CRITICAL - 2024-02-07 13:56:11 --> Undefined variable $view_data
#0 /Applications/MAMP/htdocs/baliwag/hris/app/Controllers/Dashboard.php(23): CodeIgniter\Debug\Exceptions->errorHandler(2, 'Undefined varia...', '/Applications/M...', 23)
#1 /Applications/MAMP/htdocs/baliwag/hris/vendor/codeigniter4/framework/system/CodeIgniter.php(832): App\Controllers\Dashboard->index()
#2 /Applications/MAMP/htdocs/baliwag/hris/vendor/codeigniter4/framework/system/CodeIgniter.php(419): CodeIgniter\CodeIgniter->runController(Object(App\Controllers\Dashboard))
#3 /Applications/MAMP/htdocs/baliwag/hris/vendor/codeigniter4/framework/system/CodeIgniter.php(326): CodeIgniter\CodeIgniter->handleRequest(NULL, Object(Config\Cache), false)
#4 /Applications/MAMP/htdocs/baliwag/hris/index.php(38): CodeIgniter\CodeIgniter->run()
#5 {main}
CRITICAL - 2024-02-07 13:56:35 --> Invalid file: dashboards/sysAdmin.php
#0 /Applications/MAMP/htdocs/baliwag/hris/vendor/codeigniter4/framework/system/View/View.php(198): CodeIgniter\Exceptions\FrameworkException::forInvalidFile('dashboards/sysA...')
#1 /Applications/MAMP/htdocs/baliwag/hris/vendor/codeigniter4/framework/system/Common.php(1089): CodeIgniter\View\View->render('dashboards/sysA...', Array, true)
#2 /Applications/MAMP/htdocs/baliwag/hris/app/Controllers/Dashboard.php(24): view('dashboards/sysA...', Array)
#3 /Applications/MAMP/htdocs/baliwag/hris/vendor/codeigniter4/framework/system/CodeIgniter.php(832): App\Controllers\Dashboard->index()
#4 /Applications/MAMP/htdocs/baliwag/hris/vendor/codeigniter4/framework/system/CodeIgniter.php(419): CodeIgniter\CodeIgniter->runController(Object(App\Controllers\Dashboard))
#5 /Applications/MAMP/htdocs/baliwag/hris/vendor/codeigniter4/framework/system/CodeIgniter.php(326): CodeIgniter\CodeIgniter->handleRequest(NULL, Object(Config\Cache), false)
#6 /Applications/MAMP/htdocs/baliwag/hris/index.php(38): CodeIgniter\CodeIgniter->run()
#7 {main}
CRITICAL - 2024-02-07 13:57:13 --> Invalid file: dashboards/sysAdmin.php
#0 /Applications/MAMP/htdocs/baliwag/hris/vendor/codeigniter4/framework/system/View/View.php(198): CodeIgniter\Exceptions\FrameworkException::forInvalidFile('dashboards/sysA...')
#1 /Applications/MAMP/htdocs/baliwag/hris/vendor/codeigniter4/framework/system/Common.php(1089): CodeIgniter\View\View->render('dashboards/sysA...', Array, true)
#2 /Applications/MAMP/htdocs/baliwag/hris/app/Controllers/Dashboard.php(24): view('dashboards/sysA...', Array)
#3 /Applications/MAMP/htdocs/baliwag/hris/vendor/codeigniter4/framework/system/CodeIgniter.php(832): App\Controllers\Dashboard->index()
#4 /Applications/MAMP/htdocs/baliwag/hris/vendor/codeigniter4/framework/system/CodeIgniter.php(419): CodeIgniter\CodeIgniter->runController(Object(App\Controllers\Dashboard))
#5 /Applications/MAMP/htdocs/baliwag/hris/vendor/codeigniter4/framework/system/CodeIgniter.php(326): CodeIgniter\CodeIgniter->handleRequest(NULL, Object(Config\Cache), false)
#6 /Applications/MAMP/htdocs/baliwag/hris/index.php(38): CodeIgniter\CodeIgniter->run()
#7 {main}
CRITICAL - 2024-02-07 13:57:14 --> Invalid file: dashboards/sysAdmin.php
#0 /Applications/MAMP/htdocs/baliwag/hris/vendor/codeigniter4/framework/system/View/View.php(198): CodeIgniter\Exceptions\FrameworkException::forInvalidFile('dashboards/sysA...')
#1 /Applications/MAMP/htdocs/baliwag/hris/vendor/codeigniter4/framework/system/Common.php(1089): CodeIgniter\View\View->render('dashboards/sysA...', Array, true)
#2 /Applications/MAMP/htdocs/baliwag/hris/app/Controllers/Dashboard.php(24): view('dashboards/sysA...', Array)
#3 /Applications/MAMP/htdocs/baliwag/hris/vendor/codeigniter4/framework/system/CodeIgniter.php(832): App\Controllers\Dashboard->index()
#4 /Applications/MAMP/htdocs/baliwag/hris/vendor/codeigniter4/framework/system/CodeIgniter.php(419): CodeIgniter\CodeIgniter->runController(Object(App\Controllers\Dashboard))
#5 /Applications/MAMP/htdocs/baliwag/hris/vendor/codeigniter4/framework/system/CodeIgniter.php(326): CodeIgniter\CodeIgniter->handleRequest(NULL, Object(Config\Cache), false)
#6 /Applications/MAMP/htdocs/baliwag/hris/index.php(38): CodeIgniter\CodeIgniter->run()
#7 {main}
CRITICAL - 2024-02-07 13:57:22 --> Attempt to read property "user_photo" on array
#0 /Applications/MAMP/htdocs/baliwag/hris/app/Views/partials/header.php(209): CodeIgniter\Debug\Exceptions->errorHandler(2, 'Attempt to read...', '/Applications/M...', 209)
#1 /Applications/MAMP/htdocs/baliwag/hris/vendor/codeigniter4/framework/system/View/View.php(210): include('/Applications/M...')
#2 /Applications/MAMP/htdocs/baliwag/hris/vendor/codeigniter4/framework/system/View/View.php(213): CodeIgniter\View\View->CodeIgniter\View\{closure}()
#3 /Applications/MAMP/htdocs/baliwag/hris/vendor/codeigniter4/framework/system/View/View.php(424): CodeIgniter\View\View->render('partials/header', NULL, true)
#4 /Applications/MAMP/htdocs/baliwag/hris/app/Views/layouts/main.php(62): CodeIgniter\View\View->include('partials/header')
#5 /Applications/MAMP/htdocs/baliwag/hris/vendor/codeigniter4/framework/system/View/View.php(210): include('/Applications/M...')
#6 /Applications/MAMP/htdocs/baliwag/hris/vendor/codeigniter4/framework/system/View/View.php(213): CodeIgniter\View\View->CodeIgniter\View\{closure}()
#7 /Applications/MAMP/htdocs/baliwag/hris/vendor/codeigniter4/framework/system/View/View.php(226): CodeIgniter\View\View->render('layouts/main', Array, true)
#8 /Applications/MAMP/htdocs/baliwag/hris/vendor/codeigniter4/framework/system/Common.php(1089): CodeIgniter\View\View->render('dashboards/syst...', Array, true)
#9 /Applications/MAMP/htdocs/baliwag/hris/app/Controllers/Dashboard.php(24): view('dashboards/syst...', Array)
#10 /Applications/MAMP/htdocs/baliwag/hris/vendor/codeigniter4/framework/system/CodeIgniter.php(832): App\Controllers\Dashboard->index()
#11 /Applications/MAMP/htdocs/baliwag/hris/vendor/codeigniter4/framework/system/CodeIgniter.php(419): CodeIgniter\CodeIgniter->runController(Object(App\Controllers\Dashboard))
#12 /Applications/MAMP/htdocs/baliwag/hris/vendor/codeigniter4/framework/system/CodeIgniter.php(326): CodeIgniter\CodeIgniter->handleRequest(NULL, Object(Config\Cache), false)
#13 /Applications/MAMP/htdocs/baliwag/hris/index.php(38): CodeIgniter\CodeIgniter->run()
#14 {main}
CRITICAL - 2024-02-07 13:57:51 --> Attempt to read property "user_photo" on array
#0 /Applications/MAMP/htdocs/baliwag/hris/app/Views/partials/header.php(209): CodeIgniter\Debug\Exceptions->errorHandler(2, 'Attempt to read...', '/Applications/M...', 209)
#1 /Applications/MAMP/htdocs/baliwag/hris/vendor/codeigniter4/framework/system/View/View.php(210): include('/Applications/M...')
#2 /Applications/MAMP/htdocs/baliwag/hris/vendor/codeigniter4/framework/system/View/View.php(213): CodeIgniter\View\View->CodeIgniter\View\{closure}()
#3 /Applications/MAMP/htdocs/baliwag/hris/vendor/codeigniter4/framework/system/View/View.php(424): CodeIgniter\View\View->render('partials/header', NULL, true)
#4 /Applications/MAMP/htdocs/baliwag/hris/app/Views/layouts/main.php(62): CodeIgniter\View\View->include('partials/header')
#5 /Applications/MAMP/htdocs/baliwag/hris/vendor/codeigniter4/framework/system/View/View.php(210): include('/Applications/M...')
#6 /Applications/MAMP/htdocs/baliwag/hris/vendor/codeigniter4/framework/system/View/View.php(213): CodeIgniter\View\View->CodeIgniter\View\{closure}()
#7 /Applications/MAMP/htdocs/baliwag/hris/vendor/codeigniter4/framework/system/View/View.php(226): CodeIgniter\View\View->render('layouts/main', Array, true)
#8 /Applications/MAMP/htdocs/baliwag/hris/vendor/codeigniter4/framework/system/Common.php(1089): CodeIgniter\View\View->render('dashboards/syst...', Array, true)
#9 /Applications/MAMP/htdocs/baliwag/hris/app/Controllers/Dashboard.php(24): view('dashboards/syst...', Array)
#10 /Applications/MAMP/htdocs/baliwag/hris/vendor/codeigniter4/framework/system/CodeIgniter.php(832): App\Controllers\Dashboard->index()
#11 /Applications/MAMP/htdocs/baliwag/hris/vendor/codeigniter4/framework/system/CodeIgniter.php(419): CodeIgniter\CodeIgniter->runController(Object(App\Controllers\Dashboard))
#12 /Applications/MAMP/htdocs/baliwag/hris/vendor/codeigniter4/framework/system/CodeIgniter.php(326): CodeIgniter\CodeIgniter->handleRequest(NULL, Object(Config\Cache), false)
#13 /Applications/MAMP/htdocs/baliwag/hris/index.php(38): CodeIgniter\CodeIgniter->run()
#14 {main}
CRITICAL - 2024-02-07 13:57:52 --> Attempt to read property "user_photo" on array
#0 /Applications/MAMP/htdocs/baliwag/hris/app/Views/partials/header.php(209): CodeIgniter\Debug\Exceptions->errorHandler(2, 'Attempt to read...', '/Applications/M...', 209)
#1 /Applications/MAMP/htdocs/baliwag/hris/vendor/codeigniter4/framework/system/View/View.php(210): include('/Applications/M...')
#2 /Applications/MAMP/htdocs/baliwag/hris/vendor/codeigniter4/framework/system/View/View.php(213): CodeIgniter\View\View->CodeIgniter\View\{closure}()
#3 /Applications/MAMP/htdocs/baliwag/hris/vendor/codeigniter4/framework/system/View/View.php(424): CodeIgniter\View\View->render('partials/header', NULL, true)
#4 /Applications/MAMP/htdocs/baliwag/hris/app/Views/layouts/main.php(62): CodeIgniter\View\View->include('partials/header')
#5 /Applications/MAMP/htdocs/baliwag/hris/vendor/codeigniter4/framework/system/View/View.php(210): include('/Applications/M...')
#6 /Applications/MAMP/htdocs/baliwag/hris/vendor/codeigniter4/framework/system/View/View.php(213): CodeIgniter\View\View->CodeIgniter\View\{closure}()
#7 /Applications/MAMP/htdocs/baliwag/hris/vendor/codeigniter4/framework/system/View/View.php(226): CodeIgniter\View\View->render('layouts/main', Array, true)
#8 /Applications/MAMP/htdocs/baliwag/hris/vendor/codeigniter4/framework/system/Common.php(1089): CodeIgniter\View\View->render('dashboards/syst...', Array, true)
#9 /Applications/MAMP/htdocs/baliwag/hris/app/Controllers/Dashboard.php(24): view('dashboards/syst...', Array)
#10 /Applications/MAMP/htdocs/baliwag/hris/vendor/codeigniter4/framework/system/CodeIgniter.php(832): App\Controllers\Dashboard->index()
#11 /Applications/MAMP/htdocs/baliwag/hris/vendor/codeigniter4/framework/system/CodeIgniter.php(419): CodeIgniter\CodeIgniter->runController(Object(App\Controllers\Dashboard))
#12 /Applications/MAMP/htdocs/baliwag/hris/vendor/codeigniter4/framework/system/CodeIgniter.php(326): CodeIgniter\CodeIgniter->handleRequest(NULL, Object(Config\Cache), false)
#13 /Applications/MAMP/htdocs/baliwag/hris/index.php(38): CodeIgniter\CodeIgniter->run()
#14 {main}
CRITICAL - 2024-02-07 13:58:56 --> Undefined property: stdClass::$email
#0 /Applications/MAMP/htdocs/baliwag/hris/app/Views/partials/header.php(228): CodeIgniter\Debug\Exceptions->errorHandler(2, 'Undefined prope...', '/Applications/M...', 228)
#1 /Applications/MAMP/htdocs/baliwag/hris/vendor/codeigniter4/framework/system/View/View.php(210): include('/Applications/M...')
#2 /Applications/MAMP/htdocs/baliwag/hris/vendor/codeigniter4/framework/system/View/View.php(213): CodeIgniter\View\View->CodeIgniter\View\{closure}()
#3 /Applications/MAMP/htdocs/baliwag/hris/vendor/codeigniter4/framework/system/View/View.php(424): CodeIgniter\View\View->render('partials/header', NULL, true)
#4 /Applications/MAMP/htdocs/baliwag/hris/app/Views/layouts/main.php(62): CodeIgniter\View\View->include('partials/header')
#5 /Applications/MAMP/htdocs/baliwag/hris/vendor/codeigniter4/framework/system/View/View.php(210): include('/Applications/M...')
#6 /Applications/MAMP/htdocs/baliwag/hris/vendor/codeigniter4/framework/system/View/View.php(213): CodeIgniter\View\View->CodeIgniter\View\{closure}()
#7 /Applications/MAMP/htdocs/baliwag/hris/vendor/codeigniter4/framework/system/View/View.php(226): CodeIgniter\View\View->render('layouts/main', Array, true)
#8 /Applications/MAMP/htdocs/baliwag/hris/vendor/codeigniter4/framework/system/Common.php(1089): CodeIgniter\View\View->render('dashboards/syst...', Array, true)
#9 /Applications/MAMP/htdocs/baliwag/hris/app/Controllers/Dashboard.php(24): view('dashboards/syst...', Array)
#10 /Applications/MAMP/htdocs/baliwag/hris/vendor/codeigniter4/framework/system/CodeIgniter.php(832): App\Controllers\Dashboard->index()
#11 /Applications/MAMP/htdocs/baliwag/hris/vendor/codeigniter4/framework/system/CodeIgniter.php(419): CodeIgniter\CodeIgniter->runController(Object(App\Controllers\Dashboard))
#12 /Applications/MAMP/htdocs/baliwag/hris/vendor/codeigniter4/framework/system/CodeIgniter.php(326): CodeIgniter\CodeIgniter->handleRequest(NULL, Object(Config\Cache), false)
#13 /Applications/MAMP/htdocs/baliwag/hris/index.php(38): CodeIgniter\CodeIgniter->run()
#14 {main}
CRITICAL - 2024-02-07 14:01:10 --> Constant expression contains invalid operations
#0 [internal function]: CodeIgniter\Debug\Exceptions->shutdownHandler()
#1 {main}
CRITICAL - 2024-02-07 14:01:17 --> Undefined property: stdClass::$department_name
#0 /Applications/MAMP/htdocs/baliwag/hris/app/Views/partials/header.php(308): CodeIgniter\Debug\Exceptions->errorHandler(2, 'Undefined prope...', '/Applications/M...', 308)
#1 /Applications/MAMP/htdocs/baliwag/hris/vendor/codeigniter4/framework/system/View/View.php(210): include('/Applications/M...')
#2 /Applications/MAMP/htdocs/baliwag/hris/vendor/codeigniter4/framework/system/View/View.php(213): CodeIgniter\View\View->CodeIgniter\View\{closure}()
#3 /Applications/MAMP/htdocs/baliwag/hris/vendor/codeigniter4/framework/system/View/View.php(424): CodeIgniter\View\View->render('partials/header', NULL, true)
#4 /Applications/MAMP/htdocs/baliwag/hris/app/Views/layouts/main.php(62): CodeIgniter\View\View->include('partials/header')
#5 /Applications/MAMP/htdocs/baliwag/hris/vendor/codeigniter4/framework/system/View/View.php(210): include('/Applications/M...')
#6 /Applications/MAMP/htdocs/baliwag/hris/vendor/codeigniter4/framework/system/View/View.php(213): CodeIgniter\View\View->CodeIgniter\View\{closure}()
#7 /Applications/MAMP/htdocs/baliwag/hris/vendor/codeigniter4/framework/system/View/View.php(226): CodeIgniter\View\View->render('layouts/main', Array, true)
#8 /Applications/MAMP/htdocs/baliwag/hris/vendor/codeigniter4/framework/system/Common.php(1089): CodeIgniter\View\View->render('dashboards/syst...', Array, true)
#9 /Applications/MAMP/htdocs/baliwag/hris/app/Controllers/Dashboard.php(24): view('dashboards/syst...', Array)
#10 /Applications/MAMP/htdocs/baliwag/hris/vendor/codeigniter4/framework/system/CodeIgniter.php(832): App\Controllers\Dashboard->index()
#11 /Applications/MAMP/htdocs/baliwag/hris/vendor/codeigniter4/framework/system/CodeIgniter.php(419): CodeIgniter\CodeIgniter->runController(Object(App\Controllers\Dashboard))
#12 /Applications/MAMP/htdocs/baliwag/hris/vendor/codeigniter4/framework/system/CodeIgniter.php(326): CodeIgniter\CodeIgniter->handleRequest(NULL, Object(Config\Cache), false)
#13 /Applications/MAMP/htdocs/baliwag/hris/index.php(38): CodeIgniter\CodeIgniter->run()
#14 {main}
CRITICAL - 2024-02-07 14:05:22 --> Undefined property: stdClass::$department_name
#0 /Applications/MAMP/htdocs/baliwag/hris/app/Views/partials/header.php(308): CodeIgniter\Debug\Exceptions->errorHandler(2, 'Undefined prope...', '/Applications/M...', 308)
#1 /Applications/MAMP/htdocs/baliwag/hris/vendor/codeigniter4/framework/system/View/View.php(210): include('/Applications/M...')
#2 /Applications/MAMP/htdocs/baliwag/hris/vendor/codeigniter4/framework/system/View/View.php(213): CodeIgniter\View\View->CodeIgniter\View\{closure}()
#3 /Applications/MAMP/htdocs/baliwag/hris/vendor/codeigniter4/framework/system/View/View.php(424): CodeIgniter\View\View->render('partials/header', NULL, true)
#4 /Applications/MAMP/htdocs/baliwag/hris/app/Views/layouts/main.php(62): CodeIgniter\View\View->include('partials/header')
#5 /Applications/MAMP/htdocs/baliwag/hris/vendor/codeigniter4/framework/system/View/View.php(210): include('/Applications/M...')
#6 /Applications/MAMP/htdocs/baliwag/hris/vendor/codeigniter4/framework/system/View/View.php(213): CodeIgniter\View\View->CodeIgniter\View\{closure}()
#7 /Applications/MAMP/htdocs/baliwag/hris/vendor/codeigniter4/framework/system/View/View.php(226): CodeIgniter\View\View->render('layouts/main', Array, true)
#8 /Applications/MAMP/htdocs/baliwag/hris/vendor/codeigniter4/framework/system/Common.php(1089): CodeIgniter\View\View->render('dashboards/syst...', Array, true)
#9 /Applications/MAMP/htdocs/baliwag/hris/app/Controllers/Dashboard.php(24): view('dashboards/syst...', Array)
#10 /Applications/MAMP/htdocs/baliwag/hris/vendor/codeigniter4/framework/system/CodeIgniter.php(832): App\Controllers\Dashboard->index()
#11 /Applications/MAMP/htdocs/baliwag/hris/vendor/codeigniter4/framework/system/CodeIgniter.php(419): CodeIgniter\CodeIgniter->runController(Object(App\Controllers\Dashboard))
#12 /Applications/MAMP/htdocs/baliwag/hris/vendor/codeigniter4/framework/system/CodeIgniter.php(326): CodeIgniter\CodeIgniter->handleRequest(NULL, Object(Config\Cache), false)
#13 /Applications/MAMP/htdocs/baliwag/hris/index.php(38): CodeIgniter\CodeIgniter->run()
#14 {main}
CRITICAL - 2024-02-07 14:05:23 --> Undefined property: stdClass::$department_name
#0 /Applications/MAMP/htdocs/baliwag/hris/app/Views/partials/header.php(308): CodeIgniter\Debug\Exceptions->errorHandler(2, 'Undefined prope...', '/Applications/M...', 308)
#1 /Applications/MAMP/htdocs/baliwag/hris/vendor/codeigniter4/framework/system/View/View.php(210): include('/Applications/M...')
#2 /Applications/MAMP/htdocs/baliwag/hris/vendor/codeigniter4/framework/system/View/View.php(213): CodeIgniter\View\View->CodeIgniter\View\{closure}()
#3 /Applications/MAMP/htdocs/baliwag/hris/vendor/codeigniter4/framework/system/View/View.php(424): CodeIgniter\View\View->render('partials/header', NULL, true)
#4 /Applications/MAMP/htdocs/baliwag/hris/app/Views/layouts/main.php(62): CodeIgniter\View\View->include('partials/header')
#5 /Applications/MAMP/htdocs/baliwag/hris/vendor/codeigniter4/framework/system/View/View.php(210): include('/Applications/M...')
#6 /Applications/MAMP/htdocs/baliwag/hris/vendor/codeigniter4/framework/system/View/View.php(213): CodeIgniter\View\View->CodeIgniter\View\{closure}()
#7 /Applications/MAMP/htdocs/baliwag/hris/vendor/codeigniter4/framework/system/View/View.php(226): CodeIgniter\View\View->render('layouts/main', Array, true)
#8 /Applications/MAMP/htdocs/baliwag/hris/vendor/codeigniter4/framework/system/Common.php(1089): CodeIgniter\View\View->render('dashboards/syst...', Array, true)
#9 /Applications/MAMP/htdocs/baliwag/hris/app/Controllers/Dashboard.php(24): view('dashboards/syst...', Array)
#10 /Applications/MAMP/htdocs/baliwag/hris/vendor/codeigniter4/framework/system/CodeIgniter.php(832): App\Controllers\Dashboard->index()
#11 /Applications/MAMP/htdocs/baliwag/hris/vendor/codeigniter4/framework/system/CodeIgniter.php(419): CodeIgniter\CodeIgniter->runController(Object(App\Controllers\Dashboard))
#12 /Applications/MAMP/htdocs/baliwag/hris/vendor/codeigniter4/framework/system/CodeIgniter.php(326): CodeIgniter\CodeIgniter->handleRequest(NULL, Object(Config\Cache), false)
#13 /Applications/MAMP/htdocs/baliwag/hris/index.php(38): CodeIgniter\CodeIgniter->run()
#14 {main}
CRITICAL - 2024-02-07 14:05:35 --> Undefined property: stdClass::$user_id
#0 /Applications/MAMP/htdocs/baliwag/hris/app/Views/partials/header.php(320): CodeIgniter\Debug\Exceptions->errorHandler(2, 'Undefined prope...', '/Applications/M...', 320)
#1 /Applications/MAMP/htdocs/baliwag/hris/vendor/codeigniter4/framework/system/View/View.php(210): include('/Applications/M...')
#2 /Applications/MAMP/htdocs/baliwag/hris/vendor/codeigniter4/framework/system/View/View.php(213): CodeIgniter\View\View->CodeIgniter\View\{closure}()
#3 /Applications/MAMP/htdocs/baliwag/hris/vendor/codeigniter4/framework/system/View/View.php(424): CodeIgniter\View\View->render('partials/header', NULL, true)
#4 /Applications/MAMP/htdocs/baliwag/hris/app/Views/layouts/main.php(62): CodeIgniter\View\View->include('partials/header')
#5 /Applications/MAMP/htdocs/baliwag/hris/vendor/codeigniter4/framework/system/View/View.php(210): include('/Applications/M...')
#6 /Applications/MAMP/htdocs/baliwag/hris/vendor/codeigniter4/framework/system/View/View.php(213): CodeIgniter\View\View->CodeIgniter\View\{closure}()
#7 /Applications/MAMP/htdocs/baliwag/hris/vendor/codeigniter4/framework/system/View/View.php(226): CodeIgniter\View\View->render('layouts/main', Array, true)
#8 /Applications/MAMP/htdocs/baliwag/hris/vendor/codeigniter4/framework/system/Common.php(1089): CodeIgniter\View\View->render('dashboards/syst...', Array, true)
#9 /Applications/MAMP/htdocs/baliwag/hris/app/Controllers/Dashboard.php(24): view('dashboards/syst...', Array)
#10 /Applications/MAMP/htdocs/baliwag/hris/vendor/codeigniter4/framework/system/CodeIgniter.php(832): App\Controllers\Dashboard->index()
#11 /Applications/MAMP/htdocs/baliwag/hris/vendor/codeigniter4/framework/system/CodeIgniter.php(419): CodeIgniter\CodeIgniter->runController(Object(App\Controllers\Dashboard))
#12 /Applications/MAMP/htdocs/baliwag/hris/vendor/codeigniter4/framework/system/CodeIgniter.php(326): CodeIgniter\CodeIgniter->handleRequest(NULL, Object(Config\Cache), false)
#13 /Applications/MAMP/htdocs/baliwag/hris/index.php(38): CodeIgniter\CodeIgniter->run()
#14 {main}
CRITICAL - 2024-02-07 14:05:42 --> Undefined property: stdClass::$username
#0 /Applications/MAMP/htdocs/baliwag/hris/app/Views/partials/header.php(333): CodeIgniter\Debug\Exceptions->errorHandler(2, 'Undefined prope...', '/Applications/M...', 333)
#1 /Applications/MAMP/htdocs/baliwag/hris/vendor/codeigniter4/framework/system/View/View.php(210): include('/Applications/M...')
#2 /Applications/MAMP/htdocs/baliwag/hris/vendor/codeigniter4/framework/system/View/View.php(213): CodeIgniter\View\View->CodeIgniter\View\{closure}()
#3 /Applications/MAMP/htdocs/baliwag/hris/vendor/codeigniter4/framework/system/View/View.php(424): CodeIgniter\View\View->render('partials/header', NULL, true)
#4 /Applications/MAMP/htdocs/baliwag/hris/app/Views/layouts/main.php(62): CodeIgniter\View\View->include('partials/header')
#5 /Applications/MAMP/htdocs/baliwag/hris/vendor/codeigniter4/framework/system/View/View.php(210): include('/Applications/M...')
#6 /Applications/MAMP/htdocs/baliwag/hris/vendor/codeigniter4/framework/system/View/View.php(213): CodeIgniter\View\View->CodeIgniter\View\{closure}()
#7 /Applications/MAMP/htdocs/baliwag/hris/vendor/codeigniter4/framework/system/View/View.php(226): CodeIgniter\View\View->render('layouts/main', Array, true)
#8 /Applications/MAMP/htdocs/baliwag/hris/vendor/codeigniter4/framework/system/Common.php(1089): CodeIgniter\View\View->render('dashboards/syst...', Array, true)
#9 /Applications/MAMP/htdocs/baliwag/hris/app/Controllers/Dashboard.php(24): view('dashboards/syst...', Array)
#10 /Applications/MAMP/htdocs/baliwag/hris/vendor/codeigniter4/framework/system/CodeIgniter.php(832): App\Controllers\Dashboard->index()
#11 /Applications/MAMP/htdocs/baliwag/hris/vendor/codeigniter4/framework/system/CodeIgniter.php(419): CodeIgniter\CodeIgniter->runController(Object(App\Controllers\Dashboard))
#12 /Applications/MAMP/htdocs/baliwag/hris/vendor/codeigniter4/framework/system/CodeIgniter.php(326): CodeIgniter\CodeIgniter->handleRequest(NULL, Object(Config\Cache), false)
#13 /Applications/MAMP/htdocs/baliwag/hris/index.php(38): CodeIgniter\CodeIgniter->run()
#14 {main}
CRITICAL - 2024-02-07 14:05:51 --> Undefined property: stdClass::$username
#0 /Applications/MAMP/htdocs/baliwag/hris/app/Views/partials/header.php(333): CodeIgniter\Debug\Exceptions->errorHandler(2, 'Undefined prope...', '/Applications/M...', 333)
#1 /Applications/MAMP/htdocs/baliwag/hris/vendor/codeigniter4/framework/system/View/View.php(210): include('/Applications/M...')
#2 /Applications/MAMP/htdocs/baliwag/hris/vendor/codeigniter4/framework/system/View/View.php(213): CodeIgniter\View\View->CodeIgniter\View\{closure}()
#3 /Applications/MAMP/htdocs/baliwag/hris/vendor/codeigniter4/framework/system/View/View.php(424): CodeIgniter\View\View->render('partials/header', NULL, true)
#4 /Applications/MAMP/htdocs/baliwag/hris/app/Views/layouts/main.php(62): CodeIgniter\View\View->include('partials/header')
#5 /Applications/MAMP/htdocs/baliwag/hris/vendor/codeigniter4/framework/system/View/View.php(210): include('/Applications/M...')
#6 /Applications/MAMP/htdocs/baliwag/hris/vendor/codeigniter4/framework/system/View/View.php(213): CodeIgniter\View\View->CodeIgniter\View\{closure}()
#7 /Applications/MAMP/htdocs/baliwag/hris/vendor/codeigniter4/framework/system/View/View.php(226): CodeIgniter\View\View->render('layouts/main', Array, true)
#8 /Applications/MAMP/htdocs/baliwag/hris/vendor/codeigniter4/framework/system/Common.php(1089): CodeIgniter\View\View->render('dashboards/syst...', Array, true)
#9 /Applications/MAMP/htdocs/baliwag/hris/app/Controllers/Dashboard.php(24): view('dashboards/syst...', Array)
#10 /Applications/MAMP/htdocs/baliwag/hris/vendor/codeigniter4/framework/system/CodeIgniter.php(832): App\Controllers\Dashboard->index()
#11 /Applications/MAMP/htdocs/baliwag/hris/vendor/codeigniter4/framework/system/CodeIgniter.php(419): CodeIgniter\CodeIgniter->runController(Object(App\Controllers\Dashboard))
#12 /Applications/MAMP/htdocs/baliwag/hris/vendor/codeigniter4/framework/system/CodeIgniter.php(326): CodeIgniter\CodeIgniter->handleRequest(NULL, Object(Config\Cache), false)
#13 /Applications/MAMP/htdocs/baliwag/hris/index.php(38): CodeIgniter\CodeIgniter->run()
#14 {main}
CRITICAL - 2024-02-07 14:05:52 --> Undefined property: stdClass::$username
#0 /Applications/MAMP/htdocs/baliwag/hris/app/Views/partials/header.php(333): CodeIgniter\Debug\Exceptions->errorHandler(2, 'Undefined prope...', '/Applications/M...', 333)
#1 /Applications/MAMP/htdocs/baliwag/hris/vendor/codeigniter4/framework/system/View/View.php(210): include('/Applications/M...')
#2 /Applications/MAMP/htdocs/baliwag/hris/vendor/codeigniter4/framework/system/View/View.php(213): CodeIgniter\View\View->CodeIgniter\View\{closure}()
#3 /Applications/MAMP/htdocs/baliwag/hris/vendor/codeigniter4/framework/system/View/View.php(424): CodeIgniter\View\View->render('partials/header', NULL, true)
#4 /Applications/MAMP/htdocs/baliwag/hris/app/Views/layouts/main.php(62): CodeIgniter\View\View->include('partials/header')
#5 /Applications/MAMP/htdocs/baliwag/hris/vendor/codeigniter4/framework/system/View/View.php(210): include('/Applications/M...')
#6 /Applications/MAMP/htdocs/baliwag/hris/vendor/codeigniter4/framework/system/View/View.php(213): CodeIgniter\View\View->CodeIgniter\View\{closure}()
#7 /Applications/MAMP/htdocs/baliwag/hris/vendor/codeigniter4/framework/system/View/View.php(226): CodeIgniter\View\View->render('layouts/main', Array, true)
#8 /Applications/MAMP/htdocs/baliwag/hris/vendor/codeigniter4/framework/system/Common.php(1089): CodeIgniter\View\View->render('dashboards/syst...', Array, true)
#9 /Applications/MAMP/htdocs/baliwag/hris/app/Controllers/Dashboard.php(24): view('dashboards/syst...', Array)
#10 /Applications/MAMP/htdocs/baliwag/hris/vendor/codeigniter4/framework/system/CodeIgniter.php(832): App\Controllers\Dashboard->index()
#11 /Applications/MAMP/htdocs/baliwag/hris/vendor/codeigniter4/framework/system/CodeIgniter.php(419): CodeIgniter\CodeIgniter->runController(Object(App\Controllers\Dashboard))
#12 /Applications/MAMP/htdocs/baliwag/hris/vendor/codeigniter4/framework/system/CodeIgniter.php(326): CodeIgniter\CodeIgniter->handleRequest(NULL, Object(Config\Cache), false)
#13 /Applications/MAMP/htdocs/baliwag/hris/index.php(38): CodeIgniter\CodeIgniter->run()
#14 {main}
CRITICAL - 2024-02-07 14:05:58 --> Undefined property: stdClass::$birthdate
#0 /Applications/MAMP/htdocs/baliwag/hris/app/Views/partials/header.php(366): CodeIgniter\Debug\Exceptions->errorHandler(2, 'Undefined prope...', '/Applications/M...', 366)
#1 /Applications/MAMP/htdocs/baliwag/hris/vendor/codeigniter4/framework/system/View/View.php(210): include('/Applications/M...')
#2 /Applications/MAMP/htdocs/baliwag/hris/vendor/codeigniter4/framework/system/View/View.php(213): CodeIgniter\View\View->CodeIgniter\View\{closure}()
#3 /Applications/MAMP/htdocs/baliwag/hris/vendor/codeigniter4/framework/system/View/View.php(424): CodeIgniter\View\View->render('partials/header', NULL, true)
#4 /Applications/MAMP/htdocs/baliwag/hris/app/Views/layouts/main.php(62): CodeIgniter\View\View->include('partials/header')
#5 /Applications/MAMP/htdocs/baliwag/hris/vendor/codeigniter4/framework/system/View/View.php(210): include('/Applications/M...')
#6 /Applications/MAMP/htdocs/baliwag/hris/vendor/codeigniter4/framework/system/View/View.php(213): CodeIgniter\View\View->CodeIgniter\View\{closure}()
#7 /Applications/MAMP/htdocs/baliwag/hris/vendor/codeigniter4/framework/system/View/View.php(226): CodeIgniter\View\View->render('layouts/main', Array, true)
#8 /Applications/MAMP/htdocs/baliwag/hris/vendor/codeigniter4/framework/system/Common.php(1089): CodeIgniter\View\View->render('dashboards/syst...', Array, true)
#9 /Applications/MAMP/htdocs/baliwag/hris/app/Controllers/Dashboard.php(24): view('dashboards/syst...', Array)
#10 /Applications/MAMP/htdocs/baliwag/hris/vendor/codeigniter4/framework/system/CodeIgniter.php(832): App\Controllers\Dashboard->index()
#11 /Applications/MAMP/htdocs/baliwag/hris/vendor/codeigniter4/framework/system/CodeIgniter.php(419): CodeIgniter\CodeIgniter->runController(Object(App\Controllers\Dashboard))
#12 /Applications/MAMP/htdocs/baliwag/hris/vendor/codeigniter4/framework/system/CodeIgniter.php(326): CodeIgniter\CodeIgniter->handleRequest(NULL, Object(Config\Cache), false)
#13 /Applications/MAMP/htdocs/baliwag/hris/index.php(38): CodeIgniter\CodeIgniter->run()
#14 {main}
CRITICAL - 2024-02-07 14:07:01 --> Undefined variable $title
#0 /Applications/MAMP/htdocs/baliwag/hris/app/Views/dashboards/systemAdmin.php(7): CodeIgniter\Debug\Exceptions->errorHandler(2, 'Undefined varia...', '/Applications/M...', 7)
#1 /Applications/MAMP/htdocs/baliwag/hris/vendor/codeigniter4/framework/system/View/View.php(210): include('/Applications/M...')
#2 /Applications/MAMP/htdocs/baliwag/hris/vendor/codeigniter4/framework/system/View/View.php(213): CodeIgniter\View\View->CodeIgniter\View\{closure}()
#3 /Applications/MAMP/htdocs/baliwag/hris/vendor/codeigniter4/framework/system/Common.php(1089): CodeIgniter\View\View->render('dashboards/syst...', Array, true)
#4 /Applications/MAMP/htdocs/baliwag/hris/app/Controllers/Dashboard.php(24): view('dashboards/syst...', Array)
#5 /Applications/MAMP/htdocs/baliwag/hris/vendor/codeigniter4/framework/system/CodeIgniter.php(832): App\Controllers\Dashboard->index()
#6 /Applications/MAMP/htdocs/baliwag/hris/vendor/codeigniter4/framework/system/CodeIgniter.php(419): CodeIgniter\CodeIgniter->runController(Object(App\Controllers\Dashboard))
#7 /Applications/MAMP/htdocs/baliwag/hris/vendor/codeigniter4/framework/system/CodeIgniter.php(326): CodeIgniter\CodeIgniter->handleRequest(NULL, Object(Config\Cache), false)
#8 /Applications/MAMP/htdocs/baliwag/hris/index.php(38): CodeIgniter\CodeIgniter->run()
#9 {main}
ERROR - 2024-02-07 14:15:58 --> Table 'baliwagc_hris_db.systems' doesn't exist
CRITICAL - 2024-02-07 14:15:58 --> Attempt to read property "user_photo" on array
#0 /Applications/MAMP/htdocs/baliwag/hris/app/Views/partials/header.php(209): CodeIgniter\Debug\Exceptions->errorHandler(2, 'Attempt to read...', '/Applications/M...', 209)
#1 /Applications/MAMP/htdocs/baliwag/hris/vendor/codeigniter4/framework/system/View/View.php(210): include('/Applications/M...')
#2 /Applications/MAMP/htdocs/baliwag/hris/vendor/codeigniter4/framework/system/View/View.php(213): CodeIgniter\View\View->CodeIgniter\View\{closure}()
#3 /Applications/MAMP/htdocs/baliwag/hris/vendor/codeigniter4/framework/system/View/View.php(424): CodeIgniter\View\View->render('partials/header', NULL, true)
#4 /Applications/MAMP/htdocs/baliwag/hris/app/Views/layouts/main.php(62): CodeIgniter\View\View->include('partials/header')
#5 /Applications/MAMP/htdocs/baliwag/hris/vendor/codeigniter4/framework/system/View/View.php(210): include('/Applications/M...')
#6 /Applications/MAMP/htdocs/baliwag/hris/vendor/codeigniter4/framework/system/View/View.php(213): CodeIgniter\View\View->CodeIgniter\View\{closure}()
#7 /Applications/MAMP/htdocs/baliwag/hris/vendor/codeigniter4/framework/system/View/View.php(226): CodeIgniter\View\View->render('layouts/main', Array, true)
#8 /Applications/MAMP/htdocs/baliwag/hris/vendor/codeigniter4/framework/system/Common.php(1089): CodeIgniter\View\View->render('users/users', Array, true)
#9 /Applications/MAMP/htdocs/baliwag/hris/app/Controllers/Users.php(36): view('users/users', Array)
#10 /Applications/MAMP/htdocs/baliwag/hris/vendor/codeigniter4/framework/system/CodeIgniter.php(832): App\Controllers\Users->index()
#11 /Applications/MAMP/htdocs/baliwag/hris/vendor/codeigniter4/framework/system/CodeIgniter.php(419): CodeIgniter\CodeIgniter->runController(Object(App\Controllers\Users))
#12 /Applications/MAMP/htdocs/baliwag/hris/vendor/codeigniter4/framework/system/CodeIgniter.php(326): CodeIgniter\CodeIgniter->handleRequest(NULL, Object(Config\Cache), false)
#13 /Applications/MAMP/htdocs/baliwag/hris/index.php(38): CodeIgniter\CodeIgniter->run()
#14 {main}
CRITICAL - 2024-02-07 14:22:44 --> Undefined variable $masterModel
#0 /Applications/MAMP/htdocs/baliwag/hris/app/Controllers/Dashboard.php(24): CodeIgniter\Debug\Exceptions->errorHandler(2, 'Undefined varia...', '/Applications/M...', 24)
#1 /Applications/MAMP/htdocs/baliwag/hris/vendor/codeigniter4/framework/system/CodeIgniter.php(832): App\Controllers\Dashboard->index()
#2 /Applications/MAMP/htdocs/baliwag/hris/vendor/codeigniter4/framework/system/CodeIgniter.php(419): CodeIgniter\CodeIgniter->runController(Object(App\Controllers\Dashboard))
#3 /Applications/MAMP/htdocs/baliwag/hris/vendor/codeigniter4/framework/system/CodeIgniter.php(326): CodeIgniter\CodeIgniter->handleRequest(NULL, Object(Config\Cache), false)
#4 /Applications/MAMP/htdocs/baliwag/hris/index.php(38): CodeIgniter\CodeIgniter->run()
#5 {main}
CRITICAL - 2024-02-07 14:32:15 --> Undefined variable $masterModel
#0 /Applications/MAMP/htdocs/baliwag/hris/app/Controllers/BaseController.php(64): CodeIgniter\Debug\Exceptions->errorHandler(2, 'Undefined varia...', '/Applications/M...', 64)
#1 /Applications/MAMP/htdocs/baliwag/hris/vendor/codeigniter4/framework/system/CodeIgniter.php(810): App\Controllers\BaseController->initController(Object(CodeIgniter\HTTP\IncomingRequest), Object(CodeIgniter\HTTP\Response), Object(CodeIgniter\Log\Logger))
#2 /Applications/MAMP/htdocs/baliwag/hris/vendor/codeigniter4/framework/system/CodeIgniter.php(410): CodeIgniter\CodeIgniter->createController()
#3 /Applications/MAMP/htdocs/baliwag/hris/vendor/codeigniter4/framework/system/CodeIgniter.php(326): CodeIgniter\CodeIgniter->handleRequest(NULL, Object(Config\Cache), false)
#4 /Applications/MAMP/htdocs/baliwag/hris/index.php(38): CodeIgniter\CodeIgniter->run()
#5 {main}
ERROR - 2024-02-07 14:42:43 --> Table 'baliwagc_hris_db.systems' doesn't exist
CRITICAL - 2024-02-07 14:42:43 --> Attempt to read property "user_photo" on array
#0 /Applications/MAMP/htdocs/baliwag/hris/app/Views/partials/header.php(209): CodeIgniter\Debug\Exceptions->errorHandler(2, 'Attempt to read...', '/Applications/M...', 209)
#1 /Applications/MAMP/htdocs/baliwag/hris/vendor/codeigniter4/framework/system/View/View.php(210): include('/Applications/M...')
#2 /Applications/MAMP/htdocs/baliwag/hris/vendor/codeigniter4/framework/system/View/View.php(213): CodeIgniter\View\View->CodeIgniter\View\{closure}()
#3 /Applications/MAMP/htdocs/baliwag/hris/vendor/codeigniter4/framework/system/View/View.php(424): CodeIgniter\View\View->render('partials/header', NULL, true)
#4 /Applications/MAMP/htdocs/baliwag/hris/app/Views/layouts/main.php(62): CodeIgniter\View\View->include('partials/header')
#5 /Applications/MAMP/htdocs/baliwag/hris/vendor/codeigniter4/framework/system/View/View.php(210): include('/Applications/M...')
#6 /Applications/MAMP/htdocs/baliwag/hris/vendor/codeigniter4/framework/system/View/View.php(213): CodeIgniter\View\View->CodeIgniter\View\{closure}()
#7 /Applications/MAMP/htdocs/baliwag/hris/vendor/codeigniter4/framework/system/View/View.php(226): CodeIgniter\View\View->render('layouts/main', Array, true)
#8 /Applications/MAMP/htdocs/baliwag/hris/vendor/codeigniter4/framework/system/Common.php(1089): CodeIgniter\View\View->render('users/users', Array, true)
#9 /Applications/MAMP/htdocs/baliwag/hris/app/Controllers/Users.php(36): view('users/users', Array)
#10 /Applications/MAMP/htdocs/baliwag/hris/vendor/codeigniter4/framework/system/CodeIgniter.php(832): App\Controllers\Users->index()
#11 /Applications/MAMP/htdocs/baliwag/hris/vendor/codeigniter4/framework/system/CodeIgniter.php(419): CodeIgniter\CodeIgniter->runController(Object(App\Controllers\Users))
#12 /Applications/MAMP/htdocs/baliwag/hris/vendor/codeigniter4/framework/system/CodeIgniter.php(326): CodeIgniter\CodeIgniter->handleRequest(NULL, Object(Config\Cache), false)
#13 /Applications/MAMP/htdocs/baliwag/hris/index.php(38): CodeIgniter\CodeIgniter->run()
#14 {main}
