CRITICAL - 2023-08-30 14:13:03 --> Undefined variable: citizenModel
#0 /Applications/MAMP/htdocs/baliwag/systems/app/Controllers/Aics/Transactions.php(525): CodeIgniter\Debug\Exceptions->errorHandler(8, 'Undefined varia...', '/Applications/M...', 525, Array)
#1 /Applications/MAMP/htdocs/baliwag/systems/vendor/codeigniter4/framework/system/CodeIgniter.php(832): App\Controllers\Aics\Transactions->printCaseStudy('1')
#2 /Applications/MAMP/htdocs/baliwag/systems/vendor/codeigniter4/framework/system/CodeIgniter.php(419): CodeIgniter\CodeIgniter->runController(Object(App\Controllers\Aics\Transactions))
#3 /Applications/MAMP/htdocs/baliwag/systems/vendor/codeigniter4/framework/system/CodeIgniter.php(326): CodeIgniter\CodeIgniter->handleRequest(NULL, Object(Config\Cache), false)
#4 /Applications/MAMP/htdocs/baliwag/systems/index.php(38): CodeIgniter\CodeIgniter->run()
#5 {main}
CRITICAL - 2023-08-30 14:13:26 --> Undefined variable: citizenModel
#0 /Applications/MAMP/htdocs/baliwag/systems/app/Controllers/Aics/Transactions.php(526): CodeIgniter\Debug\Exceptions->errorHandler(8, 'Undefined varia...', '/Applications/M...', 526, Array)
#1 /Applications/MAMP/htdocs/baliwag/systems/vendor/codeigniter4/framework/system/CodeIgniter.php(832): App\Controllers\Aics\Transactions->printCaseStudy('1')
#2 /Applications/MAMP/htdocs/baliwag/systems/vendor/codeigniter4/framework/system/CodeIgniter.php(419): CodeIgniter\CodeIgniter->runController(Object(App\Controllers\Aics\Transactions))
#3 /Applications/MAMP/htdocs/baliwag/systems/vendor/codeigniter4/framework/system/CodeIgniter.php(326): CodeIgniter\CodeIgniter->handleRequest(NULL, Object(Config\Cache), false)
#4 /Applications/MAMP/htdocs/baliwag/systems/index.php(38): CodeIgniter\CodeIgniter->run()
#5 {main}
CRITICAL - 2023-08-30 14:13:35 --> Undefined variable: citizenModel
#0 /Applications/MAMP/htdocs/baliwag/systems/app/Controllers/Aics/Transactions.php(526): CodeIgniter\Debug\Exceptions->errorHandler(8, 'Undefined varia...', '/Applications/M...', 526, Array)
#1 /Applications/MAMP/htdocs/baliwag/systems/vendor/codeigniter4/framework/system/CodeIgniter.php(832): App\Controllers\Aics\Transactions->printCaseStudy('1')
#2 /Applications/MAMP/htdocs/baliwag/systems/vendor/codeigniter4/framework/system/CodeIgniter.php(419): CodeIgniter\CodeIgniter->runController(Object(App\Controllers\Aics\Transactions))
#3 /Applications/MAMP/htdocs/baliwag/systems/vendor/codeigniter4/framework/system/CodeIgniter.php(326): CodeIgniter\CodeIgniter->handleRequest(NULL, Object(Config\Cache), false)
#4 /Applications/MAMP/htdocs/baliwag/systems/index.php(38): CodeIgniter\CodeIgniter->run()
#5 {main}
CRITICAL - 2023-08-30 14:13:58 --> Undefined variable: individualInfo
#0 /Applications/MAMP/htdocs/baliwag/systems/app/Controllers/Aics/Transactions.php(528): CodeIgniter\Debug\Exceptions->errorHandler(8, 'Undefined varia...', '/Applications/M...', 528, Array)
#1 /Applications/MAMP/htdocs/baliwag/systems/vendor/codeigniter4/framework/system/CodeIgniter.php(832): App\Controllers\Aics\Transactions->printCaseStudy('1')
#2 /Applications/MAMP/htdocs/baliwag/systems/vendor/codeigniter4/framework/system/CodeIgniter.php(419): CodeIgniter\CodeIgniter->runController(Object(App\Controllers\Aics\Transactions))
#3 /Applications/MAMP/htdocs/baliwag/systems/vendor/codeigniter4/framework/system/CodeIgniter.php(326): CodeIgniter\CodeIgniter->handleRequest(NULL, Object(Config\Cache), false)
#4 /Applications/MAMP/htdocs/baliwag/systems/index.php(38): CodeIgniter\CodeIgniter->run()
#5 {main}
ERROR - 2023-08-30 14:14:20 --> Table 'baliwagc_citizens_db.household' doesn't exist
ERROR - 2023-08-30 14:14:37 --> Table 'baliwagc_citizens_db.household' doesn't exist
ERROR - 2023-08-30 14:15:11 --> Unknown column 'family.household_identification_number' in 'on clause'
CRITICAL - 2023-08-30 14:17:52 --> Undefined variable: family_id
#0 /Applications/MAMP/htdocs/baliwag/systems/app/Controllers/Aics/Transactions.php(536): CodeIgniter\Debug\Exceptions->errorHandler(8, 'Undefined varia...', '/Applications/M...', 536, Array)
#1 /Applications/MAMP/htdocs/baliwag/systems/vendor/codeigniter4/framework/system/CodeIgniter.php(832): App\Controllers\Aics\Transactions->printCaseStudy('1')
#2 /Applications/MAMP/htdocs/baliwag/systems/vendor/codeigniter4/framework/system/CodeIgniter.php(419): CodeIgniter\CodeIgniter->runController(Object(App\Controllers\Aics\Transactions))
#3 /Applications/MAMP/htdocs/baliwag/systems/vendor/codeigniter4/framework/system/CodeIgniter.php(326): CodeIgniter\CodeIgniter->handleRequest(NULL, Object(Config\Cache), false)
#4 /Applications/MAMP/htdocs/baliwag/systems/index.php(38): CodeIgniter\CodeIgniter->run()
#5 {main}
CRITICAL - 2023-08-30 14:18:15 --> Undefined offset: 0
#0 /Applications/MAMP/htdocs/baliwag/systems/app/Controllers/Aics/Transactions.php(536): CodeIgniter\Debug\Exceptions->errorHandler(8, 'Undefined offse...', '/Applications/M...', 536, Array)
#1 /Applications/MAMP/htdocs/baliwag/systems/vendor/codeigniter4/framework/system/CodeIgniter.php(832): App\Controllers\Aics\Transactions->printCaseStudy('1')
#2 /Applications/MAMP/htdocs/baliwag/systems/vendor/codeigniter4/framework/system/CodeIgniter.php(419): CodeIgniter\CodeIgniter->runController(Object(App\Controllers\Aics\Transactions))
#3 /Applications/MAMP/htdocs/baliwag/systems/vendor/codeigniter4/framework/system/CodeIgniter.php(326): CodeIgniter\CodeIgniter->handleRequest(NULL, Object(Config\Cache), false)
#4 /Applications/MAMP/htdocs/baliwag/systems/index.php(38): CodeIgniter\CodeIgniter->run()
#5 {main}
CRITICAL - 2023-08-30 14:18:27 --> Undefined offset: 0
#0 /Applications/MAMP/htdocs/baliwag/systems/app/Controllers/Aics/Transactions.php(536): CodeIgniter\Debug\Exceptions->errorHandler(8, 'Undefined offse...', '/Applications/M...', 536, Array)
#1 /Applications/MAMP/htdocs/baliwag/systems/vendor/codeigniter4/framework/system/CodeIgniter.php(832): App\Controllers\Aics\Transactions->printCaseStudy('1')
#2 /Applications/MAMP/htdocs/baliwag/systems/vendor/codeigniter4/framework/system/CodeIgniter.php(419): CodeIgniter\CodeIgniter->runController(Object(App\Controllers\Aics\Transactions))
#3 /Applications/MAMP/htdocs/baliwag/systems/vendor/codeigniter4/framework/system/CodeIgniter.php(326): CodeIgniter\CodeIgniter->handleRequest(NULL, Object(Config\Cache), false)
#4 /Applications/MAMP/htdocs/baliwag/systems/index.php(38): CodeIgniter\CodeIgniter->run()
#5 {main}
CRITICAL - 2023-08-30 14:36:30 --> Trying to get property 'family_id' of non-object
#0 /Applications/MAMP/htdocs/baliwag/systems/app/Controllers/Aics/Transactions.php(537): CodeIgniter\Debug\Exceptions->errorHandler(8, 'Trying to get p...', '/Applications/M...', 537, Array)
#1 /Applications/MAMP/htdocs/baliwag/systems/vendor/codeigniter4/framework/system/CodeIgniter.php(832): App\Controllers\Aics\Transactions->printCaseStudy('3')
#2 /Applications/MAMP/htdocs/baliwag/systems/vendor/codeigniter4/framework/system/CodeIgniter.php(419): CodeIgniter\CodeIgniter->runController(Object(App\Controllers\Aics\Transactions))
#3 /Applications/MAMP/htdocs/baliwag/systems/vendor/codeigniter4/framework/system/CodeIgniter.php(326): CodeIgniter\CodeIgniter->handleRequest(NULL, Object(Config\Cache), false)
#4 /Applications/MAMP/htdocs/baliwag/systems/index.php(38): CodeIgniter\CodeIgniter->run()
#5 {main}
CRITICAL - 2023-08-30 14:37:40 --> Trying to get property 'family_id' of non-object
#0 /Applications/MAMP/htdocs/baliwag/systems/app/Controllers/Aics/Transactions.php(538): CodeIgniter\Debug\Exceptions->errorHandler(8, 'Trying to get p...', '/Applications/M...', 538, Array)
#1 /Applications/MAMP/htdocs/baliwag/systems/vendor/codeigniter4/framework/system/CodeIgniter.php(832): App\Controllers\Aics\Transactions->printCaseStudy('3')
#2 /Applications/MAMP/htdocs/baliwag/systems/vendor/codeigniter4/framework/system/CodeIgniter.php(419): CodeIgniter\CodeIgniter->runController(Object(App\Controllers\Aics\Transactions))
#3 /Applications/MAMP/htdocs/baliwag/systems/vendor/codeigniter4/framework/system/CodeIgniter.php(326): CodeIgniter\CodeIgniter->handleRequest(NULL, Object(Config\Cache), false)
#4 /Applications/MAMP/htdocs/baliwag/systems/index.php(38): CodeIgniter\CodeIgniter->run()
#5 {main}
