CRITICAL - 2022-06-27 01:35:04 --> Undefined variable $usersModel
#0 C:\xampp\htdocs\baliwag\template_v1\app\Controllers\Users.php(26): CodeIgniter\Debug\Exceptions->errorHandler(2, 'Undefined varia...', 'C:\\xampp\\htdocs...', 26)
#1 C:\xampp\htdocs\baliwag\template_v1\vendor\codeigniter4\framework\system\CodeIgniter.php(832): App\Controllers\Users->getSpecificUser()
#2 C:\xampp\htdocs\baliwag\template_v1\vendor\codeigniter4\framework\system\CodeIgniter.php(419): CodeIgniter\CodeIgniter->runController(Object(App\Controllers\Users))
#3 C:\xampp\htdocs\baliwag\template_v1\vendor\codeigniter4\framework\system\CodeIgniter.php(326): CodeIgniter\CodeIgniter->handleRequest(NULL, Object(Config\Cache), false)
#4 C:\xampp\htdocs\baliwag\template_v1\public\index.php(37): CodeIgniter\CodeIgniter->run()
#5 {main}
CRITICAL - 2022-06-27 01:35:07 --> Undefined variable $usersModel
#0 C:\xampp\htdocs\baliwag\template_v1\app\Controllers\Users.php(26): CodeIgniter\Debug\Exceptions->errorHandler(2, 'Undefined varia...', 'C:\\xampp\\htdocs...', 26)
#1 C:\xampp\htdocs\baliwag\template_v1\vendor\codeigniter4\framework\system\CodeIgniter.php(832): App\Controllers\Users->getSpecificUser()
#2 C:\xampp\htdocs\baliwag\template_v1\vendor\codeigniter4\framework\system\CodeIgniter.php(419): CodeIgniter\CodeIgniter->runController(Object(App\Controllers\Users))
#3 C:\xampp\htdocs\baliwag\template_v1\vendor\codeigniter4\framework\system\CodeIgniter.php(326): CodeIgniter\CodeIgniter->handleRequest(NULL, Object(Config\Cache), false)
#4 C:\xampp\htdocs\baliwag\template_v1\public\index.php(37): CodeIgniter\CodeIgniter->run()
#5 {main}
CRITICAL - 2022-06-27 01:35:09 --> Undefined variable $usersModel
#0 C:\xampp\htdocs\baliwag\template_v1\app\Controllers\Users.php(26): CodeIgniter\Debug\Exceptions->errorHandler(2, 'Undefined varia...', 'C:\\xampp\\htdocs...', 26)
#1 C:\xampp\htdocs\baliwag\template_v1\vendor\codeigniter4\framework\system\CodeIgniter.php(832): App\Controllers\Users->getSpecificUser()
#2 C:\xampp\htdocs\baliwag\template_v1\vendor\codeigniter4\framework\system\CodeIgniter.php(419): CodeIgniter\CodeIgniter->runController(Object(App\Controllers\Users))
#3 C:\xampp\htdocs\baliwag\template_v1\vendor\codeigniter4\framework\system\CodeIgniter.php(326): CodeIgniter\CodeIgniter->handleRequest(NULL, Object(Config\Cache), false)
#4 C:\xampp\htdocs\baliwag\template_v1\public\index.php(37): CodeIgniter\CodeIgniter->run()
#5 {main}
CRITICAL - 2022-06-27 01:39:33 --> Too few arguments to function App\Controllers\Users::getSpecificUser(), 0 passed in C:\xampp\htdocs\baliwag\template_v1\vendor\codeigniter4\framework\system\CodeIgniter.php on line 832 and exactly 1 expected
#0 C:\xampp\htdocs\baliwag\template_v1\vendor\codeigniter4\framework\system\CodeIgniter.php(832): App\Controllers\Users->getSpecificUser()
#1 C:\xampp\htdocs\baliwag\template_v1\vendor\codeigniter4\framework\system\CodeIgniter.php(419): CodeIgniter\CodeIgniter->runController(Object(App\Controllers\Users))
#2 C:\xampp\htdocs\baliwag\template_v1\vendor\codeigniter4\framework\system\CodeIgniter.php(326): CodeIgniter\CodeIgniter->handleRequest(NULL, Object(Config\Cache), false)
#3 C:\xampp\htdocs\baliwag\template_v1\public\index.php(37): CodeIgniter\CodeIgniter->run()
#4 {main}
CRITICAL - 2022-06-27 01:39:39 --> Too few arguments to function App\Controllers\Users::getSpecificUser(), 0 passed in C:\xampp\htdocs\baliwag\template_v1\vendor\codeigniter4\framework\system\CodeIgniter.php on line 832 and exactly 1 expected
#0 C:\xampp\htdocs\baliwag\template_v1\vendor\codeigniter4\framework\system\CodeIgniter.php(832): App\Controllers\Users->getSpecificUser()
#1 C:\xampp\htdocs\baliwag\template_v1\vendor\codeigniter4\framework\system\CodeIgniter.php(419): CodeIgniter\CodeIgniter->runController(Object(App\Controllers\Users))
#2 C:\xampp\htdocs\baliwag\template_v1\vendor\codeigniter4\framework\system\CodeIgniter.php(326): CodeIgniter\CodeIgniter->handleRequest(NULL, Object(Config\Cache), false)
#3 C:\xampp\htdocs\baliwag\template_v1\public\index.php(37): CodeIgniter\CodeIgniter->run()
#4 {main}
CRITICAL - 2022-06-27 01:39:59 --> Too few arguments to function App\Controllers\Users::getSpecificUser(), 0 passed in C:\xampp\htdocs\baliwag\template_v1\vendor\codeigniter4\framework\system\CodeIgniter.php on line 832 and exactly 1 expected
#0 C:\xampp\htdocs\baliwag\template_v1\vendor\codeigniter4\framework\system\CodeIgniter.php(832): App\Controllers\Users->getSpecificUser()
#1 C:\xampp\htdocs\baliwag\template_v1\vendor\codeigniter4\framework\system\CodeIgniter.php(419): CodeIgniter\CodeIgniter->runController(Object(App\Controllers\Users))
#2 C:\xampp\htdocs\baliwag\template_v1\vendor\codeigniter4\framework\system\CodeIgniter.php(326): CodeIgniter\CodeIgniter->handleRequest(NULL, Object(Config\Cache), false)
#3 C:\xampp\htdocs\baliwag\template_v1\public\index.php(37): CodeIgniter\CodeIgniter->run()
#4 {main}
ERROR - 2022-06-27 01:46:29 --> Unknown column 'user_id' in 'where clause'
CRITICAL - 2022-06-27 01:46:29 --> Unknown column 'user_id' in 'where clause'
#0 C:\xampp\htdocs\baliwag\template_v1\vendor\codeigniter4\framework\system\Database\MySQLi\Connection.php(292): mysqli->query('SELECT `email`,...', 0)
#1 C:\xampp\htdocs\baliwag\template_v1\vendor\codeigniter4\framework\system\Database\BaseConnection.php(670): CodeIgniter\Database\MySQLi\Connection->execute('SELECT `email`,...')
#2 C:\xampp\htdocs\baliwag\template_v1\vendor\codeigniter4\framework\system\Database\BaseConnection.php(598): CodeIgniter\Database\BaseConnection->simpleQuery('SELECT `email`,...')
#3 C:\xampp\htdocs\baliwag\template_v1\vendor\codeigniter4\framework\system\Database\BaseBuilder.php(1455): CodeIgniter\Database\BaseConnection->query('SELECT `email`,...', Array, false)
#4 C:\xampp\htdocs\baliwag\template_v1\app\Models\UsersModel.php(30): CodeIgniter\Database\BaseBuilder->get()
#5 C:\xampp\htdocs\baliwag\template_v1\app\Controllers\Users.php(24): App\Models\UsersModel->getSpecificUser('6')
#6 C:\xampp\htdocs\baliwag\template_v1\vendor\codeigniter4\framework\system\CodeIgniter.php(832): App\Controllers\Users->getSpecificUser('6')
#7 C:\xampp\htdocs\baliwag\template_v1\vendor\codeigniter4\framework\system\CodeIgniter.php(419): CodeIgniter\CodeIgniter->runController(Object(App\Controllers\Users))
#8 C:\xampp\htdocs\baliwag\template_v1\vendor\codeigniter4\framework\system\CodeIgniter.php(326): CodeIgniter\CodeIgniter->handleRequest(NULL, Object(Config\Cache), false)
#9 C:\xampp\htdocs\baliwag\template_v1\public\index.php(37): CodeIgniter\CodeIgniter->run()
#10 {main}
ERROR - 2022-06-27 01:46:44 --> Unknown column 'user_id' in 'where clause'
CRITICAL - 2022-06-27 01:46:44 --> Unknown column 'user_id' in 'where clause'
#0 C:\xampp\htdocs\baliwag\template_v1\vendor\codeigniter4\framework\system\Database\MySQLi\Connection.php(292): mysqli->query('SELECT `email`,...', 0)
#1 C:\xampp\htdocs\baliwag\template_v1\vendor\codeigniter4\framework\system\Database\BaseConnection.php(670): CodeIgniter\Database\MySQLi\Connection->execute('SELECT `email`,...')
#2 C:\xampp\htdocs\baliwag\template_v1\vendor\codeigniter4\framework\system\Database\BaseConnection.php(598): CodeIgniter\Database\BaseConnection->simpleQuery('SELECT `email`,...')
#3 C:\xampp\htdocs\baliwag\template_v1\vendor\codeigniter4\framework\system\Database\BaseBuilder.php(1455): CodeIgniter\Database\BaseConnection->query('SELECT `email`,...', Array, false)
#4 C:\xampp\htdocs\baliwag\template_v1\app\Models\UsersModel.php(30): CodeIgniter\Database\BaseBuilder->get()
#5 C:\xampp\htdocs\baliwag\template_v1\app\Controllers\Users.php(24): App\Models\UsersModel->getSpecificUser('6')
#6 C:\xampp\htdocs\baliwag\template_v1\vendor\codeigniter4\framework\system\CodeIgniter.php(832): App\Controllers\Users->getSpecificUser('6')
#7 C:\xampp\htdocs\baliwag\template_v1\vendor\codeigniter4\framework\system\CodeIgniter.php(419): CodeIgniter\CodeIgniter->runController(Object(App\Controllers\Users))
#8 C:\xampp\htdocs\baliwag\template_v1\vendor\codeigniter4\framework\system\CodeIgniter.php(326): CodeIgniter\CodeIgniter->handleRequest(NULL, Object(Config\Cache), false)
#9 C:\xampp\htdocs\baliwag\template_v1\public\index.php(37): CodeIgniter\CodeIgniter->run()
#10 {main}
CRITICAL - 2022-06-27 01:48:51 --> Call to undefined method CodeIgniter\Database\MySQLi\Result::getArrayResult()
#0 C:\xampp\htdocs\baliwag\template_v1\app\Controllers\Users.php(24): App\Models\UsersModel->getSpecificUser('6')
#1 C:\xampp\htdocs\baliwag\template_v1\vendor\codeigniter4\framework\system\CodeIgniter.php(832): App\Controllers\Users->getSpecificUser('6')
#2 C:\xampp\htdocs\baliwag\template_v1\vendor\codeigniter4\framework\system\CodeIgniter.php(419): CodeIgniter\CodeIgniter->runController(Object(App\Controllers\Users))
#3 C:\xampp\htdocs\baliwag\template_v1\vendor\codeigniter4\framework\system\CodeIgniter.php(326): CodeIgniter\CodeIgniter->handleRequest(NULL, Object(Config\Cache), false)
#4 C:\xampp\htdocs\baliwag\template_v1\public\index.php(37): CodeIgniter\CodeIgniter->run()
#5 {main}
ERROR - 2022-06-27 01:51:25 --> Unknown column 'user_info.department' in 'field list'
CRITICAL - 2022-06-27 01:51:25 --> Unknown column 'user_info.department' in 'field list'
#0 C:\xampp\htdocs\baliwag\template_v1\vendor\codeigniter4\framework\system\Database\MySQLi\Connection.php(292): mysqli->query('SELECT `users`....', 0)
#1 C:\xampp\htdocs\baliwag\template_v1\vendor\codeigniter4\framework\system\Database\BaseConnection.php(670): CodeIgniter\Database\MySQLi\Connection->execute('SELECT `users`....')
#2 C:\xampp\htdocs\baliwag\template_v1\vendor\codeigniter4\framework\system\Database\BaseConnection.php(598): CodeIgniter\Database\BaseConnection->simpleQuery('SELECT `users`....')
#3 C:\xampp\htdocs\baliwag\template_v1\vendor\codeigniter4\framework\system\Database\BaseBuilder.php(1455): CodeIgniter\Database\BaseConnection->query('SELECT `users`....', Array, false)
#4 C:\xampp\htdocs\baliwag\template_v1\app\Models\UsersModel.php(31): CodeIgniter\Database\BaseBuilder->get()
#5 C:\xampp\htdocs\baliwag\template_v1\app\Controllers\Users.php(24): App\Models\UsersModel->getSpecificUser('6')
#6 C:\xampp\htdocs\baliwag\template_v1\vendor\codeigniter4\framework\system\CodeIgniter.php(832): App\Controllers\Users->getSpecificUser('6')
#7 C:\xampp\htdocs\baliwag\template_v1\vendor\codeigniter4\framework\system\CodeIgniter.php(419): CodeIgniter\CodeIgniter->runController(Object(App\Controllers\Users))
#8 C:\xampp\htdocs\baliwag\template_v1\vendor\codeigniter4\framework\system\CodeIgniter.php(326): CodeIgniter\CodeIgniter->handleRequest(NULL, Object(Config\Cache), false)
#9 C:\xampp\htdocs\baliwag\template_v1\public\index.php(37): CodeIgniter\CodeIgniter->run()
#10 {main}
ERROR - 2022-06-27 01:51:57 --> Unknown column 'user_info.department' in 'field list'
CRITICAL - 2022-06-27 01:51:57 --> Unknown column 'user_info.department' in 'field list'
#0 C:\xampp\htdocs\baliwag\template_v1\vendor\codeigniter4\framework\system\Database\MySQLi\Connection.php(292): mysqli->query('SELECT `users`....', 0)
#1 C:\xampp\htdocs\baliwag\template_v1\vendor\codeigniter4\framework\system\Database\BaseConnection.php(670): CodeIgniter\Database\MySQLi\Connection->execute('SELECT `users`....')
#2 C:\xampp\htdocs\baliwag\template_v1\vendor\codeigniter4\framework\system\Database\BaseConnection.php(598): CodeIgniter\Database\BaseConnection->simpleQuery('SELECT `users`....')
#3 C:\xampp\htdocs\baliwag\template_v1\vendor\codeigniter4\framework\system\Database\BaseBuilder.php(1455): CodeIgniter\Database\BaseConnection->query('SELECT `users`....', Array, false)
#4 C:\xampp\htdocs\baliwag\template_v1\app\Models\UsersModel.php(32): CodeIgniter\Database\BaseBuilder->get()
#5 C:\xampp\htdocs\baliwag\template_v1\app\Controllers\Users.php(24): App\Models\UsersModel->getSpecificUser('6')
#6 C:\xampp\htdocs\baliwag\template_v1\vendor\codeigniter4\framework\system\CodeIgniter.php(832): App\Controllers\Users->getSpecificUser('6')
#7 C:\xampp\htdocs\baliwag\template_v1\vendor\codeigniter4\framework\system\CodeIgniter.php(419): CodeIgniter\CodeIgniter->runController(Object(App\Controllers\Users))
#8 C:\xampp\htdocs\baliwag\template_v1\vendor\codeigniter4\framework\system\CodeIgniter.php(326): CodeIgniter\CodeIgniter->handleRequest(NULL, Object(Config\Cache), false)
#9 C:\xampp\htdocs\baliwag\template_v1\public\index.php(37): CodeIgniter\CodeIgniter->run()
#10 {main}
ERROR - 2022-06-27 01:52:02 --> Unknown column 'user_info.department' in 'field list'
CRITICAL - 2022-06-27 01:52:02 --> Unknown column 'user_info.department' in 'field list'
#0 C:\xampp\htdocs\baliwag\template_v1\vendor\codeigniter4\framework\system\Database\MySQLi\Connection.php(292): mysqli->query('SELECT `users`....', 0)
#1 C:\xampp\htdocs\baliwag\template_v1\vendor\codeigniter4\framework\system\Database\BaseConnection.php(670): CodeIgniter\Database\MySQLi\Connection->execute('SELECT `users`....')
#2 C:\xampp\htdocs\baliwag\template_v1\vendor\codeigniter4\framework\system\Database\BaseConnection.php(598): CodeIgniter\Database\BaseConnection->simpleQuery('SELECT `users`....')
#3 C:\xampp\htdocs\baliwag\template_v1\vendor\codeigniter4\framework\system\Database\BaseBuilder.php(1455): CodeIgniter\Database\BaseConnection->query('SELECT `users`....', Array, false)
#4 C:\xampp\htdocs\baliwag\template_v1\app\Models\UsersModel.php(32): CodeIgniter\Database\BaseBuilder->get()
#5 C:\xampp\htdocs\baliwag\template_v1\app\Controllers\Users.php(24): App\Models\UsersModel->getSpecificUser('6')
#6 C:\xampp\htdocs\baliwag\template_v1\vendor\codeigniter4\framework\system\CodeIgniter.php(832): App\Controllers\Users->getSpecificUser('6')
#7 C:\xampp\htdocs\baliwag\template_v1\vendor\codeigniter4\framework\system\CodeIgniter.php(419): CodeIgniter\CodeIgniter->runController(Object(App\Controllers\Users))
#8 C:\xampp\htdocs\baliwag\template_v1\vendor\codeigniter4\framework\system\CodeIgniter.php(326): CodeIgniter\CodeIgniter->handleRequest(NULL, Object(Config\Cache), false)
#9 C:\xampp\htdocs\baliwag\template_v1\public\index.php(37): CodeIgniter\CodeIgniter->run()
#10 {main}
