CRITICAL - 2023-10-19 10:03:41 --> ZipArchive::addFile(): No such file or directory
#0 [internal function]: CodeIgniter\Debug\Exceptions->errorHandler(2, 'ZipArchive::add...', 'C:\\xampp\\htdocs...', 219)
#1 C:\xampp\htdocs\blink\app\Controllers\UtilController.php(219): ZipArchive->addFile('public/assets/m...', 'SEN_IDF-BAL-210...')
#2 C:\xampp\htdocs\blink\app\Controllers\Senior\Senior.php(341): App\Controllers\UtilController->zipFiles(Array, 'public/assets/m...', 'Antonio_Virgill...')
#3 C:\xampp\htdocs\blink\vendor\codeigniter4\framework\system\CodeIgniter.php(832): App\Controllers\Senior\Senior->exportSeniorId()
#4 C:\xampp\htdocs\blink\vendor\codeigniter4\framework\system\CodeIgniter.php(419): CodeIgniter\CodeIgniter->runController(Object(App\Controllers\Senior\Senior))
#5 C:\xampp\htdocs\blink\vendor\codeigniter4\framework\system\CodeIgniter.php(326): CodeIgniter\CodeIgniter->handleRequest(NULL, Object(Config\Cache), false)
#6 C:\xampp\htdocs\blink\index.php(38): CodeIgniter\CodeIgniter->run()
#7 {main}
CRITICAL - 2023-10-19 10:05:05 --> touch(): Unable to create file C:/xampp/htdocs/blink/C:/xampp/htdocs/blink/public/assets/media/senior_citizen_ids/Antonio_Virgillo-000822/Antonio_Virgillo-000822zip because No such file or directory
#0 [internal function]: CodeIgniter\Debug\Exceptions->errorHandler(2, 'touch(): Unable...', 'C:\\xampp\\htdocs...', 206)
#1 C:\xampp\htdocs\blink\app\Controllers\UtilController.php(206): touch('C:/xampp/htdocs...')
#2 C:\xampp\htdocs\blink\app\Controllers\Senior\Senior.php(342): App\Controllers\UtilController->zipFiles(Array, 'C:/xampp/htdocs...', 'Antonio_Virgill...')
#3 C:\xampp\htdocs\blink\vendor\codeigniter4\framework\system\CodeIgniter.php(832): App\Controllers\Senior\Senior->exportSeniorId()
#4 C:\xampp\htdocs\blink\vendor\codeigniter4\framework\system\CodeIgniter.php(419): CodeIgniter\CodeIgniter->runController(Object(App\Controllers\Senior\Senior))
#5 C:\xampp\htdocs\blink\vendor\codeigniter4\framework\system\CodeIgniter.php(326): CodeIgniter\CodeIgniter->handleRequest(NULL, Object(Config\Cache), false)
#6 C:\xampp\htdocs\blink\index.php(38): CodeIgniter\CodeIgniter->run()
#7 {main}
CRITICAL - 2023-10-19 10:05:35 --> touch(): Unable to create file C:/xampp/htdocs/blink/C:/xampp/htdocs/blink/public/assets/media/senior_citizen_ids/Antonio_Virgillo-000822/Antonio_Virgillo-000822.zip because No such file or directory
#0 [internal function]: CodeIgniter\Debug\Exceptions->errorHandler(2, 'touch(): Unable...', 'C:\\xampp\\htdocs...', 206)
#1 C:\xampp\htdocs\blink\app\Controllers\UtilController.php(206): touch('C:/xampp/htdocs...')
#2 C:\xampp\htdocs\blink\app\Controllers\Senior\Senior.php(342): App\Controllers\UtilController->zipFiles(Array, 'C:/xampp/htdocs...', 'Antonio_Virgill...')
#3 C:\xampp\htdocs\blink\vendor\codeigniter4\framework\system\CodeIgniter.php(832): App\Controllers\Senior\Senior->exportSeniorId()
#4 C:\xampp\htdocs\blink\vendor\codeigniter4\framework\system\CodeIgniter.php(419): CodeIgniter\CodeIgniter->runController(Object(App\Controllers\Senior\Senior))
#5 C:\xampp\htdocs\blink\vendor\codeigniter4\framework\system\CodeIgniter.php(326): CodeIgniter\CodeIgniter->handleRequest(NULL, Object(Config\Cache), false)
#6 C:\xampp\htdocs\blink\index.php(38): CodeIgniter\CodeIgniter->run()
#7 {main}
CRITICAL - 2023-10-19 10:06:17 --> ZipArchive::addFile(): No such file or directory
#0 [internal function]: CodeIgniter\Debug\Exceptions->errorHandler(2, 'ZipArchive::add...', 'C:\\xampp\\htdocs...', 219)
#1 C:\xampp\htdocs\blink\app\Controllers\UtilController.php(219): ZipArchive->addFile('public/assets/m...', 'SEN_IDF-BAL-210...')
#2 C:\xampp\htdocs\blink\app\Controllers\Senior\Senior.php(342): App\Controllers\UtilController->zipFiles(Array, 'public/assets/m...', 'Antonio_Virgill...')
#3 C:\xampp\htdocs\blink\vendor\codeigniter4\framework\system\CodeIgniter.php(832): App\Controllers\Senior\Senior->exportSeniorId()
#4 C:\xampp\htdocs\blink\vendor\codeigniter4\framework\system\CodeIgniter.php(419): CodeIgniter\CodeIgniter->runController(Object(App\Controllers\Senior\Senior))
#5 C:\xampp\htdocs\blink\vendor\codeigniter4\framework\system\CodeIgniter.php(326): CodeIgniter\CodeIgniter->handleRequest(NULL, Object(Config\Cache), false)
#6 C:\xampp\htdocs\blink\index.php(38): CodeIgniter\CodeIgniter->run()
#7 {main}
CRITICAL - 2023-10-19 10:07:03 --> ZipArchive::addFile(): No such file or directory
#0 [internal function]: CodeIgniter\Debug\Exceptions->errorHandler(2, 'ZipArchive::add...', 'C:\\xampp\\htdocs...', 219)
#1 C:\xampp\htdocs\blink\app\Controllers\UtilController.php(219): ZipArchive->addFile('C:/xampp/htdocs...', 'SEN_IDF-BAL-210...')
#2 C:\xampp\htdocs\blink\app\Controllers\Senior\Senior.php(342): App\Controllers\UtilController->zipFiles(Array, 'public/assets/m...', 'Antonio_Virgill...')
#3 C:\xampp\htdocs\blink\vendor\codeigniter4\framework\system\CodeIgniter.php(832): App\Controllers\Senior\Senior->exportSeniorId()
#4 C:\xampp\htdocs\blink\vendor\codeigniter4\framework\system\CodeIgniter.php(419): CodeIgniter\CodeIgniter->runController(Object(App\Controllers\Senior\Senior))
#5 C:\xampp\htdocs\blink\vendor\codeigniter4\framework\system\CodeIgniter.php(326): CodeIgniter\CodeIgniter->handleRequest(NULL, Object(Config\Cache), false)
#6 C:\xampp\htdocs\blink\index.php(38): CodeIgniter\CodeIgniter->run()
#7 {main}
CRITICAL - 2023-10-19 10:07:42 --> ZipArchive::addFile(): No such file or directory
#0 [internal function]: CodeIgniter\Debug\Exceptions->errorHandler(2, 'ZipArchive::add...', 'C:\\xampp\\htdocs...', 219)
#1 C:\xampp\htdocs\blink\app\Controllers\UtilController.php(219): ZipArchive->addFile('C:/xampp/htdocs...', 'SEN_IDF-BAL-210...')
#2 C:\xampp\htdocs\blink\app\Controllers\Senior\Senior.php(342): App\Controllers\UtilController->zipFiles(Array, 'public/assets/m...', 'Antonio_Virgill...')
#3 C:\xampp\htdocs\blink\vendor\codeigniter4\framework\system\CodeIgniter.php(832): App\Controllers\Senior\Senior->exportSeniorId()
#4 C:\xampp\htdocs\blink\vendor\codeigniter4\framework\system\CodeIgniter.php(419): CodeIgniter\CodeIgniter->runController(Object(App\Controllers\Senior\Senior))
#5 C:\xampp\htdocs\blink\vendor\codeigniter4\framework\system\CodeIgniter.php(326): CodeIgniter\CodeIgniter->handleRequest(NULL, Object(Config\Cache), false)
#6 C:\xampp\htdocs\blink\index.php(38): CodeIgniter\CodeIgniter->run()
#7 {main}
CRITICAL - 2023-10-19 10:08:11 --> Undefined variable $result
#0 C:\xampp\htdocs\blink\app\Controllers\Senior\Senior.php(344): CodeIgniter\Debug\Exceptions->errorHandler(2, 'Undefined varia...', 'C:\\xampp\\htdocs...', 344)
#1 C:\xampp\htdocs\blink\vendor\codeigniter4\framework\system\CodeIgniter.php(832): App\Controllers\Senior\Senior->exportSeniorId()
#2 C:\xampp\htdocs\blink\vendor\codeigniter4\framework\system\CodeIgniter.php(419): CodeIgniter\CodeIgniter->runController(Object(App\Controllers\Senior\Senior))
#3 C:\xampp\htdocs\blink\vendor\codeigniter4\framework\system\CodeIgniter.php(326): CodeIgniter\CodeIgniter->handleRequest(NULL, Object(Config\Cache), false)
#4 C:\xampp\htdocs\blink\index.php(38): CodeIgniter\CodeIgniter->run()
#5 {main}
CRITICAL - 2023-10-19 10:16:30 --> Undefined variable $result
#0 C:\xampp\htdocs\blink\app\Controllers\Senior\Senior.php(344): CodeIgniter\Debug\Exceptions->errorHandler(2, 'Undefined varia...', 'C:\\xampp\\htdocs...', 344)
#1 C:\xampp\htdocs\blink\vendor\codeigniter4\framework\system\CodeIgniter.php(832): App\Controllers\Senior\Senior->exportSeniorId()
#2 C:\xampp\htdocs\blink\vendor\codeigniter4\framework\system\CodeIgniter.php(419): CodeIgniter\CodeIgniter->runController(Object(App\Controllers\Senior\Senior))
#3 C:\xampp\htdocs\blink\vendor\codeigniter4\framework\system\CodeIgniter.php(326): CodeIgniter\CodeIgniter->handleRequest(NULL, Object(Config\Cache), false)
#4 C:\xampp\htdocs\blink\index.php(38): CodeIgniter\CodeIgniter->run()
#5 {main}
CRITICAL - 2023-10-19 14:03:39 --> syntax error, unexpected token ";"
#0 C:\xampp\htdocs\blink\vendor\codeigniter4\framework\system\View\View.php(213): CodeIgniter\View\View->CodeIgniter\View\{closure}()
#1 C:\xampp\htdocs\blink\vendor\codeigniter4\framework\system\Common.php(1089): CodeIgniter\View\View->render('senior/modules/...', Array, true)
#2 C:\xampp\htdocs\blink\app\Controllers\Senior\Senior.php(80): view('senior/modules/...', Array)
#3 C:\xampp\htdocs\blink\vendor\codeigniter4\framework\system\CodeIgniter.php(832): App\Controllers\Senior\Senior->edit_senior('32')
#4 C:\xampp\htdocs\blink\vendor\codeigniter4\framework\system\CodeIgniter.php(419): CodeIgniter\CodeIgniter->runController(Object(App\Controllers\Senior\Senior))
#5 C:\xampp\htdocs\blink\vendor\codeigniter4\framework\system\CodeIgniter.php(326): CodeIgniter\CodeIgniter->handleRequest(NULL, Object(Config\Cache), false)
#6 C:\xampp\htdocs\blink\index.php(38): CodeIgniter\CodeIgniter->run()
#7 {main}
CRITICAL - 2023-10-19 14:03:57 --> Cannot use object of type stdClass as array
#0 C:\xampp\htdocs\blink\vendor\codeigniter4\framework\system\View\View.php(210): include()
#1 C:\xampp\htdocs\blink\vendor\codeigniter4\framework\system\View\View.php(213): CodeIgniter\View\View->CodeIgniter\View\{closure}()
#2 C:\xampp\htdocs\blink\vendor\codeigniter4\framework\system\Common.php(1089): CodeIgniter\View\View->render('senior/modules/...', Array, true)
#3 C:\xampp\htdocs\blink\app\Controllers\Senior\Senior.php(80): view('senior/modules/...', Array)
#4 C:\xampp\htdocs\blink\vendor\codeigniter4\framework\system\CodeIgniter.php(832): App\Controllers\Senior\Senior->edit_senior('32')
#5 C:\xampp\htdocs\blink\vendor\codeigniter4\framework\system\CodeIgniter.php(419): CodeIgniter\CodeIgniter->runController(Object(App\Controllers\Senior\Senior))
#6 C:\xampp\htdocs\blink\vendor\codeigniter4\framework\system\CodeIgniter.php(326): CodeIgniter\CodeIgniter->handleRequest(NULL, Object(Config\Cache), false)
#7 C:\xampp\htdocs\blink\index.php(38): CodeIgniter\CodeIgniter->run()
#8 {main}
CRITICAL - 2023-10-19 14:06:51 --> syntax error, unexpected variable "$key"
#0 C:\xampp\htdocs\blink\vendor\codeigniter4\framework\system\View\View.php(213): CodeIgniter\View\View->CodeIgniter\View\{closure}()
#1 C:\xampp\htdocs\blink\vendor\codeigniter4\framework\system\Common.php(1089): CodeIgniter\View\View->render('senior/modules/...', Array, true)
#2 C:\xampp\htdocs\blink\app\Controllers\Senior\Senior.php(80): view('senior/modules/...', Array)
#3 C:\xampp\htdocs\blink\vendor\codeigniter4\framework\system\CodeIgniter.php(832): App\Controllers\Senior\Senior->edit_senior('32')
#4 C:\xampp\htdocs\blink\vendor\codeigniter4\framework\system\CodeIgniter.php(419): CodeIgniter\CodeIgniter->runController(Object(App\Controllers\Senior\Senior))
#5 C:\xampp\htdocs\blink\vendor\codeigniter4\framework\system\CodeIgniter.php(326): CodeIgniter\CodeIgniter->handleRequest(NULL, Object(Config\Cache), false)
#6 C:\xampp\htdocs\blink\index.php(38): CodeIgniter\CodeIgniter->run()
#7 {main}
CRITICAL - 2023-10-19 14:07:14 --> syntax error, unexpected variable "$key"
#0 C:\xampp\htdocs\blink\vendor\codeigniter4\framework\system\View\View.php(213): CodeIgniter\View\View->CodeIgniter\View\{closure}()
#1 C:\xampp\htdocs\blink\vendor\codeigniter4\framework\system\Common.php(1089): CodeIgniter\View\View->render('senior/modules/...', Array, true)
#2 C:\xampp\htdocs\blink\app\Controllers\Senior\Senior.php(80): view('senior/modules/...', Array)
#3 C:\xampp\htdocs\blink\vendor\codeigniter4\framework\system\CodeIgniter.php(832): App\Controllers\Senior\Senior->edit_senior('32')
#4 C:\xampp\htdocs\blink\vendor\codeigniter4\framework\system\CodeIgniter.php(419): CodeIgniter\CodeIgniter->runController(Object(App\Controllers\Senior\Senior))
#5 C:\xampp\htdocs\blink\vendor\codeigniter4\framework\system\CodeIgniter.php(326): CodeIgniter\CodeIgniter->handleRequest(NULL, Object(Config\Cache), false)
#6 C:\xampp\htdocs\blink\index.php(38): CodeIgniter\CodeIgniter->run()
#7 {main}
CRITICAL - 2023-10-19 14:08:39 --> syntax error, unexpected variable "$key"
#0 C:\xampp\htdocs\blink\vendor\codeigniter4\framework\system\View\View.php(213): CodeIgniter\View\View->CodeIgniter\View\{closure}()
#1 C:\xampp\htdocs\blink\vendor\codeigniter4\framework\system\Common.php(1089): CodeIgniter\View\View->render('senior/modules/...', Array, true)
#2 C:\xampp\htdocs\blink\app\Controllers\Senior\Senior.php(80): view('senior/modules/...', Array)
#3 C:\xampp\htdocs\blink\vendor\codeigniter4\framework\system\CodeIgniter.php(832): App\Controllers\Senior\Senior->edit_senior('32')
#4 C:\xampp\htdocs\blink\vendor\codeigniter4\framework\system\CodeIgniter.php(419): CodeIgniter\CodeIgniter->runController(Object(App\Controllers\Senior\Senior))
#5 C:\xampp\htdocs\blink\vendor\codeigniter4\framework\system\CodeIgniter.php(326): CodeIgniter\CodeIgniter->handleRequest(NULL, Object(Config\Cache), false)
#6 C:\xampp\htdocs\blink\index.php(38): CodeIgniter\CodeIgniter->run()
#7 {main}
CRITICAL - 2023-10-19 14:09:05 --> syntax error, unexpected variable "$key"
#0 C:\xampp\htdocs\blink\vendor\codeigniter4\framework\system\View\View.php(213): CodeIgniter\View\View->CodeIgniter\View\{closure}()
#1 C:\xampp\htdocs\blink\vendor\codeigniter4\framework\system\Common.php(1089): CodeIgniter\View\View->render('senior/modules/...', Array, true)
#2 C:\xampp\htdocs\blink\app\Controllers\Senior\Senior.php(80): view('senior/modules/...', Array)
#3 C:\xampp\htdocs\blink\vendor\codeigniter4\framework\system\CodeIgniter.php(832): App\Controllers\Senior\Senior->edit_senior('32')
#4 C:\xampp\htdocs\blink\vendor\codeigniter4\framework\system\CodeIgniter.php(419): CodeIgniter\CodeIgniter->runController(Object(App\Controllers\Senior\Senior))
#5 C:\xampp\htdocs\blink\vendor\codeigniter4\framework\system\CodeIgniter.php(326): CodeIgniter\CodeIgniter->handleRequest(NULL, Object(Config\Cache), false)
#6 C:\xampp\htdocs\blink\index.php(38): CodeIgniter\CodeIgniter->run()
#7 {main}
CRITICAL - 2023-10-19 14:09:27 --> print_r() expects at least 1 argument, 0 given
#0 C:\xampp\htdocs\blink\app\Views\senior\modules\seniorBuilder.php(556): print_r()
#1 C:\xampp\htdocs\blink\vendor\codeigniter4\framework\system\View\View.php(210): include('C:\\xampp\\htdocs...')
#2 C:\xampp\htdocs\blink\vendor\codeigniter4\framework\system\View\View.php(213): CodeIgniter\View\View->CodeIgniter\View\{closure}()
#3 C:\xampp\htdocs\blink\vendor\codeigniter4\framework\system\Common.php(1089): CodeIgniter\View\View->render('senior/modules/...', Array, true)
#4 C:\xampp\htdocs\blink\app\Controllers\Senior\Senior.php(80): view('senior/modules/...', Array)
#5 C:\xampp\htdocs\blink\vendor\codeigniter4\framework\system\CodeIgniter.php(832): App\Controllers\Senior\Senior->edit_senior('32')
#6 C:\xampp\htdocs\blink\vendor\codeigniter4\framework\system\CodeIgniter.php(419): CodeIgniter\CodeIgniter->runController(Object(App\Controllers\Senior\Senior))
#7 C:\xampp\htdocs\blink\vendor\codeigniter4\framework\system\CodeIgniter.php(326): CodeIgniter\CodeIgniter->handleRequest(NULL, Object(Config\Cache), false)
#8 C:\xampp\htdocs\blink\index.php(38): CodeIgniter\CodeIgniter->run()
#9 {main}
CRITICAL - 2023-10-19 14:30:19 --> syntax error, unexpected token "endif", expecting end of file
#0 C:\xampp\htdocs\blink\vendor\codeigniter4\framework\system\View\View.php(213): CodeIgniter\View\View->CodeIgniter\View\{closure}()
#1 C:\xampp\htdocs\blink\vendor\codeigniter4\framework\system\Common.php(1089): CodeIgniter\View\View->render('senior/modules/...', Array, true)
#2 C:\xampp\htdocs\blink\app\Controllers\Senior\Senior.php(80): view('senior/modules/...', Array)
#3 C:\xampp\htdocs\blink\vendor\codeigniter4\framework\system\CodeIgniter.php(832): App\Controllers\Senior\Senior->edit_senior('32')
#4 C:\xampp\htdocs\blink\vendor\codeigniter4\framework\system\CodeIgniter.php(419): CodeIgniter\CodeIgniter->runController(Object(App\Controllers\Senior\Senior))
#5 C:\xampp\htdocs\blink\vendor\codeigniter4\framework\system\CodeIgniter.php(326): CodeIgniter\CodeIgniter->handleRequest(NULL, Object(Config\Cache), false)
#6 C:\xampp\htdocs\blink\index.php(38): CodeIgniter\CodeIgniter->run()
#7 {main}
CRITICAL - 2023-10-19 15:12:29 --> syntax error, unexpected variable "$get_result"
#0 C:\xampp\htdocs\blink\vendor\codeigniter4\framework\system\Router\Router.php(175): CodeIgniter\Router\Router->autoRoute('/senior/senior/...')
#1 C:\xampp\htdocs\blink\vendor\codeigniter4\framework\system\CodeIgniter.php(726): CodeIgniter\Router\Router->handle('/senior/senior/...')
#2 C:\xampp\htdocs\blink\vendor\codeigniter4\framework\system\CodeIgniter.php(368): CodeIgniter\CodeIgniter->tryToRouteIt(Object(CodeIgniter\Router\RouteCollection))
#3 C:\xampp\htdocs\blink\vendor\codeigniter4\framework\system\CodeIgniter.php(326): CodeIgniter\CodeIgniter->handleRequest(NULL, Object(Config\Cache), false)
#4 C:\xampp\htdocs\blink\index.php(38): CodeIgniter\CodeIgniter->run()
#5 {main}
CRITICAL - 2023-10-19 15:13:49 --> Call to undefined function offsetZero()
#0 C:\xampp\htdocs\blink\vendor\codeigniter4\framework\system\View\View.php(210): include()
#1 C:\xampp\htdocs\blink\vendor\codeigniter4\framework\system\View\View.php(213): CodeIgniter\View\View->CodeIgniter\View\{closure}()
#2 C:\xampp\htdocs\blink\vendor\codeigniter4\framework\system\Common.php(1089): CodeIgniter\View\View->render('senior/modules/...', Array, true)
#3 C:\xampp\htdocs\blink\app\Controllers\Senior\Senior.php(80): view('senior/modules/...', Array)
#4 C:\xampp\htdocs\blink\vendor\codeigniter4\framework\system\CodeIgniter.php(832): App\Controllers\Senior\Senior->edit_senior('32')
#5 C:\xampp\htdocs\blink\vendor\codeigniter4\framework\system\CodeIgniter.php(419): CodeIgniter\CodeIgniter->runController(Object(App\Controllers\Senior\Senior))
#6 C:\xampp\htdocs\blink\vendor\codeigniter4\framework\system\CodeIgniter.php(326): CodeIgniter\CodeIgniter->handleRequest(NULL, Object(Config\Cache), false)
#7 C:\xampp\htdocs\blink\index.php(38): CodeIgniter\CodeIgniter->run()
#8 {main}
CRITICAL - 2023-10-19 15:14:27 --> Call to undefined function offsetZero()
#0 C:\xampp\htdocs\blink\vendor\codeigniter4\framework\system\View\View.php(210): include()
#1 C:\xampp\htdocs\blink\vendor\codeigniter4\framework\system\View\View.php(213): CodeIgniter\View\View->CodeIgniter\View\{closure}()
#2 C:\xampp\htdocs\blink\vendor\codeigniter4\framework\system\Common.php(1089): CodeIgniter\View\View->render('senior/modules/...', Array, true)
#3 C:\xampp\htdocs\blink\app\Controllers\Senior\Senior.php(80): view('senior/modules/...', Array)
#4 C:\xampp\htdocs\blink\vendor\codeigniter4\framework\system\CodeIgniter.php(832): App\Controllers\Senior\Senior->edit_senior('32')
#5 C:\xampp\htdocs\blink\vendor\codeigniter4\framework\system\CodeIgniter.php(419): CodeIgniter\CodeIgniter->runController(Object(App\Controllers\Senior\Senior))
#6 C:\xampp\htdocs\blink\vendor\codeigniter4\framework\system\CodeIgniter.php(326): CodeIgniter\CodeIgniter->handleRequest(NULL, Object(Config\Cache), false)
#7 C:\xampp\htdocs\blink\index.php(38): CodeIgniter\CodeIgniter->run()
#8 {main}
CRITICAL - 2023-10-19 15:14:34 --> Call to undefined function offsetZero()
#0 C:\xampp\htdocs\blink\vendor\codeigniter4\framework\system\View\View.php(210): include()
#1 C:\xampp\htdocs\blink\vendor\codeigniter4\framework\system\View\View.php(213): CodeIgniter\View\View->CodeIgniter\View\{closure}()
#2 C:\xampp\htdocs\blink\vendor\codeigniter4\framework\system\Common.php(1089): CodeIgniter\View\View->render('senior/modules/...', Array, true)
#3 C:\xampp\htdocs\blink\app\Controllers\Senior\Senior.php(80): view('senior/modules/...', Array)
#4 C:\xampp\htdocs\blink\vendor\codeigniter4\framework\system\CodeIgniter.php(832): App\Controllers\Senior\Senior->edit_senior('32')
#5 C:\xampp\htdocs\blink\vendor\codeigniter4\framework\system\CodeIgniter.php(419): CodeIgniter\CodeIgniter->runController(Object(App\Controllers\Senior\Senior))
#6 C:\xampp\htdocs\blink\vendor\codeigniter4\framework\system\CodeIgniter.php(326): CodeIgniter\CodeIgniter->handleRequest(NULL, Object(Config\Cache), false)
#7 C:\xampp\htdocs\blink\index.php(38): CodeIgniter\CodeIgniter->run()
#8 {main}
CRITICAL - 2023-10-19 15:15:29 --> rmdir(public/assets/media/senior_citizen_ids): Directory not empty
#0 [internal function]: CodeIgniter\Debug\Exceptions->errorHandler(2, 'rmdir(public/as...', 'C:\\xampp\\htdocs...', 169)
#1 C:\xampp\htdocs\blink\app\Controllers\UtilController.php(169): rmdir('public/assets/m...')
#2 C:\xampp\htdocs\blink\app\Controllers\Senior\Senior.php(316): App\Controllers\UtilController->deleteFilesOn('public/assets/m...', Array, true)
#3 C:\xampp\htdocs\blink\vendor\codeigniter4\framework\system\CodeIgniter.php(832): App\Controllers\Senior\Senior->updateSeniorID('000284')
#4 C:\xampp\htdocs\blink\vendor\codeigniter4\framework\system\CodeIgniter.php(419): CodeIgniter\CodeIgniter->runController(Object(App\Controllers\Senior\Senior))
#5 C:\xampp\htdocs\blink\vendor\codeigniter4\framework\system\CodeIgniter.php(326): CodeIgniter\CodeIgniter->handleRequest(NULL, Object(Config\Cache), false)
#6 C:\xampp\htdocs\blink\index.php(38): CodeIgniter\CodeIgniter->run()
#7 {main}
CRITICAL - 2023-10-19 15:48:53 --> Call to undefined function App\Controllers\rrmdir()
#0 C:\xampp\htdocs\blink\app\Controllers\Senior\Senior.php(316): App\Controllers\UtilController->deleteFilesOn('public/assets/m...', Array, true)
#1 C:\xampp\htdocs\blink\vendor\codeigniter4\framework\system\CodeIgniter.php(832): App\Controllers\Senior\Senior->updateSeniorID('000284')
#2 C:\xampp\htdocs\blink\vendor\codeigniter4\framework\system\CodeIgniter.php(419): CodeIgniter\CodeIgniter->runController(Object(App\Controllers\Senior\Senior))
#3 C:\xampp\htdocs\blink\vendor\codeigniter4\framework\system\CodeIgniter.php(326): CodeIgniter\CodeIgniter->handleRequest(NULL, Object(Config\Cache), false)
#4 C:\xampp\htdocs\blink\index.php(38): CodeIgniter\CodeIgniter->run()
#5 {main}
CRITICAL - 2023-10-19 15:58:17 --> Undefined array key "dataURL"
#0 C:\xampp\htdocs\blink\app\Controllers\Senior\Senior.php(309): CodeIgniter\Debug\Exceptions->errorHandler(2, 'Undefined array...', 'C:\\xampp\\htdocs...', 309)
#1 C:\xampp\htdocs\blink\vendor\codeigniter4\framework\system\CodeIgniter.php(832): App\Controllers\Senior\Senior->updateSeniorID('000284')
#2 C:\xampp\htdocs\blink\vendor\codeigniter4\framework\system\CodeIgniter.php(419): CodeIgniter\CodeIgniter->runController(Object(App\Controllers\Senior\Senior))
#3 C:\xampp\htdocs\blink\vendor\codeigniter4\framework\system\CodeIgniter.php(326): CodeIgniter\CodeIgniter->handleRequest(NULL, Object(Config\Cache), false)
#4 C:\xampp\htdocs\blink\index.php(38): CodeIgniter\CodeIgniter->run()
#5 {main}
CRITICAL - 2023-10-19 16:00:47 --> Undefined array key "dataURL"
#0 C:\xampp\htdocs\blink\app\Controllers\Senior\Senior.php(309): CodeIgniter\Debug\Exceptions->errorHandler(2, 'Undefined array...', 'C:\\xampp\\htdocs...', 309)
#1 C:\xampp\htdocs\blink\vendor\codeigniter4\framework\system\CodeIgniter.php(832): App\Controllers\Senior\Senior->updateSeniorID('000284')
#2 C:\xampp\htdocs\blink\vendor\codeigniter4\framework\system\CodeIgniter.php(419): CodeIgniter\CodeIgniter->runController(Object(App\Controllers\Senior\Senior))
#3 C:\xampp\htdocs\blink\vendor\codeigniter4\framework\system\CodeIgniter.php(326): CodeIgniter\CodeIgniter->handleRequest(NULL, Object(Config\Cache), false)
#4 C:\xampp\htdocs\blink\index.php(38): CodeIgniter\CodeIgniter->run()
#5 {main}
CRITICAL - 2023-10-19 16:12:03 --> Undefined array key "dataURL"
#0 C:\xampp\htdocs\blink\app\Controllers\Senior\Senior.php(310): CodeIgniter\Debug\Exceptions->errorHandler(2, 'Undefined array...', 'C:\\xampp\\htdocs...', 310)
#1 C:\xampp\htdocs\blink\vendor\codeigniter4\framework\system\CodeIgniter.php(832): App\Controllers\Senior\Senior->updateSeniorID('000284')
#2 C:\xampp\htdocs\blink\vendor\codeigniter4\framework\system\CodeIgniter.php(419): CodeIgniter\CodeIgniter->runController(Object(App\Controllers\Senior\Senior))
#3 C:\xampp\htdocs\blink\vendor\codeigniter4\framework\system\CodeIgniter.php(326): CodeIgniter\CodeIgniter->handleRequest(NULL, Object(Config\Cache), false)
#4 C:\xampp\htdocs\blink\index.php(38): CodeIgniter\CodeIgniter->run()
#5 {main}
