CRITICAL - 2022-05-28 09:58:00 --> Class name must be a valid object or a string
#0 C:\xampp\htdocs\baliwag\template_v1\vendor\codeigniter4\framework\system\Config\BaseService.php(248): Myth\Auth\Config\Services::activator(Object(Myth\Auth\Config\Auth), false)
#1 C:\xampp\htdocs\baliwag\template_v1\vendor\codeigniter4\framework\system\Config\BaseService.php(189): CodeIgniter\Config\BaseService::__callStatic('activator', Array)
#2 C:\xampp\htdocs\baliwag\template_v1\vendor\myth\auth\src\Config\Services.php(86): CodeIgniter\Config\BaseService::getSharedInstance('activator', NULL)
#3 C:\xampp\htdocs\baliwag\template_v1\vendor\codeigniter4\framework\system\Config\BaseService.php(248): Myth\Auth\Config\Services::activator()
#4 C:\xampp\htdocs\baliwag\template_v1\vendor\codeigniter4\framework\system\Common.php(929): CodeIgniter\Config\BaseService::__callStatic('activator', Array)
#5 C:\xampp\htdocs\baliwag\template_v1\vendor\myth\auth\src\Controllers\AuthController.php(195): service('activator')
#6 C:\xampp\htdocs\baliwag\template_v1\vendor\codeigniter4\framework\system\CodeIgniter.php(832): Myth\Auth\Controllers\AuthController->attemptRegister()
#7 C:\xampp\htdocs\baliwag\template_v1\vendor\codeigniter4\framework\system\CodeIgniter.php(419): CodeIgniter\CodeIgniter->runController(Object(Myth\Auth\Controllers\AuthController))
#8 C:\xampp\htdocs\baliwag\template_v1\vendor\codeigniter4\framework\system\CodeIgniter.php(326): CodeIgniter\CodeIgniter->handleRequest(NULL, Object(Config\Cache), false)
#9 C:\xampp\htdocs\baliwag\template_v1\public\index.php(37): CodeIgniter\CodeIgniter->run()
#10 {main}
CRITICAL - 2022-05-28 10:00:58 --> Class "false" not found
#0 C:\xampp\htdocs\baliwag\template_v1\vendor\codeigniter4\framework\system\Config\BaseService.php(248): Myth\Auth\Config\Services::activator(Object(Myth\Auth\Config\Auth), false)
#1 C:\xampp\htdocs\baliwag\template_v1\vendor\codeigniter4\framework\system\Config\BaseService.php(189): CodeIgniter\Config\BaseService::__callStatic('activator', Array)
#2 C:\xampp\htdocs\baliwag\template_v1\vendor\myth\auth\src\Config\Services.php(86): CodeIgniter\Config\BaseService::getSharedInstance('activator', NULL)
#3 C:\xampp\htdocs\baliwag\template_v1\vendor\codeigniter4\framework\system\Config\BaseService.php(248): Myth\Auth\Config\Services::activator()
#4 C:\xampp\htdocs\baliwag\template_v1\vendor\codeigniter4\framework\system\Common.php(929): CodeIgniter\Config\BaseService::__callStatic('activator', Array)
#5 C:\xampp\htdocs\baliwag\template_v1\vendor\myth\auth\src\Controllers\AuthController.php(195): service('activator')
#6 C:\xampp\htdocs\baliwag\template_v1\vendor\codeigniter4\framework\system\CodeIgniter.php(832): Myth\Auth\Controllers\AuthController->attemptRegister()
#7 C:\xampp\htdocs\baliwag\template_v1\vendor\codeigniter4\framework\system\CodeIgniter.php(419): CodeIgniter\CodeIgniter->runController(Object(Myth\Auth\Controllers\AuthController))
#8 C:\xampp\htdocs\baliwag\template_v1\vendor\codeigniter4\framework\system\CodeIgniter.php(326): CodeIgniter\CodeIgniter->handleRequest(NULL, Object(Config\Cache), false)
#9 C:\xampp\htdocs\baliwag\template_v1\public\index.php(37): CodeIgniter\CodeIgniter->run()
#10 {main}
CRITICAL - 2022-05-28 10:24:01 --> syntax error, unexpected token ";"
#0 C:\xampp\htdocs\baliwag\template_v1\vendor\codeigniter4\framework\system\View\View.php(213): CodeIgniter\View\View->CodeIgniter\View\{closure}()
#1 C:\xampp\htdocs\baliwag\template_v1\vendor\codeigniter4\framework\system\Common.php(1089): CodeIgniter\View\View->render('Myth\\Auth\\Views...', Array, true)
#2 C:\xampp\htdocs\baliwag\template_v1\vendor\myth\auth\src\Controllers\AuthController.php(429): view('Myth\\Auth\\Views...', Array)
#3 C:\xampp\htdocs\baliwag\template_v1\vendor\myth\auth\src\Controllers\AuthController.php(57): Myth\Auth\Controllers\AuthController->_render('Myth\\Auth\\Views...', Array)
#4 C:\xampp\htdocs\baliwag\template_v1\vendor\codeigniter4\framework\system\CodeIgniter.php(832): Myth\Auth\Controllers\AuthController->login()
#5 C:\xampp\htdocs\baliwag\template_v1\vendor\codeigniter4\framework\system\CodeIgniter.php(419): CodeIgniter\CodeIgniter->runController(Object(Myth\Auth\Controllers\AuthController))
#6 C:\xampp\htdocs\baliwag\template_v1\vendor\codeigniter4\framework\system\CodeIgniter.php(326): CodeIgniter\CodeIgniter->handleRequest(NULL, Object(Config\Cache), false)
#7 C:\xampp\htdocs\baliwag\template_v1\public\index.php(37): CodeIgniter\CodeIgniter->run()
#8 {main}
CRITICAL - 2022-05-28 11:20:23 --> syntax error, unexpected token ";"
#0 C:\xampp\htdocs\baliwag\template_v1\vendor\codeigniter4\framework\system\View\View.php(213): CodeIgniter\View\View->CodeIgniter\View\{closure}()
#1 C:\xampp\htdocs\baliwag\template_v1\vendor\codeigniter4\framework\system\View\View.php(226): CodeIgniter\View\View->render('layouts/main', Array, true)
#2 C:\xampp\htdocs\baliwag\template_v1\vendor\codeigniter4\framework\system\Common.php(1089): CodeIgniter\View\View->render('dashboard', Array, true)
#3 C:\xampp\htdocs\baliwag\template_v1\app\Controllers\Dashboard.php(9): view('dashboard')
#4 C:\xampp\htdocs\baliwag\template_v1\vendor\codeigniter4\framework\system\CodeIgniter.php(832): App\Controllers\Dashboard->index()
#5 C:\xampp\htdocs\baliwag\template_v1\vendor\codeigniter4\framework\system\CodeIgniter.php(419): CodeIgniter\CodeIgniter->runController(Object(App\Controllers\Dashboard))
#6 C:\xampp\htdocs\baliwag\template_v1\vendor\codeigniter4\framework\system\CodeIgniter.php(326): CodeIgniter\CodeIgniter->handleRequest(NULL, Object(Config\Cache), false)
#7 C:\xampp\htdocs\baliwag\template_v1\public\index.php(37): CodeIgniter\CodeIgniter->run()
#8 {main}
CRITICAL - 2022-05-28 12:15:30 --> Undefined property: CodeIgniter\View\View::$attributes
#0 C:\xampp\htdocs\baliwag\template_v1\app\Views\dashboard.php(18): CodeIgniter\Debug\Exceptions->errorHandler(2, 'Undefined prope...', 'C:\\xampp\\htdocs...', 18)
#1 C:\xampp\htdocs\baliwag\template_v1\vendor\codeigniter4\framework\system\View\View.php(210): include('C:\\xampp\\htdocs...')
#2 C:\xampp\htdocs\baliwag\template_v1\vendor\codeigniter4\framework\system\View\View.php(213): CodeIgniter\View\View->CodeIgniter\View\{closure}()
#3 C:\xampp\htdocs\baliwag\template_v1\vendor\codeigniter4\framework\system\Common.php(1089): CodeIgniter\View\View->render('dashboard', Array, true)
#4 C:\xampp\htdocs\baliwag\template_v1\app\Controllers\Dashboard.php(9): view('dashboard')
#5 C:\xampp\htdocs\baliwag\template_v1\vendor\codeigniter4\framework\system\CodeIgniter.php(832): App\Controllers\Dashboard->index()
#6 C:\xampp\htdocs\baliwag\template_v1\vendor\codeigniter4\framework\system\CodeIgniter.php(419): CodeIgniter\CodeIgniter->runController(Object(App\Controllers\Dashboard))
#7 C:\xampp\htdocs\baliwag\template_v1\vendor\codeigniter4\framework\system\CodeIgniter.php(326): CodeIgniter\CodeIgniter->handleRequest(NULL, Object(Config\Cache), false)
#8 C:\xampp\htdocs\baliwag\template_v1\public\index.php(37): CodeIgniter\CodeIgniter->run()
#9 {main}
CRITICAL - 2022-05-28 12:16:22 --> Undefined property: CodeIgniter\View\View::$attributes
#0 C:\xampp\htdocs\baliwag\template_v1\app\Views\dashboard.php(18): CodeIgniter\Debug\Exceptions->errorHandler(2, 'Undefined prope...', 'C:\\xampp\\htdocs...', 18)
#1 C:\xampp\htdocs\baliwag\template_v1\vendor\codeigniter4\framework\system\View\View.php(210): include('C:\\xampp\\htdocs...')
#2 C:\xampp\htdocs\baliwag\template_v1\vendor\codeigniter4\framework\system\View\View.php(213): CodeIgniter\View\View->CodeIgniter\View\{closure}()
#3 C:\xampp\htdocs\baliwag\template_v1\vendor\codeigniter4\framework\system\Common.php(1089): CodeIgniter\View\View->render('dashboard', Array, true)
#4 C:\xampp\htdocs\baliwag\template_v1\app\Controllers\Dashboard.php(9): view('dashboard')
#5 C:\xampp\htdocs\baliwag\template_v1\vendor\codeigniter4\framework\system\CodeIgniter.php(832): App\Controllers\Dashboard->index()
#6 C:\xampp\htdocs\baliwag\template_v1\vendor\codeigniter4\framework\system\CodeIgniter.php(419): CodeIgniter\CodeIgniter->runController(Object(App\Controllers\Dashboard))
#7 C:\xampp\htdocs\baliwag\template_v1\vendor\codeigniter4\framework\system\CodeIgniter.php(326): CodeIgniter\CodeIgniter->handleRequest(NULL, Object(Config\Cache), false)
#8 C:\xampp\htdocs\baliwag\template_v1\public\index.php(37): CodeIgniter\CodeIgniter->run()
#9 {main}
CRITICAL - 2022-05-28 12:16:25 --> Undefined property: CodeIgniter\View\View::$attributes
#0 C:\xampp\htdocs\baliwag\template_v1\app\Views\dashboard.php(18): CodeIgniter\Debug\Exceptions->errorHandler(2, 'Undefined prope...', 'C:\\xampp\\htdocs...', 18)
#1 C:\xampp\htdocs\baliwag\template_v1\vendor\codeigniter4\framework\system\View\View.php(210): include('C:\\xampp\\htdocs...')
#2 C:\xampp\htdocs\baliwag\template_v1\vendor\codeigniter4\framework\system\View\View.php(213): CodeIgniter\View\View->CodeIgniter\View\{closure}()
#3 C:\xampp\htdocs\baliwag\template_v1\vendor\codeigniter4\framework\system\Common.php(1089): CodeIgniter\View\View->render('dashboard', Array, true)
#4 C:\xampp\htdocs\baliwag\template_v1\app\Controllers\Dashboard.php(9): view('dashboard')
#5 C:\xampp\htdocs\baliwag\template_v1\vendor\codeigniter4\framework\system\CodeIgniter.php(832): App\Controllers\Dashboard->index()
#6 C:\xampp\htdocs\baliwag\template_v1\vendor\codeigniter4\framework\system\CodeIgniter.php(419): CodeIgniter\CodeIgniter->runController(Object(App\Controllers\Dashboard))
#7 C:\xampp\htdocs\baliwag\template_v1\vendor\codeigniter4\framework\system\CodeIgniter.php(326): CodeIgniter\CodeIgniter->handleRequest(NULL, Object(Config\Cache), false)
#8 C:\xampp\htdocs\baliwag\template_v1\public\index.php(37): CodeIgniter\CodeIgniter->run()
#9 {main}
CRITICAL - 2022-05-28 12:17:46 --> Call to undefined method Myth\Auth\Entities\User::getEmail()
#0 C:\xampp\htdocs\baliwag\template_v1\vendor\codeigniter4\framework\system\CodeIgniter.php(832): App\Controllers\Dashboard->index()
#1 C:\xampp\htdocs\baliwag\template_v1\vendor\codeigniter4\framework\system\CodeIgniter.php(419): CodeIgniter\CodeIgniter->runController(Object(App\Controllers\Dashboard))
#2 C:\xampp\htdocs\baliwag\template_v1\vendor\codeigniter4\framework\system\CodeIgniter.php(326): CodeIgniter\CodeIgniter->handleRequest(NULL, Object(Config\Cache), false)
#3 C:\xampp\htdocs\baliwag\template_v1\public\index.php(37): CodeIgniter\CodeIgniter->run()
#4 {main}
CRITICAL - 2022-05-28 12:18:06 --> Call to undefined method Myth\Auth\Entities\User::getEmail()
#0 C:\xampp\htdocs\baliwag\template_v1\vendor\codeigniter4\framework\system\CodeIgniter.php(832): App\Controllers\Dashboard->index()
#1 C:\xampp\htdocs\baliwag\template_v1\vendor\codeigniter4\framework\system\CodeIgniter.php(419): CodeIgniter\CodeIgniter->runController(Object(App\Controllers\Dashboard))
#2 C:\xampp\htdocs\baliwag\template_v1\vendor\codeigniter4\framework\system\CodeIgniter.php(326): CodeIgniter\CodeIgniter->handleRequest(NULL, Object(Config\Cache), false)
#3 C:\xampp\htdocs\baliwag\template_v1\public\index.php(37): CodeIgniter\CodeIgniter->run()
#4 {main}
CRITICAL - 2022-05-28 12:19:49 --> Call to undefined method Myth\Auth\Entities\User::getEmail()
#0 C:\xampp\htdocs\baliwag\template_v1\vendor\codeigniter4\framework\system\CodeIgniter.php(832): App\Controllers\Dashboard->index()
#1 C:\xampp\htdocs\baliwag\template_v1\vendor\codeigniter4\framework\system\CodeIgniter.php(419): CodeIgniter\CodeIgniter->runController(Object(App\Controllers\Dashboard))
#2 C:\xampp\htdocs\baliwag\template_v1\vendor\codeigniter4\framework\system\CodeIgniter.php(326): CodeIgniter\CodeIgniter->handleRequest(NULL, Object(Config\Cache), false)
#3 C:\xampp\htdocs\baliwag\template_v1\public\index.php(37): CodeIgniter\CodeIgniter->run()
#4 {main}
CRITICAL - 2022-05-28 12:22:24 --> trim(): Argument #1 ($string) must be of type string, array given
#0 C:\xampp\htdocs\baliwag\template_v1\vendor\myth\auth\src\Entities\User.php(272): trim(Array)
#1 C:\xampp\htdocs\baliwag\template_v1\app\Controllers\Dashboard.php(10): Myth\Auth\Entities\User->getEmail()
#2 C:\xampp\htdocs\baliwag\template_v1\vendor\codeigniter4\framework\system\CodeIgniter.php(832): App\Controllers\Dashboard->index()
#3 C:\xampp\htdocs\baliwag\template_v1\vendor\codeigniter4\framework\system\CodeIgniter.php(419): CodeIgniter\CodeIgniter->runController(Object(App\Controllers\Dashboard))
#4 C:\xampp\htdocs\baliwag\template_v1\vendor\codeigniter4\framework\system\CodeIgniter.php(326): CodeIgniter\CodeIgniter->handleRequest(NULL, Object(Config\Cache), false)
#5 C:\xampp\htdocs\baliwag\template_v1\public\index.php(37): CodeIgniter\CodeIgniter->run()
#6 {main}
CRITICAL - 2022-05-28 12:22:38 --> trim(): Argument #1 ($string) must be of type string, array given
#0 C:\xampp\htdocs\baliwag\template_v1\vendor\myth\auth\src\Entities\User.php(272): trim(Array)
#1 C:\xampp\htdocs\baliwag\template_v1\app\Controllers\Dashboard.php(10): Myth\Auth\Entities\User->getEmail()
#2 C:\xampp\htdocs\baliwag\template_v1\vendor\codeigniter4\framework\system\CodeIgniter.php(832): App\Controllers\Dashboard->index()
#3 C:\xampp\htdocs\baliwag\template_v1\vendor\codeigniter4\framework\system\CodeIgniter.php(419): CodeIgniter\CodeIgniter->runController(Object(App\Controllers\Dashboard))
#4 C:\xampp\htdocs\baliwag\template_v1\vendor\codeigniter4\framework\system\CodeIgniter.php(326): CodeIgniter\CodeIgniter->handleRequest(NULL, Object(Config\Cache), false)
#5 C:\xampp\htdocs\baliwag\template_v1\public\index.php(37): CodeIgniter\CodeIgniter->run()
#6 {main}
CRITICAL - 2022-05-28 12:22:50 --> trim(): Argument #1 ($string) must be of type string, array given
#0 C:\xampp\htdocs\baliwag\template_v1\vendor\myth\auth\src\Entities\User.php(272): trim(Array)
#1 C:\xampp\htdocs\baliwag\template_v1\app\Controllers\Dashboard.php(10): Myth\Auth\Entities\User->getEmail()
#2 C:\xampp\htdocs\baliwag\template_v1\vendor\codeigniter4\framework\system\CodeIgniter.php(832): App\Controllers\Dashboard->index()
#3 C:\xampp\htdocs\baliwag\template_v1\vendor\codeigniter4\framework\system\CodeIgniter.php(419): CodeIgniter\CodeIgniter->runController(Object(App\Controllers\Dashboard))
#4 C:\xampp\htdocs\baliwag\template_v1\vendor\codeigniter4\framework\system\CodeIgniter.php(326): CodeIgniter\CodeIgniter->handleRequest(NULL, Object(Config\Cache), false)
#5 C:\xampp\htdocs\baliwag\template_v1\public\index.php(37): CodeIgniter\CodeIgniter->run()
#6 {main}
CRITICAL - 2022-05-28 12:23:06 --> Array to string conversion
#0 C:\xampp\htdocs\baliwag\template_v1\vendor\myth\auth\src\Collectors\Auth.php(75): CodeIgniter\Debug\Exceptions->errorHandler(2, 'Array to string...', 'C:\\xampp\\htdocs...', 75)
#1 C:\xampp\htdocs\baliwag\template_v1\vendor\codeigniter4\framework\system\Debug\Toolbar\Collectors\BaseCollector.php(224): Myth\Auth\Collectors\Auth->display()
#2 C:\xampp\htdocs\baliwag\template_v1\vendor\codeigniter4\framework\system\Debug\Toolbar.php(90): CodeIgniter\Debug\Toolbar\Collectors\BaseCollector->getAsArray()
#3 C:\xampp\htdocs\baliwag\template_v1\vendor\codeigniter4\framework\system\Debug\Toolbar.php(368): CodeIgniter\Debug\Toolbar->run(1653758586.2043, 0.1006, Object(CodeIgniter\HTTP\IncomingRequest), Object(CodeIgniter\HTTP\Response))
#4 C:\xampp\htdocs\baliwag\template_v1\vendor\codeigniter4\framework\system\Filters\DebugToolbar.php(40): CodeIgniter\Debug\Toolbar->prepare(Object(CodeIgniter\HTTP\IncomingRequest), Object(CodeIgniter\HTTP\Response))
#5 C:\xampp\htdocs\baliwag\template_v1\vendor\codeigniter4\framework\system\Filters\Filters.php(196): CodeIgniter\Filters\DebugToolbar->after(Object(CodeIgniter\HTTP\IncomingRequest), Object(CodeIgniter\HTTP\Response), NULL)
#6 C:\xampp\htdocs\baliwag\template_v1\vendor\codeigniter4\framework\system\CodeIgniter.php(436): CodeIgniter\Filters\Filters->run('dashboard', 'after')
#7 C:\xampp\htdocs\baliwag\template_v1\vendor\codeigniter4\framework\system\CodeIgniter.php(326): CodeIgniter\CodeIgniter->handleRequest(NULL, Object(Config\Cache), false)
#8 C:\xampp\htdocs\baliwag\template_v1\public\index.php(37): CodeIgniter\CodeIgniter->run()
#9 {main}
CRITICAL - 2022-05-28 12:23:21 --> Array to string conversion
#0 C:\xampp\htdocs\baliwag\template_v1\vendor\myth\auth\src\Collectors\Auth.php(75): CodeIgniter\Debug\Exceptions->errorHandler(2, 'Array to string...', 'C:\\xampp\\htdocs...', 75)
#1 C:\xampp\htdocs\baliwag\template_v1\vendor\codeigniter4\framework\system\Debug\Toolbar\Collectors\BaseCollector.php(224): Myth\Auth\Collectors\Auth->display()
#2 C:\xampp\htdocs\baliwag\template_v1\vendor\codeigniter4\framework\system\Debug\Toolbar.php(90): CodeIgniter\Debug\Toolbar\Collectors\BaseCollector->getAsArray()
#3 C:\xampp\htdocs\baliwag\template_v1\vendor\codeigniter4\framework\system\Debug\Toolbar.php(368): CodeIgniter\Debug\Toolbar->run(1653758601.2579, 0.091, Object(CodeIgniter\HTTP\IncomingRequest), Object(CodeIgniter\HTTP\Response))
#4 C:\xampp\htdocs\baliwag\template_v1\vendor\codeigniter4\framework\system\Filters\DebugToolbar.php(40): CodeIgniter\Debug\Toolbar->prepare(Object(CodeIgniter\HTTP\IncomingRequest), Object(CodeIgniter\HTTP\Response))
#5 C:\xampp\htdocs\baliwag\template_v1\vendor\codeigniter4\framework\system\Filters\Filters.php(196): CodeIgniter\Filters\DebugToolbar->after(Object(CodeIgniter\HTTP\IncomingRequest), Object(CodeIgniter\HTTP\Response), NULL)
#6 C:\xampp\htdocs\baliwag\template_v1\vendor\codeigniter4\framework\system\CodeIgniter.php(436): CodeIgniter\Filters\Filters->run('dashboard', 'after')
#7 C:\xampp\htdocs\baliwag\template_v1\vendor\codeigniter4\framework\system\CodeIgniter.php(326): CodeIgniter\CodeIgniter->handleRequest(NULL, Object(Config\Cache), false)
#8 C:\xampp\htdocs\baliwag\template_v1\public\index.php(37): CodeIgniter\CodeIgniter->run()
#9 {main}
CRITICAL - 2022-05-28 12:26:52 --> Call to undefined method Myth\Auth\Entities\User::getEmail()
#0 C:\xampp\htdocs\baliwag\template_v1\vendor\codeigniter4\framework\system\CodeIgniter.php(832): App\Controllers\Dashboard->index()
#1 C:\xampp\htdocs\baliwag\template_v1\vendor\codeigniter4\framework\system\CodeIgniter.php(419): CodeIgniter\CodeIgniter->runController(Object(App\Controllers\Dashboard))
#2 C:\xampp\htdocs\baliwag\template_v1\vendor\codeigniter4\framework\system\CodeIgniter.php(326): CodeIgniter\CodeIgniter->handleRequest(NULL, Object(Config\Cache), false)
#3 C:\xampp\htdocs\baliwag\template_v1\public\index.php(37): CodeIgniter\CodeIgniter->run()
#4 {main}
CRITICAL - 2022-05-28 12:26:59 --> Call to undefined method Myth\Auth\Entities\User::getEmail()
#0 C:\xampp\htdocs\baliwag\template_v1\vendor\codeigniter4\framework\system\CodeIgniter.php(832): App\Controllers\Dashboard->index()
#1 C:\xampp\htdocs\baliwag\template_v1\vendor\codeigniter4\framework\system\CodeIgniter.php(419): CodeIgniter\CodeIgniter->runController(Object(App\Controllers\Dashboard))
#2 C:\xampp\htdocs\baliwag\template_v1\vendor\codeigniter4\framework\system\CodeIgniter.php(326): CodeIgniter\CodeIgniter->handleRequest(NULL, Object(Config\Cache), false)
#3 C:\xampp\htdocs\baliwag\template_v1\public\index.php(37): CodeIgniter\CodeIgniter->run()
#4 {main}
CRITICAL - 2022-05-28 12:27:19 --> Call to undefined function App\Controllers\MythUser()
#0 C:\xampp\htdocs\baliwag\template_v1\vendor\codeigniter4\framework\system\CodeIgniter.php(832): App\Controllers\Dashboard->index()
#1 C:\xampp\htdocs\baliwag\template_v1\vendor\codeigniter4\framework\system\CodeIgniter.php(419): CodeIgniter\CodeIgniter->runController(Object(App\Controllers\Dashboard))
#2 C:\xampp\htdocs\baliwag\template_v1\vendor\codeigniter4\framework\system\CodeIgniter.php(326): CodeIgniter\CodeIgniter->handleRequest(NULL, Object(Config\Cache), false)
#3 C:\xampp\htdocs\baliwag\template_v1\public\index.php(37): CodeIgniter\CodeIgniter->run()
#4 {main}
CRITICAL - 2022-05-28 12:29:28 --> Undefined property: CodeIgniter\View\View::$attributes
#0 C:\xampp\htdocs\baliwag\template_v1\app\Views\dashboard.php(18): CodeIgniter\Debug\Exceptions->errorHandler(2, 'Undefined prope...', 'C:\\xampp\\htdocs...', 18)
#1 C:\xampp\htdocs\baliwag\template_v1\vendor\codeigniter4\framework\system\View\View.php(210): include('C:\\xampp\\htdocs...')
#2 C:\xampp\htdocs\baliwag\template_v1\vendor\codeigniter4\framework\system\View\View.php(213): CodeIgniter\View\View->CodeIgniter\View\{closure}()
#3 C:\xampp\htdocs\baliwag\template_v1\vendor\codeigniter4\framework\system\Common.php(1089): CodeIgniter\View\View->render('dashboard', Array, true)
#4 C:\xampp\htdocs\baliwag\template_v1\app\Controllers\Dashboard.php(16): view('dashboard', Array)
#5 C:\xampp\htdocs\baliwag\template_v1\vendor\codeigniter4\framework\system\CodeIgniter.php(832): App\Controllers\Dashboard->index()
#6 C:\xampp\htdocs\baliwag\template_v1\vendor\codeigniter4\framework\system\CodeIgniter.php(419): CodeIgniter\CodeIgniter->runController(Object(App\Controllers\Dashboard))
#7 C:\xampp\htdocs\baliwag\template_v1\vendor\codeigniter4\framework\system\CodeIgniter.php(326): CodeIgniter\CodeIgniter->handleRequest(NULL, Object(Config\Cache), false)
#8 C:\xampp\htdocs\baliwag\template_v1\public\index.php(37): CodeIgniter\CodeIgniter->run()
#9 {main}
CRITICAL - 2022-05-28 13:14:32 --> Invalid file: dashboard.php
#0 C:\xampp\htdocs\baliwag\template_v1\vendor\codeigniter4\framework\system\View\View.php(198): CodeIgniter\Exceptions\FrameworkException::forInvalidFile('dashboard.php')
#1 C:\xampp\htdocs\baliwag\template_v1\vendor\codeigniter4\framework\system\Common.php(1089): CodeIgniter\View\View->render('dashboard', Array, true)
#2 C:\xampp\htdocs\baliwag\template_v1\app\Controllers\Dashboard.php(16): view('dashboard', Array)
#3 C:\xampp\htdocs\baliwag\template_v1\vendor\codeigniter4\framework\system\CodeIgniter.php(832): App\Controllers\Dashboard->index()
#4 C:\xampp\htdocs\baliwag\template_v1\vendor\codeigniter4\framework\system\CodeIgniter.php(419): CodeIgniter\CodeIgniter->runController(Object(App\Controllers\Dashboard))
#5 C:\xampp\htdocs\baliwag\template_v1\vendor\codeigniter4\framework\system\CodeIgniter.php(326): CodeIgniter\CodeIgniter->handleRequest(NULL, Object(Config\Cache), false)
#6 C:\xampp\htdocs\baliwag\template_v1\public\index.php(37): CodeIgniter\CodeIgniter->run()
#7 {main}
CRITICAL - 2022-05-28 13:18:04 --> Undefined variable $email
#0 C:\xampp\htdocs\baliwag\template_v1\app\Views\partials\header.php(268): CodeIgniter\Debug\Exceptions->errorHandler(2, 'Undefined varia...', 'C:\\xampp\\htdocs...', 268)
#1 C:\xampp\htdocs\baliwag\template_v1\vendor\codeigniter4\framework\system\View\View.php(210): include('C:\\xampp\\htdocs...')
#2 C:\xampp\htdocs\baliwag\template_v1\vendor\codeigniter4\framework\system\View\View.php(213): CodeIgniter\View\View->CodeIgniter\View\{closure}()
#3 C:\xampp\htdocs\baliwag\template_v1\vendor\codeigniter4\framework\system\View\View.php(424): CodeIgniter\View\View->render('partials/header', NULL, true)
#4 C:\xampp\htdocs\baliwag\template_v1\app\Views\layouts\main.php(22): CodeIgniter\View\View->include('partials/header')
#5 C:\xampp\htdocs\baliwag\template_v1\vendor\codeigniter4\framework\system\View\View.php(210): include('C:\\xampp\\htdocs...')
#6 C:\xampp\htdocs\baliwag\template_v1\vendor\codeigniter4\framework\system\View\View.php(213): CodeIgniter\View\View->CodeIgniter\View\{closure}()
#7 C:\xampp\htdocs\baliwag\template_v1\vendor\codeigniter4\framework\system\View\View.php(226): CodeIgniter\View\View->render('layouts/main', Array, true)
#8 C:\xampp\htdocs\baliwag\template_v1\vendor\codeigniter4\framework\system\Common.php(1089): CodeIgniter\View\View->render('dashboards/dash...', Array, true)
#9 C:\xampp\htdocs\baliwag\template_v1\app\Controllers\Dashboard.php(16): view('dashboards/dash...', Array)
#10 C:\xampp\htdocs\baliwag\template_v1\vendor\codeigniter4\framework\system\CodeIgniter.php(832): App\Controllers\Dashboard->index()
#11 C:\xampp\htdocs\baliwag\template_v1\vendor\codeigniter4\framework\system\CodeIgniter.php(419): CodeIgniter\CodeIgniter->runController(Object(App\Controllers\Dashboard))
#12 C:\xampp\htdocs\baliwag\template_v1\vendor\codeigniter4\framework\system\CodeIgniter.php(326): CodeIgniter\CodeIgniter->handleRequest(NULL, Object(Config\Cache), false)
#13 C:\xampp\htdocs\baliwag\template_v1\public\index.php(37): CodeIgniter\CodeIgniter->run()
#14 {main}
CRITICAL - 2022-05-28 13:19:02 --> Undefined variable $email
#0 C:\xampp\htdocs\baliwag\template_v1\app\Views\dashboards\dashboard.php(88): CodeIgniter\Debug\Exceptions->errorHandler(2, 'Undefined varia...', 'C:\\xampp\\htdocs...', 88)
#1 C:\xampp\htdocs\baliwag\template_v1\vendor\codeigniter4\framework\system\View\View.php(210): include('C:\\xampp\\htdocs...')
#2 C:\xampp\htdocs\baliwag\template_v1\vendor\codeigniter4\framework\system\View\View.php(213): CodeIgniter\View\View->CodeIgniter\View\{closure}()
#3 C:\xampp\htdocs\baliwag\template_v1\vendor\codeigniter4\framework\system\Common.php(1089): CodeIgniter\View\View->render('dashboards/dash...', Array, true)
#4 C:\xampp\htdocs\baliwag\template_v1\app\Controllers\Dashboard.php(16): view('dashboards/dash...', Array)
#5 C:\xampp\htdocs\baliwag\template_v1\vendor\codeigniter4\framework\system\CodeIgniter.php(832): App\Controllers\Dashboard->index()
#6 C:\xampp\htdocs\baliwag\template_v1\vendor\codeigniter4\framework\system\CodeIgniter.php(419): CodeIgniter\CodeIgniter->runController(Object(App\Controllers\Dashboard))
#7 C:\xampp\htdocs\baliwag\template_v1\vendor\codeigniter4\framework\system\CodeIgniter.php(326): CodeIgniter\CodeIgniter->handleRequest(NULL, Object(Config\Cache), false)
#8 C:\xampp\htdocs\baliwag\template_v1\public\index.php(37): CodeIgniter\CodeIgniter->run()
#9 {main}
CRITICAL - 2022-05-28 13:19:27 --> Undefined variable $email
#0 C:\xampp\htdocs\baliwag\template_v1\app\Views\dashboards\dashboard.php(88): CodeIgniter\Debug\Exceptions->errorHandler(2, 'Undefined varia...', 'C:\\xampp\\htdocs...', 88)
#1 C:\xampp\htdocs\baliwag\template_v1\vendor\codeigniter4\framework\system\View\View.php(210): include('C:\\xampp\\htdocs...')
#2 C:\xampp\htdocs\baliwag\template_v1\vendor\codeigniter4\framework\system\View\View.php(213): CodeIgniter\View\View->CodeIgniter\View\{closure}()
#3 C:\xampp\htdocs\baliwag\template_v1\vendor\codeigniter4\framework\system\Common.php(1089): CodeIgniter\View\View->render('dashboards/dash...', Array, true)
#4 C:\xampp\htdocs\baliwag\template_v1\app\Controllers\Dashboard.php(16): view('dashboards/dash...', Array)
#5 C:\xampp\htdocs\baliwag\template_v1\vendor\codeigniter4\framework\system\CodeIgniter.php(832): App\Controllers\Dashboard->index()
#6 C:\xampp\htdocs\baliwag\template_v1\vendor\codeigniter4\framework\system\CodeIgniter.php(419): CodeIgniter\CodeIgniter->runController(Object(App\Controllers\Dashboard))
#7 C:\xampp\htdocs\baliwag\template_v1\vendor\codeigniter4\framework\system\CodeIgniter.php(326): CodeIgniter\CodeIgniter->handleRequest(NULL, Object(Config\Cache), false)
#8 C:\xampp\htdocs\baliwag\template_v1\public\index.php(37): CodeIgniter\CodeIgniter->run()
#9 {main}
CRITICAL - 2022-05-28 13:19:36 --> Attempt to read property "email" on array
#0 C:\xampp\htdocs\baliwag\template_v1\app\Views\partials\header.php(268): CodeIgniter\Debug\Exceptions->errorHandler(2, 'Attempt to read...', 'C:\\xampp\\htdocs...', 268)
#1 C:\xampp\htdocs\baliwag\template_v1\vendor\codeigniter4\framework\system\View\View.php(210): include('C:\\xampp\\htdocs...')
#2 C:\xampp\htdocs\baliwag\template_v1\vendor\codeigniter4\framework\system\View\View.php(213): CodeIgniter\View\View->CodeIgniter\View\{closure}()
#3 C:\xampp\htdocs\baliwag\template_v1\vendor\codeigniter4\framework\system\View\View.php(424): CodeIgniter\View\View->render('partials/header', NULL, true)
#4 C:\xampp\htdocs\baliwag\template_v1\app\Views\layouts\main.php(22): CodeIgniter\View\View->include('partials/header')
#5 C:\xampp\htdocs\baliwag\template_v1\vendor\codeigniter4\framework\system\View\View.php(210): include('C:\\xampp\\htdocs...')
#6 C:\xampp\htdocs\baliwag\template_v1\vendor\codeigniter4\framework\system\View\View.php(213): CodeIgniter\View\View->CodeIgniter\View\{closure}()
#7 C:\xampp\htdocs\baliwag\template_v1\vendor\codeigniter4\framework\system\View\View.php(226): CodeIgniter\View\View->render('layouts/main', Array, true)
#8 C:\xampp\htdocs\baliwag\template_v1\vendor\codeigniter4\framework\system\Common.php(1089): CodeIgniter\View\View->render('dashboards/dash...', Array, true)
#9 C:\xampp\htdocs\baliwag\template_v1\app\Controllers\Dashboard.php(16): view('dashboards/dash...', Array)
#10 C:\xampp\htdocs\baliwag\template_v1\vendor\codeigniter4\framework\system\CodeIgniter.php(832): App\Controllers\Dashboard->index()
#11 C:\xampp\htdocs\baliwag\template_v1\vendor\codeigniter4\framework\system\CodeIgniter.php(419): CodeIgniter\CodeIgniter->runController(Object(App\Controllers\Dashboard))
#12 C:\xampp\htdocs\baliwag\template_v1\vendor\codeigniter4\framework\system\CodeIgniter.php(326): CodeIgniter\CodeIgniter->handleRequest(NULL, Object(Config\Cache), false)
#13 C:\xampp\htdocs\baliwag\template_v1\public\index.php(37): CodeIgniter\CodeIgniter->run()
#14 {main}
